--------------- Clean Started: 12/21/2015 17:40:43 Project: Blinking LED, Configuration: ARM GCC 4.9-2015-q1-update Debug ---------------
Deleting file ".\CortexM3\ARM_GCC_493\Debug\main.o"
Deleting file ".\CortexM3\ARM_GCC_493\Debug\cyfitter_cfg.o"
Deleting file ".\CortexM3\ARM_GCC_493\Debug\cymetadata.o"
Deleting file ".\CortexM3\ARM_GCC_493\Debug\Clock.o"
Deleting file ".\CortexM3\ARM_GCC_493\Debug\Pin_BlueLED.o"
Deleting file ".\CortexM3\ARM_GCC_493\Debug\Cm3Start.o"
Deleting file ".\CortexM3\ARM_GCC_493\Debug\CyBootAsmGnu.o"
Deleting file ".\CortexM3\ARM_GCC_493\Debug\CyDmac.o"
Deleting file ".\CortexM3\ARM_GCC_493\Debug\CyFlash.o"
Deleting file ".\CortexM3\ARM_GCC_493\Debug\CyLib.o"
Deleting file ".\CortexM3\ARM_GCC_493\Debug\cyPm.o"
Deleting file ".\CortexM3\ARM_GCC_493\Debug\CySpc.o"
Deleting file ".\CortexM3\ARM_GCC_493\Debug\cyutils.o"
Deleting file ".\CortexM3\ARM_GCC_493\Debug\PWM.o"
Deleting file ".\CortexM3\ARM_GCC_493\Debug\PWM_PM.o"
Deleting file ".\CortexM3\ARM_GCC_493\Debug\Blinking LED.hex"
Deleting file ".\CortexM3\ARM_GCC_493\Debug\Blinking LED.elf"
Deleting file ".\CortexM3\ARM_GCC_493\Debug\Blinking LED.map"
Deleting file ".\Blinking LED.cycdx"
Deleting file ".\Blinking LED.svd"
Deleting file ".\Blinking LED.rpt"
Deleting file ".\Blinking LED_timing.html"
Deleting file ".\CortexM3\ARM_GCC_493\Debug\.deps\C_FILE.P"
Deleting file ".\CortexM3\ARM_GCC_493\Debug\.deps\ARM_C_FILE.P"
Deleting file ".\CortexM3\ARM_GCC_493\Debug\.deps\GNU_ARM_ASM_FILE.P"
--------------- Clean Succeeded: 12/21/2015 17:40:43 ---------------
