ARM GAS  C:\Users\hp\AppData\Local\Temp\ccXGzmaA.s 			page 1


   1              		.syntax unified
   2              		.cpu cortex-m3
   3              		.fpu softvfp
   4              		.eabi_attribute 20, 1
   5              		.eabi_attribute 21, 1
   6              		.eabi_attribute 23, 3
   7              		.eabi_attribute 24, 1
   8              		.eabi_attribute 25, 1
   9              		.eabi_attribute 26, 1
  10              		.eabi_attribute 30, 6
  11              		.eabi_attribute 34, 1
  12              		.eabi_attribute 18, 4
  13              		.thumb
  14              		.file	"cyfitter_cfg.c"
  15              		.text
  16              	.Ltext0:
  17              		.cfi_sections	.debug_frame
  18              		.section	.text.CYMEMZERO,"ax",%progbits
  19              		.align	2
  20              		.thumb
  21              		.thumb_func
  22              		.type	CYMEMZERO, %function
  23              	CYMEMZERO:
  24              	.LFB0:
  25              		.file 1 ".\\Generated_Source\\PSoC5\\cyfitter_cfg.c"
   1:.\Generated_Source\PSoC5/cyfitter_cfg.c **** /*******************************************************************************
   2:.\Generated_Source\PSoC5/cyfitter_cfg.c **** * File Name: cyfitter_cfg.c
   3:.\Generated_Source\PSoC5/cyfitter_cfg.c **** * 
   4:.\Generated_Source\PSoC5/cyfitter_cfg.c **** * PSoC Creator  3.3 CP1
   5:.\Generated_Source\PSoC5/cyfitter_cfg.c **** *
   6:.\Generated_Source\PSoC5/cyfitter_cfg.c **** * Description:
   7:.\Generated_Source\PSoC5/cyfitter_cfg.c **** * This file contains device initialization code.
   8:.\Generated_Source\PSoC5/cyfitter_cfg.c **** * Except for the user defined sections in CyClockStartupError(), this file should not be modified.
   9:.\Generated_Source\PSoC5/cyfitter_cfg.c **** * This file is automatically generated by PSoC Creator.
  10:.\Generated_Source\PSoC5/cyfitter_cfg.c **** *
  11:.\Generated_Source\PSoC5/cyfitter_cfg.c **** ********************************************************************************
  12:.\Generated_Source\PSoC5/cyfitter_cfg.c **** * Copyright (c) 2007-2015 Cypress Semiconductor.  All rights reserved.
  13:.\Generated_Source\PSoC5/cyfitter_cfg.c **** * You may use this file only in accordance with the license, terms, conditions, 
  14:.\Generated_Source\PSoC5/cyfitter_cfg.c **** * disclaimers, and limitations in the end user license agreement accompanying 
  15:.\Generated_Source\PSoC5/cyfitter_cfg.c **** * the software package with which this file was provided.
  16:.\Generated_Source\PSoC5/cyfitter_cfg.c **** ********************************************************************************/
  17:.\Generated_Source\PSoC5/cyfitter_cfg.c **** 
  18:.\Generated_Source\PSoC5/cyfitter_cfg.c **** #include <string.h>
  19:.\Generated_Source\PSoC5/cyfitter_cfg.c **** #include "cytypes.h"
  20:.\Generated_Source\PSoC5/cyfitter_cfg.c **** #include "cydevice_trm.h"
  21:.\Generated_Source\PSoC5/cyfitter_cfg.c **** #include "cyfitter.h"
  22:.\Generated_Source\PSoC5/cyfitter_cfg.c **** #include "CyLib.h"
  23:.\Generated_Source\PSoC5/cyfitter_cfg.c **** #include "cyfitter_cfg.h"
  24:.\Generated_Source\PSoC5/cyfitter_cfg.c **** 
  25:.\Generated_Source\PSoC5/cyfitter_cfg.c **** #define CY_NEED_CYCLOCKSTARTUPERROR 1
  26:.\Generated_Source\PSoC5/cyfitter_cfg.c **** 
  27:.\Generated_Source\PSoC5/cyfitter_cfg.c **** 
  28:.\Generated_Source\PSoC5/cyfitter_cfg.c **** #if defined(__GNUC__) || defined(__ARMCC_VERSION)
  29:.\Generated_Source\PSoC5/cyfitter_cfg.c ****     #define CYPACKED 
  30:.\Generated_Source\PSoC5/cyfitter_cfg.c ****     #define CYPACKED_ATTR __attribute__ ((packed))
  31:.\Generated_Source\PSoC5/cyfitter_cfg.c ****     #define CYALIGNED __attribute__ ((aligned))
  32:.\Generated_Source\PSoC5/cyfitter_cfg.c ****     #define CY_CFG_UNUSED __attribute__ ((unused))
ARM GAS  C:\Users\hp\AppData\Local\Temp\ccXGzmaA.s 			page 2


  33:.\Generated_Source\PSoC5/cyfitter_cfg.c ****     #define CY_CFG_SECTION __attribute__ ((section(".psocinit")))
  34:.\Generated_Source\PSoC5/cyfitter_cfg.c ****     
  35:.\Generated_Source\PSoC5/cyfitter_cfg.c ****     #if defined(__ARMCC_VERSION)
  36:.\Generated_Source\PSoC5/cyfitter_cfg.c ****         #define CY_CFG_MEMORY_BARRIER() __memory_changed()
  37:.\Generated_Source\PSoC5/cyfitter_cfg.c ****     #else
  38:.\Generated_Source\PSoC5/cyfitter_cfg.c ****         #define CY_CFG_MEMORY_BARRIER() __sync_synchronize()
  39:.\Generated_Source\PSoC5/cyfitter_cfg.c ****     #endif
  40:.\Generated_Source\PSoC5/cyfitter_cfg.c ****     
  41:.\Generated_Source\PSoC5/cyfitter_cfg.c **** #elif defined(__ICCARM__)
  42:.\Generated_Source\PSoC5/cyfitter_cfg.c ****     #include <intrinsics.h>
  43:.\Generated_Source\PSoC5/cyfitter_cfg.c **** 
  44:.\Generated_Source\PSoC5/cyfitter_cfg.c ****     #define CYPACKED __packed
  45:.\Generated_Source\PSoC5/cyfitter_cfg.c ****     #define CYPACKED_ATTR 
  46:.\Generated_Source\PSoC5/cyfitter_cfg.c ****     #define CYALIGNED _Pragma("data_alignment=4")
  47:.\Generated_Source\PSoC5/cyfitter_cfg.c ****     #define CY_CFG_UNUSED _Pragma("diag_suppress=Pe177")
  48:.\Generated_Source\PSoC5/cyfitter_cfg.c ****     #define CY_CFG_SECTION _Pragma("location=\".psocinit\"")
  49:.\Generated_Source\PSoC5/cyfitter_cfg.c ****     
  50:.\Generated_Source\PSoC5/cyfitter_cfg.c ****     #define CY_CFG_MEMORY_BARRIER() __DMB()
  51:.\Generated_Source\PSoC5/cyfitter_cfg.c ****     
  52:.\Generated_Source\PSoC5/cyfitter_cfg.c **** #else
  53:.\Generated_Source\PSoC5/cyfitter_cfg.c ****     #error Unsupported toolchain
  54:.\Generated_Source\PSoC5/cyfitter_cfg.c **** #endif
  55:.\Generated_Source\PSoC5/cyfitter_cfg.c **** 
  56:.\Generated_Source\PSoC5/cyfitter_cfg.c **** 
  57:.\Generated_Source\PSoC5/cyfitter_cfg.c **** CY_CFG_UNUSED
  58:.\Generated_Source\PSoC5/cyfitter_cfg.c **** static void CYMEMZERO(void *s, size_t n);
  59:.\Generated_Source\PSoC5/cyfitter_cfg.c **** CY_CFG_UNUSED
  60:.\Generated_Source\PSoC5/cyfitter_cfg.c **** static void CYMEMZERO(void *s, size_t n)
  61:.\Generated_Source\PSoC5/cyfitter_cfg.c **** {
  26              		.loc 1 61 0
  27              		.cfi_startproc
  28              		@ args = 0, pretend = 0, frame = 8
  29              		@ frame_needed = 1, uses_anonymous_args = 0
  30 0000 80B5     		push	{r7, lr}
  31              		.cfi_def_cfa_offset 8
  32              		.cfi_offset 7, -8
  33              		.cfi_offset 14, -4
  34 0002 82B0     		sub	sp, sp, #8
  35              		.cfi_def_cfa_offset 16
  36 0004 00AF     		add	r7, sp, #0
  37              		.cfi_def_cfa_register 7
  38 0006 7860     		str	r0, [r7, #4]
  39 0008 3960     		str	r1, [r7]
  62:.\Generated_Source\PSoC5/cyfitter_cfg.c **** 	(void)memset(s, 0, n);
  40              		.loc 1 62 0
  41 000a 7868     		ldr	r0, [r7, #4]
  42 000c 0021     		movs	r1, #0
  43 000e 3A68     		ldr	r2, [r7]
  44 0010 FFF7FEFF 		bl	memset
  63:.\Generated_Source\PSoC5/cyfitter_cfg.c **** }
  45              		.loc 1 63 0
  46 0014 0837     		adds	r7, r7, #8
  47              		.cfi_def_cfa_offset 8
  48 0016 BD46     		mov	sp, r7
  49              		.cfi_def_cfa_register 13
  50              		@ sp needed
  51 0018 80BD     		pop	{r7, pc}
ARM GAS  C:\Users\hp\AppData\Local\Temp\ccXGzmaA.s 			page 3


  52              		.cfi_endproc
  53              	.LFE0:
  54              		.size	CYMEMZERO, .-CYMEMZERO
  55 001a 00BF     		.section	.text.CYCONFIGCPY,"ax",%progbits
  56              		.align	2
  57              		.thumb
  58              		.thumb_func
  59              		.type	CYCONFIGCPY, %function
  60              	CYCONFIGCPY:
  61              	.LFB1:
  64:.\Generated_Source\PSoC5/cyfitter_cfg.c **** CY_CFG_UNUSED
  65:.\Generated_Source\PSoC5/cyfitter_cfg.c **** static void CYCONFIGCPY(void *dest, const void *src, size_t n);
  66:.\Generated_Source\PSoC5/cyfitter_cfg.c **** CY_CFG_UNUSED
  67:.\Generated_Source\PSoC5/cyfitter_cfg.c **** static void CYCONFIGCPY(void *dest, const void *src, size_t n)
  68:.\Generated_Source\PSoC5/cyfitter_cfg.c **** {
  62              		.loc 1 68 0
  63              		.cfi_startproc
  64              		@ args = 0, pretend = 0, frame = 16
  65              		@ frame_needed = 1, uses_anonymous_args = 0
  66 0000 80B5     		push	{r7, lr}
  67              		.cfi_def_cfa_offset 8
  68              		.cfi_offset 7, -8
  69              		.cfi_offset 14, -4
  70 0002 84B0     		sub	sp, sp, #16
  71              		.cfi_def_cfa_offset 24
  72 0004 00AF     		add	r7, sp, #0
  73              		.cfi_def_cfa_register 7
  74 0006 F860     		str	r0, [r7, #12]
  75 0008 B960     		str	r1, [r7, #8]
  76 000a 7A60     		str	r2, [r7, #4]
  69:.\Generated_Source\PSoC5/cyfitter_cfg.c **** 	(void)memcpy(dest, src, n);
  77              		.loc 1 69 0
  78 000c F868     		ldr	r0, [r7, #12]
  79 000e B968     		ldr	r1, [r7, #8]
  80 0010 7A68     		ldr	r2, [r7, #4]
  81 0012 FFF7FEFF 		bl	memcpy
  70:.\Generated_Source\PSoC5/cyfitter_cfg.c **** }
  82              		.loc 1 70 0
  83 0016 1037     		adds	r7, r7, #16
  84              		.cfi_def_cfa_offset 8
  85 0018 BD46     		mov	sp, r7
  86              		.cfi_def_cfa_register 13
  87              		@ sp needed
  88 001a 80BD     		pop	{r7, pc}
  89              		.cfi_endproc
  90              	.LFE1:
  91              		.size	CYCONFIGCPY, .-CYCONFIGCPY
  92              		.section	.text.CYCONFIGCPYCODE,"ax",%progbits
  93              		.align	2
  94              		.thumb
  95              		.thumb_func
  96              		.type	CYCONFIGCPYCODE, %function
  97              	CYCONFIGCPYCODE:
  98              	.LFB2:
  71:.\Generated_Source\PSoC5/cyfitter_cfg.c **** CY_CFG_UNUSED
  72:.\Generated_Source\PSoC5/cyfitter_cfg.c **** static void CYCONFIGCPYCODE(void *dest, const void *src, size_t n);
  73:.\Generated_Source\PSoC5/cyfitter_cfg.c **** CY_CFG_UNUSED
ARM GAS  C:\Users\hp\AppData\Local\Temp\ccXGzmaA.s 			page 4


  74:.\Generated_Source\PSoC5/cyfitter_cfg.c **** static void CYCONFIGCPYCODE(void *dest, const void *src, size_t n)
  75:.\Generated_Source\PSoC5/cyfitter_cfg.c **** {
  99              		.loc 1 75 0
 100              		.cfi_startproc
 101              		@ args = 0, pretend = 0, frame = 16
 102              		@ frame_needed = 1, uses_anonymous_args = 0
 103 0000 80B5     		push	{r7, lr}
 104              		.cfi_def_cfa_offset 8
 105              		.cfi_offset 7, -8
 106              		.cfi_offset 14, -4
 107 0002 84B0     		sub	sp, sp, #16
 108              		.cfi_def_cfa_offset 24
 109 0004 00AF     		add	r7, sp, #0
 110              		.cfi_def_cfa_register 7
 111 0006 F860     		str	r0, [r7, #12]
 112 0008 B960     		str	r1, [r7, #8]
 113 000a 7A60     		str	r2, [r7, #4]
  76:.\Generated_Source\PSoC5/cyfitter_cfg.c **** 	(void)memcpy(dest, src, n);
 114              		.loc 1 76 0
 115 000c F868     		ldr	r0, [r7, #12]
 116 000e B968     		ldr	r1, [r7, #8]
 117 0010 7A68     		ldr	r2, [r7, #4]
 118 0012 FFF7FEFF 		bl	memcpy
  77:.\Generated_Source\PSoC5/cyfitter_cfg.c **** }
 119              		.loc 1 77 0
 120 0016 1037     		adds	r7, r7, #16
 121              		.cfi_def_cfa_offset 8
 122 0018 BD46     		mov	sp, r7
 123              		.cfi_def_cfa_register 13
 124              		@ sp needed
 125 001a 80BD     		pop	{r7, pc}
 126              		.cfi_endproc
 127              	.LFE2:
 128              		.size	CYCONFIGCPYCODE, .-CYCONFIGCPYCODE
 129              		.section	.text.CyClockStartupError,"ax",%progbits
 130              		.align	2
 131              		.thumb
 132              		.thumb_func
 133              		.type	CyClockStartupError, %function
 134              	CyClockStartupError:
 135              	.LFB3:
  78:.\Generated_Source\PSoC5/cyfitter_cfg.c **** 
  79:.\Generated_Source\PSoC5/cyfitter_cfg.c **** 
  80:.\Generated_Source\PSoC5/cyfitter_cfg.c **** 
  81:.\Generated_Source\PSoC5/cyfitter_cfg.c **** /* Clock startup error codes                                                   */
  82:.\Generated_Source\PSoC5/cyfitter_cfg.c **** #define CYCLOCKSTART_NO_ERROR    0u
  83:.\Generated_Source\PSoC5/cyfitter_cfg.c **** #define CYCLOCKSTART_XTAL_ERROR  1u
  84:.\Generated_Source\PSoC5/cyfitter_cfg.c **** #define CYCLOCKSTART_32KHZ_ERROR 2u
  85:.\Generated_Source\PSoC5/cyfitter_cfg.c **** #define CYCLOCKSTART_PLL_ERROR   3u
  86:.\Generated_Source\PSoC5/cyfitter_cfg.c **** 
  87:.\Generated_Source\PSoC5/cyfitter_cfg.c **** #ifdef CY_NEED_CYCLOCKSTARTUPERROR
  88:.\Generated_Source\PSoC5/cyfitter_cfg.c **** /*******************************************************************************
  89:.\Generated_Source\PSoC5/cyfitter_cfg.c **** * Function Name: CyClockStartupError
  90:.\Generated_Source\PSoC5/cyfitter_cfg.c **** ********************************************************************************
  91:.\Generated_Source\PSoC5/cyfitter_cfg.c **** * Summary:
  92:.\Generated_Source\PSoC5/cyfitter_cfg.c **** *  If an error is encountered during clock configuration (crystal startup error,
  93:.\Generated_Source\PSoC5/cyfitter_cfg.c **** *  PLL lock error, etc.), the system will end up here.  Unless reimplemented by
ARM GAS  C:\Users\hp\AppData\Local\Temp\ccXGzmaA.s 			page 5


  94:.\Generated_Source\PSoC5/cyfitter_cfg.c **** *  the customer, this function will stop in an infinite loop.
  95:.\Generated_Source\PSoC5/cyfitter_cfg.c **** *
  96:.\Generated_Source\PSoC5/cyfitter_cfg.c **** * Parameters:
  97:.\Generated_Source\PSoC5/cyfitter_cfg.c **** *   void
  98:.\Generated_Source\PSoC5/cyfitter_cfg.c **** *
  99:.\Generated_Source\PSoC5/cyfitter_cfg.c **** * Return:
 100:.\Generated_Source\PSoC5/cyfitter_cfg.c **** *   void
 101:.\Generated_Source\PSoC5/cyfitter_cfg.c **** *
 102:.\Generated_Source\PSoC5/cyfitter_cfg.c **** *******************************************************************************/
 103:.\Generated_Source\PSoC5/cyfitter_cfg.c **** CY_CFG_UNUSED
 104:.\Generated_Source\PSoC5/cyfitter_cfg.c **** static void CyClockStartupError(uint8 errorCode);
 105:.\Generated_Source\PSoC5/cyfitter_cfg.c **** CY_CFG_UNUSED
 106:.\Generated_Source\PSoC5/cyfitter_cfg.c **** static void CyClockStartupError(uint8 errorCode)
 107:.\Generated_Source\PSoC5/cyfitter_cfg.c **** {
 136              		.loc 1 107 0
 137              		.cfi_startproc
 138              		@ args = 0, pretend = 0, frame = 8
 139              		@ frame_needed = 1, uses_anonymous_args = 0
 140              		@ link register save eliminated.
 141 0000 80B4     		push	{r7}
 142              		.cfi_def_cfa_offset 4
 143              		.cfi_offset 7, -4
 144 0002 83B0     		sub	sp, sp, #12
 145              		.cfi_def_cfa_offset 16
 146 0004 00AF     		add	r7, sp, #0
 147              		.cfi_def_cfa_register 7
 148 0006 0346     		mov	r3, r0
 149 0008 FB71     		strb	r3, [r7, #7]
 150              	.L5:
 108:.\Generated_Source\PSoC5/cyfitter_cfg.c ****     /* To remove the compiler warning if errorCode not used.                */
 109:.\Generated_Source\PSoC5/cyfitter_cfg.c ****     errorCode = errorCode;
 110:.\Generated_Source\PSoC5/cyfitter_cfg.c **** 
 111:.\Generated_Source\PSoC5/cyfitter_cfg.c ****     /* `#START CyClockStartupError` */
 112:.\Generated_Source\PSoC5/cyfitter_cfg.c **** 
 113:.\Generated_Source\PSoC5/cyfitter_cfg.c ****     /* If we have a clock startup error (bad MHz crystal, PLL lock, etc.),  */
 114:.\Generated_Source\PSoC5/cyfitter_cfg.c ****     /* we will end up here to allow the customer to implement something to  */
 115:.\Generated_Source\PSoC5/cyfitter_cfg.c ****     /* deal with the clock condition.                                       */
 116:.\Generated_Source\PSoC5/cyfitter_cfg.c **** 
 117:.\Generated_Source\PSoC5/cyfitter_cfg.c ****     /* `#END` */
 118:.\Generated_Source\PSoC5/cyfitter_cfg.c **** 
 119:.\Generated_Source\PSoC5/cyfitter_cfg.c ****     /* If nothing else, stop here since the clocks have not started         */
 120:.\Generated_Source\PSoC5/cyfitter_cfg.c ****     /* correctly.                                                           */
 121:.\Generated_Source\PSoC5/cyfitter_cfg.c ****     while(1) {}
 151              		.loc 1 121 0 discriminator 1
 152 000a FEE7     		b	.L5
 153              		.cfi_endproc
 154              	.LFE3:
 155              		.size	CyClockStartupError, .-CyClockStartupError
 156              		.section	.text.cfg_write_bytes32,"ax",%progbits
 157              		.align	2
 158              		.thumb
 159              		.thumb_func
 160              		.type	cfg_write_bytes32, %function
 161              	cfg_write_bytes32:
 162              	.LFB4:
 122:.\Generated_Source\PSoC5/cyfitter_cfg.c **** }
 123:.\Generated_Source\PSoC5/cyfitter_cfg.c **** #endif
ARM GAS  C:\Users\hp\AppData\Local\Temp\ccXGzmaA.s 			page 6


 124:.\Generated_Source\PSoC5/cyfitter_cfg.c **** 
 125:.\Generated_Source\PSoC5/cyfitter_cfg.c **** #define CY_CFG_BASE_ADDR_COUNT 8u
 126:.\Generated_Source\PSoC5/cyfitter_cfg.c **** CYPACKED typedef struct
 127:.\Generated_Source\PSoC5/cyfitter_cfg.c **** {
 128:.\Generated_Source\PSoC5/cyfitter_cfg.c **** 	uint8 offset;
 129:.\Generated_Source\PSoC5/cyfitter_cfg.c **** 	uint8 value;
 130:.\Generated_Source\PSoC5/cyfitter_cfg.c **** } CYPACKED_ATTR cy_cfg_addrvalue_t;
 131:.\Generated_Source\PSoC5/cyfitter_cfg.c **** 
 132:.\Generated_Source\PSoC5/cyfitter_cfg.c **** #define cy_cfg_addr_table ((const uint32 CYFAR *)0x48000000u)
 133:.\Generated_Source\PSoC5/cyfitter_cfg.c **** #define cy_cfg_data_table ((const cy_cfg_addrvalue_t CYFAR *)0x48000020u)
 134:.\Generated_Source\PSoC5/cyfitter_cfg.c **** 
 135:.\Generated_Source\PSoC5/cyfitter_cfg.c **** /* IOPINS0_6 Address: CYREG_PRT6_DM0 Size (bytes): 8 */
 136:.\Generated_Source\PSoC5/cyfitter_cfg.c **** #define BS_IOPINS0_6_VAL ((const uint8 CYFAR *)0x480000B0u)
 137:.\Generated_Source\PSoC5/cyfitter_cfg.c **** 
 138:.\Generated_Source\PSoC5/cyfitter_cfg.c **** 
 139:.\Generated_Source\PSoC5/cyfitter_cfg.c **** /*******************************************************************************
 140:.\Generated_Source\PSoC5/cyfitter_cfg.c **** * Function Name: cfg_write_bytes32
 141:.\Generated_Source\PSoC5/cyfitter_cfg.c **** ********************************************************************************
 142:.\Generated_Source\PSoC5/cyfitter_cfg.c **** * Summary:
 143:.\Generated_Source\PSoC5/cyfitter_cfg.c **** *  This function is used for setting up the chip configuration areas that
 144:.\Generated_Source\PSoC5/cyfitter_cfg.c **** *  contain relatively sparse data.
 145:.\Generated_Source\PSoC5/cyfitter_cfg.c **** *
 146:.\Generated_Source\PSoC5/cyfitter_cfg.c **** * Parameters:
 147:.\Generated_Source\PSoC5/cyfitter_cfg.c **** *   void
 148:.\Generated_Source\PSoC5/cyfitter_cfg.c **** *
 149:.\Generated_Source\PSoC5/cyfitter_cfg.c **** * Return:
 150:.\Generated_Source\PSoC5/cyfitter_cfg.c **** *   void
 151:.\Generated_Source\PSoC5/cyfitter_cfg.c **** *
 152:.\Generated_Source\PSoC5/cyfitter_cfg.c **** *******************************************************************************/
 153:.\Generated_Source\PSoC5/cyfitter_cfg.c **** static void cfg_write_bytes32(const uint32 addr_table[], const cy_cfg_addrvalue_t data_table[]);
 154:.\Generated_Source\PSoC5/cyfitter_cfg.c **** static void cfg_write_bytes32(const uint32 addr_table[], const cy_cfg_addrvalue_t data_table[])
 155:.\Generated_Source\PSoC5/cyfitter_cfg.c **** {
 163              		.loc 1 155 0
 164              		.cfi_startproc
 165              		@ args = 0, pretend = 0, frame = 24
 166              		@ frame_needed = 1, uses_anonymous_args = 0
 167              		@ link register save eliminated.
 168 0000 80B4     		push	{r7}
 169              		.cfi_def_cfa_offset 4
 170              		.cfi_offset 7, -4
 171 0002 87B0     		sub	sp, sp, #28
 172              		.cfi_def_cfa_offset 32
 173 0004 00AF     		add	r7, sp, #0
 174              		.cfi_def_cfa_register 7
 175 0006 7860     		str	r0, [r7, #4]
 176 0008 3960     		str	r1, [r7]
 156:.\Generated_Source\PSoC5/cyfitter_cfg.c **** 	/* For 32-bit little-endian architectures */
 157:.\Generated_Source\PSoC5/cyfitter_cfg.c **** 	uint32 i, j = 0u;
 177              		.loc 1 157 0
 178 000a 0023     		movs	r3, #0
 179 000c 3B61     		str	r3, [r7, #16]
 158:.\Generated_Source\PSoC5/cyfitter_cfg.c **** 	for (i = 0u; i < CY_CFG_BASE_ADDR_COUNT; i++)
 180              		.loc 1 158 0
 181 000e 0023     		movs	r3, #0
 182 0010 7B61     		str	r3, [r7, #20]
 183 0012 27E0     		b	.L7
 184              	.L10:
ARM GAS  C:\Users\hp\AppData\Local\Temp\ccXGzmaA.s 			page 7


 185              	.LBB2:
 159:.\Generated_Source\PSoC5/cyfitter_cfg.c **** 	{
 160:.\Generated_Source\PSoC5/cyfitter_cfg.c **** 		uint32 baseAddr = addr_table[i];
 186              		.loc 1 160 0
 187 0014 7B69     		ldr	r3, [r7, #20]
 188 0016 9B00     		lsls	r3, r3, #2
 189 0018 7A68     		ldr	r2, [r7, #4]
 190 001a 1344     		add	r3, r3, r2
 191 001c 1B68     		ldr	r3, [r3]
 192 001e BB60     		str	r3, [r7, #8]
 161:.\Generated_Source\PSoC5/cyfitter_cfg.c **** 		uint8 count = (uint8)baseAddr;
 193              		.loc 1 161 0
 194 0020 BB68     		ldr	r3, [r7, #8]
 195 0022 FB73     		strb	r3, [r7, #15]
 162:.\Generated_Source\PSoC5/cyfitter_cfg.c **** 		baseAddr &= 0xFFFFFF00u;
 196              		.loc 1 162 0
 197 0024 BB68     		ldr	r3, [r7, #8]
 198 0026 23F0FF03 		bic	r3, r3, #255
 199 002a BB60     		str	r3, [r7, #8]
 163:.\Generated_Source\PSoC5/cyfitter_cfg.c **** 		while (count != 0u)
 200              		.loc 1 163 0
 201 002c 14E0     		b	.L8
 202              	.L9:
 164:.\Generated_Source\PSoC5/cyfitter_cfg.c **** 		{
 165:.\Generated_Source\PSoC5/cyfitter_cfg.c **** 			CY_SET_XTND_REG8((void CYFAR *)(baseAddr + data_table[j].offset), data_table[j].value);
 203              		.loc 1 165 0
 204 002e 3B69     		ldr	r3, [r7, #16]
 205 0030 5B00     		lsls	r3, r3, #1
 206 0032 3A68     		ldr	r2, [r7]
 207 0034 1344     		add	r3, r3, r2
 208 0036 1B78     		ldrb	r3, [r3]	@ zero_extendqisi2
 209 0038 1A46     		mov	r2, r3
 210 003a BB68     		ldr	r3, [r7, #8]
 211 003c 1344     		add	r3, r3, r2
 212 003e 1946     		mov	r1, r3
 213 0040 3B69     		ldr	r3, [r7, #16]
 214 0042 5B00     		lsls	r3, r3, #1
 215 0044 3A68     		ldr	r2, [r7]
 216 0046 1344     		add	r3, r3, r2
 217 0048 5B78     		ldrb	r3, [r3, #1]	@ zero_extendqisi2
 218 004a 0B70     		strb	r3, [r1]
 166:.\Generated_Source\PSoC5/cyfitter_cfg.c **** 			j++;
 219              		.loc 1 166 0
 220 004c 3B69     		ldr	r3, [r7, #16]
 221 004e 0133     		adds	r3, r3, #1
 222 0050 3B61     		str	r3, [r7, #16]
 167:.\Generated_Source\PSoC5/cyfitter_cfg.c **** 			count--;
 223              		.loc 1 167 0
 224 0052 FB7B     		ldrb	r3, [r7, #15]	@ zero_extendqisi2
 225 0054 013B     		subs	r3, r3, #1
 226 0056 FB73     		strb	r3, [r7, #15]
 227              	.L8:
 163:.\Generated_Source\PSoC5/cyfitter_cfg.c **** 		{
 228              		.loc 1 163 0
 229 0058 FB7B     		ldrb	r3, [r7, #15]	@ zero_extendqisi2
 230 005a 002B     		cmp	r3, #0
 231 005c E7D1     		bne	.L9
ARM GAS  C:\Users\hp\AppData\Local\Temp\ccXGzmaA.s 			page 8


 232              	.LBE2:
 158:.\Generated_Source\PSoC5/cyfitter_cfg.c **** 	{
 233              		.loc 1 158 0 discriminator 2
 234 005e 7B69     		ldr	r3, [r7, #20]
 235 0060 0133     		adds	r3, r3, #1
 236 0062 7B61     		str	r3, [r7, #20]
 237              	.L7:
 158:.\Generated_Source\PSoC5/cyfitter_cfg.c **** 	{
 238              		.loc 1 158 0 is_stmt 0 discriminator 1
 239 0064 7B69     		ldr	r3, [r7, #20]
 240 0066 072B     		cmp	r3, #7
 241 0068 D4D9     		bls	.L10
 168:.\Generated_Source\PSoC5/cyfitter_cfg.c **** 		}
 169:.\Generated_Source\PSoC5/cyfitter_cfg.c **** 	}
 170:.\Generated_Source\PSoC5/cyfitter_cfg.c **** }
 242              		.loc 1 170 0 is_stmt 1
 243 006a 1C37     		adds	r7, r7, #28
 244              		.cfi_def_cfa_offset 4
 245 006c BD46     		mov	sp, r7
 246              		.cfi_def_cfa_register 13
 247              		@ sp needed
 248 006e 5DF8047B 		ldr	r7, [sp], #4
 249              		.cfi_restore 7
 250              		.cfi_def_cfa_offset 0
 251 0072 7047     		bx	lr
 252              		.cfi_endproc
 253              	.LFE4:
 254              		.size	cfg_write_bytes32, .-cfg_write_bytes32
 255              		.section	.text.ClockSetup,"ax",%progbits
 256              		.align	2
 257              		.thumb
 258              		.thumb_func
 259              		.type	ClockSetup, %function
 260              	ClockSetup:
 261              	.LFB5:
 171:.\Generated_Source\PSoC5/cyfitter_cfg.c **** 
 172:.\Generated_Source\PSoC5/cyfitter_cfg.c **** /*******************************************************************************
 173:.\Generated_Source\PSoC5/cyfitter_cfg.c **** * Function Name: ClockSetup
 174:.\Generated_Source\PSoC5/cyfitter_cfg.c **** ********************************************************************************
 175:.\Generated_Source\PSoC5/cyfitter_cfg.c **** *
 176:.\Generated_Source\PSoC5/cyfitter_cfg.c **** * Summary:
 177:.\Generated_Source\PSoC5/cyfitter_cfg.c **** *  Performs the initialization of all of the clocks in the device based on the
 178:.\Generated_Source\PSoC5/cyfitter_cfg.c **** *  settings in the Clock tab of the DWR.  This includes enabling the requested
 179:.\Generated_Source\PSoC5/cyfitter_cfg.c **** *  clocks and setting the necessary dividers to produce the desired frequency. 
 180:.\Generated_Source\PSoC5/cyfitter_cfg.c **** *
 181:.\Generated_Source\PSoC5/cyfitter_cfg.c **** * Parameters:
 182:.\Generated_Source\PSoC5/cyfitter_cfg.c **** *  void
 183:.\Generated_Source\PSoC5/cyfitter_cfg.c **** *
 184:.\Generated_Source\PSoC5/cyfitter_cfg.c **** * Return:
 185:.\Generated_Source\PSoC5/cyfitter_cfg.c **** *  void
 186:.\Generated_Source\PSoC5/cyfitter_cfg.c **** *
 187:.\Generated_Source\PSoC5/cyfitter_cfg.c **** *******************************************************************************/
 188:.\Generated_Source\PSoC5/cyfitter_cfg.c **** static void ClockSetup(void);
 189:.\Generated_Source\PSoC5/cyfitter_cfg.c **** static void ClockSetup(void)
 190:.\Generated_Source\PSoC5/cyfitter_cfg.c **** {
 262              		.loc 1 190 0
 263              		.cfi_startproc
ARM GAS  C:\Users\hp\AppData\Local\Temp\ccXGzmaA.s 			page 9


 264              		@ args = 0, pretend = 0, frame = 8
 265              		@ frame_needed = 1, uses_anonymous_args = 0
 266 0000 80B5     		push	{r7, lr}
 267              		.cfi_def_cfa_offset 8
 268              		.cfi_offset 7, -8
 269              		.cfi_offset 14, -4
 270 0002 82B0     		sub	sp, sp, #8
 271              		.cfi_def_cfa_offset 16
 272 0004 00AF     		add	r7, sp, #0
 273              		.cfi_def_cfa_register 7
 191:.\Generated_Source\PSoC5/cyfitter_cfg.c **** 	uint32 timeout;
 192:.\Generated_Source\PSoC5/cyfitter_cfg.c **** 	uint8 pllLock;
 193:.\Generated_Source\PSoC5/cyfitter_cfg.c **** 
 194:.\Generated_Source\PSoC5/cyfitter_cfg.c **** 
 195:.\Generated_Source\PSoC5/cyfitter_cfg.c **** 	/* Configure Digital Clocks based on settings from Clock DWR */
 196:.\Generated_Source\PSoC5/cyfitter_cfg.c **** 	CY_SET_XTND_REG16((void CYFAR *)(CYREG_CLKDIST_DCFG0_CFG0), 0x5DBFu);
 274              		.loc 1 196 0
 275 0006 304B     		ldr	r3, .L16
 276 0008 45F6BF52 		movw	r2, #23999
 277 000c 1A80     		strh	r2, [r3]	@ movhi
 197:.\Generated_Source\PSoC5/cyfitter_cfg.c **** 	CY_SET_XTND_REG8((void CYFAR *)(CYREG_CLKDIST_DCFG0_CFG0 + 0x2u), 0x18u);
 278              		.loc 1 197 0
 279 000e 2F4B     		ldr	r3, .L16+4
 280 0010 1822     		movs	r2, #24
 281 0012 1A70     		strb	r2, [r3]
 198:.\Generated_Source\PSoC5/cyfitter_cfg.c **** 
 199:.\Generated_Source\PSoC5/cyfitter_cfg.c **** 	/* Configure ILO based on settings from Clock DWR */
 200:.\Generated_Source\PSoC5/cyfitter_cfg.c **** 	CY_SET_XTND_REG8((void CYFAR *)(CYREG_SLOWCLK_ILO_CR0), 0x02u);
 282              		.loc 1 200 0
 283 0014 2E4B     		ldr	r3, .L16+8
 284 0016 0222     		movs	r2, #2
 285 0018 1A70     		strb	r2, [r3]
 201:.\Generated_Source\PSoC5/cyfitter_cfg.c **** 	CY_SET_XTND_REG8((void CYFAR *)(CYREG_CLKDIST_CR), 0x08u);
 286              		.loc 1 201 0
 287 001a 4FF04023 		mov	r3, #1073758208
 288 001e 0822     		movs	r2, #8
 289 0020 1A70     		strb	r2, [r3]
 202:.\Generated_Source\PSoC5/cyfitter_cfg.c **** 
 203:.\Generated_Source\PSoC5/cyfitter_cfg.c **** 	/* Configure IMO based on settings from Clock DWR */
 204:.\Generated_Source\PSoC5/cyfitter_cfg.c **** 	CY_SET_XTND_REG8((void CYFAR *)(CYREG_FASTCLK_IMO_CR), 0x03u);
 290              		.loc 1 204 0
 291 0022 2C4B     		ldr	r3, .L16+12
 292 0024 0322     		movs	r2, #3
 293 0026 1A70     		strb	r2, [r3]
 205:.\Generated_Source\PSoC5/cyfitter_cfg.c **** 	CY_SET_XTND_REG8((void CYFAR *)(CYREG_IMO_TR1), (CY_GET_XTND_REG8((void CYFAR *)CYREG_FLSHID_CUST_
 294              		.loc 1 205 0
 295 0028 2B4B     		ldr	r3, .L16+16
 296 002a 2C4A     		ldr	r2, .L16+20
 297 002c 1278     		ldrb	r2, [r2]
 298 002e D2B2     		uxtb	r2, r2
 299 0030 1A70     		strb	r2, [r3]
 206:.\Generated_Source\PSoC5/cyfitter_cfg.c **** 
 207:.\Generated_Source\PSoC5/cyfitter_cfg.c **** 	/* Configure PLL based on settings from Clock DWR */
 208:.\Generated_Source\PSoC5/cyfitter_cfg.c **** 	CY_SET_XTND_REG16((void CYFAR *)(CYREG_FASTCLK_PLL_P), 0x0008u);
 300              		.loc 1 208 0
 301 0032 2B4B     		ldr	r3, .L16+24
 302 0034 0822     		movs	r2, #8
ARM GAS  C:\Users\hp\AppData\Local\Temp\ccXGzmaA.s 			page 10


 303 0036 1A80     		strh	r2, [r3]	@ movhi
 209:.\Generated_Source\PSoC5/cyfitter_cfg.c **** 	CY_SET_XTND_REG16((void CYFAR *)(CYREG_FASTCLK_PLL_CFG0), 0x1251u);
 304              		.loc 1 209 0
 305 0038 2A4B     		ldr	r3, .L16+28
 306 003a 41F25122 		movw	r2, #4689
 307 003e 1A80     		strh	r2, [r3]	@ movhi
 210:.\Generated_Source\PSoC5/cyfitter_cfg.c **** 	/* Wait up to 250us for the PLL to lock */
 211:.\Generated_Source\PSoC5/cyfitter_cfg.c **** 	pllLock = 0u;
 308              		.loc 1 211 0
 309 0040 0023     		movs	r3, #0
 310 0042 FB70     		strb	r3, [r7, #3]
 212:.\Generated_Source\PSoC5/cyfitter_cfg.c **** 	for (timeout = 250u / 10u; (timeout > 0u) && (pllLock != 0x03u); timeout--)
 311              		.loc 1 212 0
 312 0044 1923     		movs	r3, #25
 313 0046 7B60     		str	r3, [r7, #4]
 314 0048 14E0     		b	.L12
 315              	.L14:
 213:.\Generated_Source\PSoC5/cyfitter_cfg.c **** 	{ 
 214:.\Generated_Source\PSoC5/cyfitter_cfg.c **** 		pllLock = 0x03u & ((uint8)((uint8)pllLock << 1) | ((CY_GET_XTND_REG8((void CYFAR *)CYREG_FASTCLK_
 316              		.loc 1 214 0 discriminator 4
 317 004a FB78     		ldrb	r3, [r7, #3]
 318 004c 5B00     		lsls	r3, r3, #1
 319 004e DAB2     		uxtb	r2, r3
 320 0050 254B     		ldr	r3, .L16+32
 321 0052 1B78     		ldrb	r3, [r3]
 322 0054 DBB2     		uxtb	r3, r3
 323 0056 03F00103 		and	r3, r3, #1
 324 005a DBB2     		uxtb	r3, r3
 325 005c 1343     		orrs	r3, r3, r2
 326 005e DBB2     		uxtb	r3, r3
 327 0060 03F00303 		and	r3, r3, #3
 328 0064 FB70     		strb	r3, [r7, #3]
 215:.\Generated_Source\PSoC5/cyfitter_cfg.c **** 		CyDelayCycles(10u * 48u); /* Delay 10us based on 48MHz clock */
 329              		.loc 1 215 0 discriminator 4
 330 0066 4FF4F070 		mov	r0, #480
 331 006a FFF7FEFF 		bl	CyDelayCycles
 212:.\Generated_Source\PSoC5/cyfitter_cfg.c **** 	for (timeout = 250u / 10u; (timeout > 0u) && (pllLock != 0x03u); timeout--)
 332              		.loc 1 212 0 discriminator 4
 333 006e 7B68     		ldr	r3, [r7, #4]
 334 0070 013B     		subs	r3, r3, #1
 335 0072 7B60     		str	r3, [r7, #4]
 336              	.L12:
 212:.\Generated_Source\PSoC5/cyfitter_cfg.c **** 	for (timeout = 250u / 10u; (timeout > 0u) && (pllLock != 0x03u); timeout--)
 337              		.loc 1 212 0 is_stmt 0 discriminator 1
 338 0074 7B68     		ldr	r3, [r7, #4]
 339 0076 002B     		cmp	r3, #0
 340 0078 02D0     		beq	.L13
 212:.\Generated_Source\PSoC5/cyfitter_cfg.c **** 	for (timeout = 250u / 10u; (timeout > 0u) && (pllLock != 0x03u); timeout--)
 341              		.loc 1 212 0 discriminator 3
 342 007a FB78     		ldrb	r3, [r7, #3]	@ zero_extendqisi2
 343 007c 032B     		cmp	r3, #3
 344 007e E4D1     		bne	.L14
 345              	.L13:
 216:.\Generated_Source\PSoC5/cyfitter_cfg.c **** 	}
 217:.\Generated_Source\PSoC5/cyfitter_cfg.c **** 	/* If we ran out of time the PLL didn't lock so go to the error function */
 218:.\Generated_Source\PSoC5/cyfitter_cfg.c **** 	if (timeout == 0u)
 346              		.loc 1 218 0 is_stmt 1
ARM GAS  C:\Users\hp\AppData\Local\Temp\ccXGzmaA.s 			page 11


 347 0080 7B68     		ldr	r3, [r7, #4]
 348 0082 002B     		cmp	r3, #0
 349 0084 02D1     		bne	.L15
 219:.\Generated_Source\PSoC5/cyfitter_cfg.c **** 	{
 220:.\Generated_Source\PSoC5/cyfitter_cfg.c **** 		CyClockStartupError(CYCLOCKSTART_PLL_ERROR);
 350              		.loc 1 220 0
 351 0086 0320     		movs	r0, #3
 352 0088 FFF7FEFF 		bl	CyClockStartupError
 353              	.L15:
 221:.\Generated_Source\PSoC5/cyfitter_cfg.c **** 	}
 222:.\Generated_Source\PSoC5/cyfitter_cfg.c **** 
 223:.\Generated_Source\PSoC5/cyfitter_cfg.c **** 	/* Configure Bus/Master Clock based on settings from Clock DWR */
 224:.\Generated_Source\PSoC5/cyfitter_cfg.c **** 	CY_SET_XTND_REG16((void CYFAR *)(CYREG_CLKDIST_MSTR0), 0x0100u);
 354              		.loc 1 224 0
 355 008c 174B     		ldr	r3, .L16+36
 356 008e 4FF48072 		mov	r2, #256
 357 0092 1A80     		strh	r2, [r3]	@ movhi
 225:.\Generated_Source\PSoC5/cyfitter_cfg.c **** 	CY_SET_XTND_REG8((void CYFAR *)(CYREG_CLKDIST_MSTR0), 0x07u);
 358              		.loc 1 225 0
 359 0094 154B     		ldr	r3, .L16+36
 360 0096 0722     		movs	r2, #7
 361 0098 1A70     		strb	r2, [r3]
 226:.\Generated_Source\PSoC5/cyfitter_cfg.c **** 	CY_SET_XTND_REG8((void CYFAR *)(CYREG_CLKDIST_BCFG0), 0x00u);
 362              		.loc 1 226 0
 363 009a 154B     		ldr	r3, .L16+40
 364 009c 0022     		movs	r2, #0
 365 009e 1A70     		strb	r2, [r3]
 227:.\Generated_Source\PSoC5/cyfitter_cfg.c **** 	CY_SET_XTND_REG8((void CYFAR *)(CYREG_CLKDIST_BCFG2), 0x48u);
 366              		.loc 1 227 0
 367 00a0 144B     		ldr	r3, .L16+44
 368 00a2 4822     		movs	r2, #72
 369 00a4 1A70     		strb	r2, [r3]
 228:.\Generated_Source\PSoC5/cyfitter_cfg.c **** 	CY_SET_XTND_REG8((void CYFAR *)(CYREG_CLKDIST_MSTR0), 0x00u);
 370              		.loc 1 228 0
 371 00a6 114B     		ldr	r3, .L16+36
 372 00a8 0022     		movs	r2, #0
 373 00aa 1A70     		strb	r2, [r3]
 229:.\Generated_Source\PSoC5/cyfitter_cfg.c **** 	CY_SET_XTND_REG8((void CYFAR *)(CYREG_CLKDIST_LD), 0x02u);
 374              		.loc 1 229 0
 375 00ac 124B     		ldr	r3, .L16+48
 376 00ae 0222     		movs	r2, #2
 377 00b0 1A70     		strb	r2, [r3]
 230:.\Generated_Source\PSoC5/cyfitter_cfg.c **** 
 231:.\Generated_Source\PSoC5/cyfitter_cfg.c **** 	CY_SET_XTND_REG8((void CYFAR *)(CYREG_PM_ACT_CFG2), ((CY_GET_XTND_REG8((void CYFAR *)CYREG_PM_ACT_
 378              		.loc 1 231 0
 379 00b2 124A     		ldr	r2, .L16+52
 380 00b4 114B     		ldr	r3, .L16+52
 381 00b6 1B78     		ldrb	r3, [r3]
 382 00b8 DBB2     		uxtb	r3, r3
 383 00ba 43F00103 		orr	r3, r3, #1
 384 00be DBB2     		uxtb	r3, r3
 385 00c0 1370     		strb	r3, [r2]
 232:.\Generated_Source\PSoC5/cyfitter_cfg.c **** }
 386              		.loc 1 232 0
 387 00c2 0837     		adds	r7, r7, #8
 388              		.cfi_def_cfa_offset 8
 389 00c4 BD46     		mov	sp, r7
ARM GAS  C:\Users\hp\AppData\Local\Temp\ccXGzmaA.s 			page 12


 390              		.cfi_def_cfa_register 13
 391              		@ sp needed
 392 00c6 80BD     		pop	{r7, pc}
 393              	.L17:
 394              		.align	2
 395              	.L16:
 396 00c8 80400040 		.word	1073758336
 397 00cc 82400040 		.word	1073758338
 398 00d0 00430040 		.word	1073758976
 399 00d4 00420040 		.word	1073758720
 400 00d8 A1460040 		.word	1073759905
 401 00dc 08010049 		.word	1224737032
 402 00e0 22420040 		.word	1073758754
 403 00e4 20420040 		.word	1073758752
 404 00e8 25420040 		.word	1073758757
 405 00ec 04400040 		.word	1073758212
 406 00f0 06400040 		.word	1073758214
 407 00f4 08400040 		.word	1073758216
 408 00f8 01400040 		.word	1073758209
 409 00fc A2430040 		.word	1073759138
 410              		.cfi_endproc
 411              	.LFE5:
 412              		.size	ClockSetup, .-ClockSetup
 413              		.section	.text.AnalogSetDefault,"ax",%progbits
 414              		.align	2
 415              		.thumb
 416              		.thumb_func
 417              		.type	AnalogSetDefault, %function
 418              	AnalogSetDefault:
 419              	.LFB6:
 233:.\Generated_Source\PSoC5/cyfitter_cfg.c **** 
 234:.\Generated_Source\PSoC5/cyfitter_cfg.c **** 
 235:.\Generated_Source\PSoC5/cyfitter_cfg.c **** /* Analog API Functions */
 236:.\Generated_Source\PSoC5/cyfitter_cfg.c **** 
 237:.\Generated_Source\PSoC5/cyfitter_cfg.c **** 
 238:.\Generated_Source\PSoC5/cyfitter_cfg.c **** /*******************************************************************************
 239:.\Generated_Source\PSoC5/cyfitter_cfg.c **** * Function Name: AnalogSetDefault
 240:.\Generated_Source\PSoC5/cyfitter_cfg.c **** ********************************************************************************
 241:.\Generated_Source\PSoC5/cyfitter_cfg.c **** *
 242:.\Generated_Source\PSoC5/cyfitter_cfg.c **** * Summary:
 243:.\Generated_Source\PSoC5/cyfitter_cfg.c **** *  Sets up the analog portions of the chip to default values based on chip
 244:.\Generated_Source\PSoC5/cyfitter_cfg.c **** *  configuration options from the project.
 245:.\Generated_Source\PSoC5/cyfitter_cfg.c **** *
 246:.\Generated_Source\PSoC5/cyfitter_cfg.c **** * Parameters:
 247:.\Generated_Source\PSoC5/cyfitter_cfg.c **** *  void
 248:.\Generated_Source\PSoC5/cyfitter_cfg.c **** *
 249:.\Generated_Source\PSoC5/cyfitter_cfg.c **** * Return:
 250:.\Generated_Source\PSoC5/cyfitter_cfg.c **** *  void
 251:.\Generated_Source\PSoC5/cyfitter_cfg.c **** *
 252:.\Generated_Source\PSoC5/cyfitter_cfg.c **** *******************************************************************************/
 253:.\Generated_Source\PSoC5/cyfitter_cfg.c **** static void AnalogSetDefault(void);
 254:.\Generated_Source\PSoC5/cyfitter_cfg.c **** static void AnalogSetDefault(void)
 255:.\Generated_Source\PSoC5/cyfitter_cfg.c **** {
 420              		.loc 1 255 0
 421              		.cfi_startproc
 422              		@ args = 0, pretend = 0, frame = 8
 423              		@ frame_needed = 1, uses_anonymous_args = 0
ARM GAS  C:\Users\hp\AppData\Local\Temp\ccXGzmaA.s 			page 13


 424              		@ link register save eliminated.
 425 0000 80B4     		push	{r7}
 426              		.cfi_def_cfa_offset 4
 427              		.cfi_offset 7, -4
 428 0002 83B0     		sub	sp, sp, #12
 429              		.cfi_def_cfa_offset 16
 430 0004 00AF     		add	r7, sp, #0
 431              		.cfi_def_cfa_register 7
 256:.\Generated_Source\PSoC5/cyfitter_cfg.c **** 	uint8 bg_xover_inl_trim = CY_GET_XTND_REG8((void CYFAR *)(CYREG_FLSHID_MFG_CFG_BG_XOVER_INL_TRIM +
 432              		.loc 1 256 0
 433 0006 0B4B     		ldr	r3, .L19
 434 0008 1B78     		ldrb	r3, [r3]
 435 000a FB71     		strb	r3, [r7, #7]
 257:.\Generated_Source\PSoC5/cyfitter_cfg.c **** 	CY_SET_XTND_REG8((void CYFAR *)(CYREG_BG_DFT0), (bg_xover_inl_trim & 0x07u));
 436              		.loc 1 257 0
 437 000c 0A4A     		ldr	r2, .L19+4
 438 000e FB79     		ldrb	r3, [r7, #7]
 439 0010 03F00703 		and	r3, r3, #7
 440 0014 DBB2     		uxtb	r3, r3
 441 0016 1370     		strb	r3, [r2]
 258:.\Generated_Source\PSoC5/cyfitter_cfg.c **** 	CY_SET_XTND_REG8((void CYFAR *)(CYREG_BG_DFT1), ((bg_xover_inl_trim >> 4) & 0x0Fu));
 442              		.loc 1 258 0
 443 0018 084A     		ldr	r2, .L19+8
 444 001a FB79     		ldrb	r3, [r7, #7]	@ zero_extendqisi2
 445 001c 1B09     		lsrs	r3, r3, #4
 446 001e DBB2     		uxtb	r3, r3
 447 0020 1370     		strb	r3, [r2]
 259:.\Generated_Source\PSoC5/cyfitter_cfg.c **** 	CY_SET_XTND_REG8((void CYFAR *)CYREG_PUMP_CR0, 0x44u);
 448              		.loc 1 259 0
 449 0022 074B     		ldr	r3, .L19+12
 450 0024 4422     		movs	r2, #68
 451 0026 1A70     		strb	r2, [r3]
 260:.\Generated_Source\PSoC5/cyfitter_cfg.c **** }
 452              		.loc 1 260 0
 453 0028 0C37     		adds	r7, r7, #12
 454              		.cfi_def_cfa_offset 4
 455 002a BD46     		mov	sp, r7
 456              		.cfi_def_cfa_register 13
 457              		@ sp needed
 458 002c 5DF8047B 		ldr	r7, [sp], #4
 459              		.cfi_restore 7
 460              		.cfi_def_cfa_offset 0
 461 0030 7047     		bx	lr
 462              	.L20:
 463 0032 00BF     		.align	2
 464              	.L19:
 465 0034 CF010049 		.word	1224737231
 466 0038 6E580040 		.word	1073764462
 467 003c 6F580040 		.word	1073764463
 468 0040 76580040 		.word	1073764470
 469              		.cfi_endproc
 470              	.LFE6:
 471              		.size	AnalogSetDefault, .-AnalogSetDefault
 472              		.section	.text.SetAnalogRoutingPumps,"ax",%progbits
 473              		.align	2
 474              		.global	SetAnalogRoutingPumps
 475              		.thumb
ARM GAS  C:\Users\hp\AppData\Local\Temp\ccXGzmaA.s 			page 14


 476              		.thumb_func
 477              		.type	SetAnalogRoutingPumps, %function
 478              	SetAnalogRoutingPumps:
 479              	.LFB7:
 261:.\Generated_Source\PSoC5/cyfitter_cfg.c **** 
 262:.\Generated_Source\PSoC5/cyfitter_cfg.c **** 
 263:.\Generated_Source\PSoC5/cyfitter_cfg.c **** /*******************************************************************************
 264:.\Generated_Source\PSoC5/cyfitter_cfg.c **** * Function Name: SetAnalogRoutingPumps
 265:.\Generated_Source\PSoC5/cyfitter_cfg.c **** ********************************************************************************
 266:.\Generated_Source\PSoC5/cyfitter_cfg.c **** *
 267:.\Generated_Source\PSoC5/cyfitter_cfg.c **** * Summary:
 268:.\Generated_Source\PSoC5/cyfitter_cfg.c **** * Enables or disables the analog pumps feeding analog routing switches.
 269:.\Generated_Source\PSoC5/cyfitter_cfg.c **** * Intended to be called at startup, based on the Vdda system configuration;
 270:.\Generated_Source\PSoC5/cyfitter_cfg.c **** * may be called during operation when the user informs us that the Vdda voltage
 271:.\Generated_Source\PSoC5/cyfitter_cfg.c **** * crossed the pump threshold.
 272:.\Generated_Source\PSoC5/cyfitter_cfg.c **** *
 273:.\Generated_Source\PSoC5/cyfitter_cfg.c **** * Parameters:
 274:.\Generated_Source\PSoC5/cyfitter_cfg.c **** *  enabled - 1 to enable the pumps, 0 to disable the pumps
 275:.\Generated_Source\PSoC5/cyfitter_cfg.c **** *
 276:.\Generated_Source\PSoC5/cyfitter_cfg.c **** * Return:
 277:.\Generated_Source\PSoC5/cyfitter_cfg.c **** *  void
 278:.\Generated_Source\PSoC5/cyfitter_cfg.c **** *
 279:.\Generated_Source\PSoC5/cyfitter_cfg.c **** *******************************************************************************/
 280:.\Generated_Source\PSoC5/cyfitter_cfg.c **** void SetAnalogRoutingPumps(uint8 enabled)
 281:.\Generated_Source\PSoC5/cyfitter_cfg.c **** {
 480              		.loc 1 281 0
 481              		.cfi_startproc
 482              		@ args = 0, pretend = 0, frame = 16
 483              		@ frame_needed = 1, uses_anonymous_args = 0
 484              		@ link register save eliminated.
 485 0000 80B4     		push	{r7}
 486              		.cfi_def_cfa_offset 4
 487              		.cfi_offset 7, -4
 488 0002 85B0     		sub	sp, sp, #20
 489              		.cfi_def_cfa_offset 24
 490 0004 00AF     		add	r7, sp, #0
 491              		.cfi_def_cfa_register 7
 492 0006 0346     		mov	r3, r0
 493 0008 FB71     		strb	r3, [r7, #7]
 282:.\Generated_Source\PSoC5/cyfitter_cfg.c **** 	uint8 regValue = CY_GET_XTND_REG8((void CYFAR *)CYREG_PUMP_CR0);
 494              		.loc 1 282 0
 495 000a 064B     		ldr	r3, .L24
 496 000c 1B78     		ldrb	r3, [r3]
 497 000e FB73     		strb	r3, [r7, #15]
 283:.\Generated_Source\PSoC5/cyfitter_cfg.c **** 	if (enabled != 0u)
 498              		.loc 1 283 0
 499 0010 FB79     		ldrb	r3, [r7, #7]	@ zero_extendqisi2
 500 0012 002B     		cmp	r3, #0
 284:.\Generated_Source\PSoC5/cyfitter_cfg.c **** 	{
 285:.\Generated_Source\PSoC5/cyfitter_cfg.c **** 		regValue |= 0x00u;
 286:.\Generated_Source\PSoC5/cyfitter_cfg.c **** 	}
 287:.\Generated_Source\PSoC5/cyfitter_cfg.c **** 	else
 288:.\Generated_Source\PSoC5/cyfitter_cfg.c **** 	{
 289:.\Generated_Source\PSoC5/cyfitter_cfg.c **** 		regValue &= (uint8)~0x00u;
 290:.\Generated_Source\PSoC5/cyfitter_cfg.c **** 	}
 291:.\Generated_Source\PSoC5/cyfitter_cfg.c **** 	CY_SET_XTND_REG8((void CYFAR *)CYREG_PUMP_CR0, regValue);
 501              		.loc 1 291 0
ARM GAS  C:\Users\hp\AppData\Local\Temp\ccXGzmaA.s 			page 15


 502 0014 034A     		ldr	r2, .L24
 503 0016 FB7B     		ldrb	r3, [r7, #15]
 504 0018 1370     		strb	r3, [r2]
 292:.\Generated_Source\PSoC5/cyfitter_cfg.c **** }
 505              		.loc 1 292 0
 506 001a 1437     		adds	r7, r7, #20
 507              		.cfi_def_cfa_offset 4
 508 001c BD46     		mov	sp, r7
 509              		.cfi_def_cfa_register 13
 510              		@ sp needed
 511 001e 5DF8047B 		ldr	r7, [sp], #4
 512              		.cfi_restore 7
 513              		.cfi_def_cfa_offset 0
 514 0022 7047     		bx	lr
 515              	.L25:
 516              		.align	2
 517              	.L24:
 518 0024 76580040 		.word	1073764470
 519              		.cfi_endproc
 520              	.LFE7:
 521              		.size	SetAnalogRoutingPumps, .-SetAnalogRoutingPumps
 522              		.section	.text.cyfitter_cfg,"ax",%progbits
 523              		.align	2
 524              		.global	cyfitter_cfg
 525              		.thumb
 526              		.thumb_func
 527              		.type	cyfitter_cfg, %function
 528              	cyfitter_cfg:
 529              	.LFB8:
 293:.\Generated_Source\PSoC5/cyfitter_cfg.c **** 
 294:.\Generated_Source\PSoC5/cyfitter_cfg.c **** #define CY_AMUX_UNUSED CYREG_BOOST_SR
 295:.\Generated_Source\PSoC5/cyfitter_cfg.c **** 
 296:.\Generated_Source\PSoC5/cyfitter_cfg.c **** 
 297:.\Generated_Source\PSoC5/cyfitter_cfg.c **** /*******************************************************************************
 298:.\Generated_Source\PSoC5/cyfitter_cfg.c **** * Function Name: cyfitter_cfg
 299:.\Generated_Source\PSoC5/cyfitter_cfg.c **** ********************************************************************************
 300:.\Generated_Source\PSoC5/cyfitter_cfg.c **** * Summary:
 301:.\Generated_Source\PSoC5/cyfitter_cfg.c **** *  This function is called by the start-up code for the selected device. It
 302:.\Generated_Source\PSoC5/cyfitter_cfg.c **** *  performs all of the necessary device configuration based on the design
 303:.\Generated_Source\PSoC5/cyfitter_cfg.c **** *  settings.  This includes settings from the Design Wide Resources (DWR) such
 304:.\Generated_Source\PSoC5/cyfitter_cfg.c **** *  as Clocks and Pins as well as any component configuration that is necessary.
 305:.\Generated_Source\PSoC5/cyfitter_cfg.c **** *
 306:.\Generated_Source\PSoC5/cyfitter_cfg.c **** * Parameters:  
 307:.\Generated_Source\PSoC5/cyfitter_cfg.c **** *   void
 308:.\Generated_Source\PSoC5/cyfitter_cfg.c **** *
 309:.\Generated_Source\PSoC5/cyfitter_cfg.c **** * Return:
 310:.\Generated_Source\PSoC5/cyfitter_cfg.c **** *   void
 311:.\Generated_Source\PSoC5/cyfitter_cfg.c **** *
 312:.\Generated_Source\PSoC5/cyfitter_cfg.c **** *******************************************************************************/
 313:.\Generated_Source\PSoC5/cyfitter_cfg.c **** 
 314:.\Generated_Source\PSoC5/cyfitter_cfg.c **** void cyfitter_cfg(void)
 315:.\Generated_Source\PSoC5/cyfitter_cfg.c **** {
 530              		.loc 1 315 0
 531              		.cfi_startproc
 532              		@ args = 0, pretend = 0, frame = 8
 533              		@ frame_needed = 1, uses_anonymous_args = 0
 534 0000 80B5     		push	{r7, lr}
ARM GAS  C:\Users\hp\AppData\Local\Temp\ccXGzmaA.s 			page 16


 535              		.cfi_def_cfa_offset 8
 536              		.cfi_offset 7, -8
 537              		.cfi_offset 14, -4
 538 0002 82B0     		sub	sp, sp, #8
 539              		.cfi_def_cfa_offset 16
 540 0004 00AF     		add	r7, sp, #0
 541              		.cfi_def_cfa_register 7
 316:.\Generated_Source\PSoC5/cyfitter_cfg.c **** #ifdef CYGlobalIntDisable
 317:.\Generated_Source\PSoC5/cyfitter_cfg.c **** 	/* Disable interrupts by default. Let user enable if/when they want. */
 318:.\Generated_Source\PSoC5/cyfitter_cfg.c **** 	CYGlobalIntDisable
 542              		.loc 1 318 0
 543              	@ 318 ".\Generated_Source\PSoC5\cyfitter_cfg.c" 1
 544 0006 72B6     		CPSID   i
 545              	@ 0 "" 2
 546              		.thumb
 547              	.LBB3:
 319:.\Generated_Source\PSoC5/cyfitter_cfg.c **** #endif
 320:.\Generated_Source\PSoC5/cyfitter_cfg.c **** 
 321:.\Generated_Source\PSoC5/cyfitter_cfg.c **** 	{
 322:.\Generated_Source\PSoC5/cyfitter_cfg.c **** 
 323:.\Generated_Source\PSoC5/cyfitter_cfg.c **** 		CYPACKED typedef struct {
 324:.\Generated_Source\PSoC5/cyfitter_cfg.c **** 			void CYFAR *address;
 325:.\Generated_Source\PSoC5/cyfitter_cfg.c **** 			uint16 size;
 326:.\Generated_Source\PSoC5/cyfitter_cfg.c **** 		} CYPACKED_ATTR cfg_memset_t;
 327:.\Generated_Source\PSoC5/cyfitter_cfg.c **** 
 328:.\Generated_Source\PSoC5/cyfitter_cfg.c **** 		static const cfg_memset_t CYCODE cfg_memset_list [] = {
 329:.\Generated_Source\PSoC5/cyfitter_cfg.c **** 			/* address, size */
 330:.\Generated_Source\PSoC5/cyfitter_cfg.c **** 			{(void CYFAR *)(CYREG_PRT0_DR), 96u},
 331:.\Generated_Source\PSoC5/cyfitter_cfg.c **** 			{(void CYFAR *)(CYREG_PRT12_DR), 16u},
 332:.\Generated_Source\PSoC5/cyfitter_cfg.c **** 			{(void CYFAR *)(CYREG_PRT15_DR), 16u},
 333:.\Generated_Source\PSoC5/cyfitter_cfg.c **** 			{(void CYFAR *)(CYDEV_UCFG_B0_P0_U0_BASE), 4096u},
 334:.\Generated_Source\PSoC5/cyfitter_cfg.c **** 			{(void CYFAR *)(CYDEV_UCFG_B1_P2_U0_BASE), 2048u},
 335:.\Generated_Source\PSoC5/cyfitter_cfg.c **** 			{(void CYFAR *)(CYDEV_UCFG_DSI0_BASE), 2560u},
 336:.\Generated_Source\PSoC5/cyfitter_cfg.c **** 			{(void CYFAR *)(CYDEV_UCFG_DSI12_BASE), 512u},
 337:.\Generated_Source\PSoC5/cyfitter_cfg.c **** 			{(void CYFAR *)(CYREG_BCTL0_MDCLK_EN), 32u},
 338:.\Generated_Source\PSoC5/cyfitter_cfg.c **** 		};
 339:.\Generated_Source\PSoC5/cyfitter_cfg.c **** 
 340:.\Generated_Source\PSoC5/cyfitter_cfg.c **** 		uint8 CYDATA i;
 341:.\Generated_Source\PSoC5/cyfitter_cfg.c **** 
 342:.\Generated_Source\PSoC5/cyfitter_cfg.c **** 		/* Zero out critical memory blocks before beginning configuration */
 343:.\Generated_Source\PSoC5/cyfitter_cfg.c **** 		for (i = 0u; i < (sizeof(cfg_memset_list)/sizeof(cfg_memset_list[0])); i++)
 548              		.loc 1 343 0
 549 0008 0023     		movs	r3, #0
 550 000a FB71     		strb	r3, [r7, #7]
 551 000c 13E0     		b	.L27
 552              	.L28:
 553              	.LBB4:
 344:.\Generated_Source\PSoC5/cyfitter_cfg.c **** 		{
 345:.\Generated_Source\PSoC5/cyfitter_cfg.c **** 			const cfg_memset_t CYCODE * CYDATA ms = &cfg_memset_list[i];
 554              		.loc 1 345 0 discriminator 3
 555 000e FA79     		ldrb	r2, [r7, #7]	@ zero_extendqisi2
 556 0010 1346     		mov	r3, r2
 557 0012 5B00     		lsls	r3, r3, #1
 558 0014 1344     		add	r3, r3, r2
 559 0016 5B00     		lsls	r3, r3, #1
 560 0018 2C4A     		ldr	r2, .L29
 561 001a 1344     		add	r3, r3, r2
ARM GAS  C:\Users\hp\AppData\Local\Temp\ccXGzmaA.s 			page 17


 562 001c 3B60     		str	r3, [r7]
 346:.\Generated_Source\PSoC5/cyfitter_cfg.c **** 			CYMEMZERO(ms->address, (size_t)(uint32)(ms->size));
 563              		.loc 1 346 0 discriminator 3
 564 001e 3B68     		ldr	r3, [r7]
 565 0020 1A68     		ldr	r2, [r3]	@ unaligned
 566 0022 3B68     		ldr	r3, [r7]
 567 0024 9B88     		ldrh	r3, [r3, #4]	@ unaligned
 568 0026 9BB2     		uxth	r3, r3
 569 0028 1046     		mov	r0, r2
 570 002a 1946     		mov	r1, r3
 571 002c FFF7FEFF 		bl	CYMEMZERO
 572              	.LBE4:
 343:.\Generated_Source\PSoC5/cyfitter_cfg.c **** 		{
 573              		.loc 1 343 0 discriminator 3
 574 0030 FB79     		ldrb	r3, [r7, #7]	@ zero_extendqisi2
 575 0032 0133     		adds	r3, r3, #1
 576 0034 FB71     		strb	r3, [r7, #7]
 577              	.L27:
 343:.\Generated_Source\PSoC5/cyfitter_cfg.c **** 		{
 578              		.loc 1 343 0 is_stmt 0 discriminator 1
 579 0036 FB79     		ldrb	r3, [r7, #7]	@ zero_extendqisi2
 580 0038 072B     		cmp	r3, #7
 581 003a E8D9     		bls	.L28
 347:.\Generated_Source\PSoC5/cyfitter_cfg.c **** 		}
 348:.\Generated_Source\PSoC5/cyfitter_cfg.c **** 
 349:.\Generated_Source\PSoC5/cyfitter_cfg.c **** 		cfg_write_bytes32(cy_cfg_addr_table, cy_cfg_data_table);
 582              		.loc 1 349 0 is_stmt 1
 583 003c 4FF09040 		mov	r0, #1207959552
 584 0040 2349     		ldr	r1, .L29+4
 585 0042 FFF7FEFF 		bl	cfg_write_bytes32
 350:.\Generated_Source\PSoC5/cyfitter_cfg.c **** 
 351:.\Generated_Source\PSoC5/cyfitter_cfg.c **** 		/* Enable digital routing */
 352:.\Generated_Source\PSoC5/cyfitter_cfg.c **** 		CY_SET_XTND_REG8((void CYFAR *)CYREG_BCTL0_BANK_CTL, CY_GET_XTND_REG8((void CYFAR *)CYREG_BCTL0_B
 586              		.loc 1 352 0
 587 0046 234A     		ldr	r2, .L29+8
 588 0048 224B     		ldr	r3, .L29+8
 589 004a 1B78     		ldrb	r3, [r3]
 590 004c DBB2     		uxtb	r3, r3
 591 004e 43F00203 		orr	r3, r3, #2
 592 0052 DBB2     		uxtb	r3, r3
 593 0054 1370     		strb	r3, [r2]
 353:.\Generated_Source\PSoC5/cyfitter_cfg.c **** 		CY_SET_XTND_REG8((void CYFAR *)CYREG_BCTL1_BANK_CTL, CY_GET_XTND_REG8((void CYFAR *)CYREG_BCTL1_B
 594              		.loc 1 353 0
 595 0056 204A     		ldr	r2, .L29+12
 596 0058 1F4B     		ldr	r3, .L29+12
 597 005a 1B78     		ldrb	r3, [r3]
 598 005c DBB2     		uxtb	r3, r3
 599 005e 43F00203 		orr	r3, r3, #2
 600 0062 DBB2     		uxtb	r3, r3
 601 0064 1370     		strb	r3, [r2]
 354:.\Generated_Source\PSoC5/cyfitter_cfg.c **** 
 355:.\Generated_Source\PSoC5/cyfitter_cfg.c **** 		/* Enable UDB array */
 356:.\Generated_Source\PSoC5/cyfitter_cfg.c **** 		CY_SET_XTND_REG8((void CYFAR *)CYREG_PM_ACT_CFG0, CY_GET_XTND_REG8((void CYFAR *)CYREG_PM_ACT_CFG
 602              		.loc 1 356 0
 603 0066 1D4A     		ldr	r2, .L29+16
 604 0068 1C4B     		ldr	r3, .L29+16
 605 006a 1B78     		ldrb	r3, [r3]
ARM GAS  C:\Users\hp\AppData\Local\Temp\ccXGzmaA.s 			page 18


 606 006c DBB2     		uxtb	r3, r3
 607 006e 43F04003 		orr	r3, r3, #64
 608 0072 DBB2     		uxtb	r3, r3
 609 0074 1370     		strb	r3, [r2]
 357:.\Generated_Source\PSoC5/cyfitter_cfg.c **** 		CY_SET_XTND_REG8((void CYFAR *)CYREG_PM_AVAIL_CR2, CY_GET_XTND_REG8((void CYFAR *)CYREG_PM_AVAIL_
 610              		.loc 1 357 0
 611 0076 1A4A     		ldr	r2, .L29+20
 612 0078 194B     		ldr	r3, .L29+20
 613 007a 1B78     		ldrb	r3, [r3]
 614 007c DBB2     		uxtb	r3, r3
 615 007e 43F01003 		orr	r3, r3, #16
 616 0082 DBB2     		uxtb	r3, r3
 617 0084 1370     		strb	r3, [r2]
 618              	.LBE3:
 358:.\Generated_Source\PSoC5/cyfitter_cfg.c **** 	}
 359:.\Generated_Source\PSoC5/cyfitter_cfg.c **** 
 360:.\Generated_Source\PSoC5/cyfitter_cfg.c **** 
 361:.\Generated_Source\PSoC5/cyfitter_cfg.c **** 	/* Perform second pass device configuration. These items must be configured in specific order afte
 362:.\Generated_Source\PSoC5/cyfitter_cfg.c **** 	CYCONFIGCPY((void CYFAR *)(CYREG_PRT6_DM0), (const void CYFAR *)(BS_IOPINS0_6_VAL), 8u);
 619              		.loc 1 362 0
 620 0086 1748     		ldr	r0, .L29+24
 621 0088 1749     		ldr	r1, .L29+28
 622 008a 0822     		movs	r2, #8
 623 008c FFF7FEFF 		bl	CYCONFIGCPY
 363:.\Generated_Source\PSoC5/cyfitter_cfg.c **** 	/* Switch Boost to the precision bandgap reference from its internal reference */
 364:.\Generated_Source\PSoC5/cyfitter_cfg.c **** 	CY_SET_REG8((void CYXDATA *)CYREG_BOOST_CR2, (CY_GET_REG8((void CYXDATA *)CYREG_BOOST_CR2) | 0x08u
 624              		.loc 1 364 0
 625 0090 164A     		ldr	r2, .L29+32
 626 0092 164B     		ldr	r3, .L29+32
 627 0094 1B78     		ldrb	r3, [r3]
 628 0096 DBB2     		uxtb	r3, r3
 629 0098 43F00803 		orr	r3, r3, #8
 630 009c DBB2     		uxtb	r3, r3
 631 009e 1370     		strb	r3, [r2]
 365:.\Generated_Source\PSoC5/cyfitter_cfg.c **** 
 366:.\Generated_Source\PSoC5/cyfitter_cfg.c **** 	/* Set Flash Cycles based on max possible frequency in case a glitch occurs during ClockSetup(). *
 367:.\Generated_Source\PSoC5/cyfitter_cfg.c **** 	CY_SET_XTND_REG8((void CYFAR *)(CYREG_CACHE_CC_CTL), (((CYDEV_INSTRUCT_CACHE_ENABLED) != 0) ? 0x61
 632              		.loc 1 367 0
 633 00a0 134B     		ldr	r3, .L29+36
 634 00a2 6122     		movs	r2, #97
 635 00a4 1A70     		strb	r2, [r3]
 368:.\Generated_Source\PSoC5/cyfitter_cfg.c **** 	/* Setup clocks based on selections from Clock DWR */
 369:.\Generated_Source\PSoC5/cyfitter_cfg.c **** 	ClockSetup();
 636              		.loc 1 369 0
 637 00a6 FFF7FEFF 		bl	ClockSetup
 370:.\Generated_Source\PSoC5/cyfitter_cfg.c **** 	/* Set Flash Cycles based on newly configured 24.00MHz Bus Clock. */
 371:.\Generated_Source\PSoC5/cyfitter_cfg.c **** 	CY_SET_XTND_REG8((void CYFAR *)(CYREG_CACHE_CC_CTL), (((CYDEV_INSTRUCT_CACHE_ENABLED) != 0) ? 0x81
 638              		.loc 1 371 0
 639 00aa 114B     		ldr	r3, .L29+36
 640 00ac 8122     		movs	r2, #129
 641 00ae 1A70     		strb	r2, [r3]
 372:.\Generated_Source\PSoC5/cyfitter_cfg.c **** 	CY_SET_XTND_REG8((void CYFAR *)(CYREG_PANTHER_WAITPIPE), 0x01u);
 642              		.loc 1 372 0
 643 00b0 104B     		ldr	r3, .L29+40
 644 00b2 0122     		movs	r2, #1
 645 00b4 1A70     		strb	r2, [r3]
 373:.\Generated_Source\PSoC5/cyfitter_cfg.c **** 
ARM GAS  C:\Users\hp\AppData\Local\Temp\ccXGzmaA.s 			page 19


 374:.\Generated_Source\PSoC5/cyfitter_cfg.c **** 	/* Perform basic analog initialization to defaults */
 375:.\Generated_Source\PSoC5/cyfitter_cfg.c **** 	AnalogSetDefault();
 646              		.loc 1 375 0
 647 00b6 FFF7FEFF 		bl	AnalogSetDefault
 376:.\Generated_Source\PSoC5/cyfitter_cfg.c **** 
 377:.\Generated_Source\PSoC5/cyfitter_cfg.c **** 	/* Configure alternate active mode */
 378:.\Generated_Source\PSoC5/cyfitter_cfg.c **** 	CYCONFIGCPY((void CYFAR *)CYDEV_PM_STBY_BASE, (const void CYFAR *)CYDEV_PM_ACT_BASE, 14u);
 648              		.loc 1 378 0
 649 00ba 0F48     		ldr	r0, .L29+44
 650 00bc 0749     		ldr	r1, .L29+16
 651 00be 0E22     		movs	r2, #14
 652 00c0 FFF7FEFF 		bl	CYCONFIGCPY
 379:.\Generated_Source\PSoC5/cyfitter_cfg.c **** }
 653              		.loc 1 379 0
 654 00c4 0837     		adds	r7, r7, #8
 655              		.cfi_def_cfa_offset 8
 656 00c6 BD46     		mov	sp, r7
 657              		.cfi_def_cfa_register 13
 658              		@ sp needed
 659 00c8 80BD     		pop	{r7, pc}
 660              	.L30:
 661 00ca 00BF     		.align	2
 662              	.L29:
 663 00cc 00000000 		.word	cfg_memset_list.4880
 664 00d0 20000048 		.word	1207959584
 665 00d4 03500140 		.word	1073827843
 666 00d8 13500140 		.word	1073827859
 667 00dc A0430040 		.word	1073759136
 668 00e0 C2430040 		.word	1073759170
 669 00e4 62510040 		.word	1073762658
 670 00e8 B0000048 		.word	1207959728
 671 00ec 22430040 		.word	1073759010
 672 00f0 00480040 		.word	1073760256
 673 00f4 04000840 		.word	1074266116
 674 00f8 B0430040 		.word	1073759152
 675              		.cfi_endproc
 676              	.LFE8:
 677              		.size	cyfitter_cfg, .-cyfitter_cfg
 678              		.section	.rodata
 679              		.align	2
 680              		.type	cfg_memset_list.4880, %object
 681              		.size	cfg_memset_list.4880, 48
 682              	cfg_memset_list.4880:
 683 0000 00510040 		.word	1073762560
 684 0004 6000     		.short	96
 685 0006 C0510040 		.4byte	1073762752
 686 000a 1000     		.short	16
 687 000c F0510040 		.word	1073762800
 688 0010 1000     		.short	16
 689 0012 00000140 		.4byte	1073807360
 690 0016 0010     		.short	4096
 691 0018 00140140 		.word	1073812480
 692 001c 0008     		.short	2048
 693 001e 00400140 		.4byte	1073823744
 694 0022 000A     		.short	2560
 695 0024 004C0140 		.word	1073826816
 696 0028 0002     		.short	512
ARM GAS  C:\Users\hp\AppData\Local\Temp\ccXGzmaA.s 			page 20


 697 002a 00500140 		.4byte	1073827840
 698 002e 2000     		.short	32
 699              		.text
 700              	.Letext0:
 701              		.file 2 "c:\\program files (x86)\\cypress\\psoc creator\\3.3\\psoc creator\\import\\gnu\\arm\\4.9.
 702              		.file 3 ".\\Generated_Source\\PSoC5\\cytypes.h"
 703              		.section	.debug_info,"",%progbits
 704              	.Ldebug_info0:
 705 0000 8B030000 		.4byte	0x38b
 706 0004 0400     		.2byte	0x4
 707 0006 00000000 		.4byte	.Ldebug_abbrev0
 708 000a 04       		.byte	0x4
 709 000b 01       		.uleb128 0x1
 710 000c 4D010000 		.4byte	.LASF44
 711 0010 01       		.byte	0x1
 712 0011 B4020000 		.4byte	.LASF45
 713 0015 1E000000 		.4byte	.LASF46
 714 0019 00000000 		.4byte	.Ldebug_ranges0+0
 715 001d 00000000 		.4byte	0
 716 0021 00000000 		.4byte	.Ldebug_line0
 717 0025 02       		.uleb128 0x2
 718 0026 04       		.byte	0x4
 719 0027 05       		.byte	0x5
 720 0028 696E7400 		.ascii	"int\000"
 721 002c 03       		.uleb128 0x3
 722 002d 06000000 		.4byte	.LASF11
 723 0031 02       		.byte	0x2
 724 0032 D4       		.byte	0xd4
 725 0033 37000000 		.4byte	0x37
 726 0037 04       		.uleb128 0x4
 727 0038 04       		.byte	0x4
 728 0039 07       		.byte	0x7
 729 003a 2F020000 		.4byte	.LASF0
 730 003e 04       		.uleb128 0x4
 731 003f 01       		.byte	0x1
 732 0040 06       		.byte	0x6
 733 0041 04030000 		.4byte	.LASF1
 734 0045 04       		.uleb128 0x4
 735 0046 01       		.byte	0x1
 736 0047 08       		.byte	0x8
 737 0048 3F010000 		.4byte	.LASF2
 738 004c 04       		.uleb128 0x4
 739 004d 02       		.byte	0x2
 740 004e 05       		.byte	0x5
 741 004f AA020000 		.4byte	.LASF3
 742 0053 04       		.uleb128 0x4
 743 0054 02       		.byte	0x2
 744 0055 07       		.byte	0x7
 745 0056 A3000000 		.4byte	.LASF4
 746 005a 04       		.uleb128 0x4
 747 005b 04       		.byte	0x4
 748 005c 05       		.byte	0x5
 749 005d E4020000 		.4byte	.LASF5
 750 0061 04       		.uleb128 0x4
 751 0062 04       		.byte	0x4
 752 0063 07       		.byte	0x7
 753 0064 07010000 		.4byte	.LASF6
ARM GAS  C:\Users\hp\AppData\Local\Temp\ccXGzmaA.s 			page 21


 754 0068 04       		.uleb128 0x4
 755 0069 08       		.byte	0x8
 756 006a 05       		.byte	0x5
 757 006b 7A020000 		.4byte	.LASF7
 758 006f 04       		.uleb128 0x4
 759 0070 08       		.byte	0x8
 760 0071 07       		.byte	0x7
 761 0072 44020000 		.4byte	.LASF8
 762 0076 04       		.uleb128 0x4
 763 0077 04       		.byte	0x4
 764 0078 07       		.byte	0x7
 765 0079 71020000 		.4byte	.LASF9
 766 007d 05       		.uleb128 0x5
 767 007e 04       		.byte	0x4
 768 007f 04       		.uleb128 0x4
 769 0080 01       		.byte	0x1
 770 0081 08       		.byte	0x8
 771 0082 ED020000 		.4byte	.LASF10
 772 0086 03       		.uleb128 0x3
 773 0087 19010000 		.4byte	.LASF12
 774 008b 03       		.byte	0x3
 775 008c C2       		.byte	0xc2
 776 008d 45000000 		.4byte	0x45
 777 0091 03       		.uleb128 0x3
 778 0092 0C020000 		.4byte	.LASF13
 779 0096 03       		.byte	0x3
 780 0097 C3       		.byte	0xc3
 781 0098 53000000 		.4byte	0x53
 782 009c 03       		.uleb128 0x3
 783 009d 28020000 		.4byte	.LASF14
 784 00a1 03       		.byte	0x3
 785 00a2 C4       		.byte	0xc4
 786 00a3 61000000 		.4byte	0x61
 787 00a7 04       		.uleb128 0x4
 788 00a8 04       		.byte	0x4
 789 00a9 04       		.byte	0x4
 790 00aa CE000000 		.4byte	.LASF15
 791 00ae 04       		.uleb128 0x4
 792 00af 08       		.byte	0x8
 793 00b0 04       		.byte	0x4
 794 00b1 DB010000 		.4byte	.LASF16
 795 00b5 06       		.uleb128 0x6
 796 00b6 02010000 		.4byte	.LASF17
 797 00ba 03       		.byte	0x3
 798 00bb 6C01     		.2byte	0x16c
 799 00bd C1000000 		.4byte	0xc1
 800 00c1 07       		.uleb128 0x7
 801 00c2 86000000 		.4byte	0x86
 802 00c6 06       		.uleb128 0x6
 803 00c7 00000000 		.4byte	.LASF18
 804 00cb 03       		.byte	0x3
 805 00cc 6D01     		.2byte	0x16d
 806 00ce D2000000 		.4byte	0xd2
 807 00d2 07       		.uleb128 0x7
 808 00d3 91000000 		.4byte	0x91
 809 00d7 08       		.uleb128 0x8
 810 00d8 02       		.byte	0x2
ARM GAS  C:\Users\hp\AppData\Local\Temp\ccXGzmaA.s 			page 22


 811 00d9 01       		.byte	0x1
 812 00da 7E       		.byte	0x7e
 813 00db F8000000 		.4byte	0xf8
 814 00df 09       		.uleb128 0x9
 815 00e0 A3020000 		.4byte	.LASF19
 816 00e4 01       		.byte	0x1
 817 00e5 80       		.byte	0x80
 818 00e6 86000000 		.4byte	0x86
 819 00ea 00       		.byte	0
 820 00eb 09       		.uleb128 0x9
 821 00ec 8C000000 		.4byte	.LASF20
 822 00f0 01       		.byte	0x1
 823 00f1 81       		.byte	0x81
 824 00f2 86000000 		.4byte	0x86
 825 00f6 01       		.byte	0x1
 826 00f7 00       		.byte	0
 827 00f8 03       		.uleb128 0x3
 828 00f9 90020000 		.4byte	.LASF21
 829 00fd 01       		.byte	0x1
 830 00fe 82       		.byte	0x82
 831 00ff D7000000 		.4byte	0xd7
 832 0103 0A       		.uleb128 0xa
 833 0104 1F010000 		.4byte	.LASF22
 834 0108 01       		.byte	0x1
 835 0109 3C       		.byte	0x3c
 836 010a 00000000 		.4byte	.LFB0
 837 010e 1A000000 		.4byte	.LFE0-.LFB0
 838 0112 01       		.uleb128 0x1
 839 0113 9C       		.byte	0x9c
 840 0114 31010000 		.4byte	0x131
 841 0118 0B       		.uleb128 0xb
 842 0119 7300     		.ascii	"s\000"
 843 011b 01       		.byte	0x1
 844 011c 3C       		.byte	0x3c
 845 011d 7D000000 		.4byte	0x7d
 846 0121 02       		.uleb128 0x2
 847 0122 91       		.byte	0x91
 848 0123 74       		.sleb128 -12
 849 0124 0B       		.uleb128 0xb
 850 0125 6E00     		.ascii	"n\000"
 851 0127 01       		.byte	0x1
 852 0128 3C       		.byte	0x3c
 853 0129 2C000000 		.4byte	0x2c
 854 012d 02       		.uleb128 0x2
 855 012e 91       		.byte	0x91
 856 012f 70       		.sleb128 -16
 857 0130 00       		.byte	0
 858 0131 0A       		.uleb128 0xa
 859 0132 19030000 		.4byte	.LASF23
 860 0136 01       		.byte	0x1
 861 0137 43       		.byte	0x43
 862 0138 00000000 		.4byte	.LFB1
 863 013c 1C000000 		.4byte	.LFE1-.LFB1
 864 0140 01       		.uleb128 0x1
 865 0141 9C       		.byte	0x9c
 866 0142 6F010000 		.4byte	0x16f
 867 0146 0C       		.uleb128 0xc
ARM GAS  C:\Users\hp\AppData\Local\Temp\ccXGzmaA.s 			page 23


 868 0147 E8000000 		.4byte	.LASF24
 869 014b 01       		.byte	0x1
 870 014c 43       		.byte	0x43
 871 014d 7D000000 		.4byte	0x7d
 872 0151 02       		.uleb128 0x2
 873 0152 91       		.byte	0x91
 874 0153 74       		.sleb128 -12
 875 0154 0B       		.uleb128 0xb
 876 0155 73726300 		.ascii	"src\000"
 877 0159 01       		.byte	0x1
 878 015a 43       		.byte	0x43
 879 015b 6F010000 		.4byte	0x16f
 880 015f 02       		.uleb128 0x2
 881 0160 91       		.byte	0x91
 882 0161 70       		.sleb128 -16
 883 0162 0B       		.uleb128 0xb
 884 0163 6E00     		.ascii	"n\000"
 885 0165 01       		.byte	0x1
 886 0166 43       		.byte	0x43
 887 0167 2C000000 		.4byte	0x2c
 888 016b 02       		.uleb128 0x2
 889 016c 91       		.byte	0x91
 890 016d 6C       		.sleb128 -20
 891 016e 00       		.byte	0
 892 016f 0D       		.uleb128 0xd
 893 0170 04       		.byte	0x4
 894 0171 75010000 		.4byte	0x175
 895 0175 0E       		.uleb128 0xe
 896 0176 0A       		.uleb128 0xa
 897 0177 B6000000 		.4byte	.LASF25
 898 017b 01       		.byte	0x1
 899 017c 4A       		.byte	0x4a
 900 017d 00000000 		.4byte	.LFB2
 901 0181 1C000000 		.4byte	.LFE2-.LFB2
 902 0185 01       		.uleb128 0x1
 903 0186 9C       		.byte	0x9c
 904 0187 B4010000 		.4byte	0x1b4
 905 018b 0C       		.uleb128 0xc
 906 018c E8000000 		.4byte	.LASF24
 907 0190 01       		.byte	0x1
 908 0191 4A       		.byte	0x4a
 909 0192 7D000000 		.4byte	0x7d
 910 0196 02       		.uleb128 0x2
 911 0197 91       		.byte	0x91
 912 0198 74       		.sleb128 -12
 913 0199 0B       		.uleb128 0xb
 914 019a 73726300 		.ascii	"src\000"
 915 019e 01       		.byte	0x1
 916 019f 4A       		.byte	0x4a
 917 01a0 6F010000 		.4byte	0x16f
 918 01a4 02       		.uleb128 0x2
 919 01a5 91       		.byte	0x91
 920 01a6 70       		.sleb128 -16
 921 01a7 0B       		.uleb128 0xb
 922 01a8 6E00     		.ascii	"n\000"
 923 01aa 01       		.byte	0x1
 924 01ab 4A       		.byte	0x4a
ARM GAS  C:\Users\hp\AppData\Local\Temp\ccXGzmaA.s 			page 24


 925 01ac 2C000000 		.4byte	0x2c
 926 01b0 02       		.uleb128 0x2
 927 01b1 91       		.byte	0x91
 928 01b2 6C       		.sleb128 -20
 929 01b3 00       		.byte	0
 930 01b4 0F       		.uleb128 0xf
 931 01b5 D4000000 		.4byte	.LASF26
 932 01b9 01       		.byte	0x1
 933 01ba 6A       		.byte	0x6a
 934 01bb 00000000 		.4byte	.LFB3
 935 01bf 0C000000 		.4byte	.LFE3-.LFB3
 936 01c3 01       		.uleb128 0x1
 937 01c4 9C       		.byte	0x9c
 938 01c5 D8010000 		.4byte	0x1d8
 939 01c9 0C       		.uleb128 0xc
 940 01ca 1E020000 		.4byte	.LASF27
 941 01ce 01       		.byte	0x1
 942 01cf 6A       		.byte	0x6a
 943 01d0 86000000 		.4byte	0x86
 944 01d4 02       		.uleb128 0x2
 945 01d5 91       		.byte	0x91
 946 01d6 77       		.sleb128 -9
 947 01d7 00       		.byte	0
 948 01d8 0F       		.uleb128 0xf
 949 01d9 E2010000 		.4byte	.LASF28
 950 01dd 01       		.byte	0x1
 951 01de 9A       		.byte	0x9a
 952 01df 00000000 		.4byte	.LFB4
 953 01e3 74000000 		.4byte	.LFE4-.LFB4
 954 01e7 01       		.uleb128 0x1
 955 01e8 9C       		.byte	0x9c
 956 01e9 48020000 		.4byte	0x248
 957 01ed 0C       		.uleb128 0xc
 958 01ee 01020000 		.4byte	.LASF29
 959 01f2 01       		.byte	0x1
 960 01f3 9A       		.byte	0x9a
 961 01f4 48020000 		.4byte	0x248
 962 01f8 02       		.uleb128 0x2
 963 01f9 91       		.byte	0x91
 964 01fa 64       		.sleb128 -28
 965 01fb 0C       		.uleb128 0xc
 966 01fc 13020000 		.4byte	.LASF30
 967 0200 01       		.byte	0x1
 968 0201 9A       		.byte	0x9a
 969 0202 53020000 		.4byte	0x253
 970 0206 02       		.uleb128 0x2
 971 0207 91       		.byte	0x91
 972 0208 60       		.sleb128 -32
 973 0209 10       		.uleb128 0x10
 974 020a 6900     		.ascii	"i\000"
 975 020c 01       		.byte	0x1
 976 020d 9D       		.byte	0x9d
 977 020e 9C000000 		.4byte	0x9c
 978 0212 02       		.uleb128 0x2
 979 0213 91       		.byte	0x91
 980 0214 74       		.sleb128 -12
 981 0215 10       		.uleb128 0x10
ARM GAS  C:\Users\hp\AppData\Local\Temp\ccXGzmaA.s 			page 25


 982 0216 6A00     		.ascii	"j\000"
 983 0218 01       		.byte	0x1
 984 0219 9D       		.byte	0x9d
 985 021a 9C000000 		.4byte	0x9c
 986 021e 02       		.uleb128 0x2
 987 021f 91       		.byte	0x91
 988 0220 70       		.sleb128 -16
 989 0221 11       		.uleb128 0x11
 990 0222 14000000 		.4byte	.LBB2
 991 0226 4A000000 		.4byte	.LBE2-.LBB2
 992 022a 12       		.uleb128 0x12
 993 022b 68020000 		.4byte	.LASF31
 994 022f 01       		.byte	0x1
 995 0230 A0       		.byte	0xa0
 996 0231 9C000000 		.4byte	0x9c
 997 0235 02       		.uleb128 0x2
 998 0236 91       		.byte	0x91
 999 0237 68       		.sleb128 -24
 1000 0238 12       		.uleb128 0x12
 1001 0239 92000000 		.4byte	.LASF32
 1002 023d 01       		.byte	0x1
 1003 023e A1       		.byte	0xa1
 1004 023f 86000000 		.4byte	0x86
 1005 0243 02       		.uleb128 0x2
 1006 0244 91       		.byte	0x91
 1007 0245 6F       		.sleb128 -17
 1008 0246 00       		.byte	0
 1009 0247 00       		.byte	0
 1010 0248 0D       		.uleb128 0xd
 1011 0249 04       		.byte	0x4
 1012 024a 4E020000 		.4byte	0x24e
 1013 024e 13       		.uleb128 0x13
 1014 024f 9C000000 		.4byte	0x9c
 1015 0253 0D       		.uleb128 0xd
 1016 0254 04       		.byte	0x4
 1017 0255 59020000 		.4byte	0x259
 1018 0259 13       		.uleb128 0x13
 1019 025a F8000000 		.4byte	0xf8
 1020 025e 0A       		.uleb128 0xa
 1021 025f 98000000 		.4byte	.LASF33
 1022 0263 01       		.byte	0x1
 1023 0264 BD       		.byte	0xbd
 1024 0265 00000000 		.4byte	.LFB5
 1025 0269 00010000 		.4byte	.LFE5-.LFB5
 1026 026d 01       		.uleb128 0x1
 1027 026e 9C       		.byte	0x9c
 1028 026f 90020000 		.4byte	0x290
 1029 0273 12       		.uleb128 0x12
 1030 0274 88020000 		.4byte	.LASF34
 1031 0278 01       		.byte	0x1
 1032 0279 BF       		.byte	0xbf
 1033 027a 9C000000 		.4byte	0x9c
 1034 027e 02       		.uleb128 0x2
 1035 027f 91       		.byte	0x91
 1036 0280 74       		.sleb128 -12
 1037 0281 12       		.uleb128 0x12
 1038 0282 C6000000 		.4byte	.LASF35
ARM GAS  C:\Users\hp\AppData\Local\Temp\ccXGzmaA.s 			page 26


 1039 0286 01       		.byte	0x1
 1040 0287 C0       		.byte	0xc0
 1041 0288 86000000 		.4byte	0x86
 1042 028c 02       		.uleb128 0x2
 1043 028d 91       		.byte	0x91
 1044 028e 73       		.sleb128 -13
 1045 028f 00       		.byte	0
 1046 0290 0F       		.uleb128 0xf
 1047 0291 0D000000 		.4byte	.LASF36
 1048 0295 01       		.byte	0x1
 1049 0296 FE       		.byte	0xfe
 1050 0297 00000000 		.4byte	.LFB6
 1051 029b 44000000 		.4byte	.LFE6-.LFB6
 1052 029f 01       		.uleb128 0x1
 1053 02a0 9C       		.byte	0x9c
 1054 02a1 B5020000 		.4byte	0x2b5
 1055 02a5 14       		.uleb128 0x14
 1056 02a6 F2020000 		.4byte	.LASF37
 1057 02aa 01       		.byte	0x1
 1058 02ab 0001     		.2byte	0x100
 1059 02ad 86000000 		.4byte	0x86
 1060 02b1 02       		.uleb128 0x2
 1061 02b2 91       		.byte	0x91
 1062 02b3 77       		.sleb128 -9
 1063 02b4 00       		.byte	0
 1064 02b5 15       		.uleb128 0x15
 1065 02b6 29010000 		.4byte	.LASF47
 1066 02ba 01       		.byte	0x1
 1067 02bb 1801     		.2byte	0x118
 1068 02bd 00000000 		.4byte	.LFB7
 1069 02c1 28000000 		.4byte	.LFE7-.LFB7
 1070 02c5 01       		.uleb128 0x1
 1071 02c6 9C       		.byte	0x9c
 1072 02c7 EA020000 		.4byte	0x2ea
 1073 02cb 16       		.uleb128 0x16
 1074 02cc DC020000 		.4byte	.LASF38
 1075 02d0 01       		.byte	0x1
 1076 02d1 1801     		.2byte	0x118
 1077 02d3 86000000 		.4byte	0x86
 1078 02d7 02       		.uleb128 0x2
 1079 02d8 91       		.byte	0x91
 1080 02d9 6F       		.sleb128 -17
 1081 02da 14       		.uleb128 0x14
 1082 02db 10030000 		.4byte	.LASF39
 1083 02df 01       		.byte	0x1
 1084 02e0 1A01     		.2byte	0x11a
 1085 02e2 86000000 		.4byte	0x86
 1086 02e6 02       		.uleb128 0x2
 1087 02e7 91       		.byte	0x91
 1088 02e8 77       		.sleb128 -9
 1089 02e9 00       		.byte	0
 1090 02ea 17       		.uleb128 0x17
 1091 02eb F4010000 		.4byte	.LASF48
 1092 02ef 01       		.byte	0x1
 1093 02f0 3A01     		.2byte	0x13a
 1094 02f2 00000000 		.4byte	.LFB8
 1095 02f6 FC000000 		.4byte	.LFE8-.LFB8
ARM GAS  C:\Users\hp\AppData\Local\Temp\ccXGzmaA.s 			page 27


 1096 02fa 01       		.uleb128 0x1
 1097 02fb 9C       		.byte	0x9c
 1098 02fc 11       		.uleb128 0x11
 1099 02fd 08000000 		.4byte	.LBB3
 1100 0301 7E000000 		.4byte	.LBE3-.LBB3
 1101 0305 18       		.uleb128 0x18
 1102 0306 06       		.byte	0x6
 1103 0307 01       		.byte	0x1
 1104 0308 4301     		.2byte	0x143
 1105 030a 29030000 		.4byte	0x329
 1106 030e 19       		.uleb128 0x19
 1107 030f 3C020000 		.4byte	.LASF40
 1108 0313 01       		.byte	0x1
 1109 0314 4401     		.2byte	0x144
 1110 0316 7D000000 		.4byte	0x7d
 1111 031a 00       		.byte	0
 1112 031b 19       		.uleb128 0x19
 1113 031c FD000000 		.4byte	.LASF41
 1114 0320 01       		.byte	0x1
 1115 0321 4501     		.2byte	0x145
 1116 0323 91000000 		.4byte	0x91
 1117 0327 04       		.byte	0x4
 1118 0328 00       		.byte	0
 1119 0329 06       		.uleb128 0x6
 1120 032a 5B020000 		.4byte	.LASF42
 1121 032e 01       		.byte	0x1
 1122 032f 4601     		.2byte	0x146
 1123 0331 05030000 		.4byte	0x305
 1124 0335 1A       		.uleb128 0x1a
 1125 0336 29030000 		.4byte	0x329
 1126 033a 45030000 		.4byte	0x345
 1127 033e 1B       		.uleb128 0x1b
 1128 033f 76000000 		.4byte	0x76
 1129 0343 07       		.byte	0x7
 1130 0344 00       		.byte	0
 1131 0345 14       		.uleb128 0x14
 1132 0346 ED000000 		.4byte	.LASF43
 1133 034a 01       		.byte	0x1
 1134 034b 4801     		.2byte	0x148
 1135 034d 57030000 		.4byte	0x357
 1136 0351 05       		.uleb128 0x5
 1137 0352 03       		.byte	0x3
 1138 0353 00000000 		.4byte	cfg_memset_list.4880
 1139 0357 13       		.uleb128 0x13
 1140 0358 35030000 		.4byte	0x335
 1141 035c 1C       		.uleb128 0x1c
 1142 035d 6900     		.ascii	"i\000"
 1143 035f 01       		.byte	0x1
 1144 0360 5401     		.2byte	0x154
 1145 0362 86000000 		.4byte	0x86
 1146 0366 02       		.uleb128 0x2
 1147 0367 91       		.byte	0x91
 1148 0368 77       		.sleb128 -9
 1149 0369 11       		.uleb128 0x11
 1150 036a 0E000000 		.4byte	.LBB4
 1151 036e 22000000 		.4byte	.LBE4-.LBB4
 1152 0372 1C       		.uleb128 0x1c
ARM GAS  C:\Users\hp\AppData\Local\Temp\ccXGzmaA.s 			page 28


 1153 0373 6D7300   		.ascii	"ms\000"
 1154 0376 01       		.byte	0x1
 1155 0377 5901     		.2byte	0x159
 1156 0379 80030000 		.4byte	0x380
 1157 037d 02       		.uleb128 0x2
 1158 037e 91       		.byte	0x91
 1159 037f 70       		.sleb128 -16
 1160 0380 0D       		.uleb128 0xd
 1161 0381 04       		.byte	0x4
 1162 0382 86030000 		.4byte	0x386
 1163 0386 13       		.uleb128 0x13
 1164 0387 29030000 		.4byte	0x329
 1165 038b 00       		.byte	0
 1166 038c 00       		.byte	0
 1167 038d 00       		.byte	0
 1168 038e 00       		.byte	0
 1169              		.section	.debug_abbrev,"",%progbits
 1170              	.Ldebug_abbrev0:
 1171 0000 01       		.uleb128 0x1
 1172 0001 11       		.uleb128 0x11
 1173 0002 01       		.byte	0x1
 1174 0003 25       		.uleb128 0x25
 1175 0004 0E       		.uleb128 0xe
 1176 0005 13       		.uleb128 0x13
 1177 0006 0B       		.uleb128 0xb
 1178 0007 03       		.uleb128 0x3
 1179 0008 0E       		.uleb128 0xe
 1180 0009 1B       		.uleb128 0x1b
 1181 000a 0E       		.uleb128 0xe
 1182 000b 55       		.uleb128 0x55
 1183 000c 17       		.uleb128 0x17
 1184 000d 11       		.uleb128 0x11
 1185 000e 01       		.uleb128 0x1
 1186 000f 10       		.uleb128 0x10
 1187 0010 17       		.uleb128 0x17
 1188 0011 00       		.byte	0
 1189 0012 00       		.byte	0
 1190 0013 02       		.uleb128 0x2
 1191 0014 24       		.uleb128 0x24
 1192 0015 00       		.byte	0
 1193 0016 0B       		.uleb128 0xb
 1194 0017 0B       		.uleb128 0xb
 1195 0018 3E       		.uleb128 0x3e
 1196 0019 0B       		.uleb128 0xb
 1197 001a 03       		.uleb128 0x3
 1198 001b 08       		.uleb128 0x8
 1199 001c 00       		.byte	0
 1200 001d 00       		.byte	0
 1201 001e 03       		.uleb128 0x3
 1202 001f 16       		.uleb128 0x16
 1203 0020 00       		.byte	0
 1204 0021 03       		.uleb128 0x3
 1205 0022 0E       		.uleb128 0xe
 1206 0023 3A       		.uleb128 0x3a
 1207 0024 0B       		.uleb128 0xb
 1208 0025 3B       		.uleb128 0x3b
 1209 0026 0B       		.uleb128 0xb
ARM GAS  C:\Users\hp\AppData\Local\Temp\ccXGzmaA.s 			page 29


 1210 0027 49       		.uleb128 0x49
 1211 0028 13       		.uleb128 0x13
 1212 0029 00       		.byte	0
 1213 002a 00       		.byte	0
 1214 002b 04       		.uleb128 0x4
 1215 002c 24       		.uleb128 0x24
 1216 002d 00       		.byte	0
 1217 002e 0B       		.uleb128 0xb
 1218 002f 0B       		.uleb128 0xb
 1219 0030 3E       		.uleb128 0x3e
 1220 0031 0B       		.uleb128 0xb
 1221 0032 03       		.uleb128 0x3
 1222 0033 0E       		.uleb128 0xe
 1223 0034 00       		.byte	0
 1224 0035 00       		.byte	0
 1225 0036 05       		.uleb128 0x5
 1226 0037 0F       		.uleb128 0xf
 1227 0038 00       		.byte	0
 1228 0039 0B       		.uleb128 0xb
 1229 003a 0B       		.uleb128 0xb
 1230 003b 00       		.byte	0
 1231 003c 00       		.byte	0
 1232 003d 06       		.uleb128 0x6
 1233 003e 16       		.uleb128 0x16
 1234 003f 00       		.byte	0
 1235 0040 03       		.uleb128 0x3
 1236 0041 0E       		.uleb128 0xe
 1237 0042 3A       		.uleb128 0x3a
 1238 0043 0B       		.uleb128 0xb
 1239 0044 3B       		.uleb128 0x3b
 1240 0045 05       		.uleb128 0x5
 1241 0046 49       		.uleb128 0x49
 1242 0047 13       		.uleb128 0x13
 1243 0048 00       		.byte	0
 1244 0049 00       		.byte	0
 1245 004a 07       		.uleb128 0x7
 1246 004b 35       		.uleb128 0x35
 1247 004c 00       		.byte	0
 1248 004d 49       		.uleb128 0x49
 1249 004e 13       		.uleb128 0x13
 1250 004f 00       		.byte	0
 1251 0050 00       		.byte	0
 1252 0051 08       		.uleb128 0x8
 1253 0052 13       		.uleb128 0x13
 1254 0053 01       		.byte	0x1
 1255 0054 0B       		.uleb128 0xb
 1256 0055 0B       		.uleb128 0xb
 1257 0056 3A       		.uleb128 0x3a
 1258 0057 0B       		.uleb128 0xb
 1259 0058 3B       		.uleb128 0x3b
 1260 0059 0B       		.uleb128 0xb
 1261 005a 01       		.uleb128 0x1
 1262 005b 13       		.uleb128 0x13
 1263 005c 00       		.byte	0
 1264 005d 00       		.byte	0
 1265 005e 09       		.uleb128 0x9
 1266 005f 0D       		.uleb128 0xd
ARM GAS  C:\Users\hp\AppData\Local\Temp\ccXGzmaA.s 			page 30


 1267 0060 00       		.byte	0
 1268 0061 03       		.uleb128 0x3
 1269 0062 0E       		.uleb128 0xe
 1270 0063 3A       		.uleb128 0x3a
 1271 0064 0B       		.uleb128 0xb
 1272 0065 3B       		.uleb128 0x3b
 1273 0066 0B       		.uleb128 0xb
 1274 0067 49       		.uleb128 0x49
 1275 0068 13       		.uleb128 0x13
 1276 0069 38       		.uleb128 0x38
 1277 006a 0B       		.uleb128 0xb
 1278 006b 00       		.byte	0
 1279 006c 00       		.byte	0
 1280 006d 0A       		.uleb128 0xa
 1281 006e 2E       		.uleb128 0x2e
 1282 006f 01       		.byte	0x1
 1283 0070 03       		.uleb128 0x3
 1284 0071 0E       		.uleb128 0xe
 1285 0072 3A       		.uleb128 0x3a
 1286 0073 0B       		.uleb128 0xb
 1287 0074 3B       		.uleb128 0x3b
 1288 0075 0B       		.uleb128 0xb
 1289 0076 27       		.uleb128 0x27
 1290 0077 19       		.uleb128 0x19
 1291 0078 11       		.uleb128 0x11
 1292 0079 01       		.uleb128 0x1
 1293 007a 12       		.uleb128 0x12
 1294 007b 06       		.uleb128 0x6
 1295 007c 40       		.uleb128 0x40
 1296 007d 18       		.uleb128 0x18
 1297 007e 9642     		.uleb128 0x2116
 1298 0080 19       		.uleb128 0x19
 1299 0081 01       		.uleb128 0x1
 1300 0082 13       		.uleb128 0x13
 1301 0083 00       		.byte	0
 1302 0084 00       		.byte	0
 1303 0085 0B       		.uleb128 0xb
 1304 0086 05       		.uleb128 0x5
 1305 0087 00       		.byte	0
 1306 0088 03       		.uleb128 0x3
 1307 0089 08       		.uleb128 0x8
 1308 008a 3A       		.uleb128 0x3a
 1309 008b 0B       		.uleb128 0xb
 1310 008c 3B       		.uleb128 0x3b
 1311 008d 0B       		.uleb128 0xb
 1312 008e 49       		.uleb128 0x49
 1313 008f 13       		.uleb128 0x13
 1314 0090 02       		.uleb128 0x2
 1315 0091 18       		.uleb128 0x18
 1316 0092 00       		.byte	0
 1317 0093 00       		.byte	0
 1318 0094 0C       		.uleb128 0xc
 1319 0095 05       		.uleb128 0x5
 1320 0096 00       		.byte	0
 1321 0097 03       		.uleb128 0x3
 1322 0098 0E       		.uleb128 0xe
 1323 0099 3A       		.uleb128 0x3a
ARM GAS  C:\Users\hp\AppData\Local\Temp\ccXGzmaA.s 			page 31


 1324 009a 0B       		.uleb128 0xb
 1325 009b 3B       		.uleb128 0x3b
 1326 009c 0B       		.uleb128 0xb
 1327 009d 49       		.uleb128 0x49
 1328 009e 13       		.uleb128 0x13
 1329 009f 02       		.uleb128 0x2
 1330 00a0 18       		.uleb128 0x18
 1331 00a1 00       		.byte	0
 1332 00a2 00       		.byte	0
 1333 00a3 0D       		.uleb128 0xd
 1334 00a4 0F       		.uleb128 0xf
 1335 00a5 00       		.byte	0
 1336 00a6 0B       		.uleb128 0xb
 1337 00a7 0B       		.uleb128 0xb
 1338 00a8 49       		.uleb128 0x49
 1339 00a9 13       		.uleb128 0x13
 1340 00aa 00       		.byte	0
 1341 00ab 00       		.byte	0
 1342 00ac 0E       		.uleb128 0xe
 1343 00ad 26       		.uleb128 0x26
 1344 00ae 00       		.byte	0
 1345 00af 00       		.byte	0
 1346 00b0 00       		.byte	0
 1347 00b1 0F       		.uleb128 0xf
 1348 00b2 2E       		.uleb128 0x2e
 1349 00b3 01       		.byte	0x1
 1350 00b4 03       		.uleb128 0x3
 1351 00b5 0E       		.uleb128 0xe
 1352 00b6 3A       		.uleb128 0x3a
 1353 00b7 0B       		.uleb128 0xb
 1354 00b8 3B       		.uleb128 0x3b
 1355 00b9 0B       		.uleb128 0xb
 1356 00ba 27       		.uleb128 0x27
 1357 00bb 19       		.uleb128 0x19
 1358 00bc 11       		.uleb128 0x11
 1359 00bd 01       		.uleb128 0x1
 1360 00be 12       		.uleb128 0x12
 1361 00bf 06       		.uleb128 0x6
 1362 00c0 40       		.uleb128 0x40
 1363 00c1 18       		.uleb128 0x18
 1364 00c2 9742     		.uleb128 0x2117
 1365 00c4 19       		.uleb128 0x19
 1366 00c5 01       		.uleb128 0x1
 1367 00c6 13       		.uleb128 0x13
 1368 00c7 00       		.byte	0
 1369 00c8 00       		.byte	0
 1370 00c9 10       		.uleb128 0x10
 1371 00ca 34       		.uleb128 0x34
 1372 00cb 00       		.byte	0
 1373 00cc 03       		.uleb128 0x3
 1374 00cd 08       		.uleb128 0x8
 1375 00ce 3A       		.uleb128 0x3a
 1376 00cf 0B       		.uleb128 0xb
 1377 00d0 3B       		.uleb128 0x3b
 1378 00d1 0B       		.uleb128 0xb
 1379 00d2 49       		.uleb128 0x49
 1380 00d3 13       		.uleb128 0x13
ARM GAS  C:\Users\hp\AppData\Local\Temp\ccXGzmaA.s 			page 32


 1381 00d4 02       		.uleb128 0x2
 1382 00d5 18       		.uleb128 0x18
 1383 00d6 00       		.byte	0
 1384 00d7 00       		.byte	0
 1385 00d8 11       		.uleb128 0x11
 1386 00d9 0B       		.uleb128 0xb
 1387 00da 01       		.byte	0x1
 1388 00db 11       		.uleb128 0x11
 1389 00dc 01       		.uleb128 0x1
 1390 00dd 12       		.uleb128 0x12
 1391 00de 06       		.uleb128 0x6
 1392 00df 00       		.byte	0
 1393 00e0 00       		.byte	0
 1394 00e1 12       		.uleb128 0x12
 1395 00e2 34       		.uleb128 0x34
 1396 00e3 00       		.byte	0
 1397 00e4 03       		.uleb128 0x3
 1398 00e5 0E       		.uleb128 0xe
 1399 00e6 3A       		.uleb128 0x3a
 1400 00e7 0B       		.uleb128 0xb
 1401 00e8 3B       		.uleb128 0x3b
 1402 00e9 0B       		.uleb128 0xb
 1403 00ea 49       		.uleb128 0x49
 1404 00eb 13       		.uleb128 0x13
 1405 00ec 02       		.uleb128 0x2
 1406 00ed 18       		.uleb128 0x18
 1407 00ee 00       		.byte	0
 1408 00ef 00       		.byte	0
 1409 00f0 13       		.uleb128 0x13
 1410 00f1 26       		.uleb128 0x26
 1411 00f2 00       		.byte	0
 1412 00f3 49       		.uleb128 0x49
 1413 00f4 13       		.uleb128 0x13
 1414 00f5 00       		.byte	0
 1415 00f6 00       		.byte	0
 1416 00f7 14       		.uleb128 0x14
 1417 00f8 34       		.uleb128 0x34
 1418 00f9 00       		.byte	0
 1419 00fa 03       		.uleb128 0x3
 1420 00fb 0E       		.uleb128 0xe
 1421 00fc 3A       		.uleb128 0x3a
 1422 00fd 0B       		.uleb128 0xb
 1423 00fe 3B       		.uleb128 0x3b
 1424 00ff 05       		.uleb128 0x5
 1425 0100 49       		.uleb128 0x49
 1426 0101 13       		.uleb128 0x13
 1427 0102 02       		.uleb128 0x2
 1428 0103 18       		.uleb128 0x18
 1429 0104 00       		.byte	0
 1430 0105 00       		.byte	0
 1431 0106 15       		.uleb128 0x15
 1432 0107 2E       		.uleb128 0x2e
 1433 0108 01       		.byte	0x1
 1434 0109 3F       		.uleb128 0x3f
 1435 010a 19       		.uleb128 0x19
 1436 010b 03       		.uleb128 0x3
 1437 010c 0E       		.uleb128 0xe
ARM GAS  C:\Users\hp\AppData\Local\Temp\ccXGzmaA.s 			page 33


 1438 010d 3A       		.uleb128 0x3a
 1439 010e 0B       		.uleb128 0xb
 1440 010f 3B       		.uleb128 0x3b
 1441 0110 05       		.uleb128 0x5
 1442 0111 27       		.uleb128 0x27
 1443 0112 19       		.uleb128 0x19
 1444 0113 11       		.uleb128 0x11
 1445 0114 01       		.uleb128 0x1
 1446 0115 12       		.uleb128 0x12
 1447 0116 06       		.uleb128 0x6
 1448 0117 40       		.uleb128 0x40
 1449 0118 18       		.uleb128 0x18
 1450 0119 9742     		.uleb128 0x2117
 1451 011b 19       		.uleb128 0x19
 1452 011c 01       		.uleb128 0x1
 1453 011d 13       		.uleb128 0x13
 1454 011e 00       		.byte	0
 1455 011f 00       		.byte	0
 1456 0120 16       		.uleb128 0x16
 1457 0121 05       		.uleb128 0x5
 1458 0122 00       		.byte	0
 1459 0123 03       		.uleb128 0x3
 1460 0124 0E       		.uleb128 0xe
 1461 0125 3A       		.uleb128 0x3a
 1462 0126 0B       		.uleb128 0xb
 1463 0127 3B       		.uleb128 0x3b
 1464 0128 05       		.uleb128 0x5
 1465 0129 49       		.uleb128 0x49
 1466 012a 13       		.uleb128 0x13
 1467 012b 02       		.uleb128 0x2
 1468 012c 18       		.uleb128 0x18
 1469 012d 00       		.byte	0
 1470 012e 00       		.byte	0
 1471 012f 17       		.uleb128 0x17
 1472 0130 2E       		.uleb128 0x2e
 1473 0131 01       		.byte	0x1
 1474 0132 3F       		.uleb128 0x3f
 1475 0133 19       		.uleb128 0x19
 1476 0134 03       		.uleb128 0x3
 1477 0135 0E       		.uleb128 0xe
 1478 0136 3A       		.uleb128 0x3a
 1479 0137 0B       		.uleb128 0xb
 1480 0138 3B       		.uleb128 0x3b
 1481 0139 05       		.uleb128 0x5
 1482 013a 27       		.uleb128 0x27
 1483 013b 19       		.uleb128 0x19
 1484 013c 11       		.uleb128 0x11
 1485 013d 01       		.uleb128 0x1
 1486 013e 12       		.uleb128 0x12
 1487 013f 06       		.uleb128 0x6
 1488 0140 40       		.uleb128 0x40
 1489 0141 18       		.uleb128 0x18
 1490 0142 9642     		.uleb128 0x2116
 1491 0144 19       		.uleb128 0x19
 1492 0145 00       		.byte	0
 1493 0146 00       		.byte	0
 1494 0147 18       		.uleb128 0x18
ARM GAS  C:\Users\hp\AppData\Local\Temp\ccXGzmaA.s 			page 34


 1495 0148 13       		.uleb128 0x13
 1496 0149 01       		.byte	0x1
 1497 014a 0B       		.uleb128 0xb
 1498 014b 0B       		.uleb128 0xb
 1499 014c 3A       		.uleb128 0x3a
 1500 014d 0B       		.uleb128 0xb
 1501 014e 3B       		.uleb128 0x3b
 1502 014f 05       		.uleb128 0x5
 1503 0150 01       		.uleb128 0x1
 1504 0151 13       		.uleb128 0x13
 1505 0152 00       		.byte	0
 1506 0153 00       		.byte	0
 1507 0154 19       		.uleb128 0x19
 1508 0155 0D       		.uleb128 0xd
 1509 0156 00       		.byte	0
 1510 0157 03       		.uleb128 0x3
 1511 0158 0E       		.uleb128 0xe
 1512 0159 3A       		.uleb128 0x3a
 1513 015a 0B       		.uleb128 0xb
 1514 015b 3B       		.uleb128 0x3b
 1515 015c 05       		.uleb128 0x5
 1516 015d 49       		.uleb128 0x49
 1517 015e 13       		.uleb128 0x13
 1518 015f 38       		.uleb128 0x38
 1519 0160 0B       		.uleb128 0xb
 1520 0161 00       		.byte	0
 1521 0162 00       		.byte	0
 1522 0163 1A       		.uleb128 0x1a
 1523 0164 01       		.uleb128 0x1
 1524 0165 01       		.byte	0x1
 1525 0166 49       		.uleb128 0x49
 1526 0167 13       		.uleb128 0x13
 1527 0168 01       		.uleb128 0x1
 1528 0169 13       		.uleb128 0x13
 1529 016a 00       		.byte	0
 1530 016b 00       		.byte	0
 1531 016c 1B       		.uleb128 0x1b
 1532 016d 21       		.uleb128 0x21
 1533 016e 00       		.byte	0
 1534 016f 49       		.uleb128 0x49
 1535 0170 13       		.uleb128 0x13
 1536 0171 2F       		.uleb128 0x2f
 1537 0172 0B       		.uleb128 0xb
 1538 0173 00       		.byte	0
 1539 0174 00       		.byte	0
 1540 0175 1C       		.uleb128 0x1c
 1541 0176 34       		.uleb128 0x34
 1542 0177 00       		.byte	0
 1543 0178 03       		.uleb128 0x3
 1544 0179 08       		.uleb128 0x8
 1545 017a 3A       		.uleb128 0x3a
 1546 017b 0B       		.uleb128 0xb
 1547 017c 3B       		.uleb128 0x3b
 1548 017d 05       		.uleb128 0x5
 1549 017e 49       		.uleb128 0x49
 1550 017f 13       		.uleb128 0x13
 1551 0180 02       		.uleb128 0x2
ARM GAS  C:\Users\hp\AppData\Local\Temp\ccXGzmaA.s 			page 35


 1552 0181 18       		.uleb128 0x18
 1553 0182 00       		.byte	0
 1554 0183 00       		.byte	0
 1555 0184 00       		.byte	0
 1556              		.section	.debug_aranges,"",%progbits
 1557 0000 5C000000 		.4byte	0x5c
 1558 0004 0200     		.2byte	0x2
 1559 0006 00000000 		.4byte	.Ldebug_info0
 1560 000a 04       		.byte	0x4
 1561 000b 00       		.byte	0
 1562 000c 0000     		.2byte	0
 1563 000e 0000     		.2byte	0
 1564 0010 00000000 		.4byte	.LFB0
 1565 0014 1A000000 		.4byte	.LFE0-.LFB0
 1566 0018 00000000 		.4byte	.LFB1
 1567 001c 1C000000 		.4byte	.LFE1-.LFB1
 1568 0020 00000000 		.4byte	.LFB2
 1569 0024 1C000000 		.4byte	.LFE2-.LFB2
 1570 0028 00000000 		.4byte	.LFB3
 1571 002c 0C000000 		.4byte	.LFE3-.LFB3
 1572 0030 00000000 		.4byte	.LFB4
 1573 0034 74000000 		.4byte	.LFE4-.LFB4
 1574 0038 00000000 		.4byte	.LFB5
 1575 003c 00010000 		.4byte	.LFE5-.LFB5
 1576 0040 00000000 		.4byte	.LFB6
 1577 0044 44000000 		.4byte	.LFE6-.LFB6
 1578 0048 00000000 		.4byte	.LFB7
 1579 004c 28000000 		.4byte	.LFE7-.LFB7
 1580 0050 00000000 		.4byte	.LFB8
 1581 0054 FC000000 		.4byte	.LFE8-.LFB8
 1582 0058 00000000 		.4byte	0
 1583 005c 00000000 		.4byte	0
 1584              		.section	.debug_ranges,"",%progbits
 1585              	.Ldebug_ranges0:
 1586 0000 00000000 		.4byte	.LFB0
 1587 0004 1A000000 		.4byte	.LFE0
 1588 0008 00000000 		.4byte	.LFB1
 1589 000c 1C000000 		.4byte	.LFE1
 1590 0010 00000000 		.4byte	.LFB2
 1591 0014 1C000000 		.4byte	.LFE2
 1592 0018 00000000 		.4byte	.LFB3
 1593 001c 0C000000 		.4byte	.LFE3
 1594 0020 00000000 		.4byte	.LFB4
 1595 0024 74000000 		.4byte	.LFE4
 1596 0028 00000000 		.4byte	.LFB5
 1597 002c 00010000 		.4byte	.LFE5
 1598 0030 00000000 		.4byte	.LFB6
 1599 0034 44000000 		.4byte	.LFE6
 1600 0038 00000000 		.4byte	.LFB7
 1601 003c 28000000 		.4byte	.LFE7
 1602 0040 00000000 		.4byte	.LFB8
 1603 0044 FC000000 		.4byte	.LFE8
 1604 0048 00000000 		.4byte	0
 1605 004c 00000000 		.4byte	0
 1606              		.section	.debug_line,"",%progbits
 1607              	.Ldebug_line0:
 1608 0000 E8010000 		.section	.debug_str,"MS",%progbits,1
ARM GAS  C:\Users\hp\AppData\Local\Temp\ccXGzmaA.s 			page 36


 1608      0200CD00 
 1608      00000201 
 1608      FB0E0D00 
 1608      01010101 
 1609              	.LASF18:
 1610 0000 72656731 		.ascii	"reg16\000"
 1610      3600
 1611              	.LASF11:
 1612 0006 73697A65 		.ascii	"size_t\000"
 1612      5F7400
 1613              	.LASF36:
 1614 000d 416E616C 		.ascii	"AnalogSetDefault\000"
 1614      6F675365 
 1614      74446566 
 1614      61756C74 
 1614      00
 1615              	.LASF46:
 1616 001e 433A5C55 		.ascii	"C:\\Users\\hp\\Dropbox\\Privat\\__github\\FreeSoC2_"
 1616      73657273 
 1616      5C68705C 
 1616      44726F70 
 1616      626F785C 
 1617 004b 656C656D 		.ascii	"element14_100_examples\\01_Simple-Blinking-LED\\Bli"
 1617      656E7431 
 1617      345F3130 
 1617      305F6578 
 1617      616D706C 
 1618 007c 6E6B696E 		.ascii	"nking LED.cydsn\000"
 1618      67204C45 
 1618      442E6379 
 1618      64736E00 
 1619              	.LASF20:
 1620 008c 76616C75 		.ascii	"value\000"
 1620      6500
 1621              	.LASF32:
 1622 0092 636F756E 		.ascii	"count\000"
 1622      7400
 1623              	.LASF33:
 1624 0098 436C6F63 		.ascii	"ClockSetup\000"
 1624      6B536574 
 1624      757000
 1625              	.LASF4:
 1626 00a3 73686F72 		.ascii	"short unsigned int\000"
 1626      7420756E 
 1626      7369676E 
 1626      65642069 
 1626      6E7400
 1627              	.LASF25:
 1628 00b6 4359434F 		.ascii	"CYCONFIGCPYCODE\000"
 1628      4E464947 
 1628      43505943 
 1628      4F444500 
 1629              	.LASF35:
 1630 00c6 706C6C4C 		.ascii	"pllLock\000"
 1630      6F636B00 
 1631              	.LASF15:
 1632 00ce 666C6F61 		.ascii	"float\000"
ARM GAS  C:\Users\hp\AppData\Local\Temp\ccXGzmaA.s 			page 37


 1632      7400
 1633              	.LASF26:
 1634 00d4 4379436C 		.ascii	"CyClockStartupError\000"
 1634      6F636B53 
 1634      74617274 
 1634      75704572 
 1634      726F7200 
 1635              	.LASF24:
 1636 00e8 64657374 		.ascii	"dest\000"
 1636      00
 1637              	.LASF43:
 1638 00ed 6366675F 		.ascii	"cfg_memset_list\000"
 1638      6D656D73 
 1638      65745F6C 
 1638      69737400 
 1639              	.LASF41:
 1640 00fd 73697A65 		.ascii	"size\000"
 1640      00
 1641              	.LASF17:
 1642 0102 72656738 		.ascii	"reg8\000"
 1642      00
 1643              	.LASF6:
 1644 0107 6C6F6E67 		.ascii	"long unsigned int\000"
 1644      20756E73 
 1644      69676E65 
 1644      6420696E 
 1644      7400
 1645              	.LASF12:
 1646 0119 75696E74 		.ascii	"uint8\000"
 1646      3800
 1647              	.LASF22:
 1648 011f 43594D45 		.ascii	"CYMEMZERO\000"
 1648      4D5A4552 
 1648      4F00
 1649              	.LASF47:
 1650 0129 53657441 		.ascii	"SetAnalogRoutingPumps\000"
 1650      6E616C6F 
 1650      67526F75 
 1650      74696E67 
 1650      50756D70 
 1651              	.LASF2:
 1652 013f 756E7369 		.ascii	"unsigned char\000"
 1652      676E6564 
 1652      20636861 
 1652      7200
 1653              	.LASF44:
 1654 014d 474E5520 		.ascii	"GNU C 4.9.3 20150303 (release) [ARM/embedded-4_9-br"
 1654      4320342E 
 1654      392E3320 
 1654      32303135 
 1654      30333033 
 1655 0180 616E6368 		.ascii	"anch revision 221220] -mcpu=cortex-m3 -mthumb -g -O"
 1655      20726576 
 1655      6973696F 
 1655      6E203232 
 1655      31323230 
 1656 01b3 30202D66 		.ascii	"0 -ffunction-sections -ffat-lto-objects\000"
ARM GAS  C:\Users\hp\AppData\Local\Temp\ccXGzmaA.s 			page 38


 1656      66756E63 
 1656      74696F6E 
 1656      2D736563 
 1656      74696F6E 
 1657              	.LASF16:
 1658 01db 646F7562 		.ascii	"double\000"
 1658      6C6500
 1659              	.LASF28:
 1660 01e2 6366675F 		.ascii	"cfg_write_bytes32\000"
 1660      77726974 
 1660      655F6279 
 1660      74657333 
 1660      3200
 1661              	.LASF48:
 1662 01f4 63796669 		.ascii	"cyfitter_cfg\000"
 1662      74746572 
 1662      5F636667 
 1662      00
 1663              	.LASF29:
 1664 0201 61646472 		.ascii	"addr_table\000"
 1664      5F746162 
 1664      6C6500
 1665              	.LASF13:
 1666 020c 75696E74 		.ascii	"uint16\000"
 1666      313600
 1667              	.LASF30:
 1668 0213 64617461 		.ascii	"data_table\000"
 1668      5F746162 
 1668      6C6500
 1669              	.LASF27:
 1670 021e 6572726F 		.ascii	"errorCode\000"
 1670      72436F64 
 1670      6500
 1671              	.LASF14:
 1672 0228 75696E74 		.ascii	"uint32\000"
 1672      333200
 1673              	.LASF0:
 1674 022f 756E7369 		.ascii	"unsigned int\000"
 1674      676E6564 
 1674      20696E74 
 1674      00
 1675              	.LASF40:
 1676 023c 61646472 		.ascii	"address\000"
 1676      65737300 
 1677              	.LASF8:
 1678 0244 6C6F6E67 		.ascii	"long long unsigned int\000"
 1678      206C6F6E 
 1678      6720756E 
 1678      7369676E 
 1678      65642069 
 1679              	.LASF42:
 1680 025b 6366675F 		.ascii	"cfg_memset_t\000"
 1680      6D656D73 
 1680      65745F74 
 1680      00
 1681              	.LASF31:
 1682 0268 62617365 		.ascii	"baseAddr\000"
ARM GAS  C:\Users\hp\AppData\Local\Temp\ccXGzmaA.s 			page 39


 1682      41646472 
 1682      00
 1683              	.LASF9:
 1684 0271 73697A65 		.ascii	"sizetype\000"
 1684      74797065 
 1684      00
 1685              	.LASF7:
 1686 027a 6C6F6E67 		.ascii	"long long int\000"
 1686      206C6F6E 
 1686      6720696E 
 1686      7400
 1687              	.LASF34:
 1688 0288 74696D65 		.ascii	"timeout\000"
 1688      6F757400 
 1689              	.LASF21:
 1690 0290 63795F63 		.ascii	"cy_cfg_addrvalue_t\000"
 1690      66675F61 
 1690      64647276 
 1690      616C7565 
 1690      5F7400
 1691              	.LASF19:
 1692 02a3 6F666673 		.ascii	"offset\000"
 1692      657400
 1693              	.LASF3:
 1694 02aa 73686F72 		.ascii	"short int\000"
 1694      7420696E 
 1694      7400
 1695              	.LASF45:
 1696 02b4 2E5C4765 		.ascii	".\\Generated_Source\\PSoC5\\cyfitter_cfg.c\000"
 1696      6E657261 
 1696      7465645F 
 1696      536F7572 
 1696      63655C50 
 1697              	.LASF38:
 1698 02dc 656E6162 		.ascii	"enabled\000"
 1698      6C656400 
 1699              	.LASF5:
 1700 02e4 6C6F6E67 		.ascii	"long int\000"
 1700      20696E74 
 1700      00
 1701              	.LASF10:
 1702 02ed 63686172 		.ascii	"char\000"
 1702      00
 1703              	.LASF37:
 1704 02f2 62675F78 		.ascii	"bg_xover_inl_trim\000"
 1704      6F766572 
 1704      5F696E6C 
 1704      5F747269 
 1704      6D00
 1705              	.LASF1:
 1706 0304 7369676E 		.ascii	"signed char\000"
 1706      65642063 
 1706      68617200 
 1707              	.LASF39:
 1708 0310 72656756 		.ascii	"regValue\000"
 1708      616C7565 
 1708      00
ARM GAS  C:\Users\hp\AppData\Local\Temp\ccXGzmaA.s 			page 40


 1709              	.LASF23:
 1710 0319 4359434F 		.ascii	"CYCONFIGCPY\000"
 1710      4E464947 
 1710      43505900 
 1711              		.ident	"GCC: (GNU Tools for ARM Embedded Processors) 4.9.3 20150303 (release) [ARM/embedded-4_9-br
