ARM GAS  C:\Users\hp\AppData\Local\Temp\ccZxWRLV.s 			page 1


   1              		.syntax unified
   2              		.cpu cortex-m3
   3              		.fpu softvfp
   4              		.eabi_attribute 20, 1
   5              		.eabi_attribute 21, 1
   6              		.eabi_attribute 23, 3
   7              		.eabi_attribute 24, 1
   8              		.eabi_attribute 25, 1
   9              		.eabi_attribute 26, 1
  10              		.eabi_attribute 30, 6
  11              		.eabi_attribute 34, 1
  12              		.eabi_attribute 18, 4
  13              		.thumb
  14              		.file	"cymetadata.c"
  15              		.text
  16              	.Ltext0:
  17              		.cfi_sections	.debug_frame
  18              		.global	cy_meta_configecc
  19              		.section	.cyconfigecc,"a",%progbits
  20              		.align	2
  21              		.type	cy_meta_configecc, %object
  22              		.size	cy_meta_configecc, 184
  23              	cy_meta_configecc:
  24 0000 01       		.byte	1
  25 0001 52       		.byte	82
  26 0002 00       		.byte	0
  27 0003 40       		.byte	64
  28 0004 01       		.byte	1
  29 0005 64       		.byte	100
  30 0006 00       		.byte	0
  31 0007 40       		.byte	64
  32 0008 01       		.byte	1
  33 0009 0D       		.byte	13
  34 000a 01       		.byte	1
  35 000b 40       		.byte	64
  36 000c 27       		.byte	39
  37 000d 0E       		.byte	14
  38 000e 01       		.byte	1
  39 000f 40       		.byte	64
  40 0010 17       		.byte	23
  41 0011 0F       		.byte	15
  42 0012 01       		.byte	1
  43 0013 40       		.byte	64
  44 0014 02       		.byte	2
  45 0015 44       		.byte	68
  46 0016 01       		.byte	1
  47 0017 40       		.byte	64
  48 0018 02       		.byte	2
  49 0019 45       		.byte	69
  50 001a 01       		.byte	1
  51 001b 40       		.byte	64
  52 001c 02       		.byte	2
  53 001d 50       		.byte	80
  54 001e 01       		.byte	1
  55 001f 40       		.byte	64
  56 0020 30       		.byte	48
  57 0021 80       		.byte	-128
ARM GAS  C:\Users\hp\AppData\Local\Temp\ccZxWRLV.s 			page 2


  58 0022 8E       		.byte	-114
  59 0023 0D       		.byte	13
  60 0024 B4       		.byte	-76
  61 0025 40       		.byte	64
  62 0026 12       		.byte	18
  63 0027 02       		.byte	2
  64 0028 1B       		.byte	27
  65 0029 01       		.byte	1
  66 002a 1E       		.byte	30
  67 002b 05       		.byte	5
  68 002c 26       		.byte	38
  69 002d 0C       		.byte	12
  70 002e 29       		.byte	41
  71 002f 01       		.byte	1
  72 0030 2E       		.byte	46
  73 0031 01       		.byte	1
  74 0032 30       		.byte	48
  75 0033 04       		.byte	4
  76 0034 32       		.byte	50
  77 0035 01       		.byte	1
  78 0036 34       		.byte	52
  79 0037 08       		.byte	8
  80 0038 36       		.byte	54
  81 0039 02       		.byte	2
  82 003a 37       		.byte	55
  83 003b 01       		.byte	1
  84 003c 3E       		.byte	62
  85 003d 04       		.byte	4
  86 003e 40       		.byte	64
  87 003f 10       		.byte	16
  88 0040 41       		.byte	65
  89 0041 05       		.byte	5
  90 0042 45       		.byte	69
  91 0043 D1       		.byte	-47
  92 0044 47       		.byte	71
  93 0045 20       		.byte	32
  94 0046 48       		.byte	72
  95 0047 23       		.byte	35
  96 0048 49       		.byte	73
  97 0049 FF       		.byte	-1
  98 004a 4A       		.byte	74
  99 004b FF       		.byte	-1
 100 004c 4B       		.byte	75
 101 004d FF       		.byte	-1
 102 004e 4D       		.byte	77
 103 004f A0       		.byte	-96
 104 0050 4F       		.byte	79
 105 0051 04       		.byte	4
 106 0052 50       		.byte	80
 107 0053 18       		.byte	24
 108 0054 52       		.byte	82
 109 0055 80       		.byte	-128
 110 0056 54       		.byte	84
 111 0057 05       		.byte	5
 112 0058 58       		.byte	88
 113 0059 04       		.byte	4
 114 005a 59       		.byte	89
ARM GAS  C:\Users\hp\AppData\Local\Temp\ccZxWRLV.s 			page 3


 115 005b 04       		.byte	4
 116 005c 5A       		.byte	90
 117 005d 04       		.byte	4
 118 005e 5B       		.byte	91
 119 005f 04       		.byte	4
 120 0060 5F       		.byte	95
 121 0061 01       		.byte	1
 122 0062 60       		.byte	96
 123 0063 40       		.byte	64
 124 0064 62       		.byte	98
 125 0065 C0       		.byte	-64
 126 0066 64       		.byte	100
 127 0067 40       		.byte	64
 128 0068 65       		.byte	101
 129 0069 40       		.byte	64
 130 006a 66       		.byte	102
 131 006b C0       		.byte	-64
 132 006c 68       		.byte	104
 133 006d C0       		.byte	-64
 134 006e 6A       		.byte	106
 135 006f C0       		.byte	-64
 136 0070 6C       		.byte	108
 137 0071 C0       		.byte	-64
 138 0072 6E       		.byte	110
 139 0073 C0       		.byte	-64
 140 0074 09       		.byte	9
 141 0075 02       		.byte	2
 142 0076 0A       		.byte	10
 143 0077 01       		.byte	1
 144 0078 10       		.byte	16
 145 0079 22       		.byte	34
 146 007a 18       		.byte	24
 147 007b 80       		.byte	-128
 148 007c 19       		.byte	25
 149 007d 14       		.byte	20
 150 007e 1A       		.byte	26
 151 007f 01       		.byte	1
 152 0080 22       		.byte	34
 153 0081 40       		.byte	64
 154 0082 29       		.byte	41
 155 0083 10       		.byte	16
 156 0084 30       		.byte	48
 157 0085 20       		.byte	32
 158 0086 42       		.byte	66
 159 0087 01       		.byte	1
 160 0088 48       		.byte	72
 161 0089 22       		.byte	34
 162 008a 49       		.byte	73
 163 008b 01       		.byte	1
 164 008c 50       		.byte	80
 165 008d 02       		.byte	2
 166 008e 59       		.byte	89
 167 008f 05       		.byte	5
 168 0090 5A       		.byte	90
 169 0091 80       		.byte	-128
 170 0092 71       		.byte	113
 171 0093 02       		.byte	2
ARM GAS  C:\Users\hp\AppData\Local\Temp\ccZxWRLV.s 			page 4


 172 0094 C2       		.byte	-62
 173 0095 09       		.byte	9
 174 0096 C4       		.byte	-60
 175 0097 05       		.byte	5
 176 0098 CA       		.byte	-54
 177 0099 04       		.byte	4
 178 009a CC       		.byte	-52
 179 009b 04       		.byte	4
 180 009c D0       		.byte	-48
 181 009d 08       		.byte	8
 182 009e D2       		.byte	-46
 183 009f 08       		.byte	8
 184 00a0 D6       		.byte	-42
 185 00a1 0B       		.byte	11
 186 00a2 5C       		.byte	92
 187 00a3 01       		.byte	1
 188 00a4 D6       		.byte	-42
 189 00a5 01       		.byte	1
 190 00a6 B4       		.byte	-76
 191 00a7 01       		.byte	1
 192 00a8 EC       		.byte	-20
 193 00a9 08       		.byte	8
 194 00aa 00       		.byte	0
 195 00ab 01       		.byte	1
 196 00ac 0E       		.byte	14
 197 00ad 01       		.byte	1
 198 00ae 00       		.byte	0
 199 00af 00       		.byte	0
 200 00b0 00       		.byte	0
 201 00b1 80       		.byte	-128
 202 00b2 80       		.byte	-128
 203 00b3 00       		.byte	0
 204 00b4 80       		.byte	-128
 205 00b5 00       		.byte	0
 206 00b6 00       		.byte	0
 207 00b7 00       		.byte	0
 208              		.global	cy_meta_custnvl
 209              		.section	.cycustnvl,"a",%progbits
 210              		.align	2
 211              		.type	cy_meta_custnvl, %object
 212              		.size	cy_meta_custnvl, 4
 213              	cy_meta_custnvl:
 214 0000 00       		.byte	0
 215 0001 00       		.byte	0
 216 0002 40       		.byte	64
 217 0003 05       		.byte	5
 218              		.global	cy_meta_wonvl
 219              		.section	.cywolatch,"a",%progbits
 220              		.align	2
 221              		.type	cy_meta_wonvl, %object
 222              		.size	cy_meta_wonvl, 4
 223              	cy_meta_wonvl:
 224 0000 BC       		.byte	-68
 225 0001 90       		.byte	-112
 226 0002 AC       		.byte	-84
 227 0003 AF       		.byte	-81
 228              		.global	cy_meta_flashprotect
ARM GAS  C:\Users\hp\AppData\Local\Temp\ccZxWRLV.s 			page 5


 229              		.section	.cyflashprotect,"a",%progbits
 230              		.align	2
 231              		.type	cy_meta_flashprotect, %object
 232              		.size	cy_meta_flashprotect, 256
 233              	cy_meta_flashprotect:
 234 0000 00000000 		.space	256
 234      00000000 
 234      00000000 
 234      00000000 
 234      00000000 
 235              		.global	cy_metadata
 236              		.section	.cymeta,"a",%progbits
 237              		.align	2
 238              		.type	cy_metadata, %object
 239              		.size	cy_metadata, 12
 240              	cy_metadata:
 241 0000 00       		.byte	0
 242 0001 01       		.byte	1
 243 0002 2E       		.byte	46
 244 0003 16       		.byte	22
 245 0004 00       		.byte	0
 246 0005 69       		.byte	105
 247 0006 00       		.byte	0
 248 0007 01       		.byte	1
 249 0008 00       		.byte	0
 250 0009 00       		.byte	0
 251 000a 00       		.byte	0
 252 000b 00       		.byte	0
 253              		.text
 254              	.Letext0:
 255              		.file 1 ".\\Generated_Source\\PSoC5\\cymetadata.c"
 256              		.file 2 ".\\Generated_Source\\PSoC5\\cytypes.h"
 257              		.section	.debug_info,"",%progbits
 258              	.Ldebug_info0:
 259 0000 35010000 		.4byte	0x135
 260 0004 0400     		.2byte	0x4
 261 0006 00000000 		.4byte	.Ldebug_abbrev0
 262 000a 04       		.byte	0x4
 263 000b 01       		.uleb128 0x1
 264 000c 00000000 		.4byte	.LASF18
 265 0010 01       		.byte	0x1
 266 0011 8E000000 		.4byte	.LASF19
 267 0015 69010000 		.4byte	.LASF20
 268 0019 00000000 		.4byte	.Ldebug_line0
 269 001d 02       		.uleb128 0x2
 270 001e 01       		.byte	0x1
 271 001f 06       		.byte	0x6
 272 0020 0C020000 		.4byte	.LASF0
 273 0024 02       		.uleb128 0x2
 274 0025 01       		.byte	0x1
 275 0026 08       		.byte	0x8
 276 0027 C6000000 		.4byte	.LASF1
 277 002b 02       		.uleb128 0x2
 278 002c 02       		.byte	0x2
 279 002d 05       		.byte	0x5
 280 002e F3010000 		.4byte	.LASF2
 281 0032 02       		.uleb128 0x2
ARM GAS  C:\Users\hp\AppData\Local\Temp\ccZxWRLV.s 			page 6


 282 0033 02       		.byte	0x2
 283 0034 07       		.byte	0x7
 284 0035 E6000000 		.4byte	.LASF3
 285 0039 02       		.uleb128 0x2
 286 003a 04       		.byte	0x4
 287 003b 05       		.byte	0x5
 288 003c 03020000 		.4byte	.LASF4
 289 0040 02       		.uleb128 0x2
 290 0041 04       		.byte	0x4
 291 0042 07       		.byte	0x7
 292 0043 D4000000 		.4byte	.LASF5
 293 0047 02       		.uleb128 0x2
 294 0048 08       		.byte	0x8
 295 0049 05       		.byte	0x5
 296 004a E0010000 		.4byte	.LASF6
 297 004e 02       		.uleb128 0x2
 298 004f 08       		.byte	0x8
 299 0050 07       		.byte	0x7
 300 0051 2F010000 		.4byte	.LASF7
 301 0055 03       		.uleb128 0x3
 302 0056 04       		.byte	0x4
 303 0057 05       		.byte	0x5
 304 0058 696E7400 		.ascii	"int\000"
 305 005c 02       		.uleb128 0x2
 306 005d 04       		.byte	0x4
 307 005e 07       		.byte	0x7
 308 005f 22010000 		.4byte	.LASF8
 309 0063 04       		.uleb128 0x4
 310 0064 FD010000 		.4byte	.LASF21
 311 0068 02       		.byte	0x2
 312 0069 C2       		.byte	0xc2
 313 006a 24000000 		.4byte	0x24
 314 006e 02       		.uleb128 0x2
 315 006f 04       		.byte	0x4
 316 0070 04       		.byte	0x4
 317 0071 C0000000 		.4byte	.LASF9
 318 0075 02       		.uleb128 0x2
 319 0076 08       		.byte	0x8
 320 0077 04       		.byte	0x4
 321 0078 F9000000 		.4byte	.LASF10
 322 007c 02       		.uleb128 0x2
 323 007d 01       		.byte	0x1
 324 007e 08       		.byte	0x8
 325 007f EE010000 		.4byte	.LASF11
 326 0083 05       		.uleb128 0x5
 327 0084 63000000 		.4byte	0x63
 328 0088 93000000 		.4byte	0x93
 329 008c 06       		.uleb128 0x6
 330 008d 93000000 		.4byte	0x93
 331 0091 B7       		.byte	0xb7
 332 0092 00       		.byte	0
 333 0093 02       		.uleb128 0x2
 334 0094 04       		.byte	0x4
 335 0095 07       		.byte	0x7
 336 0096 D7010000 		.4byte	.LASF12
 337 009a 07       		.uleb128 0x7
 338 009b 10010000 		.4byte	.LASF13
ARM GAS  C:\Users\hp\AppData\Local\Temp\ccZxWRLV.s 			page 7


 339 009f 01       		.byte	0x1
 340 00a0 1C       		.byte	0x1c
 341 00a1 AB000000 		.4byte	0xab
 342 00a5 05       		.uleb128 0x5
 343 00a6 03       		.byte	0x3
 344 00a7 00000000 		.4byte	cy_meta_configecc
 345 00ab 08       		.uleb128 0x8
 346 00ac 83000000 		.4byte	0x83
 347 00b0 05       		.uleb128 0x5
 348 00b1 63000000 		.4byte	0x63
 349 00b5 C0000000 		.4byte	0xc0
 350 00b9 06       		.uleb128 0x6
 351 00ba 93000000 		.4byte	0x93
 352 00be 03       		.byte	0x3
 353 00bf 00       		.byte	0
 354 00c0 07       		.uleb128 0x7
 355 00c1 00010000 		.4byte	.LASF14
 356 00c5 01       		.byte	0x1
 357 00c6 3D       		.byte	0x3d
 358 00c7 D1000000 		.4byte	0xd1
 359 00cb 05       		.uleb128 0x5
 360 00cc 03       		.byte	0x3
 361 00cd 00000000 		.4byte	cy_meta_custnvl
 362 00d1 08       		.uleb128 0x8
 363 00d2 B0000000 		.4byte	0xb0
 364 00d6 07       		.uleb128 0x7
 365 00d7 5B010000 		.4byte	.LASF15
 366 00db 01       		.byte	0x1
 367 00dc 48       		.byte	0x48
 368 00dd E7000000 		.4byte	0xe7
 369 00e1 05       		.uleb128 0x5
 370 00e2 03       		.byte	0x3
 371 00e3 00000000 		.4byte	cy_meta_wonvl
 372 00e7 08       		.uleb128 0x8
 373 00e8 B0000000 		.4byte	0xb0
 374 00ec 05       		.uleb128 0x5
 375 00ed 63000000 		.4byte	0x63
 376 00f1 FC000000 		.4byte	0xfc
 377 00f5 06       		.uleb128 0x6
 378 00f6 93000000 		.4byte	0x93
 379 00fa FF       		.byte	0xff
 380 00fb 00       		.byte	0
 381 00fc 07       		.uleb128 0x7
 382 00fd 46010000 		.4byte	.LASF16
 383 0101 01       		.byte	0x1
 384 0102 53       		.byte	0x53
 385 0103 0D010000 		.4byte	0x10d
 386 0107 05       		.uleb128 0x5
 387 0108 03       		.byte	0x3
 388 0109 00000000 		.4byte	cy_meta_flashprotect
 389 010d 08       		.uleb128 0x8
 390 010e EC000000 		.4byte	0xec
 391 0112 05       		.uleb128 0x5
 392 0113 63000000 		.4byte	0x63
 393 0117 22010000 		.4byte	0x122
 394 011b 06       		.uleb128 0x6
 395 011c 93000000 		.4byte	0x93
ARM GAS  C:\Users\hp\AppData\Local\Temp\ccZxWRLV.s 			page 8


 396 0120 0B       		.byte	0xb
 397 0121 00       		.byte	0
 398 0122 07       		.uleb128 0x7
 399 0123 B4000000 		.4byte	.LASF17
 400 0127 01       		.byte	0x1
 401 0128 7D       		.byte	0x7d
 402 0129 33010000 		.4byte	0x133
 403 012d 05       		.uleb128 0x5
 404 012e 03       		.byte	0x3
 405 012f 00000000 		.4byte	cy_metadata
 406 0133 08       		.uleb128 0x8
 407 0134 12010000 		.4byte	0x112
 408 0138 00       		.byte	0
 409              		.section	.debug_abbrev,"",%progbits
 410              	.Ldebug_abbrev0:
 411 0000 01       		.uleb128 0x1
 412 0001 11       		.uleb128 0x11
 413 0002 01       		.byte	0x1
 414 0003 25       		.uleb128 0x25
 415 0004 0E       		.uleb128 0xe
 416 0005 13       		.uleb128 0x13
 417 0006 0B       		.uleb128 0xb
 418 0007 03       		.uleb128 0x3
 419 0008 0E       		.uleb128 0xe
 420 0009 1B       		.uleb128 0x1b
 421 000a 0E       		.uleb128 0xe
 422 000b 10       		.uleb128 0x10
 423 000c 17       		.uleb128 0x17
 424 000d 00       		.byte	0
 425 000e 00       		.byte	0
 426 000f 02       		.uleb128 0x2
 427 0010 24       		.uleb128 0x24
 428 0011 00       		.byte	0
 429 0012 0B       		.uleb128 0xb
 430 0013 0B       		.uleb128 0xb
 431 0014 3E       		.uleb128 0x3e
 432 0015 0B       		.uleb128 0xb
 433 0016 03       		.uleb128 0x3
 434 0017 0E       		.uleb128 0xe
 435 0018 00       		.byte	0
 436 0019 00       		.byte	0
 437 001a 03       		.uleb128 0x3
 438 001b 24       		.uleb128 0x24
 439 001c 00       		.byte	0
 440 001d 0B       		.uleb128 0xb
 441 001e 0B       		.uleb128 0xb
 442 001f 3E       		.uleb128 0x3e
 443 0020 0B       		.uleb128 0xb
 444 0021 03       		.uleb128 0x3
 445 0022 08       		.uleb128 0x8
 446 0023 00       		.byte	0
 447 0024 00       		.byte	0
 448 0025 04       		.uleb128 0x4
 449 0026 16       		.uleb128 0x16
 450 0027 00       		.byte	0
 451 0028 03       		.uleb128 0x3
 452 0029 0E       		.uleb128 0xe
ARM GAS  C:\Users\hp\AppData\Local\Temp\ccZxWRLV.s 			page 9


 453 002a 3A       		.uleb128 0x3a
 454 002b 0B       		.uleb128 0xb
 455 002c 3B       		.uleb128 0x3b
 456 002d 0B       		.uleb128 0xb
 457 002e 49       		.uleb128 0x49
 458 002f 13       		.uleb128 0x13
 459 0030 00       		.byte	0
 460 0031 00       		.byte	0
 461 0032 05       		.uleb128 0x5
 462 0033 01       		.uleb128 0x1
 463 0034 01       		.byte	0x1
 464 0035 49       		.uleb128 0x49
 465 0036 13       		.uleb128 0x13
 466 0037 01       		.uleb128 0x1
 467 0038 13       		.uleb128 0x13
 468 0039 00       		.byte	0
 469 003a 00       		.byte	0
 470 003b 06       		.uleb128 0x6
 471 003c 21       		.uleb128 0x21
 472 003d 00       		.byte	0
 473 003e 49       		.uleb128 0x49
 474 003f 13       		.uleb128 0x13
 475 0040 2F       		.uleb128 0x2f
 476 0041 0B       		.uleb128 0xb
 477 0042 00       		.byte	0
 478 0043 00       		.byte	0
 479 0044 07       		.uleb128 0x7
 480 0045 34       		.uleb128 0x34
 481 0046 00       		.byte	0
 482 0047 03       		.uleb128 0x3
 483 0048 0E       		.uleb128 0xe
 484 0049 3A       		.uleb128 0x3a
 485 004a 0B       		.uleb128 0xb
 486 004b 3B       		.uleb128 0x3b
 487 004c 0B       		.uleb128 0xb
 488 004d 49       		.uleb128 0x49
 489 004e 13       		.uleb128 0x13
 490 004f 3F       		.uleb128 0x3f
 491 0050 19       		.uleb128 0x19
 492 0051 02       		.uleb128 0x2
 493 0052 18       		.uleb128 0x18
 494 0053 00       		.byte	0
 495 0054 00       		.byte	0
 496 0055 08       		.uleb128 0x8
 497 0056 26       		.uleb128 0x26
 498 0057 00       		.byte	0
 499 0058 49       		.uleb128 0x49
 500 0059 13       		.uleb128 0x13
 501 005a 00       		.byte	0
 502 005b 00       		.byte	0
 503 005c 00       		.byte	0
 504              		.section	.debug_aranges,"",%progbits
 505 0000 14000000 		.4byte	0x14
 506 0004 0200     		.2byte	0x2
 507 0006 00000000 		.4byte	.Ldebug_info0
 508 000a 04       		.byte	0x4
 509 000b 00       		.byte	0
ARM GAS  C:\Users\hp\AppData\Local\Temp\ccZxWRLV.s 			page 10


 510 000c 0000     		.2byte	0
 511 000e 0000     		.2byte	0
 512 0010 00000000 		.4byte	0
 513 0014 00000000 		.4byte	0
 514              		.section	.debug_line,"",%progbits
 515              	.Ldebug_line0:
 516 0000 4F000000 		.section	.debug_str,"MS",%progbits,1
 516      02004900 
 516      00000201 
 516      FB0E0D00 
 516      01010101 
 517              	.LASF18:
 518 0000 474E5520 		.ascii	"GNU C 4.9.3 20150303 (release) [ARM/embedded-4_9-br"
 518      4320342E 
 518      392E3320 
 518      32303135 
 518      30333033 
 519 0033 616E6368 		.ascii	"anch revision 221220] -mcpu=cortex-m3 -mthumb -g -O"
 519      20726576 
 519      6973696F 
 519      6E203232 
 519      31323230 
 520 0066 30202D66 		.ascii	"0 -ffunction-sections -ffat-lto-objects\000"
 520      66756E63 
 520      74696F6E 
 520      2D736563 
 520      74696F6E 
 521              	.LASF19:
 522 008e 2E5C4765 		.ascii	".\\Generated_Source\\PSoC5\\cymetadata.c\000"
 522      6E657261 
 522      7465645F 
 522      536F7572 
 522      63655C50 
 523              	.LASF17:
 524 00b4 63795F6D 		.ascii	"cy_metadata\000"
 524      65746164 
 524      61746100 
 525              	.LASF9:
 526 00c0 666C6F61 		.ascii	"float\000"
 526      7400
 527              	.LASF1:
 528 00c6 756E7369 		.ascii	"unsigned char\000"
 528      676E6564 
 528      20636861 
 528      7200
 529              	.LASF5:
 530 00d4 6C6F6E67 		.ascii	"long unsigned int\000"
 530      20756E73 
 530      69676E65 
 530      6420696E 
 530      7400
 531              	.LASF3:
 532 00e6 73686F72 		.ascii	"short unsigned int\000"
 532      7420756E 
 532      7369676E 
 532      65642069 
 532      6E7400
ARM GAS  C:\Users\hp\AppData\Local\Temp\ccZxWRLV.s 			page 11


 533              	.LASF10:
 534 00f9 646F7562 		.ascii	"double\000"
 534      6C6500
 535              	.LASF14:
 536 0100 63795F6D 		.ascii	"cy_meta_custnvl\000"
 536      6574615F 
 536      63757374 
 536      6E766C00 
 537              	.LASF13:
 538 0110 63795F6D 		.ascii	"cy_meta_configecc\000"
 538      6574615F 
 538      636F6E66 
 538      69676563 
 538      6300
 539              	.LASF8:
 540 0122 756E7369 		.ascii	"unsigned int\000"
 540      676E6564 
 540      20696E74 
 540      00
 541              	.LASF7:
 542 012f 6C6F6E67 		.ascii	"long long unsigned int\000"
 542      206C6F6E 
 542      6720756E 
 542      7369676E 
 542      65642069 
 543              	.LASF16:
 544 0146 63795F6D 		.ascii	"cy_meta_flashprotect\000"
 544      6574615F 
 544      666C6173 
 544      6870726F 
 544      74656374 
 545              	.LASF15:
 546 015b 63795F6D 		.ascii	"cy_meta_wonvl\000"
 546      6574615F 
 546      776F6E76 
 546      6C00
 547              	.LASF20:
 548 0169 433A5C55 		.ascii	"C:\\Users\\hp\\Dropbox\\Privat\\__github\\FreeSoC2_"
 548      73657273 
 548      5C68705C 
 548      44726F70 
 548      626F785C 
 549 0196 656C656D 		.ascii	"element14_100_examples\\01_Simple-Blinking-LED\\Bli"
 549      656E7431 
 549      345F3130 
 549      305F6578 
 549      616D706C 
 550 01c7 6E6B696E 		.ascii	"nking LED.cydsn\000"
 550      67204C45 
 550      442E6379 
 550      64736E00 
 551              	.LASF12:
 552 01d7 73697A65 		.ascii	"sizetype\000"
 552      74797065 
 552      00
 553              	.LASF6:
 554 01e0 6C6F6E67 		.ascii	"long long int\000"
ARM GAS  C:\Users\hp\AppData\Local\Temp\ccZxWRLV.s 			page 12


 554      206C6F6E 
 554      6720696E 
 554      7400
 555              	.LASF11:
 556 01ee 63686172 		.ascii	"char\000"
 556      00
 557              	.LASF2:
 558 01f3 73686F72 		.ascii	"short int\000"
 558      7420696E 
 558      7400
 559              	.LASF21:
 560 01fd 75696E74 		.ascii	"uint8\000"
 560      3800
 561              	.LASF4:
 562 0203 6C6F6E67 		.ascii	"long int\000"
 562      20696E74 
 562      00
 563              	.LASF0:
 564 020c 7369676E 		.ascii	"signed char\000"
 564      65642063 
 564      68617200 
 565              		.ident	"GCC: (GNU Tools for ARM Embedded Processors) 4.9.3 20150303 (release) [ARM/embedded-4_9-br
