ARM GAS  C:\Users\hp\AppData\Local\Temp\cctvIh3k.s 			page 1


   1              		.syntax unified
   2              		.cpu cortex-m3
   3              		.fpu softvfp
   4              		.eabi_attribute 20, 1
   5              		.eabi_attribute 21, 1
   6              		.eabi_attribute 23, 3
   7              		.eabi_attribute 24, 1
   8              		.eabi_attribute 25, 1
   9              		.eabi_attribute 26, 1
  10              		.eabi_attribute 30, 6
  11              		.eabi_attribute 34, 1
  12              		.eabi_attribute 18, 4
  13              		.thumb
  14              		.file	"main.c"
  15              		.text
  16              	.Ltext0:
  17              		.cfi_sections	.debug_frame
  18              		.section	.text.main,"ax",%progbits
  19              		.align	2
  20              		.global	main
  21              		.thumb
  22              		.thumb_func
  23              		.type	main, %function
  24              	main:
  25              	.LFB63:
  26              		.file 1 ".\\main.c"
   1:.\main.c      **** /******************************************************************************
   2:.\main.c      **** * Project Name		: Blinking LED
   3:.\main.c      **** * File Name			: main.c
   4:.\main.c      **** * Version 			: 1.0
   5:.\main.c      **** * Device Used		: CY8C4245AXI-483
   6:.\main.c      **** * Software Used		: PSoC Creator 2.2 SP1
   7:.\main.c      **** * Compiler    		: ARMGCC 4.4.1, ARM RVDS Generic , ARM MDK Generic
   8:.\main.c      **** * Related Hardware	: CY8CKIT-042 PSoC 4 Pioneer Kit 
   9:.\main.c      **** *
  10:.\main.c      **** ********************************************************************************
  11:.\main.c      **** * Copyright (2013), Cypress Semiconductor Corporation. All Rights Reserved.
  12:.\main.c      **** ********************************************************************************
  13:.\main.c      **** * This software is owned by Cypress Semiconductor Corporation (Cypress)
  14:.\main.c      **** * and is protected by and subject to worldwide patent protection (United
  15:.\main.c      **** * States and foreign), United States copyright laws and international treaty
  16:.\main.c      **** * provisions. Cypress hereby grants to licensee a personal, non-exclusive,
  17:.\main.c      **** * non-transferable license to copy, use, modify, create derivative works of,
  18:.\main.c      **** * and compile the Cypress Source Code and derivative works for the sole
  19:.\main.c      **** * purpose of creating custom software in support of licensee product to be
  20:.\main.c      **** * used only in conjunction with a Cypress integrated circuit as specified in
  21:.\main.c      **** * the applicable agreement. Any reproduction, modification, translation,
  22:.\main.c      **** * compilation, or representation of this software except as specified above 
  23:.\main.c      **** * is prohibited without the express written permission of Cypress.
  24:.\main.c      **** *
  25:.\main.c      **** * Disclaimer: CYPRESS MAKES NO WARRANTY OF ANY KIND, EXPRESS OR IMPLIED, WITH 
  26:.\main.c      **** * REGARD TO THIS MATERIAL, INCLUDING, BUT NOT LIMITED TO, THE IMPLIED 
  27:.\main.c      **** * WARRANTIES OF MERCHANTABILITY AND FITNESS FOR A PARTICULAR PURPOSE.
  28:.\main.c      **** * Cypress reserves the right to make changes without further notice to the 
  29:.\main.c      **** * materials described herein. Cypress does not assume any liability arising out 
  30:.\main.c      **** * of the application or use of any product or circuit described herein. Cypress 
  31:.\main.c      **** * does not authorize its products for use as critical components in life-support 
ARM GAS  C:\Users\hp\AppData\Local\Temp\cctvIh3k.s 			page 2


  32:.\main.c      **** * systems where a malfunction or failure may reasonably be expected to result in 
  33:.\main.c      **** * significant injury to the user. The inclusion of Cypress' product in a life-
  34:.\main.c      **** * support systems application implies that the manufacturer assumes all risk of 
  35:.\main.c      **** * such use and in doing so indemnifies Cypress against all charges. 
  36:.\main.c      **** *
  37:.\main.c      **** * Use of this Software may be limited by and subject to the applicable Cypress
  38:.\main.c      **** * software license agreement. 
  39:.\main.c      **** *******************************************************************************/
  40:.\main.c      **** 
  41:.\main.c      **** /******************************************************************************
  42:.\main.c      **** *                           THEORY OF OPERATION
  43:.\main.c      **** * This is a blinking LED project. A PWM component drives the pin connected to 
  44:.\main.c      **** * the LED on the CY8CKIT-042 to blink the LED at regular intervals.
  45:.\main.c      **** *
  46:.\main.c      **** * Hardware connection on the Kit
  47:.\main.c      **** * Blue LED - P0[3]
  48:.\main.c      **** ******************************************************************************/
  49:.\main.c      **** #include <device.h>
  50:.\main.c      **** 
  51:.\main.c      **** void main()
  52:.\main.c      **** {
  27              		.loc 1 52 0
  28              		.cfi_startproc
  29              		@ args = 0, pretend = 0, frame = 0
  30              		@ frame_needed = 1, uses_anonymous_args = 0
  31 0000 80B5     		push	{r7, lr}
  32              		.cfi_def_cfa_offset 8
  33              		.cfi_offset 7, -8
  34              		.cfi_offset 14, -4
  35 0002 00AF     		add	r7, sp, #0
  36              		.cfi_def_cfa_register 7
  53:.\main.c      **** 	/* Start the Clock and PWM components. Clock can be started automatically 
  54:.\main.c      **** 	after reset by enabling “Start on Reset” in the Clocks tab of 
  55:.\main.c      **** 	Blinking LED.cydwr. We are doing this manually for instructive purpose. */
  56:.\main.c      ****     Clock_Start();
  37              		.loc 1 56 0
  38 0004 FFF7FEFF 		bl	Clock_Start
  57:.\main.c      **** 	PWM_Start();
  39              		.loc 1 57 0
  40 0008 FFF7FEFF 		bl	PWM_Start
  41              	.L2:
  58:.\main.c      ****     
  59:.\main.c      **** 	for(;;)
  60:.\main.c      ****     {
  61:.\main.c      ****         
  62:.\main.c      ****     }
  42              		.loc 1 62 0 discriminator 1
  43 000c FEE7     		b	.L2
  44              		.cfi_endproc
  45              	.LFE63:
  46              		.size	main, .-main
  47 000e 00BF     		.text
  48              	.Letext0:
  49              		.file 2 "c:\\program files (x86)\\cypress\\psoc creator\\3.3\\psoc creator\\import\\gnu\\arm\\4.9.
  50              		.file 3 "c:\\program files (x86)\\cypress\\psoc creator\\3.3\\psoc creator\\import\\gnu\\arm\\4.9.
  51              		.file 4 "Generated_Source\\PSoC5/core_cm3.h"
  52              		.section	.debug_info,"",%progbits
ARM GAS  C:\Users\hp\AppData\Local\Temp\cctvIh3k.s 			page 3


  53              	.Ldebug_info0:
  54 0000 BC000000 		.4byte	0xbc
  55 0004 0400     		.2byte	0x4
  56 0006 00000000 		.4byte	.Ldebug_abbrev0
  57 000a 04       		.byte	0x4
  58 000b 01       		.uleb128 0x1
  59 000c E6000000 		.4byte	.LASF15
  60 0010 01       		.byte	0x1
  61 0011 74010000 		.4byte	.LASF16
  62 0015 33000000 		.4byte	.LASF17
  63 0019 00000000 		.4byte	.Ldebug_ranges0+0
  64 001d 00000000 		.4byte	0
  65 0021 00000000 		.4byte	.Ldebug_line0
  66 0025 02       		.uleb128 0x2
  67 0026 01       		.byte	0x1
  68 0027 06       		.byte	0x6
  69 0028 91010000 		.4byte	.LASF0
  70 002c 02       		.uleb128 0x2
  71 002d 01       		.byte	0x1
  72 002e 08       		.byte	0x8
  73 002f CA000000 		.4byte	.LASF1
  74 0033 02       		.uleb128 0x2
  75 0034 02       		.byte	0x2
  76 0035 05       		.byte	0x5
  77 0036 AD010000 		.4byte	.LASF2
  78 003a 02       		.uleb128 0x2
  79 003b 02       		.byte	0x2
  80 003c 07       		.byte	0x7
  81 003d 0E000000 		.4byte	.LASF3
  82 0041 03       		.uleb128 0x3
  83 0042 9D010000 		.4byte	.LASF9
  84 0046 02       		.byte	0x2
  85 0047 3F       		.byte	0x3f
  86 0048 4C000000 		.4byte	0x4c
  87 004c 02       		.uleb128 0x2
  88 004d 04       		.byte	0x4
  89 004e 05       		.byte	0x5
  90 004f DD000000 		.4byte	.LASF4
  91 0053 02       		.uleb128 0x2
  92 0054 04       		.byte	0x4
  93 0055 07       		.byte	0x7
  94 0056 A1000000 		.4byte	.LASF5
  95 005a 02       		.uleb128 0x2
  96 005b 08       		.byte	0x8
  97 005c 05       		.byte	0x5
  98 005d 00000000 		.4byte	.LASF6
  99 0061 02       		.uleb128 0x2
 100 0062 08       		.byte	0x8
 101 0063 07       		.byte	0x7
 102 0064 B3000000 		.4byte	.LASF7
 103 0068 04       		.uleb128 0x4
 104 0069 04       		.byte	0x4
 105 006a 05       		.byte	0x5
 106 006b 696E7400 		.ascii	"int\000"
 107 006f 02       		.uleb128 0x2
 108 0070 04       		.byte	0x4
 109 0071 07       		.byte	0x7
ARM GAS  C:\Users\hp\AppData\Local\Temp\cctvIh3k.s 			page 4


 110 0072 21000000 		.4byte	.LASF8
 111 0076 03       		.uleb128 0x3
 112 0077 B7010000 		.4byte	.LASF10
 113 007b 03       		.byte	0x3
 114 007c 2C       		.byte	0x2c
 115 007d 41000000 		.4byte	0x41
 116 0081 02       		.uleb128 0x2
 117 0082 04       		.byte	0x4
 118 0083 04       		.byte	0x4
 119 0084 A7010000 		.4byte	.LASF11
 120 0088 02       		.uleb128 0x2
 121 0089 08       		.byte	0x8
 122 008a 04       		.byte	0x4
 123 008b 7D010000 		.4byte	.LASF12
 124 008f 02       		.uleb128 0x2
 125 0090 01       		.byte	0x1
 126 0091 08       		.byte	0x8
 127 0092 D8000000 		.4byte	.LASF13
 128 0096 02       		.uleb128 0x2
 129 0097 04       		.byte	0x4
 130 0098 07       		.byte	0x7
 131 0099 BF010000 		.4byte	.LASF14
 132 009d 05       		.uleb128 0x5
 133 009e 2E000000 		.4byte	.LASF18
 134 00a2 01       		.byte	0x1
 135 00a3 33       		.byte	0x33
 136 00a4 00000000 		.4byte	.LFB63
 137 00a8 0E000000 		.4byte	.LFE63-.LFB63
 138 00ac 01       		.uleb128 0x1
 139 00ad 9C       		.byte	0x9c
 140 00ae 06       		.uleb128 0x6
 141 00af 84010000 		.4byte	.LASF19
 142 00b3 04       		.byte	0x4
 143 00b4 2A06     		.2byte	0x62a
 144 00b6 BA000000 		.4byte	0xba
 145 00ba 07       		.uleb128 0x7
 146 00bb 76000000 		.4byte	0x76
 147 00bf 00       		.byte	0
 148              		.section	.debug_abbrev,"",%progbits
 149              	.Ldebug_abbrev0:
 150 0000 01       		.uleb128 0x1
 151 0001 11       		.uleb128 0x11
 152 0002 01       		.byte	0x1
 153 0003 25       		.uleb128 0x25
 154 0004 0E       		.uleb128 0xe
 155 0005 13       		.uleb128 0x13
 156 0006 0B       		.uleb128 0xb
 157 0007 03       		.uleb128 0x3
 158 0008 0E       		.uleb128 0xe
 159 0009 1B       		.uleb128 0x1b
 160 000a 0E       		.uleb128 0xe
 161 000b 55       		.uleb128 0x55
 162 000c 17       		.uleb128 0x17
 163 000d 11       		.uleb128 0x11
 164 000e 01       		.uleb128 0x1
 165 000f 10       		.uleb128 0x10
 166 0010 17       		.uleb128 0x17
ARM GAS  C:\Users\hp\AppData\Local\Temp\cctvIh3k.s 			page 5


 167 0011 00       		.byte	0
 168 0012 00       		.byte	0
 169 0013 02       		.uleb128 0x2
 170 0014 24       		.uleb128 0x24
 171 0015 00       		.byte	0
 172 0016 0B       		.uleb128 0xb
 173 0017 0B       		.uleb128 0xb
 174 0018 3E       		.uleb128 0x3e
 175 0019 0B       		.uleb128 0xb
 176 001a 03       		.uleb128 0x3
 177 001b 0E       		.uleb128 0xe
 178 001c 00       		.byte	0
 179 001d 00       		.byte	0
 180 001e 03       		.uleb128 0x3
 181 001f 16       		.uleb128 0x16
 182 0020 00       		.byte	0
 183 0021 03       		.uleb128 0x3
 184 0022 0E       		.uleb128 0xe
 185 0023 3A       		.uleb128 0x3a
 186 0024 0B       		.uleb128 0xb
 187 0025 3B       		.uleb128 0x3b
 188 0026 0B       		.uleb128 0xb
 189 0027 49       		.uleb128 0x49
 190 0028 13       		.uleb128 0x13
 191 0029 00       		.byte	0
 192 002a 00       		.byte	0
 193 002b 04       		.uleb128 0x4
 194 002c 24       		.uleb128 0x24
 195 002d 00       		.byte	0
 196 002e 0B       		.uleb128 0xb
 197 002f 0B       		.uleb128 0xb
 198 0030 3E       		.uleb128 0x3e
 199 0031 0B       		.uleb128 0xb
 200 0032 03       		.uleb128 0x3
 201 0033 08       		.uleb128 0x8
 202 0034 00       		.byte	0
 203 0035 00       		.byte	0
 204 0036 05       		.uleb128 0x5
 205 0037 2E       		.uleb128 0x2e
 206 0038 00       		.byte	0
 207 0039 3F       		.uleb128 0x3f
 208 003a 19       		.uleb128 0x19
 209 003b 03       		.uleb128 0x3
 210 003c 0E       		.uleb128 0xe
 211 003d 3A       		.uleb128 0x3a
 212 003e 0B       		.uleb128 0xb
 213 003f 3B       		.uleb128 0x3b
 214 0040 0B       		.uleb128 0xb
 215 0041 11       		.uleb128 0x11
 216 0042 01       		.uleb128 0x1
 217 0043 12       		.uleb128 0x12
 218 0044 06       		.uleb128 0x6
 219 0045 40       		.uleb128 0x40
 220 0046 18       		.uleb128 0x18
 221 0047 9642     		.uleb128 0x2116
 222 0049 19       		.uleb128 0x19
 223 004a 00       		.byte	0
ARM GAS  C:\Users\hp\AppData\Local\Temp\cctvIh3k.s 			page 6


 224 004b 00       		.byte	0
 225 004c 06       		.uleb128 0x6
 226 004d 34       		.uleb128 0x34
 227 004e 00       		.byte	0
 228 004f 03       		.uleb128 0x3
 229 0050 0E       		.uleb128 0xe
 230 0051 3A       		.uleb128 0x3a
 231 0052 0B       		.uleb128 0xb
 232 0053 3B       		.uleb128 0x3b
 233 0054 05       		.uleb128 0x5
 234 0055 49       		.uleb128 0x49
 235 0056 13       		.uleb128 0x13
 236 0057 3F       		.uleb128 0x3f
 237 0058 19       		.uleb128 0x19
 238 0059 3C       		.uleb128 0x3c
 239 005a 19       		.uleb128 0x19
 240 005b 00       		.byte	0
 241 005c 00       		.byte	0
 242 005d 07       		.uleb128 0x7
 243 005e 35       		.uleb128 0x35
 244 005f 00       		.byte	0
 245 0060 49       		.uleb128 0x49
 246 0061 13       		.uleb128 0x13
 247 0062 00       		.byte	0
 248 0063 00       		.byte	0
 249 0064 00       		.byte	0
 250              		.section	.debug_aranges,"",%progbits
 251 0000 1C000000 		.4byte	0x1c
 252 0004 0200     		.2byte	0x2
 253 0006 00000000 		.4byte	.Ldebug_info0
 254 000a 04       		.byte	0x4
 255 000b 00       		.byte	0
 256 000c 0000     		.2byte	0
 257 000e 0000     		.2byte	0
 258 0010 00000000 		.4byte	.LFB63
 259 0014 0E000000 		.4byte	.LFE63-.LFB63
 260 0018 00000000 		.4byte	0
 261 001c 00000000 		.4byte	0
 262              		.section	.debug_ranges,"",%progbits
 263              	.Ldebug_ranges0:
 264 0000 00000000 		.4byte	.LFB63
 265 0004 0E000000 		.4byte	.LFE63
 266 0008 00000000 		.4byte	0
 267 000c 00000000 		.4byte	0
 268              		.section	.debug_line,"",%progbits
 269              	.Ldebug_line0:
 270 0000 58010000 		.section	.debug_str,"MS",%progbits,1
 270      02003C01 
 270      00000201 
 270      FB0E0D00 
 270      01010101 
 271              	.LASF6:
 272 0000 6C6F6E67 		.ascii	"long long int\000"
 272      206C6F6E 
 272      6720696E 
 272      7400
 273              	.LASF3:
ARM GAS  C:\Users\hp\AppData\Local\Temp\cctvIh3k.s 			page 7


 274 000e 73686F72 		.ascii	"short unsigned int\000"
 274      7420756E 
 274      7369676E 
 274      65642069 
 274      6E7400
 275              	.LASF8:
 276 0021 756E7369 		.ascii	"unsigned int\000"
 276      676E6564 
 276      20696E74 
 276      00
 277              	.LASF18:
 278 002e 6D61696E 		.ascii	"main\000"
 278      00
 279              	.LASF17:
 280 0033 433A5C55 		.ascii	"C:\\Users\\hp\\Dropbox\\Privat\\__github\\FreeSoC2_"
 280      73657273 
 280      5C68705C 
 280      44726F70 
 280      626F785C 
 281 0060 656C656D 		.ascii	"element14_100_examples\\01_Simple-Blinking-LED\\Bli"
 281      656E7431 
 281      345F3130 
 281      305F6578 
 281      616D706C 
 282 0091 6E6B696E 		.ascii	"nking LED.cydsn\000"
 282      67204C45 
 282      442E6379 
 282      64736E00 
 283              	.LASF5:
 284 00a1 6C6F6E67 		.ascii	"long unsigned int\000"
 284      20756E73 
 284      69676E65 
 284      6420696E 
 284      7400
 285              	.LASF7:
 286 00b3 6C6F6E67 		.ascii	"long long unsigned int\000"
 286      206C6F6E 
 286      6720756E 
 286      7369676E 
 286      65642069 
 287              	.LASF1:
 288 00ca 756E7369 		.ascii	"unsigned char\000"
 288      676E6564 
 288      20636861 
 288      7200
 289              	.LASF13:
 290 00d8 63686172 		.ascii	"char\000"
 290      00
 291              	.LASF4:
 292 00dd 6C6F6E67 		.ascii	"long int\000"
 292      20696E74 
 292      00
 293              	.LASF15:
 294 00e6 474E5520 		.ascii	"GNU C 4.9.3 20150303 (release) [ARM/embedded-4_9-br"
 294      4320342E 
 294      392E3320 
 294      32303135 
ARM GAS  C:\Users\hp\AppData\Local\Temp\cctvIh3k.s 			page 8


 294      30333033 
 295 0119 616E6368 		.ascii	"anch revision 221220] -mcpu=cortex-m3 -mthumb -g -O"
 295      20726576 
 295      6973696F 
 295      6E203232 
 295      31323230 
 296 014c 30202D66 		.ascii	"0 -ffunction-sections -ffat-lto-objects\000"
 296      66756E63 
 296      74696F6E 
 296      2D736563 
 296      74696F6E 
 297              	.LASF16:
 298 0174 2E5C6D61 		.ascii	".\\main.c\000"
 298      696E2E63 
 298      00
 299              	.LASF12:
 300 017d 646F7562 		.ascii	"double\000"
 300      6C6500
 301              	.LASF19:
 302 0184 49544D5F 		.ascii	"ITM_RxBuffer\000"
 302      52784275 
 302      66666572 
 302      00
 303              	.LASF0:
 304 0191 7369676E 		.ascii	"signed char\000"
 304      65642063 
 304      68617200 
 305              	.LASF9:
 306 019d 5F5F696E 		.ascii	"__int32_t\000"
 306      7433325F 
 306      7400
 307              	.LASF11:
 308 01a7 666C6F61 		.ascii	"float\000"
 308      7400
 309              	.LASF2:
 310 01ad 73686F72 		.ascii	"short int\000"
 310      7420696E 
 310      7400
 311              	.LASF10:
 312 01b7 696E7433 		.ascii	"int32_t\000"
 312      325F7400 
 313              	.LASF14:
 314 01bf 73697A65 		.ascii	"sizetype\000"
 314      74797065 
 314      00
 315              		.ident	"GCC: (GNU Tools for ARM Embedded Processors) 4.9.3 20150303 (release) [ARM/embedded-4_9-br
