ARM GAS  C:\Users\gagan\AppData\Local\Temp\ccDO79Lp.s 			page 1


   1              		.cpu cortex-m0
   2              		.fpu softvfp
   3              		.eabi_attribute 20, 1
   4              		.eabi_attribute 21, 1
   5              		.eabi_attribute 23, 3
   6              		.eabi_attribute 24, 1
   7              		.eabi_attribute 25, 1
   8              		.eabi_attribute 26, 1
   9              		.eabi_attribute 30, 6
  10              		.eabi_attribute 18, 4
  11              		.code	16
  12              		.file	"CapSense_TunerHelper.c"
  13              		.section	.debug_abbrev,"",%progbits
  14              	.Ldebug_abbrev0:
  15              		.section	.debug_info,"",%progbits
  16              	.Ldebug_info0:
  17              		.section	.debug_line,"",%progbits
  18              	.Ldebug_line0:
  19 0000 71000000 		.text
  19      02004600 
  19      00000201 
  19      FB0E0D00 
  19      01010101 
  20              	.Ltext0:
  21              		.cfi_sections	.debug_frame
  22              		.section	.text.CapSense_TunerStart,"ax",%progbits
  23              		.align	2
  24              		.global	CapSense_TunerStart
  25              		.code	16
  26              		.thumb_func
  27              		.type	CapSense_TunerStart, %function
  28              	CapSense_TunerStart:
  29              	.LFB0:
  30              		.file 1 ".\\Generated_Source\\PSoC4\\CapSense_TunerHelper.c"
   1:.\Generated_Source\PSoC4/CapSense_TunerHelper.c **** /*******************************************************************************
   2:.\Generated_Source\PSoC4/CapSense_TunerHelper.c **** * File Name: CapSense_TunerHelper.c
   3:.\Generated_Source\PSoC4/CapSense_TunerHelper.c **** * Version 1.0
   4:.\Generated_Source\PSoC4/CapSense_TunerHelper.c **** *
   5:.\Generated_Source\PSoC4/CapSense_TunerHelper.c **** * Description:
   6:.\Generated_Source\PSoC4/CapSense_TunerHelper.c **** *  This file provides the source code of Tuner helper APIs for the CapSense CSD 
   7:.\Generated_Source\PSoC4/CapSense_TunerHelper.c **** *  component.
   8:.\Generated_Source\PSoC4/CapSense_TunerHelper.c **** *
   9:.\Generated_Source\PSoC4/CapSense_TunerHelper.c **** * Note:
  10:.\Generated_Source\PSoC4/CapSense_TunerHelper.c **** *
  11:.\Generated_Source\PSoC4/CapSense_TunerHelper.c **** ********************************************************************************
  12:.\Generated_Source\PSoC4/CapSense_TunerHelper.c **** * Copyright 2013, Cypress Semiconductor Corporation.  All rights reserved.
  13:.\Generated_Source\PSoC4/CapSense_TunerHelper.c **** * You may use this file only in accordance with the license, terms, conditions,
  14:.\Generated_Source\PSoC4/CapSense_TunerHelper.c **** * disclaimers, and limitations in the end user license agreement accompanying
  15:.\Generated_Source\PSoC4/CapSense_TunerHelper.c **** * the software package with which this file was provided.
  16:.\Generated_Source\PSoC4/CapSense_TunerHelper.c **** *******************************************************************************/
  17:.\Generated_Source\PSoC4/CapSense_TunerHelper.c **** 
  18:.\Generated_Source\PSoC4/CapSense_TunerHelper.c **** #include "CapSense_TunerHelper.h"
  19:.\Generated_Source\PSoC4/CapSense_TunerHelper.c **** 
  20:.\Generated_Source\PSoC4/CapSense_TunerHelper.c **** #if (CapSense_TUNER_API_GENERATE)
  21:.\Generated_Source\PSoC4/CapSense_TunerHelper.c ****     #include "CapSense_TunerIntf.h"
  22:.\Generated_Source\PSoC4/CapSense_TunerHelper.c **** 	#include "CapSense_TunerIntf_EZBUF_MODE.h"
  23:.\Generated_Source\PSoC4/CapSense_TunerHelper.c ****     
ARM GAS  C:\Users\gagan\AppData\Local\Temp\ccDO79Lp.s 			page 2


  24:.\Generated_Source\PSoC4/CapSense_TunerHelper.c ****     void CapSense_ProcessAllWidgets(volatile CapSense_OUTBOX *outbox);
  25:.\Generated_Source\PSoC4/CapSense_TunerHelper.c ****     
  26:.\Generated_Source\PSoC4/CapSense_TunerHelper.c ****     volatile CapSense_MAILBOXES CapSense_mailboxesComm;
  27:.\Generated_Source\PSoC4/CapSense_TunerHelper.c **** 
  28:.\Generated_Source\PSoC4/CapSense_TunerHelper.c ****     extern uint8 CapSense_SensorOnMask[(((CapSense_TOTAL_SENSOR_COUNT - 1u) / 8u) + 1u)];
  29:.\Generated_Source\PSoC4/CapSense_TunerHelper.c **** #endif  /* (CapSense_TUNER_API_GENERATE) */
  30:.\Generated_Source\PSoC4/CapSense_TunerHelper.c **** 
  31:.\Generated_Source\PSoC4/CapSense_TunerHelper.c **** 
  32:.\Generated_Source\PSoC4/CapSense_TunerHelper.c **** /*******************************************************************************
  33:.\Generated_Source\PSoC4/CapSense_TunerHelper.c **** * Function Name: CapSense_TunerStart
  34:.\Generated_Source\PSoC4/CapSense_TunerHelper.c **** ********************************************************************************
  35:.\Generated_Source\PSoC4/CapSense_TunerHelper.c **** *
  36:.\Generated_Source\PSoC4/CapSense_TunerHelper.c **** * Summary:
  37:.\Generated_Source\PSoC4/CapSense_TunerHelper.c **** *  Initializes CapSense CSD component and EzI2C communication componenet to use
  38:.\Generated_Source\PSoC4/CapSense_TunerHelper.c **** *  mailbox data structure for communication with Tuner GUI.
  39:.\Generated_Source\PSoC4/CapSense_TunerHelper.c **** *  Start the scanning, after initialization complete.
  40:.\Generated_Source\PSoC4/CapSense_TunerHelper.c **** *
  41:.\Generated_Source\PSoC4/CapSense_TunerHelper.c **** * Parameters:
  42:.\Generated_Source\PSoC4/CapSense_TunerHelper.c **** *  None
  43:.\Generated_Source\PSoC4/CapSense_TunerHelper.c **** *
  44:.\Generated_Source\PSoC4/CapSense_TunerHelper.c **** * Return:
  45:.\Generated_Source\PSoC4/CapSense_TunerHelper.c **** *  None
  46:.\Generated_Source\PSoC4/CapSense_TunerHelper.c **** *
  47:.\Generated_Source\PSoC4/CapSense_TunerHelper.c **** * Reentrant:
  48:.\Generated_Source\PSoC4/CapSense_TunerHelper.c **** *  No
  49:.\Generated_Source\PSoC4/CapSense_TunerHelper.c **** *
  50:.\Generated_Source\PSoC4/CapSense_TunerHelper.c **** *******************************************************************************/
  51:.\Generated_Source\PSoC4/CapSense_TunerHelper.c **** void CapSense_TunerStart(void)
  52:.\Generated_Source\PSoC4/CapSense_TunerHelper.c **** {
  31              		.loc 1 52 0
  32              		.cfi_startproc
  33 0000 80B5     		push	{r7, lr}
  34              	.LCFI0:
  35              		.cfi_def_cfa_offset 8
  36              		.cfi_offset 7, -8
  37              		.cfi_offset 14, -4
  38 0002 00AF     		add	r7, sp, #0
  39              	.LCFI1:
  40              		.cfi_def_cfa_register 7
  53:.\Generated_Source\PSoC4/CapSense_TunerHelper.c ****     #if (CapSense_TUNER_API_GENERATE)
  54:.\Generated_Source\PSoC4/CapSense_TunerHelper.c ****         
  55:.\Generated_Source\PSoC4/CapSense_TunerHelper.c ****         /* Init mbx and quick check */
  56:.\Generated_Source\PSoC4/CapSense_TunerHelper.c ****         CapSense_InitMailbox(&CapSense_mailboxesComm.csdMailbox);
  57:.\Generated_Source\PSoC4/CapSense_TunerHelper.c ****         CapSense_mailboxesComm.numMailBoxes = CapSense_DEFAULT_MAILBOXES_NUMBER;
  58:.\Generated_Source\PSoC4/CapSense_TunerHelper.c ****         
  59:.\Generated_Source\PSoC4/CapSense_TunerHelper.c ****         /* Start EzI2C, clears buf pointers */
  60:.\Generated_Source\PSoC4/CapSense_TunerHelper.c ****         CapSense_TunerIntf_Start(); 
  61:.\Generated_Source\PSoC4/CapSense_TunerHelper.c ****         
  62:.\Generated_Source\PSoC4/CapSense_TunerHelper.c ****         /* Start CapSense and baselines */
  63:.\Generated_Source\PSoC4/CapSense_TunerHelper.c ****         CapSense_Start();
  64:.\Generated_Source\PSoC4/CapSense_TunerHelper.c ****         
  65:.\Generated_Source\PSoC4/CapSense_TunerHelper.c ****         /* Initialize baselines */ 
  66:.\Generated_Source\PSoC4/CapSense_TunerHelper.c ****         CapSense_InitializeAllBaselines();
  67:.\Generated_Source\PSoC4/CapSense_TunerHelper.c ****         CapSense_InitializeAllBaselines();
  68:.\Generated_Source\PSoC4/CapSense_TunerHelper.c ****         
  69:.\Generated_Source\PSoC4/CapSense_TunerHelper.c ****         /* Starts scan all enabled sensors */
  70:.\Generated_Source\PSoC4/CapSense_TunerHelper.c ****         CapSense_ScanEnabledWidgets();
ARM GAS  C:\Users\gagan\AppData\Local\Temp\ccDO79Lp.s 			page 3


  71:.\Generated_Source\PSoC4/CapSense_TunerHelper.c ****     
  72:.\Generated_Source\PSoC4/CapSense_TunerHelper.c ****     #endif  /* (CapSense_TUNER_API_GENERATE) */
  73:.\Generated_Source\PSoC4/CapSense_TunerHelper.c **** }
  41              		.loc 1 73 0
  42 0004 BD46     		mov	sp, r7
  43              		@ sp needed for prologue
  44 0006 80BD     		pop	{r7, pc}
  45              		.cfi_endproc
  46              	.LFE0:
  47              		.size	CapSense_TunerStart, .-CapSense_TunerStart
  48              		.section	.text.CapSense_TunerComm,"ax",%progbits
  49              		.align	2
  50              		.global	CapSense_TunerComm
  51              		.code	16
  52              		.thumb_func
  53              		.type	CapSense_TunerComm, %function
  54              	CapSense_TunerComm:
  55              	.LFB1:
  74:.\Generated_Source\PSoC4/CapSense_TunerHelper.c **** 
  75:.\Generated_Source\PSoC4/CapSense_TunerHelper.c **** 
  76:.\Generated_Source\PSoC4/CapSense_TunerHelper.c **** /*******************************************************************************
  77:.\Generated_Source\PSoC4/CapSense_TunerHelper.c **** * Function Name: CapSense_TunerComm
  78:.\Generated_Source\PSoC4/CapSense_TunerHelper.c **** ********************************************************************************
  79:.\Generated_Source\PSoC4/CapSense_TunerHelper.c **** *
  80:.\Generated_Source\PSoC4/CapSense_TunerHelper.c **** * Summary:
  81:.\Generated_Source\PSoC4/CapSense_TunerHelper.c **** *  This function is blocking. It waits till scaning loop is completed and apply
  82:.\Generated_Source\PSoC4/CapSense_TunerHelper.c **** *  new parameters from Tuner GUI if available (manual tuning mode only). Updates
  83:.\Generated_Source\PSoC4/CapSense_TunerHelper.c **** *  enabled baselines and state of widgets. Waits while Tuner GUI reports that 
  84:.\Generated_Source\PSoC4/CapSense_TunerHelper.c **** *  content of mailbox could be modified. Then loads the report data into outbox 
  85:.\Generated_Source\PSoC4/CapSense_TunerHelper.c **** *  and sets the busy flag. Starts new scanning loop.
  86:.\Generated_Source\PSoC4/CapSense_TunerHelper.c **** *  
  87:.\Generated_Source\PSoC4/CapSense_TunerHelper.c **** * Parameters:
  88:.\Generated_Source\PSoC4/CapSense_TunerHelper.c **** *  None
  89:.\Generated_Source\PSoC4/CapSense_TunerHelper.c **** *
  90:.\Generated_Source\PSoC4/CapSense_TunerHelper.c **** * Return:
  91:.\Generated_Source\PSoC4/CapSense_TunerHelper.c **** *  None
  92:.\Generated_Source\PSoC4/CapSense_TunerHelper.c **** *
  93:.\Generated_Source\PSoC4/CapSense_TunerHelper.c **** * Reentrant:
  94:.\Generated_Source\PSoC4/CapSense_TunerHelper.c **** *  No
  95:.\Generated_Source\PSoC4/CapSense_TunerHelper.c **** *
  96:.\Generated_Source\PSoC4/CapSense_TunerHelper.c **** *******************************************************************************/
  97:.\Generated_Source\PSoC4/CapSense_TunerHelper.c **** void CapSense_TunerComm(void)
  98:.\Generated_Source\PSoC4/CapSense_TunerHelper.c **** {   
  56              		.loc 1 98 0
  57              		.cfi_startproc
  58 0000 80B5     		push	{r7, lr}
  59              	.LCFI2:
  60              		.cfi_def_cfa_offset 8
  61              		.cfi_offset 7, -8
  62              		.cfi_offset 14, -4
  63 0002 00AF     		add	r7, sp, #0
  64              	.LCFI3:
  65              		.cfi_def_cfa_register 7
  99:.\Generated_Source\PSoC4/CapSense_TunerHelper.c ****     #if (CapSense_TUNER_API_GENERATE)
 100:.\Generated_Source\PSoC4/CapSense_TunerHelper.c ****             
 101:.\Generated_Source\PSoC4/CapSense_TunerHelper.c ****         if (0u == CapSense_IsBusy())
 102:.\Generated_Source\PSoC4/CapSense_TunerHelper.c ****         {	
ARM GAS  C:\Users\gagan\AppData\Local\Temp\ccDO79Lp.s 			page 4


 103:.\Generated_Source\PSoC4/CapSense_TunerHelper.c ****             
 104:.\Generated_Source\PSoC4/CapSense_TunerHelper.c ****             CapSense_TunerIntf_EzBufWriteByte((uint32)0u, 0);
 105:.\Generated_Source\PSoC4/CapSense_TunerHelper.c ****             
 106:.\Generated_Source\PSoC4/CapSense_TunerHelper.c ****             CapSense_ProcessAllWidgets(&CapSense_mailboxesComm.csdMailbox.outbox);
 107:.\Generated_Source\PSoC4/CapSense_TunerHelper.c ****             CapSense_PostMessage(&CapSense_mailboxesComm.csdMailbox);
 108:.\Generated_Source\PSoC4/CapSense_TunerHelper.c ****             
 109:.\Generated_Source\PSoC4/CapSense_TunerHelper.c ****             do{
 110:.\Generated_Source\PSoC4/CapSense_TunerHelper.c ****                 CapSense_ClearCommand(CapSense_RESEND_REQ);
 111:.\Generated_Source\PSoC4/CapSense_TunerHelper.c ****                 CapSense_TxData(&CapSense_mailboxesComm.csdMailbox.outbox);
 112:.\Generated_Source\PSoC4/CapSense_TunerHelper.c ****             }while(CapSense_RESEND_REQ & CapSense_ReadCommand());
 113:.\Generated_Source\PSoC4/CapSense_TunerHelper.c ****             
 114:.\Generated_Source\PSoC4/CapSense_TunerHelper.c ****         #if (CapSense_TUNING_METHOD == CapSense_MANUAL_TUNING)
 115:.\Generated_Source\PSoC4/CapSense_TunerHelper.c **** 				if(CapSense_HAVE_MSG & CapSense_ReadCommand())
 116:.\Generated_Source\PSoC4/CapSense_TunerHelper.c **** 				{
 117:.\Generated_Source\PSoC4/CapSense_TunerHelper.c **** 					CapSense_ClearCommand(CapSense_HAVE_MSG);
 118:.\Generated_Source\PSoC4/CapSense_TunerHelper.c **** 					CapSense_RxData(&CapSense_mailboxesComm.csdMailbox.inbox);
 119:.\Generated_Source\PSoC4/CapSense_TunerHelper.c ****                 	CapSense_ReadMessage(&CapSense_mailboxesComm.csdMailbox);
 120:.\Generated_Source\PSoC4/CapSense_TunerHelper.c **** 				}
 121:.\Generated_Source\PSoC4/CapSense_TunerHelper.c ****         #endif  /* (CapSense_TUNING_METHOD == CapSense_MANUAL_TUNING) */
 122:.\Generated_Source\PSoC4/CapSense_TunerHelper.c **** 		
 123:.\Generated_Source\PSoC4/CapSense_TunerHelper.c **** 	    /* Update all baselines and process all widgets */
 124:.\Generated_Source\PSoC4/CapSense_TunerHelper.c ****         CapSense_UpdateEnabledBaselines();
 125:.\Generated_Source\PSoC4/CapSense_TunerHelper.c **** 		
 126:.\Generated_Source\PSoC4/CapSense_TunerHelper.c ****         /* Start scan all sensors */
 127:.\Generated_Source\PSoC4/CapSense_TunerHelper.c ****         CapSense_ScanEnabledWidgets();
 128:.\Generated_Source\PSoC4/CapSense_TunerHelper.c **** 		
 129:.\Generated_Source\PSoC4/CapSense_TunerHelper.c ****         }
 130:.\Generated_Source\PSoC4/CapSense_TunerHelper.c ****         
 131:.\Generated_Source\PSoC4/CapSense_TunerHelper.c ****     #endif /* (CapSense_TUNER_API_GENERATE) */
 132:.\Generated_Source\PSoC4/CapSense_TunerHelper.c ****     
 133:.\Generated_Source\PSoC4/CapSense_TunerHelper.c **** }
  66              		.loc 1 133 0
  67 0004 BD46     		mov	sp, r7
  68              		@ sp needed for prologue
  69 0006 80BD     		pop	{r7, pc}
  70              		.cfi_endproc
  71              	.LFE1:
  72              		.size	CapSense_TunerComm, .-CapSense_TunerComm
  73              		.text
  74              	.Letext0:
  75              		.section	.debug_loc,"",%progbits
  76              	.Ldebug_loc0:
  77              	.LLST0:
  78 0000 00000000 		.4byte	.LFB0
  79 0004 02000000 		.4byte	.LCFI0
  80 0008 0100     		.2byte	0x1
  81 000a 5D       		.byte	0x5d
  82 000b 02000000 		.4byte	.LCFI0
  83 000f 04000000 		.4byte	.LCFI1
  84 0013 0200     		.2byte	0x2
  85 0015 7D       		.byte	0x7d
  86 0016 08       		.sleb128 8
  87 0017 04000000 		.4byte	.LCFI1
  88 001b 08000000 		.4byte	.LFE0
  89 001f 0200     		.2byte	0x2
  90 0021 77       		.byte	0x77
  91 0022 08       		.sleb128 8
ARM GAS  C:\Users\gagan\AppData\Local\Temp\ccDO79Lp.s 			page 5


  92 0023 00000000 		.4byte	0x0
  93 0027 00000000 		.4byte	0x0
  94              	.LLST1:
  95 002b 00000000 		.4byte	.LFB1
  96 002f 02000000 		.4byte	.LCFI2
  97 0033 0100     		.2byte	0x1
  98 0035 5D       		.byte	0x5d
  99 0036 02000000 		.4byte	.LCFI2
 100 003a 04000000 		.4byte	.LCFI3
 101 003e 0200     		.2byte	0x2
 102 0040 7D       		.byte	0x7d
 103 0041 08       		.sleb128 8
 104 0042 04000000 		.4byte	.LCFI3
 105 0046 08000000 		.4byte	.LFE1
 106 004a 0200     		.2byte	0x2
 107 004c 77       		.byte	0x77
 108 004d 08       		.sleb128 8
 109 004e 00000000 		.4byte	0x0
 110 0052 00000000 		.4byte	0x0
 111              		.section	.debug_info
 112 0000 AE000000 		.4byte	0xae
 113 0004 0200     		.2byte	0x2
 114 0006 00000000 		.4byte	.Ldebug_abbrev0
 115 000a 04       		.byte	0x4
 116 000b 01       		.uleb128 0x1
 117 000c 74000000 		.4byte	.LASF14
 118 0010 01       		.byte	0x1
 119 0011 1B000000 		.4byte	.LASF15
 120 0015 E4000000 		.4byte	.LASF16
 121 0019 00000000 		.4byte	0x0
 122 001d 00000000 		.4byte	0x0
 123 0021 00000000 		.4byte	.Ldebug_ranges0+0x0
 124 0025 00000000 		.4byte	.Ldebug_line0
 125 0029 02       		.uleb128 0x2
 126 002a 01       		.byte	0x1
 127 002b 06       		.byte	0x6
 128 002c D8000000 		.4byte	.LASF0
 129 0030 02       		.uleb128 0x2
 130 0031 01       		.byte	0x1
 131 0032 08       		.byte	0x8
 132 0033 80000000 		.4byte	.LASF1
 133 0037 02       		.uleb128 0x2
 134 0038 02       		.byte	0x2
 135 0039 05       		.byte	0x5
 136 003a 19010000 		.4byte	.LASF2
 137 003e 02       		.uleb128 0x2
 138 003f 02       		.byte	0x2
 139 0040 07       		.byte	0x7
 140 0041 C5000000 		.4byte	.LASF3
 141 0045 02       		.uleb128 0x2
 142 0046 04       		.byte	0x4
 143 0047 05       		.byte	0x5
 144 0048 A1000000 		.4byte	.LASF4
 145 004c 02       		.uleb128 0x2
 146 004d 04       		.byte	0x4
 147 004e 07       		.byte	0x7
 148 004f 4B000000 		.4byte	.LASF5
ARM GAS  C:\Users\gagan\AppData\Local\Temp\ccDO79Lp.s 			page 6


 149 0053 02       		.uleb128 0x2
 150 0054 08       		.byte	0x8
 151 0055 05       		.byte	0x5
 152 0056 00000000 		.4byte	.LASF6
 153 005a 02       		.uleb128 0x2
 154 005b 08       		.byte	0x8
 155 005c 07       		.byte	0x7
 156 005d 5D000000 		.4byte	.LASF7
 157 0061 03       		.uleb128 0x3
 158 0062 04       		.byte	0x4
 159 0063 05       		.byte	0x5
 160 0064 696E7400 		.ascii	"int\000"
 161 0068 02       		.uleb128 0x2
 162 0069 04       		.byte	0x4
 163 006a 07       		.byte	0x7
 164 006b 0E000000 		.4byte	.LASF8
 165 006f 02       		.uleb128 0x2
 166 0070 04       		.byte	0x4
 167 0071 04       		.byte	0x4
 168 0072 13010000 		.4byte	.LASF9
 169 0076 02       		.uleb128 0x2
 170 0077 08       		.byte	0x8
 171 0078 04       		.byte	0x4
 172 0079 BE000000 		.4byte	.LASF10
 173 007d 02       		.uleb128 0x2
 174 007e 01       		.byte	0x1
 175 007f 08       		.byte	0x8
 176 0080 23010000 		.4byte	.LASF11
 177 0084 04       		.uleb128 0x4
 178 0085 04       		.byte	0x4
 179 0086 07       		.byte	0x7
 180 0087 05       		.uleb128 0x5
 181 0088 01       		.byte	0x1
 182 0089 AA000000 		.4byte	.LASF12
 183 008d 01       		.byte	0x1
 184 008e 33       		.byte	0x33
 185 008f 01       		.byte	0x1
 186 0090 00000000 		.4byte	.LFB0
 187 0094 08000000 		.4byte	.LFE0
 188 0098 00000000 		.4byte	.LLST0
 189 009c 05       		.uleb128 0x5
 190 009d 01       		.byte	0x1
 191 009e 8E000000 		.4byte	.LASF13
 192 00a2 01       		.byte	0x1
 193 00a3 61       		.byte	0x61
 194 00a4 01       		.byte	0x1
 195 00a5 00000000 		.4byte	.LFB1
 196 00a9 08000000 		.4byte	.LFE1
 197 00ad 2B000000 		.4byte	.LLST1
 198 00b1 00       		.byte	0x0
 199              		.section	.debug_abbrev
 200 0000 01       		.uleb128 0x1
 201 0001 11       		.uleb128 0x11
 202 0002 01       		.byte	0x1
 203 0003 25       		.uleb128 0x25
 204 0004 0E       		.uleb128 0xe
 205 0005 13       		.uleb128 0x13
ARM GAS  C:\Users\gagan\AppData\Local\Temp\ccDO79Lp.s 			page 7


 206 0006 0B       		.uleb128 0xb
 207 0007 03       		.uleb128 0x3
 208 0008 0E       		.uleb128 0xe
 209 0009 1B       		.uleb128 0x1b
 210 000a 0E       		.uleb128 0xe
 211 000b 11       		.uleb128 0x11
 212 000c 01       		.uleb128 0x1
 213 000d 52       		.uleb128 0x52
 214 000e 01       		.uleb128 0x1
 215 000f 55       		.uleb128 0x55
 216 0010 06       		.uleb128 0x6
 217 0011 10       		.uleb128 0x10
 218 0012 06       		.uleb128 0x6
 219 0013 00       		.byte	0x0
 220 0014 00       		.byte	0x0
 221 0015 02       		.uleb128 0x2
 222 0016 24       		.uleb128 0x24
 223 0017 00       		.byte	0x0
 224 0018 0B       		.uleb128 0xb
 225 0019 0B       		.uleb128 0xb
 226 001a 3E       		.uleb128 0x3e
 227 001b 0B       		.uleb128 0xb
 228 001c 03       		.uleb128 0x3
 229 001d 0E       		.uleb128 0xe
 230 001e 00       		.byte	0x0
 231 001f 00       		.byte	0x0
 232 0020 03       		.uleb128 0x3
 233 0021 24       		.uleb128 0x24
 234 0022 00       		.byte	0x0
 235 0023 0B       		.uleb128 0xb
 236 0024 0B       		.uleb128 0xb
 237 0025 3E       		.uleb128 0x3e
 238 0026 0B       		.uleb128 0xb
 239 0027 03       		.uleb128 0x3
 240 0028 08       		.uleb128 0x8
 241 0029 00       		.byte	0x0
 242 002a 00       		.byte	0x0
 243 002b 04       		.uleb128 0x4
 244 002c 24       		.uleb128 0x24
 245 002d 00       		.byte	0x0
 246 002e 0B       		.uleb128 0xb
 247 002f 0B       		.uleb128 0xb
 248 0030 3E       		.uleb128 0x3e
 249 0031 0B       		.uleb128 0xb
 250 0032 00       		.byte	0x0
 251 0033 00       		.byte	0x0
 252 0034 05       		.uleb128 0x5
 253 0035 2E       		.uleb128 0x2e
 254 0036 00       		.byte	0x0
 255 0037 3F       		.uleb128 0x3f
 256 0038 0C       		.uleb128 0xc
 257 0039 03       		.uleb128 0x3
 258 003a 0E       		.uleb128 0xe
 259 003b 3A       		.uleb128 0x3a
 260 003c 0B       		.uleb128 0xb
 261 003d 3B       		.uleb128 0x3b
 262 003e 0B       		.uleb128 0xb
ARM GAS  C:\Users\gagan\AppData\Local\Temp\ccDO79Lp.s 			page 8


 263 003f 27       		.uleb128 0x27
 264 0040 0C       		.uleb128 0xc
 265 0041 11       		.uleb128 0x11
 266 0042 01       		.uleb128 0x1
 267 0043 12       		.uleb128 0x12
 268 0044 01       		.uleb128 0x1
 269 0045 40       		.uleb128 0x40
 270 0046 06       		.uleb128 0x6
 271 0047 00       		.byte	0x0
 272 0048 00       		.byte	0x0
 273 0049 00       		.byte	0x0
 274              		.section	.debug_pubnames,"",%progbits
 275 0000 3D000000 		.4byte	0x3d
 276 0004 0200     		.2byte	0x2
 277 0006 00000000 		.4byte	.Ldebug_info0
 278 000a B2000000 		.4byte	0xb2
 279 000e 87000000 		.4byte	0x87
 280 0012 43617053 		.ascii	"CapSense_TunerStart\000"
 280      656E7365 
 280      5F54756E 
 280      65725374 
 280      61727400 
 281 0026 9C000000 		.4byte	0x9c
 282 002a 43617053 		.ascii	"CapSense_TunerComm\000"
 282      656E7365 
 282      5F54756E 
 282      6572436F 
 282      6D6D00
 283 003d 00000000 		.4byte	0x0
 284              		.section	.debug_aranges,"",%progbits
 285 0000 24000000 		.4byte	0x24
 286 0004 0200     		.2byte	0x2
 287 0006 00000000 		.4byte	.Ldebug_info0
 288 000a 04       		.byte	0x4
 289 000b 00       		.byte	0x0
 290 000c 0000     		.2byte	0x0
 291 000e 0000     		.2byte	0x0
 292 0010 00000000 		.4byte	.LFB0
 293 0014 08000000 		.4byte	.LFE0-.LFB0
 294 0018 00000000 		.4byte	.LFB1
 295 001c 08000000 		.4byte	.LFE1-.LFB1
 296 0020 00000000 		.4byte	0x0
 297 0024 00000000 		.4byte	0x0
 298              		.section	.debug_ranges,"",%progbits
 299              	.Ldebug_ranges0:
 300 0000 00000000 		.4byte	.Ltext0
 301 0004 00000000 		.4byte	.Letext0
 302 0008 00000000 		.4byte	.LFB0
 303 000c 08000000 		.4byte	.LFE0
 304 0010 00000000 		.4byte	.LFB1
 305 0014 08000000 		.4byte	.LFE1
 306 0018 00000000 		.4byte	0x0
 307 001c 00000000 		.4byte	0x0
 308              		.section	.debug_str,"MS",%progbits,1
 309              	.LASF6:
 310 0000 6C6F6E67 		.ascii	"long long int\000"
 310      206C6F6E 
ARM GAS  C:\Users\gagan\AppData\Local\Temp\ccDO79Lp.s 			page 9


 310      6720696E 
 310      7400
 311              	.LASF8:
 312 000e 756E7369 		.ascii	"unsigned int\000"
 312      676E6564 
 312      20696E74 
 312      00
 313              	.LASF15:
 314 001b 2E5C4765 		.ascii	".\\Generated_Source\\PSoC4\\CapSense_TunerHelper.c\000"
 314      6E657261 
 314      7465645F 
 314      536F7572 
 314      63655C50 
 315              	.LASF5:
 316 004b 6C6F6E67 		.ascii	"long unsigned int\000"
 316      20756E73 
 316      69676E65 
 316      6420696E 
 316      7400
 317              	.LASF7:
 318 005d 6C6F6E67 		.ascii	"long long unsigned int\000"
 318      206C6F6E 
 318      6720756E 
 318      7369676E 
 318      65642069 
 319              	.LASF14:
 320 0074 474E5520 		.ascii	"GNU C 4.4.1\000"
 320      4320342E 
 320      342E3100 
 321              	.LASF1:
 322 0080 756E7369 		.ascii	"unsigned char\000"
 322      676E6564 
 322      20636861 
 322      7200
 323              	.LASF13:
 324 008e 43617053 		.ascii	"CapSense_TunerComm\000"
 324      656E7365 
 324      5F54756E 
 324      6572436F 
 324      6D6D00
 325              	.LASF4:
 326 00a1 6C6F6E67 		.ascii	"long int\000"
 326      20696E74 
 326      00
 327              	.LASF12:
 328 00aa 43617053 		.ascii	"CapSense_TunerStart\000"
 328      656E7365 
 328      5F54756E 
 328      65725374 
 328      61727400 
 329              	.LASF10:
 330 00be 646F7562 		.ascii	"double\000"
 330      6C6500
 331              	.LASF3:
 332 00c5 73686F72 		.ascii	"short unsigned int\000"
 332      7420756E 
 332      7369676E 
ARM GAS  C:\Users\gagan\AppData\Local\Temp\ccDO79Lp.s 			page 10


 332      65642069 
 332      6E7400
 333              	.LASF0:
 334 00d8 7369676E 		.ascii	"signed char\000"
 334      65642063 
 334      68617200 
 335              	.LASF16:
 336 00e4 433A5C55 		.ascii	"C:\\Users\\gagan\\Desktop\\CapSense\\CapSense.cydsn"
 336      73657273 
 336      5C676167 
 336      616E5C44 
 336      65736B74 
 337 0112 00       		.ascii	"\000"
 338              	.LASF9:
 339 0113 666C6F61 		.ascii	"float\000"
 339      7400
 340              	.LASF2:
 341 0119 73686F72 		.ascii	"short int\000"
 341      7420696E 
 341      7400
 342              	.LASF11:
 343 0123 63686172 		.ascii	"char\000"
 343      00
 344              		.ident	"GCC: (Sourcery G++ Lite 2010q1-188) 4.4.1"
