ARM GAS  C:\Users\gagan\AppData\Local\Temp\ccPiqLYj.s 			page 1


   1              		.cpu cortex-m0
   2              		.fpu softvfp
   3              		.eabi_attribute 20, 1
   4              		.eabi_attribute 21, 1
   5              		.eabi_attribute 23, 3
   6              		.eabi_attribute 24, 1
   7              		.eabi_attribute 25, 1
   8              		.eabi_attribute 26, 1
   9              		.eabi_attribute 30, 6
  10              		.eabi_attribute 18, 4
  11              		.code	16
  12              		.file	"CapSense_INT.c"
  13              		.section	.debug_abbrev,"",%progbits
  14              	.Ldebug_abbrev0:
  15              		.section	.debug_info,"",%progbits
  16              	.Ldebug_info0:
  17              		.section	.debug_line,"",%progbits
  18              	.Ldebug_line0:
  19 0000 86000000 		.text
  19      02006500 
  19      00000201 
  19      FB0E0D00 
  19      01010101 
  20              	.Ltext0:
  21              		.cfi_sections	.debug_frame
  22              		.section	.text.CapSense_ISR,"ax",%progbits
  23              		.align	2
  24              		.global	CapSense_ISR
  25              		.code	16
  26              		.thumb_func
  27              		.type	CapSense_ISR, %function
  28              	CapSense_ISR:
  29              	.LFB0:
  30              		.file 1 ".\\Generated_Source\\PSoC4\\CapSense_INT.c"
   1:.\Generated_Source\PSoC4/CapSense_INT.c **** /*******************************************************************************
   2:.\Generated_Source\PSoC4/CapSense_INT.c **** * File Name: CapSense_INT.c
   3:.\Generated_Source\PSoC4/CapSense_INT.c **** * Version 1.0
   4:.\Generated_Source\PSoC4/CapSense_INT.c **** *
   5:.\Generated_Source\PSoC4/CapSense_INT.c **** * Description:
   6:.\Generated_Source\PSoC4/CapSense_INT.c **** *  This file provides the source code of Interrupt Service Routine (ISR)
   7:.\Generated_Source\PSoC4/CapSense_INT.c **** *  for CapSense CSD component.
   8:.\Generated_Source\PSoC4/CapSense_INT.c **** *
   9:.\Generated_Source\PSoC4/CapSense_INT.c **** * Note:
  10:.\Generated_Source\PSoC4/CapSense_INT.c **** *
  11:.\Generated_Source\PSoC4/CapSense_INT.c **** ********************************************************************************
  12:.\Generated_Source\PSoC4/CapSense_INT.c **** * Copyright 2013, Cypress Semiconductor Corporation.  All rights reserved.
  13:.\Generated_Source\PSoC4/CapSense_INT.c **** * You may use this file only in accordance with the license, terms, conditions,
  14:.\Generated_Source\PSoC4/CapSense_INT.c **** * disclaimers, and limitations in the end user license agreement accompanying
  15:.\Generated_Source\PSoC4/CapSense_INT.c **** * the software package with which this file was provided.
  16:.\Generated_Source\PSoC4/CapSense_INT.c **** *******************************************************************************/
  17:.\Generated_Source\PSoC4/CapSense_INT.c **** 
  18:.\Generated_Source\PSoC4/CapSense_INT.c **** #include "CapSense.h"
  19:.\Generated_Source\PSoC4/CapSense_INT.c **** 
  20:.\Generated_Source\PSoC4/CapSense_INT.c **** /*******************************************************************************
  21:.\Generated_Source\PSoC4/CapSense_INT.c **** *  Place your includes, defines and code here 
  22:.\Generated_Source\PSoC4/CapSense_INT.c **** ********************************************************************************/
  23:.\Generated_Source\PSoC4/CapSense_INT.c **** /* `#START CapSense_IsrCH_ISR_intc` */
ARM GAS  C:\Users\gagan\AppData\Local\Temp\ccPiqLYj.s 			page 2


  24:.\Generated_Source\PSoC4/CapSense_INT.c **** 
  25:.\Generated_Source\PSoC4/CapSense_INT.c **** /* `#END` */
  26:.\Generated_Source\PSoC4/CapSense_INT.c **** 
  27:.\Generated_Source\PSoC4/CapSense_INT.c **** /* Extern functions declarations, Start and Compete the scan */
  28:.\Generated_Source\PSoC4/CapSense_INT.c **** extern void CapSense_PreScan(uint8 sensor);
  29:.\Generated_Source\PSoC4/CapSense_INT.c **** extern void CapSense_PostScan(uint8 sensor);
  30:.\Generated_Source\PSoC4/CapSense_INT.c **** 
  31:.\Generated_Source\PSoC4/CapSense_INT.c **** extern uint8 CapSense_FindNextSensor(uint8 snsIndex);
  32:.\Generated_Source\PSoC4/CapSense_INT.c ****  
  33:.\Generated_Source\PSoC4/CapSense_INT.c **** /* Global variables and arrays */
  34:.\Generated_Source\PSoC4/CapSense_INT.c **** extern volatile uint8 CapSense_csv;
  35:.\Generated_Source\PSoC4/CapSense_INT.c **** extern volatile uint8 CapSense_sensorIndex;
  36:.\Generated_Source\PSoC4/CapSense_INT.c **** 
  37:.\Generated_Source\PSoC4/CapSense_INT.c **** 
  38:.\Generated_Source\PSoC4/CapSense_INT.c **** /*******************************************************************************
  39:.\Generated_Source\PSoC4/CapSense_INT.c **** * Function Name: CapSense_ISR
  40:.\Generated_Source\PSoC4/CapSense_INT.c **** ********************************************************************************
  41:.\Generated_Source\PSoC4/CapSense_INT.c **** *
  42:.\Generated_Source\PSoC4/CapSense_INT.c **** * Summary:
  43:.\Generated_Source\PSoC4/CapSense_INT.c **** *  This ISR is executed when measure window is closed. The measure window 
  44:.\Generated_Source\PSoC4/CapSense_INT.c **** *  depends on scan resolution parameter of sensor. 
  45:.\Generated_Source\PSoC4/CapSense_INT.c **** *  The ISR has two modes: 
  46:.\Generated_Source\PSoC4/CapSense_INT.c **** *   1. Scans single sensor and stores measure result.
  47:.\Generated_Source\PSoC4/CapSense_INT.c **** *   2. Stores result of current measure and starts next scan till all 
  48:.\Generated_Source\PSoC4/CapSense_INT.c **** *      enabled sensors will be scanned.
  49:.\Generated_Source\PSoC4/CapSense_INT.c **** *  This interrupt handler only used in one channel designs.
  50:.\Generated_Source\PSoC4/CapSense_INT.c **** *
  51:.\Generated_Source\PSoC4/CapSense_INT.c **** * Parameters:
  52:.\Generated_Source\PSoC4/CapSense_INT.c **** *  None
  53:.\Generated_Source\PSoC4/CapSense_INT.c **** *
  54:.\Generated_Source\PSoC4/CapSense_INT.c **** * Return:
  55:.\Generated_Source\PSoC4/CapSense_INT.c **** *  None
  56:.\Generated_Source\PSoC4/CapSense_INT.c **** *
  57:.\Generated_Source\PSoC4/CapSense_INT.c **** * Global Variables:
  58:.\Generated_Source\PSoC4/CapSense_INT.c **** *  CapSense_csv - used to provide status and mode of scanning process.
  59:.\Generated_Source\PSoC4/CapSense_INT.c **** *   Mode - single scan or scan of all enabled sensors.
  60:.\Generated_Source\PSoC4/CapSense_INT.c **** *   Status - scan in progress or ready for new scan.
  61:.\Generated_Source\PSoC4/CapSense_INT.c **** *  CapSense_sensorIndex - used to store sensor scanning sensor number.
  62:.\Generated_Source\PSoC4/CapSense_INT.c **** *
  63:.\Generated_Source\PSoC4/CapSense_INT.c **** * Reentrant:
  64:.\Generated_Source\PSoC4/CapSense_INT.c **** *  No
  65:.\Generated_Source\PSoC4/CapSense_INT.c **** *
  66:.\Generated_Source\PSoC4/CapSense_INT.c **** *******************************************************************************/
  67:.\Generated_Source\PSoC4/CapSense_INT.c **** CY_ISR(CapSense_ISR)
  68:.\Generated_Source\PSoC4/CapSense_INT.c **** {
  31              		.loc 1 68 0
  32              		.cfi_startproc
  33 0000 80B5     		push	{r7, lr}
  34              	.LCFI0:
  35              		.cfi_def_cfa_offset 8
  36              		.cfi_offset 7, -8
  37              		.cfi_offset 14, -4
  38 0002 82B0     		sub	sp, sp, #8
  39              	.LCFI1:
  40              		.cfi_def_cfa_offset 16
  41 0004 00AF     		add	r7, sp, #0
  42              	.LCFI2:
ARM GAS  C:\Users\gagan\AppData\Local\Temp\ccPiqLYj.s 			page 3


  43              		.cfi_def_cfa_register 7
  69:.\Generated_Source\PSoC4/CapSense_INT.c ****     uint8 interruptState;
  70:.\Generated_Source\PSoC4/CapSense_INT.c ****     
  71:.\Generated_Source\PSoC4/CapSense_INT.c ****     interruptState = CyEnterCriticalSection();
  44              		.loc 1 71 0
  45 0006 FFF7FEFF 		bl	CyEnterCriticalSection
  46 000a 031C     		mov	r3, r0
  47 000c 1A1C     		mov	r2, r3
  48 000e FB1D     		add	r3, r7, #7
  49 0010 1A70     		strb	r2, [r3]
  72:.\Generated_Source\PSoC4/CapSense_INT.c ****     
  73:.\Generated_Source\PSoC4/CapSense_INT.c ****     CapSense_CSD_INTR_REG = 1u;
  50              		.loc 1 73 0
  51 0012 1E4B     		ldr	r3, .L6
  52 0014 0122     		mov	r2, #1
  53 0016 1A60     		str	r2, [r3]
  74:.\Generated_Source\PSoC4/CapSense_INT.c ****     /*  Place your Interrupt code here. */
  75:.\Generated_Source\PSoC4/CapSense_INT.c ****     /* `#START CapSense_ONE_CHANNEL_IsrCH0_ISR` */
  76:.\Generated_Source\PSoC4/CapSense_INT.c **** 
  77:.\Generated_Source\PSoC4/CapSense_INT.c ****     /* `#END` */
  78:.\Generated_Source\PSoC4/CapSense_INT.c **** 
  79:.\Generated_Source\PSoC4/CapSense_INT.c ****     /* Save results and disable sensor */
  80:.\Generated_Source\PSoC4/CapSense_INT.c ****     CapSense_PostScan(CapSense_sensorIndex);
  54              		.loc 1 80 0
  55 0018 1D4B     		ldr	r3, .L6+4
  56 001a 1B78     		ldrb	r3, [r3]
  57 001c DBB2     		uxtb	r3, r3
  58 001e 181C     		mov	r0, r3
  59 0020 FFF7FEFF 		bl	CapSense_PostScan
  81:.\Generated_Source\PSoC4/CapSense_INT.c ****             
  82:.\Generated_Source\PSoC4/CapSense_INT.c ****     if ((CapSense_csv & CapSense_SW_CTRL_SINGLE_SCAN) != 0u)
  60              		.loc 1 82 0
  61 0024 1B4B     		ldr	r3, .L6+8
  62 0026 1B78     		ldrb	r3, [r3]
  63 0028 DBB2     		uxtb	r3, r3
  64 002a 5BB2     		sxtb	r3, r3
  65 002c 002B     		cmp	r3, #0
  66 002e 07DA     		bge	.L2
  83:.\Generated_Source\PSoC4/CapSense_INT.c ****     {
  84:.\Generated_Source\PSoC4/CapSense_INT.c ****         CapSense_csv &= ~CapSense_SW_STS_BUSY;
  67              		.loc 1 84 0
  68 0030 184B     		ldr	r3, .L6+8
  69 0032 1B78     		ldrb	r3, [r3]
  70 0034 DBB2     		uxtb	r3, r3
  71 0036 FE22     		mov	r2, #254
  72 0038 1340     		and	r3, r3, r2
  73 003a 164A     		ldr	r2, .L6+8
  74 003c 1370     		strb	r3, [r2]
  75 003e 1CE0     		b	.L3
  76              	.L2:
  85:.\Generated_Source\PSoC4/CapSense_INT.c ****     }
  86:.\Generated_Source\PSoC4/CapSense_INT.c ****     else
  87:.\Generated_Source\PSoC4/CapSense_INT.c ****     {
  88:.\Generated_Source\PSoC4/CapSense_INT.c ****         /* Proceed the scanning */
  89:.\Generated_Source\PSoC4/CapSense_INT.c ****         CapSense_sensorIndex = CapSense_FindNextSensor(CapSense_sensorIndex);
  77              		.loc 1 89 0
  78 0040 134B     		ldr	r3, .L6+4
ARM GAS  C:\Users\gagan\AppData\Local\Temp\ccPiqLYj.s 			page 4


  79 0042 1B78     		ldrb	r3, [r3]
  80 0044 DBB2     		uxtb	r3, r3
  81 0046 181C     		mov	r0, r3
  82 0048 FFF7FEFF 		bl	CapSense_FindNextSensor
  83 004c 031C     		mov	r3, r0
  84 004e 1A1C     		mov	r2, r3
  85 0050 0F4B     		ldr	r3, .L6+4
  86 0052 1A70     		strb	r2, [r3]
  90:.\Generated_Source\PSoC4/CapSense_INT.c ****         
  91:.\Generated_Source\PSoC4/CapSense_INT.c ****         /* Check end of scan */
  92:.\Generated_Source\PSoC4/CapSense_INT.c ****         if(CapSense_sensorIndex < CapSense_TOTAL_SENSOR_COUNT)
  87              		.loc 1 92 0
  88 0054 0E4B     		ldr	r3, .L6+4
  89 0056 1B78     		ldrb	r3, [r3]
  90 0058 DBB2     		uxtb	r3, r3
  91 005a 042B     		cmp	r3, #4
  92 005c 06D8     		bhi	.L4
  93:.\Generated_Source\PSoC4/CapSense_INT.c ****         {
  94:.\Generated_Source\PSoC4/CapSense_INT.c ****             CapSense_PreScan(CapSense_sensorIndex);
  93              		.loc 1 94 0
  94 005e 0C4B     		ldr	r3, .L6+4
  95 0060 1B78     		ldrb	r3, [r3]
  96 0062 DBB2     		uxtb	r3, r3
  97 0064 181C     		mov	r0, r3
  98 0066 FFF7FEFF 		bl	CapSense_PreScan
  99 006a 06E0     		b	.L3
 100              	.L4:
  95:.\Generated_Source\PSoC4/CapSense_INT.c ****         }
  96:.\Generated_Source\PSoC4/CapSense_INT.c ****         else
  97:.\Generated_Source\PSoC4/CapSense_INT.c ****         {
  98:.\Generated_Source\PSoC4/CapSense_INT.c ****             CapSense_csv &= ~CapSense_SW_STS_BUSY;
 101              		.loc 1 98 0
 102 006c 094B     		ldr	r3, .L6+8
 103 006e 1B78     		ldrb	r3, [r3]
 104 0070 DBB2     		uxtb	r3, r3
 105 0072 FE22     		mov	r2, #254
 106 0074 1340     		and	r3, r3, r2
 107 0076 074A     		ldr	r2, .L6+8
 108 0078 1370     		strb	r3, [r2]
 109              	.L3:
  99:.\Generated_Source\PSoC4/CapSense_INT.c ****         } 
 100:.\Generated_Source\PSoC4/CapSense_INT.c ****     }
 101:.\Generated_Source\PSoC4/CapSense_INT.c ****     CyExitCriticalSection(interruptState);
 110              		.loc 1 101 0
 111 007a FB1D     		add	r3, r7, #7
 112 007c 1B78     		ldrb	r3, [r3]
 113 007e 181C     		mov	r0, r3
 114 0080 FFF7FEFF 		bl	CyExitCriticalSection
 102:.\Generated_Source\PSoC4/CapSense_INT.c **** }
 115              		.loc 1 102 0
 116 0084 BD46     		mov	sp, r7
 117 0086 02B0     		add	sp, sp, #8
 118              		@ sp needed for prologue
 119 0088 80BD     		pop	{r7, pc}
 120              	.L7:
 121 008a C046     		.align	2
 122              	.L6:
ARM GAS  C:\Users\gagan\AppData\Local\Temp\ccPiqLYj.s 			page 5


 123 008c 14000840 		.word	1074266132
 124 0090 00000000 		.word	CapSense_sensorIndex
 125 0094 00000000 		.word	CapSense_csv
 126              		.cfi_endproc
 127              	.LFE0:
 128              		.size	CapSense_ISR, .-CapSense_ISR
 129              		.text
 130              	.Letext0:
 131              		.section	.debug_loc,"",%progbits
 132              	.Ldebug_loc0:
 133              	.LLST0:
 134 0000 00000000 		.4byte	.LFB0
 135 0004 02000000 		.4byte	.LCFI0
 136 0008 0100     		.2byte	0x1
 137 000a 5D       		.byte	0x5d
 138 000b 02000000 		.4byte	.LCFI0
 139 000f 04000000 		.4byte	.LCFI1
 140 0013 0200     		.2byte	0x2
 141 0015 7D       		.byte	0x7d
 142 0016 08       		.sleb128 8
 143 0017 04000000 		.4byte	.LCFI1
 144 001b 06000000 		.4byte	.LCFI2
 145 001f 0200     		.2byte	0x2
 146 0021 7D       		.byte	0x7d
 147 0022 10       		.sleb128 16
 148 0023 06000000 		.4byte	.LCFI2
 149 0027 98000000 		.4byte	.LFE0
 150 002b 0200     		.2byte	0x2
 151 002d 77       		.byte	0x77
 152 002e 10       		.sleb128 16
 153 002f 00000000 		.4byte	0x0
 154 0033 00000000 		.4byte	0x0
 155              		.file 2 ".\\Generated_Source\\PSoC4\\/cytypes.h"
 156              		.section	.debug_info
 157 0000 D6000000 		.4byte	0xd6
 158 0004 0200     		.2byte	0x2
 159 0006 00000000 		.4byte	.Ldebug_abbrev0
 160 000a 04       		.byte	0x4
 161 000b 01       		.uleb128 0x1
 162 000c 65000000 		.4byte	.LASF14
 163 0010 01       		.byte	0x1
 164 0011 15010000 		.4byte	.LASF15
 165 0015 C7000000 		.4byte	.LASF16
 166 0019 00000000 		.4byte	0x0
 167 001d 00000000 		.4byte	0x0
 168 0021 00000000 		.4byte	.Ldebug_ranges0+0x0
 169 0025 00000000 		.4byte	.Ldebug_line0
 170 0029 02       		.uleb128 0x2
 171 002a 01       		.byte	0x1
 172 002b 06       		.byte	0x6
 173 002c BB000000 		.4byte	.LASF0
 174 0030 02       		.uleb128 0x2
 175 0031 01       		.byte	0x1
 176 0032 08       		.byte	0x8
 177 0033 1B000000 		.4byte	.LASF1
 178 0037 02       		.uleb128 0x2
 179 0038 02       		.byte	0x2
ARM GAS  C:\Users\gagan\AppData\Local\Temp\ccPiqLYj.s 			page 6


 180 0039 05       		.byte	0x5
 181 003a FC000000 		.4byte	.LASF2
 182 003e 02       		.uleb128 0x2
 183 003f 02       		.byte	0x2
 184 0040 07       		.byte	0x7
 185 0041 A8000000 		.4byte	.LASF3
 186 0045 02       		.uleb128 0x2
 187 0046 04       		.byte	0x4
 188 0047 05       		.byte	0x5
 189 0048 83000000 		.4byte	.LASF4
 190 004c 02       		.uleb128 0x2
 191 004d 04       		.byte	0x4
 192 004e 07       		.byte	0x7
 193 004f 2F000000 		.4byte	.LASF5
 194 0053 02       		.uleb128 0x2
 195 0054 08       		.byte	0x8
 196 0055 05       		.byte	0x5
 197 0056 00000000 		.4byte	.LASF6
 198 005a 02       		.uleb128 0x2
 199 005b 08       		.byte	0x8
 200 005c 07       		.byte	0x7
 201 005d 41000000 		.4byte	.LASF7
 202 0061 03       		.uleb128 0x3
 203 0062 04       		.byte	0x4
 204 0063 05       		.byte	0x5
 205 0064 696E7400 		.ascii	"int\000"
 206 0068 02       		.uleb128 0x2
 207 0069 04       		.byte	0x4
 208 006a 07       		.byte	0x7
 209 006b 0E000000 		.4byte	.LASF8
 210 006f 04       		.uleb128 0x4
 211 0070 29000000 		.4byte	.LASF17
 212 0074 02       		.byte	0x2
 213 0075 4C       		.byte	0x4c
 214 0076 30000000 		.4byte	0x30
 215 007a 02       		.uleb128 0x2
 216 007b 04       		.byte	0x4
 217 007c 04       		.byte	0x4
 218 007d F6000000 		.4byte	.LASF9
 219 0081 02       		.uleb128 0x2
 220 0082 08       		.byte	0x8
 221 0083 04       		.byte	0x4
 222 0084 8C000000 		.4byte	.LASF10
 223 0088 02       		.uleb128 0x2
 224 0089 01       		.byte	0x1
 225 008a 08       		.byte	0x8
 226 008b 7E000000 		.4byte	.LASF11
 227 008f 05       		.uleb128 0x5
 228 0090 6F000000 		.4byte	0x6f
 229 0094 06       		.uleb128 0x6
 230 0095 04       		.byte	0x4
 231 0096 07       		.byte	0x7
 232 0097 07       		.uleb128 0x7
 233 0098 01       		.byte	0x1
 234 0099 58000000 		.4byte	.LASF18
 235 009d 01       		.byte	0x1
 236 009e 43       		.byte	0x43
ARM GAS  C:\Users\gagan\AppData\Local\Temp\ccPiqLYj.s 			page 7


 237 009f 01       		.byte	0x1
 238 00a0 00000000 		.4byte	.LFB0
 239 00a4 98000000 		.4byte	.LFE0
 240 00a8 00000000 		.4byte	.LLST0
 241 00ac BF000000 		.4byte	0xbf
 242 00b0 08       		.uleb128 0x8
 243 00b1 06010000 		.4byte	.LASF19
 244 00b5 01       		.byte	0x1
 245 00b6 45       		.byte	0x45
 246 00b7 6F000000 		.4byte	0x6f
 247 00bb 02       		.byte	0x2
 248 00bc 91       		.byte	0x91
 249 00bd 77       		.sleb128 -9
 250 00be 00       		.byte	0x0
 251 00bf 09       		.uleb128 0x9
 252 00c0 71000000 		.4byte	.LASF12
 253 00c4 01       		.byte	0x1
 254 00c5 22       		.byte	0x22
 255 00c6 8F000000 		.4byte	0x8f
 256 00ca 01       		.byte	0x1
 257 00cb 01       		.byte	0x1
 258 00cc 09       		.uleb128 0x9
 259 00cd 93000000 		.4byte	.LASF13
 260 00d1 01       		.byte	0x1
 261 00d2 23       		.byte	0x23
 262 00d3 8F000000 		.4byte	0x8f
 263 00d7 01       		.byte	0x1
 264 00d8 01       		.byte	0x1
 265 00d9 00       		.byte	0x0
 266              		.section	.debug_abbrev
 267 0000 01       		.uleb128 0x1
 268 0001 11       		.uleb128 0x11
 269 0002 01       		.byte	0x1
 270 0003 25       		.uleb128 0x25
 271 0004 0E       		.uleb128 0xe
 272 0005 13       		.uleb128 0x13
 273 0006 0B       		.uleb128 0xb
 274 0007 03       		.uleb128 0x3
 275 0008 0E       		.uleb128 0xe
 276 0009 1B       		.uleb128 0x1b
 277 000a 0E       		.uleb128 0xe
 278 000b 11       		.uleb128 0x11
 279 000c 01       		.uleb128 0x1
 280 000d 52       		.uleb128 0x52
 281 000e 01       		.uleb128 0x1
 282 000f 55       		.uleb128 0x55
 283 0010 06       		.uleb128 0x6
 284 0011 10       		.uleb128 0x10
 285 0012 06       		.uleb128 0x6
 286 0013 00       		.byte	0x0
 287 0014 00       		.byte	0x0
 288 0015 02       		.uleb128 0x2
 289 0016 24       		.uleb128 0x24
 290 0017 00       		.byte	0x0
 291 0018 0B       		.uleb128 0xb
 292 0019 0B       		.uleb128 0xb
 293 001a 3E       		.uleb128 0x3e
ARM GAS  C:\Users\gagan\AppData\Local\Temp\ccPiqLYj.s 			page 8


 294 001b 0B       		.uleb128 0xb
 295 001c 03       		.uleb128 0x3
 296 001d 0E       		.uleb128 0xe
 297 001e 00       		.byte	0x0
 298 001f 00       		.byte	0x0
 299 0020 03       		.uleb128 0x3
 300 0021 24       		.uleb128 0x24
 301 0022 00       		.byte	0x0
 302 0023 0B       		.uleb128 0xb
 303 0024 0B       		.uleb128 0xb
 304 0025 3E       		.uleb128 0x3e
 305 0026 0B       		.uleb128 0xb
 306 0027 03       		.uleb128 0x3
 307 0028 08       		.uleb128 0x8
 308 0029 00       		.byte	0x0
 309 002a 00       		.byte	0x0
 310 002b 04       		.uleb128 0x4
 311 002c 16       		.uleb128 0x16
 312 002d 00       		.byte	0x0
 313 002e 03       		.uleb128 0x3
 314 002f 0E       		.uleb128 0xe
 315 0030 3A       		.uleb128 0x3a
 316 0031 0B       		.uleb128 0xb
 317 0032 3B       		.uleb128 0x3b
 318 0033 0B       		.uleb128 0xb
 319 0034 49       		.uleb128 0x49
 320 0035 13       		.uleb128 0x13
 321 0036 00       		.byte	0x0
 322 0037 00       		.byte	0x0
 323 0038 05       		.uleb128 0x5
 324 0039 35       		.uleb128 0x35
 325 003a 00       		.byte	0x0
 326 003b 49       		.uleb128 0x49
 327 003c 13       		.uleb128 0x13
 328 003d 00       		.byte	0x0
 329 003e 00       		.byte	0x0
 330 003f 06       		.uleb128 0x6
 331 0040 24       		.uleb128 0x24
 332 0041 00       		.byte	0x0
 333 0042 0B       		.uleb128 0xb
 334 0043 0B       		.uleb128 0xb
 335 0044 3E       		.uleb128 0x3e
 336 0045 0B       		.uleb128 0xb
 337 0046 00       		.byte	0x0
 338 0047 00       		.byte	0x0
 339 0048 07       		.uleb128 0x7
 340 0049 2E       		.uleb128 0x2e
 341 004a 01       		.byte	0x1
 342 004b 3F       		.uleb128 0x3f
 343 004c 0C       		.uleb128 0xc
 344 004d 03       		.uleb128 0x3
 345 004e 0E       		.uleb128 0xe
 346 004f 3A       		.uleb128 0x3a
 347 0050 0B       		.uleb128 0xb
 348 0051 3B       		.uleb128 0x3b
 349 0052 0B       		.uleb128 0xb
 350 0053 27       		.uleb128 0x27
ARM GAS  C:\Users\gagan\AppData\Local\Temp\ccPiqLYj.s 			page 9


 351 0054 0C       		.uleb128 0xc
 352 0055 11       		.uleb128 0x11
 353 0056 01       		.uleb128 0x1
 354 0057 12       		.uleb128 0x12
 355 0058 01       		.uleb128 0x1
 356 0059 40       		.uleb128 0x40
 357 005a 06       		.uleb128 0x6
 358 005b 01       		.uleb128 0x1
 359 005c 13       		.uleb128 0x13
 360 005d 00       		.byte	0x0
 361 005e 00       		.byte	0x0
 362 005f 08       		.uleb128 0x8
 363 0060 34       		.uleb128 0x34
 364 0061 00       		.byte	0x0
 365 0062 03       		.uleb128 0x3
 366 0063 0E       		.uleb128 0xe
 367 0064 3A       		.uleb128 0x3a
 368 0065 0B       		.uleb128 0xb
 369 0066 3B       		.uleb128 0x3b
 370 0067 0B       		.uleb128 0xb
 371 0068 49       		.uleb128 0x49
 372 0069 13       		.uleb128 0x13
 373 006a 02       		.uleb128 0x2
 374 006b 0A       		.uleb128 0xa
 375 006c 00       		.byte	0x0
 376 006d 00       		.byte	0x0
 377 006e 09       		.uleb128 0x9
 378 006f 34       		.uleb128 0x34
 379 0070 00       		.byte	0x0
 380 0071 03       		.uleb128 0x3
 381 0072 0E       		.uleb128 0xe
 382 0073 3A       		.uleb128 0x3a
 383 0074 0B       		.uleb128 0xb
 384 0075 3B       		.uleb128 0x3b
 385 0076 0B       		.uleb128 0xb
 386 0077 49       		.uleb128 0x49
 387 0078 13       		.uleb128 0x13
 388 0079 3F       		.uleb128 0x3f
 389 007a 0C       		.uleb128 0xc
 390 007b 3C       		.uleb128 0x3c
 391 007c 0C       		.uleb128 0xc
 392 007d 00       		.byte	0x0
 393 007e 00       		.byte	0x0
 394 007f 00       		.byte	0x0
 395              		.section	.debug_pubnames,"",%progbits
 396 0000 1F000000 		.4byte	0x1f
 397 0004 0200     		.2byte	0x2
 398 0006 00000000 		.4byte	.Ldebug_info0
 399 000a DA000000 		.4byte	0xda
 400 000e 97000000 		.4byte	0x97
 401 0012 43617053 		.ascii	"CapSense_ISR\000"
 401      656E7365 
 401      5F495352 
 401      00
 402 001f 00000000 		.4byte	0x0
 403              		.section	.debug_aranges,"",%progbits
 404 0000 1C000000 		.4byte	0x1c
ARM GAS  C:\Users\gagan\AppData\Local\Temp\ccPiqLYj.s 			page 10


 405 0004 0200     		.2byte	0x2
 406 0006 00000000 		.4byte	.Ldebug_info0
 407 000a 04       		.byte	0x4
 408 000b 00       		.byte	0x0
 409 000c 0000     		.2byte	0x0
 410 000e 0000     		.2byte	0x0
 411 0010 00000000 		.4byte	.LFB0
 412 0014 98000000 		.4byte	.LFE0-.LFB0
 413 0018 00000000 		.4byte	0x0
 414 001c 00000000 		.4byte	0x0
 415              		.section	.debug_ranges,"",%progbits
 416              	.Ldebug_ranges0:
 417 0000 00000000 		.4byte	.Ltext0
 418 0004 00000000 		.4byte	.Letext0
 419 0008 00000000 		.4byte	.LFB0
 420 000c 98000000 		.4byte	.LFE0
 421 0010 00000000 		.4byte	0x0
 422 0014 00000000 		.4byte	0x0
 423              		.section	.debug_str,"MS",%progbits,1
 424              	.LASF6:
 425 0000 6C6F6E67 		.ascii	"long long int\000"
 425      206C6F6E 
 425      6720696E 
 425      7400
 426              	.LASF8:
 427 000e 756E7369 		.ascii	"unsigned int\000"
 427      676E6564 
 427      20696E74 
 427      00
 428              	.LASF1:
 429 001b 756E7369 		.ascii	"unsigned char\000"
 429      676E6564 
 429      20636861 
 429      7200
 430              	.LASF17:
 431 0029 75696E74 		.ascii	"uint8\000"
 431      3800
 432              	.LASF5:
 433 002f 6C6F6E67 		.ascii	"long unsigned int\000"
 433      20756E73 
 433      69676E65 
 433      6420696E 
 433      7400
 434              	.LASF7:
 435 0041 6C6F6E67 		.ascii	"long long unsigned int\000"
 435      206C6F6E 
 435      6720756E 
 435      7369676E 
 435      65642069 
 436              	.LASF18:
 437 0058 43617053 		.ascii	"CapSense_ISR\000"
 437      656E7365 
 437      5F495352 
 437      00
 438              	.LASF14:
 439 0065 474E5520 		.ascii	"GNU C 4.4.1\000"
 439      4320342E 
ARM GAS  C:\Users\gagan\AppData\Local\Temp\ccPiqLYj.s 			page 11


 439      342E3100 
 440              	.LASF12:
 441 0071 43617053 		.ascii	"CapSense_csv\000"
 441      656E7365 
 441      5F637376 
 441      00
 442              	.LASF11:
 443 007e 63686172 		.ascii	"char\000"
 443      00
 444              	.LASF4:
 445 0083 6C6F6E67 		.ascii	"long int\000"
 445      20696E74 
 445      00
 446              	.LASF10:
 447 008c 646F7562 		.ascii	"double\000"
 447      6C6500
 448              	.LASF13:
 449 0093 43617053 		.ascii	"CapSense_sensorIndex\000"
 449      656E7365 
 449      5F73656E 
 449      736F7249 
 449      6E646578 
 450              	.LASF3:
 451 00a8 73686F72 		.ascii	"short unsigned int\000"
 451      7420756E 
 451      7369676E 
 451      65642069 
 451      6E7400
 452              	.LASF0:
 453 00bb 7369676E 		.ascii	"signed char\000"
 453      65642063 
 453      68617200 
 454              	.LASF16:
 455 00c7 433A5C55 		.ascii	"C:\\Users\\gagan\\Desktop\\CapSense\\CapSense.cydsn"
 455      73657273 
 455      5C676167 
 455      616E5C44 
 455      65736B74 
 456 00f5 00       		.ascii	"\000"
 457              	.LASF9:
 458 00f6 666C6F61 		.ascii	"float\000"
 458      7400
 459              	.LASF2:
 460 00fc 73686F72 		.ascii	"short int\000"
 460      7420696E 
 460      7400
 461              	.LASF19:
 462 0106 696E7465 		.ascii	"interruptState\000"
 462      72727570 
 462      74537461 
 462      746500
 463              	.LASF15:
 464 0115 2E5C4765 		.ascii	".\\Generated_Source\\PSoC4\\CapSense_INT.c\000"
 464      6E657261 
 464      7465645F 
 464      536F7572 
 464      63655C50 
ARM GAS  C:\Users\gagan\AppData\Local\Temp\ccPiqLYj.s 			page 12


 465              		.ident	"GCC: (Sourcery G++ Lite 2010q1-188) 4.4.1"
