--------------- Build Started: 05/02/2013 09:55:26 Project: CapSense, Configuration: ARM GCC 4.4.1 Debug ---------------
cydsfit.exe "-.appdatapath" "C:\Users\gagan\AppData\Local\Cypress Semiconductor\PSoC Creator\2.2" "-.fdsnotice" "-.fdswarpdepfile=warp_dependencies.txt" "-.fdselabdepfile=elab_dependencies.txt" "-.fdsbldfile=generated_files.txt" "-p" "C:\Users\gagan\Desktop\CapSense\CapSense.cydsn\CapSense.cyprj" "-d" "CY8C4245AXI-483" "-s" "C:\Users\gagan\Desktop\CapSense\CapSense.cydsn\Generated_Source\PSoC4" "--" "-yv2" "-v3" "-ygs" "-q10" "-o2" "-.fftcfgtype=LE"
Elaborating Design...
HDL Generation ...
Synthesis ...
Place and Route ...
Tech mapping ...
Info: mpr.M0037: Unused pieces of the design have been optimized out. See the Tech mapping section of the report file for details. (App=cydsfit)
Analog Placement ...
Analog Routing ...
Analog Code Generation ...
Digital Placement ...
Digital Routing ...
Bitstream Generation ...
Static timing analysis ...
API Generation ...
Dependency Generation ...
Clean Temporary Files ...
arm-none-eabi-gcc.exe -I. -Wno-main -I./Generated_Source/PSoC4 -mcpu=cortex-m0 -mthumb -Wall -g -Wa,-alh=.\CortexM0\ARM_GCC_441\Debug\main.lst -ffunction-sections -c .\main.c -o .\CortexM0\ARM_GCC_441\Debug\main.o
arm-none-eabi-gcc.exe -I. -Wno-main -I./Generated_Source/PSoC4 -mcpu=cortex-m0 -mthumb -Wall -g -Wa,-alh=.\CortexM0\ARM_GCC_441\Debug\Pin_RedLED.lst -ffunction-sections -c .\Generated_Source\PSoC4\Pin_RedLED.c -o .\CortexM0\ARM_GCC_441\Debug\Pin_RedLED.o
arm-none-eabi-gcc.exe -I. -Wno-main -I./Generated_Source/PSoC4 -mcpu=cortex-m0 -mthumb -Wall -g -Wa,-alh=.\CortexM0\ARM_GCC_441\Debug\CapSense.lst -ffunction-sections -c .\Generated_Source\PSoC4\CapSense.c -o .\CortexM0\ARM_GCC_441\Debug\CapSense.o
arm-none-eabi-gcc.exe -I. -Wno-main -I./Generated_Source/PSoC4 -mcpu=cortex-m0 -mthumb -Wall -g -Wa,-alh=.\CortexM0\ARM_GCC_441\Debug\CapSense_PM.lst -ffunction-sections -c .\Generated_Source\PSoC4\CapSense_PM.c -o .\CortexM0\ARM_GCC_441\Debug\CapSense_PM.o
arm-none-eabi-gcc.exe -I. -Wno-main -I./Generated_Source/PSoC4 -mcpu=cortex-m0 -mthumb -Wall -g -Wa,-alh=.\CortexM0\ARM_GCC_441\Debug\CapSense_CSHL.lst -ffunction-sections -c .\Generated_Source\PSoC4\CapSense_CSHL.c -o .\CortexM0\ARM_GCC_441\Debug\CapSense_CSHL.o
arm-none-eabi-gcc.exe -I. -Wno-main -I./Generated_Source/PSoC4 -mcpu=cortex-m0 -mthumb -Wall -g -Wa,-alh=.\CortexM0\ARM_GCC_441\Debug\CapSense_INT.lst -ffunction-sections -c .\Generated_Source\PSoC4\CapSense_INT.c -o .\CortexM0\ARM_GCC_441\Debug\CapSense_INT.o
arm-none-eabi-gcc.exe -I. -Wno-main -I./Generated_Source/PSoC4 -mcpu=cortex-m0 -mthumb -Wall -g -Wa,-alh=.\CortexM0\ARM_GCC_441\Debug\CapSense_TunerHelper.lst -ffunction-sections -c .\Generated_Source\PSoC4\CapSense_TunerHelper.c -o .\CortexM0\ARM_GCC_441\Debug\CapSense_TunerHelper.o
arm-none-eabi-gcc.exe -I. -Wno-main -I./Generated_Source/PSoC4 -mcpu=cortex-m0 -mthumb -Wall -g -Wa,-alh=.\CortexM0\ARM_GCC_441\Debug\CapSense_SMS.lst -ffunction-sections -c .\Generated_Source\PSoC4\CapSense_SMS.c -o .\CortexM0\ARM_GCC_441\Debug\CapSense_SMS.o
arm-none-eabi-gcc.exe -I. -Wno-main -I./Generated_Source/PSoC4 -mcpu=cortex-m0 -mthumb -Wall -g -Wa,-alh=.\CortexM0\ARM_GCC_441\Debug\Pin_GreenLED.lst -ffunction-sections -c .\Generated_Source\PSoC4\Pin_GreenLED.c -o .\CortexM0\ARM_GCC_441\Debug\Pin_GreenLED.o
arm-none-eabi-gcc.exe -I. -Wno-main -I./Generated_Source/PSoC4 -mcpu=cortex-m0 -mthumb -Wall -g -Wa,-alh=.\CortexM0\ARM_GCC_441\Debug\PWM.lst -ffunction-sections -c .\Generated_Source\PSoC4\PWM.c -o .\CortexM0\ARM_GCC_441\Debug\PWM.o
arm-none-eabi-gcc.exe -I. -Wno-main -I./Generated_Source/PSoC4 -mcpu=cortex-m0 -mthumb -Wall -g -Wa,-alh=.\CortexM0\ARM_GCC_441\Debug\PWM_PM.lst -ffunction-sections -c .\Generated_Source\PSoC4\PWM_PM.c -o .\CortexM0\ARM_GCC_441\Debug\PWM_PM.o
arm-none-eabi-gcc.exe -I. -Wno-main -I./Generated_Source/PSoC4 -mcpu=cortex-m0 -mthumb -Wall -g -Wa,-alh=.\CortexM0\ARM_GCC_441\Debug\Clock.lst -ffunction-sections -c .\Generated_Source\PSoC4\Clock.c -o .\CortexM0\ARM_GCC_441\Debug\Clock.o
arm-none-eabi-gcc.exe -I. -Wno-main -I./Generated_Source/PSoC4 -mcpu=cortex-m0 -mthumb -Wall -g -Wa,-alh=.\CortexM0\ARM_GCC_441\Debug\CapSense_CSD_Clk1.lst -ffunction-sections -c .\Generated_Source\PSoC4\CapSense_CSD_Clk1.c -o .\CortexM0\ARM_GCC_441\Debug\CapSense_CSD_Clk1.o
arm-none-eabi-gcc.exe -I. -Wno-main -I./Generated_Source/PSoC4 -mcpu=cortex-m0 -mthumb -Wall -g -Wa,-alh=.\CortexM0\ARM_GCC_441\Debug\CapSense_CSD_Clk2.lst -ffunction-sections -c .\Generated_Source\PSoC4\CapSense_CSD_Clk2.c -o .\CortexM0\ARM_GCC_441\Debug\CapSense_CSD_Clk2.o
arm-none-eabi-gcc.exe -I. -Wno-main -I./Generated_Source/PSoC4 -mcpu=cortex-m0 -mthumb -Wall -g -Wa,-alh=.\CortexM0\ARM_GCC_441\Debug\Cm0Start.lst -ffunction-sections -c .\Generated_Source\PSoC4\Cm0Start.c -o .\CortexM0\ARM_GCC_441\Debug\Cm0Start.o
arm-none-eabi-gcc.exe -I. -Wno-main -I./Generated_Source/PSoC4 -mcpu=cortex-m0 -mthumb -Wall -g -Wa,-alh=.\CortexM0\ARM_GCC_441\Debug\core_cm0.lst -ffunction-sections -c .\Generated_Source\PSoC4\core_cm0.c -o .\CortexM0\ARM_GCC_441\Debug\core_cm0.o
arm-none-eabi-as.exe -I. -I./Generated_Source/PSoC4 -mcpu=cortex-m0 -mthumb -g -alh=.\CortexM0\ARM_GCC_441\Debug/CyBootAsmGnu.lst -o .\CortexM0\ARM_GCC_441\Debug\CyBootAsmGnu.o .\Generated_Source\PSoC4\CyBootAsmGnu.s
arm-none-eabi-gcc.exe -I. -Wno-main -I./Generated_Source/PSoC4 -mcpu=cortex-m0 -mthumb -Wall -g -Wa,-alh=.\CortexM0\ARM_GCC_441\Debug\CyFlash.lst -ffunction-sections -c .\Generated_Source\PSoC4\CyFlash.c -o .\CortexM0\ARM_GCC_441\Debug\CyFlash.o
arm-none-eabi-gcc.exe -I. -Wno-main -I./Generated_Source/PSoC4 -mcpu=cortex-m0 -mthumb -Wall -g -Wa,-alh=.\CortexM0\ARM_GCC_441\Debug\CyLib.lst -ffunction-sections -c .\Generated_Source\PSoC4\CyLib.c -o .\CortexM0\ARM_GCC_441\Debug\CyLib.o
arm-none-eabi-gcc.exe -I. -Wno-main -I./Generated_Source/PSoC4 -mcpu=cortex-m0 -mthumb -Wall -g -Wa,-alh=.\CortexM0\ARM_GCC_441\Debug\cyPm.lst -ffunction-sections -c .\Generated_Source\PSoC4\cyPm.c -o .\CortexM0\ARM_GCC_441\Debug\cyPm.o
arm-none-eabi-gcc.exe -I. -Wno-main -I./Generated_Source/PSoC4 -mcpu=cortex-m0 -mthumb -Wall -g -Wa,-alh=.\CortexM0\ARM_GCC_441\Debug\cyutils.lst -ffunction-sections -c .\Generated_Source\PSoC4\cyutils.c -o .\CortexM0\ARM_GCC_441\Debug\cyutils.o
arm-none-eabi-gcc.exe -I. -Wno-main -I./Generated_Source/PSoC4 -mcpu=cortex-m0 -mthumb -Wall -g -Wa,-alh=.\CortexM0\ARM_GCC_441\Debug\cyfitter_cfg.lst -ffunction-sections -c .\Generated_Source\PSoC4\cyfitter_cfg.c -o .\CortexM0\ARM_GCC_441\Debug\cyfitter_cfg.o
arm-none-eabi-ar.exe -rs .\CortexM0\ARM_GCC_441\Debug\CapSense.a .\CortexM0\ARM_GCC_441\Debug\Pin_RedLED.o .\CortexM0\ARM_GCC_441\Debug\CapSense.o .\CortexM0\ARM_GCC_441\Debug\CapSense_PM.o .\CortexM0\ARM_GCC_441\Debug\CapSense_CSHL.o .\CortexM0\ARM_GCC_441\Debug\CapSense_INT.o .\CortexM0\ARM_GCC_441\Debug\CapSense_TunerHelper.o .\CortexM0\ARM_GCC_441\Debug\CapSense_SMS.o .\CortexM0\ARM_GCC_441\Debug\Pin_GreenLED.o .\CortexM0\ARM_GCC_441\Debug\PWM.o .\CortexM0\ARM_GCC_441\Debug\PWM_PM.o .\CortexM0\ARM_GCC_441\Debug\Clock.o .\CortexM0\ARM_GCC_441\Debug\CapSense_CSD_Clk1.o .\CortexM0\ARM_GCC_441\Debug\CapSense_CSD_Clk2.o .\CortexM0\ARM_GCC_441\Debug\core_cm0.o .\CortexM0\ARM_GCC_441\Debug\CyBootAsmGnu.o .\CortexM0\ARM_GCC_441\Debug\CyFlash.o .\CortexM0\ARM_GCC_441\Debug\CyLib.o .\CortexM0\ARM_GCC_441\Debug\cyPm.o .\CortexM0\ARM_GCC_441\Debug\cyutils.o .\CortexM0\ARM_GCC_441\Debug\cyfitter_cfg.o
arm-none-eabi-ar.exe: creating .\CortexM0\ARM_GCC_441\Debug\CapSense.a
arm-none-eabi-gcc.exe -mthumb -march=armv6-m -T .\Generated_Source\PSoC4\cm0gcc.ld -g -Wl,-Map,.\CortexM0\ARM_GCC_441\Debug\CapSense.map -Wl,--gc-sections -Wl,--start-group -o .\CortexM0\ARM_GCC_441\Debug\CapSense.elf .\CortexM0\ARM_GCC_441\Debug\main.o .\CortexM0\ARM_GCC_441\Debug\Cm0Start.o .\CortexM0\ARM_GCC_441\Debug\CapSense.a "C:\Program Files (x86)\Cypress\PSoC Creator\2.2\PSoC Creator\psoc\content\cycomponentlibrary\CyComponentLibrary.cylib\CortexM0\ARM_GCC_441\Debug\CyComponentLibrary.a" -Wl,--end-group
arm-none-eabi-objcopy.exe -O ihex .\CortexM0\ARM_GCC_441\Debug\CapSense.elf .\CortexM0\ARM_GCC_441\Debug\CapSense.ihx
cyhextool -o .\CortexM0\ARM_GCC_441\Debug\CapSense.hex -f .\CortexM0\ARM_GCC_441\Debug\CapSense.ihx -prot .\Generated_Source\PSoC4\protect.hex -id 4C81193 -a EEPROM=90200000:0,PROGRAM=00000000:8000,CONFIG=80000000:1000,PROTECT=90400000:40 -meta 1101 -chipProt 01
Flash used: 6384 of 32768 bytes (19.5 %).
SRAM used: 348 of 4096 bytes (8.5 %).
--------------- Build Succeeded: 05/02/2013 09:55:38 ---------------
