ARM GAS  C:\Users\gagan\AppData\Local\Temp\ccqAsML0.s 			page 1


   1              		.cpu cortex-m0
   2              		.fpu softvfp
   3              		.eabi_attribute 20, 1
   4              		.eabi_attribute 21, 1
   5              		.eabi_attribute 23, 3
   6              		.eabi_attribute 24, 1
   7              		.eabi_attribute 25, 1
   8              		.eabi_attribute 26, 1
   9              		.eabi_attribute 30, 6
  10              		.eabi_attribute 18, 4
  11              		.code	16
  12              		.file	"main.c"
  13              		.section	.debug_abbrev,"",%progbits
  14              	.Ldebug_abbrev0:
  15              		.section	.debug_info,"",%progbits
  16              	.Ldebug_info0:
  17              		.section	.debug_line,"",%progbits
  18              	.Ldebug_line0:
  19 0000 6F000000 		.text
  19      02004500 
  19      00000201 
  19      FB0E0D00 
  19      01010101 
  20              	.Ltext0:
  21              		.cfi_sections	.debug_frame
  22              		.section	.text.main,"ax",%progbits
  23              		.align	2
  24              		.global	main
  25              		.code	16
  26              		.thumb_func
  27              		.type	main, %function
  28              	main:
  29              	.LFB20:
  30              		.file 1 ".\\main.c"
   1:.\main.c      **** /******************************************************************************
   2:.\main.c      **** * Project Name		: CapSense
   3:.\main.c      **** * File Name			: main.c
   4:.\main.c      **** * Version 			: 1.0
   5:.\main.c      **** * Device Used		: CY8C4245AXI-483
   6:.\main.c      **** * Software Used		: PSoC Creator 2.2 SP1
   7:.\main.c      **** * Compiler    		: ARMGCC 4.4.1, ARM RVDS Generic , ARM MDK Generic
   8:.\main.c      **** * Related Hardware	: CY8CKIT-042 PSoC 4 Pioneer Kit 
   9:.\main.c      **** *
  10:.\main.c      **** ********************************************************************************
  11:.\main.c      **** * Copyright (2013), Cypress Semiconductor Corporation. All Rights Reserved.
  12:.\main.c      **** ********************************************************************************
  13:.\main.c      **** * This software is owned by Cypress Semiconductor Corporation (Cypress)
  14:.\main.c      **** * and is protected by and subject to worldwide patent protection (United
  15:.\main.c      **** * States and foreign), United States copyright laws and international treaty
  16:.\main.c      **** * provisions. Cypress hereby grants to licensee a personal, non-exclusive,
  17:.\main.c      **** * non-transferable license to copy, use, modify, create derivative works of,
  18:.\main.c      **** * and compile the Cypress Source Code and derivative works for the sole
  19:.\main.c      **** * purpose of creating custom software in support of licensee product to be
  20:.\main.c      **** * used only in conjunction with a Cypress integrated circuit as specified in
  21:.\main.c      **** * the applicable agreement. Any reproduction, modification, translation,
  22:.\main.c      **** * compilation, or representation of this software except as specified above 
  23:.\main.c      **** * is prohibited without the express written permission of Cypress.
ARM GAS  C:\Users\gagan\AppData\Local\Temp\ccqAsML0.s 			page 2


  24:.\main.c      **** *
  25:.\main.c      **** * Disclaimer: CYPRESS MAKES NO WARRANTY OF ANY KIND, EXPRESS OR IMPLIED, WITH 
  26:.\main.c      **** * REGARD TO THIS MATERIAL, INCLUDING, BUT NOT LIMITED TO, THE IMPLIED 
  27:.\main.c      **** * WARRANTIES OF MERCHANTABILITY AND FITNESS FOR A PARTICULAR PURPOSE.
  28:.\main.c      **** * Cypress reserves the right to make changes without further notice to the 
  29:.\main.c      **** * materials described herein. Cypress does not assume any liability arising out 
  30:.\main.c      **** * of the application or use of any product or circuit described herein. Cypress 
  31:.\main.c      **** * does not authorize its products for use as critical components in life-support 
  32:.\main.c      **** * systems where a malfunction or failure may reasonably be expected to result in 
  33:.\main.c      **** * significant injury to the user. The inclusion of Cypress' product in a life-
  34:.\main.c      **** * support systems application implies that the manufacturer assumes all risk of 
  35:.\main.c      **** * such use and in doing so indemnifies Cypress against all charges. 
  36:.\main.c      **** *
  37:.\main.c      **** * Use of this Software may be limited by and subject to the applicable Cypress
  38:.\main.c      **** * software license agreement. 
  39:.\main.c      **** *******************************************************************************/
  40:.\main.c      **** 
  41:.\main.c      **** /******************************************************************************
  42:.\main.c      **** *                           THEORY OF OPERATION
  43:.\main.c      **** * This project demonstrates the capsense application using on board 5 segment 
  44:.\main.c      **** * capsense slider. The multicolor LED on the CY8CKIT-042 changes color from red
  45:.\main.c      **** * to green as you move the finger along the slider.
  46:.\main.c      **** *
  47:.\main.c      **** * Hardware connection on the Kit
  48:.\main.c      **** * Slider	 - P1[1:5]
  49:.\main.c      **** * LED_Green	 - P0[2]
  50:.\main.c      **** * LED_Red 	 - P1[6]
  51:.\main.c      **** ******************************************************************************/ 
  52:.\main.c      **** #include <device.h>
  53:.\main.c      **** 
  54:.\main.c      **** /* Define constant for capsense slider */
  55:.\main.c      **** #define NO_FINGER 0xFFFFu
  56:.\main.c      **** 	
  57:.\main.c      **** void main()	
  58:.\main.c      **** {	
  31              		.loc 1 58 0
  32              		.cfi_startproc
  33 0000 80B5     		push	{r7, lr}
  34              	.LCFI0:
  35              		.cfi_def_cfa_offset 8
  36              		.cfi_offset 7, -8
  37              		.cfi_offset 14, -4
  38 0002 82B0     		sub	sp, sp, #8
  39              	.LCFI1:
  40              		.cfi_def_cfa_offset 16
  41 0004 00AF     		add	r7, sp, #0
  42              	.LCFI2:
  43              		.cfi_def_cfa_register 7
  59:.\main.c      **** 	uint16 sliderPosition = NO_FINGER;
  44              		.loc 1 59 0
  45 0006 3A1D     		add	r2, r7, #4
  46 0008 0123     		mov	r3, #1
  47 000a 5B42     		neg	r3, r3
  48 000c 1380     		strh	r3, [r2]
  60:.\main.c      ****     uint16 lastPosition = NO_FINGER;
  49              		.loc 1 60 0
  50 000e BA1D     		add	r2, r7, #6
ARM GAS  C:\Users\gagan\AppData\Local\Temp\ccqAsML0.s 			page 3


  51 0010 0123     		mov	r3, #1
  52 0012 5B42     		neg	r3, r3
  53 0014 1380     		strh	r3, [r2]
  61:.\main.c      **** 
  62:.\main.c      **** 	/* Enable Global Interrupts */
  63:.\main.c      **** 	CyGlobalIntEnable;
  54              		.loc 1 63 0
  55              	@ 63 ".\main.c" 1
  56 0016 62B6     		CPSIE   i
  57              	@ 0 "" 2
  64:.\main.c      **** 
  65:.\main.c      **** 	/* Start all the components */
  66:.\main.c      **** 	Clock_Start();
  58              		.loc 1 66 0
  59              		.code	16
  60 0018 FFF7FEFF 		bl	Clock_Start
  67:.\main.c      **** 	PWM_Start();
  61              		.loc 1 67 0
  62 001c FFF7FEFF 		bl	PWM_Start
  68:.\main.c      ****     CapSense_Start();
  63              		.loc 1 68 0
  64 0020 FFF7FEFF 		bl	CapSense_Start
  69:.\main.c      **** 	
  70:.\main.c      **** 	/* Initialize CapSense baselines by scanning enabled sensors */
  71:.\main.c      ****     CapSense_InitializeAllBaselines();
  65              		.loc 1 71 0
  66 0024 FFF7FEFF 		bl	CapSense_InitializeAllBaselines
  67 0028 02E0     		b	.L4
  68              	.L6:
  72:.\main.c      **** 	
  73:.\main.c      **** 	for(;;)
  74:.\main.c      **** 	{
  75:.\main.c      **** 		/* Update all baselines */
  76:.\main.c      **** 		CapSense_UpdateEnabledBaselines();
  77:.\main.c      **** 		
  78:.\main.c      **** 		/* Start scanning all enabled sensors */
  79:.\main.c      **** 	    CapSense_ScanEnabledWidgets();
  80:.\main.c      **** 		
  81:.\main.c      **** 		/* Wait for scanning to complete */
  82:.\main.c      **** 		while(CapSense_IsBusy());
  83:.\main.c      ****         
  84:.\main.c      **** 		/* Find Slider Position */
  85:.\main.c      **** 		sliderPosition = CapSense_GetCentroidPos(CapSense_LINEARSLIDER0__LS);
  86:.\main.c      **** 		
  87:.\main.c      **** 		/*If finger is detected on the slider*/
  88:.\main.c      **** 		if(sliderPosition != NO_FINGER)
  89:.\main.c      **** 		{
  90:.\main.c      **** 			/* If finger position on the slider is changed then update the LED color */
  91:.\main.c      ****         	if(sliderPosition != lastPosition)
  92:.\main.c      ****         	{
  93:.\main.c      **** 				/* Update the PWM pulse width with the new slider position */
  94:.\main.c      ****             	PWM_WriteCompare(sliderPosition);
  95:.\main.c      **** 				lastPosition = sliderPosition; 
  96:.\main.c      ****         	}
  97:.\main.c      **** 		}
  98:.\main.c      **** 	}
  69              		.loc 1 98 0
ARM GAS  C:\Users\gagan\AppData\Local\Temp\ccqAsML0.s 			page 4


  70 002a C046     		mov	r8, r8
  71 002c 00E0     		b	.L4
  72              	.L7:
  73 002e C046     		mov	r8, r8
  74              	.L4:
  75              		.loc 1 76 0
  76 0030 FFF7FEFF 		bl	CapSense_UpdateEnabledBaselines
  77              		.loc 1 79 0
  78 0034 FFF7FEFF 		bl	CapSense_ScanEnabledWidgets
  79              	.L2:
  80              		.loc 1 82 0
  81 0038 FFF7FEFF 		bl	CapSense_IsBusy
  82 003c 031C     		mov	r3, r0
  83 003e 002B     		cmp	r3, #0
  84 0040 FAD1     		bne	.L2
  85              		.loc 1 85 0
  86 0042 0020     		mov	r0, #0
  87 0044 FFF7FEFF 		bl	CapSense_GetCentroidPos
  88 0048 031C     		mov	r3, r0
  89 004a 1A1C     		mov	r2, r3
  90 004c 3B1D     		add	r3, r7, #4
  91 004e 1A80     		strh	r2, [r3]
  92              		.loc 1 88 0
  93 0050 3B1D     		add	r3, r7, #4
  94 0052 1A88     		ldrh	r2, [r3]
  95 0054 094B     		ldr	r3, .L8
  96 0056 9A42     		cmp	r2, r3
  97 0058 E7D0     		beq	.L6
  98              		.loc 1 91 0
  99 005a 3A1D     		add	r2, r7, #4
 100 005c BB1D     		add	r3, r7, #6
 101 005e 1288     		ldrh	r2, [r2]
 102 0060 1B88     		ldrh	r3, [r3]
 103 0062 9A42     		cmp	r2, r3
 104 0064 E3D0     		beq	.L7
 105              		.loc 1 94 0
 106 0066 3B1D     		add	r3, r7, #4
 107 0068 1B88     		ldrh	r3, [r3]
 108 006a 181C     		mov	r0, r3
 109 006c FFF7FEFF 		bl	PWM_WriteCompare
 110              		.loc 1 95 0
 111 0070 BB1D     		add	r3, r7, #6
 112 0072 3A1D     		add	r2, r7, #4
 113 0074 1288     		ldrh	r2, [r2]
 114 0076 1A80     		strh	r2, [r3]
 115              		.loc 1 98 0
 116 0078 DAE7     		b	.L4
 117              	.L9:
 118 007a C046     		.align	2
 119              	.L8:
 120 007c FFFF0000 		.word	65535
 121              		.cfi_endproc
 122              	.LFE20:
 123              		.size	main, .-main
 124              		.text
 125              	.Letext0:
 126              		.section	.debug_loc,"",%progbits
ARM GAS  C:\Users\gagan\AppData\Local\Temp\ccqAsML0.s 			page 5


 127              	.Ldebug_loc0:
 128              	.LLST0:
 129 0000 00000000 		.4byte	.LFB20
 130 0004 02000000 		.4byte	.LCFI0
 131 0008 0100     		.2byte	0x1
 132 000a 5D       		.byte	0x5d
 133 000b 02000000 		.4byte	.LCFI0
 134 000f 04000000 		.4byte	.LCFI1
 135 0013 0200     		.2byte	0x2
 136 0015 7D       		.byte	0x7d
 137 0016 08       		.sleb128 8
 138 0017 04000000 		.4byte	.LCFI1
 139 001b 06000000 		.4byte	.LCFI2
 140 001f 0200     		.2byte	0x2
 141 0021 7D       		.byte	0x7d
 142 0022 10       		.sleb128 16
 143 0023 06000000 		.4byte	.LCFI2
 144 0027 80000000 		.4byte	.LFE20
 145 002b 0200     		.2byte	0x2
 146 002d 77       		.byte	0x77
 147 002e 10       		.sleb128 16
 148 002f 00000000 		.4byte	0x0
 149 0033 00000000 		.4byte	0x0
 150              		.file 2 "./Generated_Source/PSoC4/cytypes.h"
 151              		.section	.debug_info
 152 0000 C0000000 		.4byte	0xc0
 153 0004 0200     		.2byte	0x2
 154 0006 00000000 		.4byte	.Ldebug_abbrev0
 155 000a 04       		.byte	0x4
 156 000b 01       		.uleb128 0x1
 157 000c 58000000 		.4byte	.LASF14
 158 0010 01       		.byte	0x1
 159 0011 E5000000 		.4byte	.LASF15
 160 0015 B0000000 		.4byte	.LASF16
 161 0019 00000000 		.4byte	0x0
 162 001d 00000000 		.4byte	0x0
 163 0021 00000000 		.4byte	.Ldebug_ranges0+0x0
 164 0025 00000000 		.4byte	.Ldebug_line0
 165 0029 02       		.uleb128 0x2
 166 002a 01       		.byte	0x1
 167 002b 06       		.byte	0x6
 168 002c A4000000 		.4byte	.LASF0
 169 0030 02       		.uleb128 0x2
 170 0031 01       		.byte	0x1
 171 0032 08       		.byte	0x8
 172 0033 64000000 		.4byte	.LASF1
 173 0037 02       		.uleb128 0x2
 174 0038 02       		.byte	0x2
 175 0039 05       		.byte	0x5
 176 003a 80000000 		.4byte	.LASF2
 177 003e 02       		.uleb128 0x2
 178 003f 02       		.byte	0x2
 179 0040 07       		.byte	0x7
 180 0041 91000000 		.4byte	.LASF3
 181 0045 02       		.uleb128 0x2
 182 0046 04       		.byte	0x4
 183 0047 05       		.byte	0x5
ARM GAS  C:\Users\gagan\AppData\Local\Temp\ccqAsML0.s 			page 6


 184 0048 77000000 		.4byte	.LASF4
 185 004c 02       		.uleb128 0x2
 186 004d 04       		.byte	0x4
 187 004e 07       		.byte	0x7
 188 004f 2F000000 		.4byte	.LASF5
 189 0053 02       		.uleb128 0x2
 190 0054 08       		.byte	0x8
 191 0055 05       		.byte	0x5
 192 0056 00000000 		.4byte	.LASF6
 193 005a 02       		.uleb128 0x2
 194 005b 08       		.byte	0x8
 195 005c 07       		.byte	0x7
 196 005d 41000000 		.4byte	.LASF7
 197 0061 03       		.uleb128 0x3
 198 0062 04       		.byte	0x4
 199 0063 05       		.byte	0x5
 200 0064 696E7400 		.ascii	"int\000"
 201 0068 02       		.uleb128 0x2
 202 0069 04       		.byte	0x4
 203 006a 07       		.byte	0x7
 204 006b 0E000000 		.4byte	.LASF8
 205 006f 04       		.uleb128 0x4
 206 0070 EE000000 		.4byte	.LASF17
 207 0074 02       		.byte	0x2
 208 0075 4D       		.byte	0x4d
 209 0076 3E000000 		.4byte	0x3e
 210 007a 02       		.uleb128 0x2
 211 007b 04       		.byte	0x4
 212 007c 04       		.byte	0x4
 213 007d DF000000 		.4byte	.LASF9
 214 0081 02       		.uleb128 0x2
 215 0082 08       		.byte	0x8
 216 0083 04       		.byte	0x4
 217 0084 8A000000 		.4byte	.LASF10
 218 0088 02       		.uleb128 0x2
 219 0089 01       		.byte	0x1
 220 008a 08       		.byte	0x8
 221 008b 72000000 		.4byte	.LASF11
 222 008f 05       		.uleb128 0x5
 223 0090 04       		.byte	0x4
 224 0091 07       		.byte	0x7
 225 0092 06       		.uleb128 0x6
 226 0093 01       		.byte	0x1
 227 0094 1B000000 		.4byte	.LASF18
 228 0098 01       		.byte	0x1
 229 0099 39       		.byte	0x39
 230 009a 00000000 		.4byte	.LFB20
 231 009e 80000000 		.4byte	.LFE20
 232 00a2 00000000 		.4byte	.LLST0
 233 00a6 07       		.uleb128 0x7
 234 00a7 20000000 		.4byte	.LASF12
 235 00ab 01       		.byte	0x1
 236 00ac 3B       		.byte	0x3b
 237 00ad 6F000000 		.4byte	0x6f
 238 00b1 02       		.byte	0x2
 239 00b2 91       		.byte	0x91
 240 00b3 74       		.sleb128 -12
ARM GAS  C:\Users\gagan\AppData\Local\Temp\ccqAsML0.s 			page 7


 241 00b4 07       		.uleb128 0x7
 242 00b5 F5000000 		.4byte	.LASF13
 243 00b9 01       		.byte	0x1
 244 00ba 3C       		.byte	0x3c
 245 00bb 6F000000 		.4byte	0x6f
 246 00bf 02       		.byte	0x2
 247 00c0 91       		.byte	0x91
 248 00c1 76       		.sleb128 -10
 249 00c2 00       		.byte	0x0
 250 00c3 00       		.byte	0x0
 251              		.section	.debug_abbrev
 252 0000 01       		.uleb128 0x1
 253 0001 11       		.uleb128 0x11
 254 0002 01       		.byte	0x1
 255 0003 25       		.uleb128 0x25
 256 0004 0E       		.uleb128 0xe
 257 0005 13       		.uleb128 0x13
 258 0006 0B       		.uleb128 0xb
 259 0007 03       		.uleb128 0x3
 260 0008 0E       		.uleb128 0xe
 261 0009 1B       		.uleb128 0x1b
 262 000a 0E       		.uleb128 0xe
 263 000b 11       		.uleb128 0x11
 264 000c 01       		.uleb128 0x1
 265 000d 52       		.uleb128 0x52
 266 000e 01       		.uleb128 0x1
 267 000f 55       		.uleb128 0x55
 268 0010 06       		.uleb128 0x6
 269 0011 10       		.uleb128 0x10
 270 0012 06       		.uleb128 0x6
 271 0013 00       		.byte	0x0
 272 0014 00       		.byte	0x0
 273 0015 02       		.uleb128 0x2
 274 0016 24       		.uleb128 0x24
 275 0017 00       		.byte	0x0
 276 0018 0B       		.uleb128 0xb
 277 0019 0B       		.uleb128 0xb
 278 001a 3E       		.uleb128 0x3e
 279 001b 0B       		.uleb128 0xb
 280 001c 03       		.uleb128 0x3
 281 001d 0E       		.uleb128 0xe
 282 001e 00       		.byte	0x0
 283 001f 00       		.byte	0x0
 284 0020 03       		.uleb128 0x3
 285 0021 24       		.uleb128 0x24
 286 0022 00       		.byte	0x0
 287 0023 0B       		.uleb128 0xb
 288 0024 0B       		.uleb128 0xb
 289 0025 3E       		.uleb128 0x3e
 290 0026 0B       		.uleb128 0xb
 291 0027 03       		.uleb128 0x3
 292 0028 08       		.uleb128 0x8
 293 0029 00       		.byte	0x0
 294 002a 00       		.byte	0x0
 295 002b 04       		.uleb128 0x4
 296 002c 16       		.uleb128 0x16
 297 002d 00       		.byte	0x0
ARM GAS  C:\Users\gagan\AppData\Local\Temp\ccqAsML0.s 			page 8


 298 002e 03       		.uleb128 0x3
 299 002f 0E       		.uleb128 0xe
 300 0030 3A       		.uleb128 0x3a
 301 0031 0B       		.uleb128 0xb
 302 0032 3B       		.uleb128 0x3b
 303 0033 0B       		.uleb128 0xb
 304 0034 49       		.uleb128 0x49
 305 0035 13       		.uleb128 0x13
 306 0036 00       		.byte	0x0
 307 0037 00       		.byte	0x0
 308 0038 05       		.uleb128 0x5
 309 0039 24       		.uleb128 0x24
 310 003a 00       		.byte	0x0
 311 003b 0B       		.uleb128 0xb
 312 003c 0B       		.uleb128 0xb
 313 003d 3E       		.uleb128 0x3e
 314 003e 0B       		.uleb128 0xb
 315 003f 00       		.byte	0x0
 316 0040 00       		.byte	0x0
 317 0041 06       		.uleb128 0x6
 318 0042 2E       		.uleb128 0x2e
 319 0043 01       		.byte	0x1
 320 0044 3F       		.uleb128 0x3f
 321 0045 0C       		.uleb128 0xc
 322 0046 03       		.uleb128 0x3
 323 0047 0E       		.uleb128 0xe
 324 0048 3A       		.uleb128 0x3a
 325 0049 0B       		.uleb128 0xb
 326 004a 3B       		.uleb128 0x3b
 327 004b 0B       		.uleb128 0xb
 328 004c 11       		.uleb128 0x11
 329 004d 01       		.uleb128 0x1
 330 004e 12       		.uleb128 0x12
 331 004f 01       		.uleb128 0x1
 332 0050 40       		.uleb128 0x40
 333 0051 06       		.uleb128 0x6
 334 0052 00       		.byte	0x0
 335 0053 00       		.byte	0x0
 336 0054 07       		.uleb128 0x7
 337 0055 34       		.uleb128 0x34
 338 0056 00       		.byte	0x0
 339 0057 03       		.uleb128 0x3
 340 0058 0E       		.uleb128 0xe
 341 0059 3A       		.uleb128 0x3a
 342 005a 0B       		.uleb128 0xb
 343 005b 3B       		.uleb128 0x3b
 344 005c 0B       		.uleb128 0xb
 345 005d 49       		.uleb128 0x49
 346 005e 13       		.uleb128 0x13
 347 005f 02       		.uleb128 0x2
 348 0060 0A       		.uleb128 0xa
 349 0061 00       		.byte	0x0
 350 0062 00       		.byte	0x0
 351 0063 00       		.byte	0x0
 352              		.section	.debug_pubnames,"",%progbits
 353 0000 17000000 		.4byte	0x17
 354 0004 0200     		.2byte	0x2
ARM GAS  C:\Users\gagan\AppData\Local\Temp\ccqAsML0.s 			page 9


 355 0006 00000000 		.4byte	.Ldebug_info0
 356 000a C4000000 		.4byte	0xc4
 357 000e 92000000 		.4byte	0x92
 358 0012 6D61696E 		.ascii	"main\000"
 358      00
 359 0017 00000000 		.4byte	0x0
 360              		.section	.debug_aranges,"",%progbits
 361 0000 1C000000 		.4byte	0x1c
 362 0004 0200     		.2byte	0x2
 363 0006 00000000 		.4byte	.Ldebug_info0
 364 000a 04       		.byte	0x4
 365 000b 00       		.byte	0x0
 366 000c 0000     		.2byte	0x0
 367 000e 0000     		.2byte	0x0
 368 0010 00000000 		.4byte	.LFB20
 369 0014 80000000 		.4byte	.LFE20-.LFB20
 370 0018 00000000 		.4byte	0x0
 371 001c 00000000 		.4byte	0x0
 372              		.section	.debug_ranges,"",%progbits
 373              	.Ldebug_ranges0:
 374 0000 00000000 		.4byte	.Ltext0
 375 0004 00000000 		.4byte	.Letext0
 376 0008 00000000 		.4byte	.LFB20
 377 000c 80000000 		.4byte	.LFE20
 378 0010 00000000 		.4byte	0x0
 379 0014 00000000 		.4byte	0x0
 380              		.section	.debug_str,"MS",%progbits,1
 381              	.LASF6:
 382 0000 6C6F6E67 		.ascii	"long long int\000"
 382      206C6F6E 
 382      6720696E 
 382      7400
 383              	.LASF8:
 384 000e 756E7369 		.ascii	"unsigned int\000"
 384      676E6564 
 384      20696E74 
 384      00
 385              	.LASF18:
 386 001b 6D61696E 		.ascii	"main\000"
 386      00
 387              	.LASF12:
 388 0020 736C6964 		.ascii	"sliderPosition\000"
 388      6572506F 
 388      73697469 
 388      6F6E00
 389              	.LASF5:
 390 002f 6C6F6E67 		.ascii	"long unsigned int\000"
 390      20756E73 
 390      69676E65 
 390      6420696E 
 390      7400
 391              	.LASF7:
 392 0041 6C6F6E67 		.ascii	"long long unsigned int\000"
 392      206C6F6E 
 392      6720756E 
 392      7369676E 
 392      65642069 
ARM GAS  C:\Users\gagan\AppData\Local\Temp\ccqAsML0.s 			page 10


 393              	.LASF14:
 394 0058 474E5520 		.ascii	"GNU C 4.4.1\000"
 394      4320342E 
 394      342E3100 
 395              	.LASF1:
 396 0064 756E7369 		.ascii	"unsigned char\000"
 396      676E6564 
 396      20636861 
 396      7200
 397              	.LASF11:
 398 0072 63686172 		.ascii	"char\000"
 398      00
 399              	.LASF4:
 400 0077 6C6F6E67 		.ascii	"long int\000"
 400      20696E74 
 400      00
 401              	.LASF2:
 402 0080 73686F72 		.ascii	"short int\000"
 402      7420696E 
 402      7400
 403              	.LASF10:
 404 008a 646F7562 		.ascii	"double\000"
 404      6C6500
 405              	.LASF3:
 406 0091 73686F72 		.ascii	"short unsigned int\000"
 406      7420756E 
 406      7369676E 
 406      65642069 
 406      6E7400
 407              	.LASF0:
 408 00a4 7369676E 		.ascii	"signed char\000"
 408      65642063 
 408      68617200 
 409              	.LASF16:
 410 00b0 433A5C55 		.ascii	"C:\\Users\\gagan\\Desktop\\CapSense\\CapSense.cydsn"
 410      73657273 
 410      5C676167 
 410      616E5C44 
 410      65736B74 
 411 00de 00       		.ascii	"\000"
 412              	.LASF9:
 413 00df 666C6F61 		.ascii	"float\000"
 413      7400
 414              	.LASF15:
 415 00e5 2E5C6D61 		.ascii	".\\main.c\000"
 415      696E2E63 
 415      00
 416              	.LASF17:
 417 00ee 75696E74 		.ascii	"uint16\000"
 417      313600
 418              	.LASF13:
 419 00f5 6C617374 		.ascii	"lastPosition\000"
 419      506F7369 
 419      74696F6E 
 419      00
 420              		.ident	"GCC: (Sourcery G++ Lite 2010q1-188) 4.4.1"
