ARM GAS  C:\Users\hp\AppData\Local\Temp\ccsHbDli.s 			page 1


   1              		.syntax unified
   2              		.cpu cortex-m3
   3              		.fpu softvfp
   4              		.eabi_attribute 20, 1
   5              		.eabi_attribute 21, 1
   6              		.eabi_attribute 23, 3
   7              		.eabi_attribute 24, 1
   8              		.eabi_attribute 25, 1
   9              		.eabi_attribute 26, 1
  10              		.eabi_attribute 30, 6
  11              		.eabi_attribute 34, 1
  12              		.eabi_attribute 18, 4
  13              		.thumb
  14              		.file	"cymetadata.c"
  15              		.text
  16              	.Ltext0:
  17              		.cfi_sections	.debug_frame
  18              		.global	cy_meta_configecc
  19              		.section	.cyconfigecc,"a",%progbits
  20              		.align	2
  21              		.type	cy_meta_configecc, %object
  22              		.size	cy_meta_configecc, 1012
  23              	cy_meta_configecc:
  24 0000 02       		.byte	2
  25 0001 52       		.byte	82
  26 0002 00       		.byte	0
  27 0003 40       		.byte	64
  28 0004 09       		.byte	9
  29 0005 64       		.byte	100
  30 0006 00       		.byte	0
  31 0007 40       		.byte	64
  32 0008 01       		.byte	1
  33 0009 01       		.byte	1
  34 000a 01       		.byte	1
  35 000b 40       		.byte	64
  36 000c 01       		.byte	1
  37 000d 03       		.byte	3
  38 000e 01       		.byte	1
  39 000f 40       		.byte	64
  40 0010 02       		.byte	2
  41 0011 09       		.byte	9
  42 0012 01       		.byte	1
  43 0013 40       		.byte	64
  44 0014 50       		.byte	80
  45 0015 0A       		.byte	10
  46 0016 01       		.byte	1
  47 0017 40       		.byte	64
  48 0018 38       		.byte	56
  49 0019 0B       		.byte	11
  50 001a 01       		.byte	1
  51 001b 40       		.byte	64
  52 001c 56       		.byte	86
  53 001d 0C       		.byte	12
  54 001e 01       		.byte	1
  55 001f 40       		.byte	64
  56 0020 3F       		.byte	63
  57 0021 0D       		.byte	13
ARM GAS  C:\Users\hp\AppData\Local\Temp\ccsHbDli.s 			page 2


  58 0022 01       		.byte	1
  59 0023 40       		.byte	64
  60 0024 57       		.byte	87
  61 0025 0E       		.byte	14
  62 0026 01       		.byte	1
  63 0027 40       		.byte	64
  64 0028 28       		.byte	40
  65 0029 0F       		.byte	15
  66 002a 01       		.byte	1
  67 002b 40       		.byte	64
  68 002c 06       		.byte	6
  69 002d 40       		.byte	64
  70 002e 01       		.byte	1
  71 002f 40       		.byte	64
  72 0030 03       		.byte	3
  73 0031 41       		.byte	65
  74 0032 01       		.byte	1
  75 0033 40       		.byte	64
  76 0034 02       		.byte	2
  77 0035 44       		.byte	68
  78 0036 01       		.byte	1
  79 0037 40       		.byte	64
  80 0038 01       		.byte	1
  81 0039 45       		.byte	69
  82 003a 01       		.byte	1
  83 003b 40       		.byte	64
  84 003c 08       		.byte	8
  85 003d 46       		.byte	70
  86 003e 01       		.byte	1
  87 003f 40       		.byte	64
  88 0040 04       		.byte	4
  89 0041 47       		.byte	71
  90 0042 01       		.byte	1
  91 0043 40       		.byte	64
  92 0044 03       		.byte	3
  93 0045 50       		.byte	80
  94 0046 01       		.byte	1
  95 0047 40       		.byte	64
  96 0048 01       		.byte	1
  97 0049 51       		.byte	81
  98 004a 01       		.byte	1
  99 004b 40       		.byte	64
 100 004c 16       		.byte	22
 101 004d FF       		.byte	-1
 102 004e 30       		.byte	48
 103 004f C0       		.byte	-64
 104 0050 0A       		.byte	10
 105 0051 FF       		.byte	-1
 106 0052 0E       		.byte	14
 107 0053 FF       		.byte	-1
 108 0054 0F       		.byte	15
 109 0055 FF       		.byte	-1
 110 0056 1E       		.byte	30
 111 0057 FF       		.byte	-1
 112 0058 1F       		.byte	31
 113 0059 FF       		.byte	-1
 114 005a 2E       		.byte	46
ARM GAS  C:\Users\hp\AppData\Local\Temp\ccsHbDli.s 			page 3


 115 005b FF       		.byte	-1
 116 005c 2F       		.byte	47
 117 005d FF       		.byte	-1
 118 005e 8B       		.byte	-117
 119 005f 0F       		.byte	15
 120 0060 8D       		.byte	-115
 121 0061 1F       		.byte	31
 122 0062 E6       		.byte	-26
 123 0063 08       		.byte	8
 124 0064 E6       		.byte	-26
 125 0065 08       		.byte	8
 126 0066 B0       		.byte	-80
 127 0067 04       		.byte	4
 128 0068 B4       		.byte	-76
 129 0069 80       		.byte	-128
 130 006a 06       		.byte	6
 131 006b 02       		.byte	2
 132 006c 0C       		.byte	12
 133 006d 04       		.byte	4
 134 006e 14       		.byte	20
 135 006f 04       		.byte	4
 136 0070 1F       		.byte	31
 137 0071 01       		.byte	1
 138 0072 20       		.byte	32
 139 0073 01       		.byte	1
 140 0074 22       		.byte	34
 141 0075 02       		.byte	2
 142 0076 27       		.byte	39
 143 0077 01       		.byte	1
 144 0078 2A       		.byte	42
 145 0079 01       		.byte	1
 146 007a 32       		.byte	50
 147 007b 04       		.byte	4
 148 007c 34       		.byte	52
 149 007d 03       		.byte	3
 150 007e 35       		.byte	53
 151 007f 01       		.byte	1
 152 0080 38       		.byte	56
 153 0081 08       		.byte	8
 154 0082 3E       		.byte	62
 155 0083 10       		.byte	16
 156 0084 40       		.byte	64
 157 0085 65       		.byte	101
 158 0086 45       		.byte	69
 159 0087 40       		.byte	64
 160 0088 46       		.byte	70
 161 0089 50       		.byte	80
 162 008a 47       		.byte	71
 163 008b 02       		.byte	2
 164 008c 48       		.byte	72
 165 008d 1A       		.byte	26
 166 008e 49       		.byte	73
 167 008f FF       		.byte	-1
 168 0090 4A       		.byte	74
 169 0091 FF       		.byte	-1
 170 0092 4B       		.byte	75
 171 0093 FF       		.byte	-1
ARM GAS  C:\Users\hp\AppData\Local\Temp\ccsHbDli.s 			page 4


 172 0094 4C       		.byte	76
 173 0095 02       		.byte	2
 174 0096 4D       		.byte	77
 175 0097 20       		.byte	32
 176 0098 4F       		.byte	79
 177 0099 05       		.byte	5
 178 009a 51       		.byte	81
 179 009b 10       		.byte	16
 180 009c 52       		.byte	82
 181 009d 17       		.byte	23
 182 009e 58       		.byte	88
 183 009f 04       		.byte	4
 184 00a0 59       		.byte	89
 185 00a1 04       		.byte	4
 186 00a2 5A       		.byte	90
 187 00a3 04       		.byte	4
 188 00a4 5B       		.byte	91
 189 00a5 04       		.byte	4
 190 00a6 5C       		.byte	92
 191 00a7 10       		.byte	16
 192 00a8 5F       		.byte	95
 193 00a9 01       		.byte	1
 194 00aa 60       		.byte	96
 195 00ab 40       		.byte	64
 196 00ac 61       		.byte	97
 197 00ad 40       		.byte	64
 198 00ae 62       		.byte	98
 199 00af 80       		.byte	-128
 200 00b0 64       		.byte	100
 201 00b1 80       		.byte	-128
 202 00b2 66       		.byte	102
 203 00b3 80       		.byte	-128
 204 00b4 87       		.byte	-121
 205 00b5 01       		.byte	1
 206 00b6 8B       		.byte	-117
 207 00b7 02       		.byte	2
 208 00b8 96       		.byte	-106
 209 00b9 04       		.byte	4
 210 00ba 9E       		.byte	-98
 211 00bb 01       		.byte	1
 212 00bc A9       		.byte	-87
 213 00bd 01       		.byte	1
 214 00be AA       		.byte	-86
 215 00bf 02       		.byte	2
 216 00c0 AD       		.byte	-83
 217 00c1 02       		.byte	2
 218 00c2 AE       		.byte	-82
 219 00c3 01       		.byte	1
 220 00c4 B0       		.byte	-80
 221 00c5 04       		.byte	4
 222 00c6 B2       		.byte	-78
 223 00c7 02       		.byte	2
 224 00c8 B3       		.byte	-77
 225 00c9 02       		.byte	2
 226 00ca B4       		.byte	-76
 227 00cb 01       		.byte	1
 228 00cc B7       		.byte	-73
ARM GAS  C:\Users\hp\AppData\Local\Temp\ccsHbDli.s 			page 5


 229 00cd 01       		.byte	1
 230 00ce BE       		.byte	-66
 231 00cf 10       		.byte	16
 232 00d0 C0       		.byte	-64
 233 00d1 50       		.byte	80
 234 00d2 C1       		.byte	-63
 235 00d3 01       		.byte	1
 236 00d4 C5       		.byte	-59
 237 00d5 D0       		.byte	-48
 238 00d6 C6       		.byte	-58
 239 00d7 50       		.byte	80
 240 00d8 C7       		.byte	-57
 241 00d9 21       		.byte	33
 242 00da C8       		.byte	-56
 243 00db 3A       		.byte	58
 244 00dc C9       		.byte	-55
 245 00dd FF       		.byte	-1
 246 00de CA       		.byte	-54
 247 00df FF       		.byte	-1
 248 00e0 CB       		.byte	-53
 249 00e1 FF       		.byte	-1
 250 00e2 CD       		.byte	-51
 251 00e3 A0       		.byte	-96
 252 00e4 CF       		.byte	-49
 253 00e5 04       		.byte	4
 254 00e6 D0       		.byte	-48
 255 00e7 18       		.byte	24
 256 00e8 D4       		.byte	-44
 257 00e9 07       		.byte	7
 258 00ea D8       		.byte	-40
 259 00eb 04       		.byte	4
 260 00ec D9       		.byte	-39
 261 00ed 04       		.byte	4
 262 00ee DA       		.byte	-38
 263 00ef 04       		.byte	4
 264 00f0 DB       		.byte	-37
 265 00f1 04       		.byte	4
 266 00f2 DC       		.byte	-36
 267 00f3 11       		.byte	17
 268 00f4 DD       		.byte	-35
 269 00f5 11       		.byte	17
 270 00f6 DF       		.byte	-33
 271 00f7 01       		.byte	1
 272 00f8 E0       		.byte	-32
 273 00f9 40       		.byte	64
 274 00fa E2       		.byte	-30
 275 00fb C0       		.byte	-64
 276 00fc E4       		.byte	-28
 277 00fd 40       		.byte	64
 278 00fe E5       		.byte	-27
 279 00ff 40       		.byte	64
 280 0100 E6       		.byte	-26
 281 0101 C0       		.byte	-64
 282 0102 E8       		.byte	-24
 283 0103 C0       		.byte	-64
 284 0104 EA       		.byte	-22
 285 0105 C0       		.byte	-64
ARM GAS  C:\Users\hp\AppData\Local\Temp\ccsHbDli.s 			page 6


 286 0106 EC       		.byte	-20
 287 0107 C0       		.byte	-64
 288 0108 EE       		.byte	-18
 289 0109 C0       		.byte	-64
 290 010a 00       		.byte	0
 291 010b 80       		.byte	-128
 292 010c 03       		.byte	3
 293 010d 20       		.byte	32
 294 010e 0B       		.byte	11
 295 010f 20       		.byte	32
 296 0110 0F       		.byte	15
 297 0111 22       		.byte	34
 298 0112 10       		.byte	16
 299 0113 80       		.byte	-128
 300 0114 11       		.byte	17
 301 0115 10       		.byte	16
 302 0116 15       		.byte	21
 303 0117 40       		.byte	64
 304 0118 16       		.byte	22
 305 0119 08       		.byte	8
 306 011a 17       		.byte	23
 307 011b 40       		.byte	64
 308 011c 18       		.byte	24
 309 011d 20       		.byte	32
 310 011e 1A       		.byte	26
 311 011f 08       		.byte	8
 312 0120 1E       		.byte	30
 313 0121 08       		.byte	8
 314 0122 1F       		.byte	31
 315 0123 06       		.byte	6
 316 0124 20       		.byte	32
 317 0125 08       		.byte	8
 318 0126 26       		.byte	38
 319 0127 40       		.byte	64
 320 0128 27       		.byte	39
 321 0129 20       		.byte	32
 322 012a 2B       		.byte	43
 323 012b 10       		.byte	16
 324 012c 2F       		.byte	47
 325 012d 06       		.byte	6
 326 012e 33       		.byte	51
 327 012f 40       		.byte	64
 328 0130 38       		.byte	56
 329 0131 20       		.byte	32
 330 0132 39       		.byte	57
 331 0133 10       		.byte	16
 332 0134 3E       		.byte	62
 333 0135 08       		.byte	8
 334 0136 3F       		.byte	63
 335 0137 20       		.byte	32
 336 0138 46       		.byte	70
 337 0139 02       		.byte	2
 338 013a 48       		.byte	72
 339 013b 48       		.byte	72
 340 013c 4A       		.byte	74
 341 013d 02       		.byte	2
 342 013e 4D       		.byte	77
ARM GAS  C:\Users\hp\AppData\Local\Temp\ccsHbDli.s 			page 7


 343 013f 40       		.byte	64
 344 0140 4F       		.byte	79
 345 0141 01       		.byte	1
 346 0142 50       		.byte	80
 347 0143 08       		.byte	8
 348 0144 53       		.byte	83
 349 0145 10       		.byte	16
 350 0146 56       		.byte	86
 351 0147 0A       		.byte	10
 352 0148 57       		.byte	87
 353 0149 11       		.byte	17
 354 014a 5E       		.byte	94
 355 014b 88       		.byte	-120
 356 014c 5F       		.byte	95
 357 014d 21       		.byte	33
 358 014e 68       		.byte	104
 359 014f 20       		.byte	32
 360 0150 6A       		.byte	106
 361 0151 90       		.byte	-112
 362 0152 6B       		.byte	107
 363 0153 02       		.byte	2
 364 0154 70       		.byte	112
 365 0155 80       		.byte	-128
 366 0156 95       		.byte	-107
 367 0157 10       		.byte	16
 368 0158 96       		.byte	-106
 369 0159 98       		.byte	-104
 370 015a 9B       		.byte	-101
 371 015b 40       		.byte	64
 372 015c 9C       		.byte	-100
 373 015d 80       		.byte	-128
 374 015e 9F       		.byte	-97
 375 015f 02       		.byte	2
 376 0160 A2       		.byte	-94
 377 0161 02       		.byte	2
 378 0162 A3       		.byte	-93
 379 0163 20       		.byte	32
 380 0164 A4       		.byte	-92
 381 0165 20       		.byte	32
 382 0166 B7       		.byte	-73
 383 0167 01       		.byte	1
 384 0168 C0       		.byte	-64
 385 0169 05       		.byte	5
 386 016a C2       		.byte	-62
 387 016b A4       		.byte	-92
 388 016c C4       		.byte	-60
 389 016d CA       		.byte	-54
 390 016e CA       		.byte	-54
 391 016f 32       		.byte	50
 392 0170 CC       		.byte	-52
 393 0171 08       		.byte	8
 394 0172 CE       		.byte	-50
 395 0173 60       		.byte	96
 396 0174 D0       		.byte	-48
 397 0175 10       		.byte	16
 398 0176 D2       		.byte	-46
 399 0177 1C       		.byte	28
ARM GAS  C:\Users\hp\AppData\Local\Temp\ccsHbDli.s 			page 8


 400 0178 D6       		.byte	-42
 401 0179 F0       		.byte	-16
 402 017a 00       		.byte	0
 403 017b 10       		.byte	16
 404 017c 04       		.byte	4
 405 017d 38       		.byte	56
 406 017e 06       		.byte	6
 407 017f 04       		.byte	4
 408 0180 08       		.byte	8
 409 0181 02       		.byte	2
 410 0182 0A       		.byte	10
 411 0183 01       		.byte	1
 412 0184 0E       		.byte	14
 413 0185 01       		.byte	1
 414 0186 10       		.byte	16
 415 0187 24       		.byte	36
 416 0188 12       		.byte	18
 417 0189 18       		.byte	24
 418 018a 13       		.byte	19
 419 018b 01       		.byte	1
 420 018c 16       		.byte	22
 421 018d 02       		.byte	2
 422 018e 18       		.byte	24
 423 018f 3C       		.byte	60
 424 0190 1C       		.byte	28
 425 0191 3D       		.byte	61
 426 0192 1E       		.byte	30
 427 0193 02       		.byte	2
 428 0194 20       		.byte	32
 429 0195 04       		.byte	4
 430 0196 24       		.byte	36
 431 0197 08       		.byte	8
 432 0198 28       		.byte	40
 433 0199 1C       		.byte	28
 434 019a 2A       		.byte	42
 435 019b 20       		.byte	32
 436 019c 2C       		.byte	44
 437 019d 03       		.byte	3
 438 019e 31       		.byte	49
 439 019f 01       		.byte	1
 440 01a0 32       		.byte	50
 441 01a1 3C       		.byte	60
 442 01a2 34       		.byte	52
 443 01a3 03       		.byte	3
 444 01a4 40       		.byte	64
 445 01a5 06       		.byte	6
 446 01a6 41       		.byte	65
 447 01a7 05       		.byte	5
 448 01a8 49       		.byte	73
 449 01a9 FF       		.byte	-1
 450 01aa 4A       		.byte	74
 451 01ab FF       		.byte	-1
 452 01ac 4B       		.byte	75
 453 01ad FF       		.byte	-1
 454 01ae 4C       		.byte	76
 455 01af 02       		.byte	2
 456 01b0 4D       		.byte	77
ARM GAS  C:\Users\hp\AppData\Local\Temp\ccsHbDli.s 			page 9


 457 01b1 0C       		.byte	12
 458 01b2 4E       		.byte	78
 459 01b3 F8       		.byte	-8
 460 01b4 56       		.byte	86
 461 01b5 08       		.byte	8
 462 01b6 58       		.byte	88
 463 01b7 04       		.byte	4
 464 01b8 59       		.byte	89
 465 01b9 04       		.byte	4
 466 01ba 5A       		.byte	90
 467 01bb 04       		.byte	4
 468 01bc 5B       		.byte	91
 469 01bd 0F       		.byte	15
 470 01be 5C       		.byte	92
 471 01bf 10       		.byte	16
 472 01c0 5F       		.byte	95
 473 01c1 01       		.byte	1
 474 01c2 62       		.byte	98
 475 01c3 48       		.byte	72
 476 01c4 63       		.byte	99
 477 01c5 A1       		.byte	-95
 478 01c6 68       		.byte	104
 479 01c7 F0       		.byte	-16
 480 01c8 6A       		.byte	106
 481 01c9 F0       		.byte	-16
 482 01ca 6C       		.byte	108
 483 01cb F0       		.byte	-16
 484 01cc 6E       		.byte	110
 485 01cd F0       		.byte	-16
 486 01ce 80       		.byte	-128
 487 01cf 04       		.byte	4
 488 01d0 81       		.byte	-127
 489 01d1 02       		.byte	2
 490 01d2 82       		.byte	-126
 491 01d3 02       		.byte	2
 492 01d4 84       		.byte	-124
 493 01d5 02       		.byte	2
 494 01d6 86       		.byte	-122
 495 01d7 04       		.byte	4
 496 01d8 88       		.byte	-120
 497 01d9 06       		.byte	6
 498 01da 8B       		.byte	-117
 499 01db 01       		.byte	1
 500 01dc 8D       		.byte	-115
 501 01dd 02       		.byte	2
 502 01de 8E       		.byte	-114
 503 01df 02       		.byte	2
 504 01e0 90       		.byte	-112
 505 01e1 06       		.byte	6
 506 01e2 96       		.byte	-106
 507 01e3 04       		.byte	4
 508 01e4 99       		.byte	-103
 509 01e5 02       		.byte	2
 510 01e6 9A       		.byte	-102
 511 01e7 02       		.byte	2
 512 01e8 9C       		.byte	-100
 513 01e9 06       		.byte	6
ARM GAS  C:\Users\hp\AppData\Local\Temp\ccsHbDli.s 			page 10


 514 01ea 9F       		.byte	-97
 515 01eb 02       		.byte	2
 516 01ec A0       		.byte	-96
 517 01ed 01       		.byte	1
 518 01ee A6       		.byte	-90
 519 01ef 04       		.byte	4
 520 01f0 AA       		.byte	-86
 521 01f1 01       		.byte	1
 522 01f2 B1       		.byte	-79
 523 01f3 02       		.byte	2
 524 01f4 B2       		.byte	-78
 525 01f5 06       		.byte	6
 526 01f6 B4       		.byte	-76
 527 01f7 01       		.byte	1
 528 01f8 B7       		.byte	-73
 529 01f9 01       		.byte	1
 530 01fa C0       		.byte	-64
 531 01fb 02       		.byte	2
 532 01fc C1       		.byte	-63
 533 01fd 05       		.byte	5
 534 01fe C6       		.byte	-58
 535 01ff A0       		.byte	-96
 536 0200 C9       		.byte	-55
 537 0201 FF       		.byte	-1
 538 0202 CA       		.byte	-54
 539 0203 FF       		.byte	-1
 540 0204 CB       		.byte	-53
 541 0205 FF       		.byte	-1
 542 0206 CC       		.byte	-52
 543 0207 03       		.byte	3
 544 0208 CD       		.byte	-51
 545 0209 0C       		.byte	12
 546 020a CE       		.byte	-50
 547 020b F4       		.byte	-12
 548 020c D6       		.byte	-42
 549 020d 02       		.byte	2
 550 020e D8       		.byte	-40
 551 020f 04       		.byte	4
 552 0210 D9       		.byte	-39
 553 0211 04       		.byte	4
 554 0212 DA       		.byte	-38
 555 0213 04       		.byte	4
 556 0214 DB       		.byte	-37
 557 0215 04       		.byte	4
 558 0216 DE       		.byte	-34
 559 0217 08       		.byte	8
 560 0218 DF       		.byte	-33
 561 0219 01       		.byte	1
 562 021a E2       		.byte	-30
 563 021b 48       		.byte	72
 564 021c E3       		.byte	-29
 565 021d A1       		.byte	-95
 566 021e E8       		.byte	-24
 567 021f F0       		.byte	-16
 568 0220 EA       		.byte	-22
 569 0221 F0       		.byte	-16
 570 0222 EC       		.byte	-20
ARM GAS  C:\Users\hp\AppData\Local\Temp\ccsHbDli.s 			page 11


 571 0223 F0       		.byte	-16
 572 0224 EE       		.byte	-18
 573 0225 F0       		.byte	-16
 574 0226 00       		.byte	0
 575 0227 90       		.byte	-112
 576 0228 01       		.byte	1
 577 0229 08       		.byte	8
 578 022a 02       		.byte	2
 579 022b 80       		.byte	-128
 580 022c 05       		.byte	5
 581 022d 15       		.byte	21
 582 022e 07       		.byte	7
 583 022f 02       		.byte	2
 584 0230 0A       		.byte	10
 585 0231 02       		.byte	2
 586 0232 0B       		.byte	11
 587 0233 A8       		.byte	-88
 588 0234 0E       		.byte	14
 589 0235 92       		.byte	-110
 590 0236 0F       		.byte	15
 591 0237 08       		.byte	8
 592 0238 10       		.byte	16
 593 0239 20       		.byte	32
 594 023a 11       		.byte	17
 595 023b 10       		.byte	16
 596 023c 13       		.byte	19
 597 023d 01       		.byte	1
 598 023e 15       		.byte	21
 599 023f 29       		.byte	41
 600 0240 16       		.byte	22
 601 0241 80       		.byte	-128
 602 0242 17       		.byte	23
 603 0243 80       		.byte	-128
 604 0244 18       		.byte	24
 605 0245 04       		.byte	4
 606 0246 19       		.byte	25
 607 0247 08       		.byte	8
 608 0248 1B       		.byte	27
 609 0249 14       		.byte	20
 610 024a 1C       		.byte	28
 611 024b 10       		.byte	16
 612 024c 1D       		.byte	29
 613 024d 14       		.byte	20
 614 024e 1F       		.byte	31
 615 024f 10       		.byte	16
 616 0250 21       		.byte	33
 617 0251 01       		.byte	1
 618 0252 22       		.byte	34
 619 0253 02       		.byte	2
 620 0254 23       		.byte	35
 621 0255 81       		.byte	-127
 622 0256 27       		.byte	39
 623 0257 40       		.byte	64
 624 0258 31       		.byte	49
 625 0259 10       		.byte	16
 626 025a 32       		.byte	50
 627 025b 40       		.byte	64
ARM GAS  C:\Users\hp\AppData\Local\Temp\ccsHbDli.s 			page 12


 628 025c 35       		.byte	53
 629 025d 02       		.byte	2
 630 025e 39       		.byte	57
 631 025f 12       		.byte	18
 632 0260 3B       		.byte	59
 633 0261 80       		.byte	-128
 634 0262 40       		.byte	64
 635 0263 04       		.byte	4
 636 0264 4A       		.byte	74
 637 0265 02       		.byte	2
 638 0266 4E       		.byte	78
 639 0267 02       		.byte	2
 640 0268 4F       		.byte	79
 641 0269 20       		.byte	32
 642 026a 53       		.byte	83
 643 026b 20       		.byte	32
 644 026c 5C       		.byte	92
 645 026d 80       		.byte	-128
 646 026e 67       		.byte	103
 647 026f 02       		.byte	2
 648 0270 72       		.byte	114
 649 0271 80       		.byte	-128
 650 0272 73       		.byte	115
 651 0273 40       		.byte	64
 652 0274 7A       		.byte	122
 653 0275 02       		.byte	2
 654 0276 7D       		.byte	125
 655 0277 01       		.byte	1
 656 0278 86       		.byte	-122
 657 0279 04       		.byte	4
 658 027a 91       		.byte	-111
 659 027b 28       		.byte	40
 660 027c 92       		.byte	-110
 661 027d 02       		.byte	2
 662 027e 93       		.byte	-109
 663 027f 88       		.byte	-120
 664 0280 95       		.byte	-107
 665 0281 02       		.byte	2
 666 0282 96       		.byte	-106
 667 0283 10       		.byte	16
 668 0284 97       		.byte	-105
 669 0285 42       		.byte	66
 670 0286 99       		.byte	-103
 671 0287 03       		.byte	3
 672 0288 9D       		.byte	-99
 673 0289 1C       		.byte	28
 674 028a A0       		.byte	-96
 675 028b 40       		.byte	64
 676 028c A2       		.byte	-94
 677 028d C1       		.byte	-63
 678 028e A4       		.byte	-92
 679 028f 20       		.byte	32
 680 0290 C0       		.byte	-64
 681 0291 FF       		.byte	-1
 682 0292 C2       		.byte	-62
 683 0293 FF       		.byte	-1
 684 0294 C4       		.byte	-60
ARM GAS  C:\Users\hp\AppData\Local\Temp\ccsHbDli.s 			page 13


 685 0295 FE       		.byte	-2
 686 0296 CC       		.byte	-52
 687 0297 8C       		.byte	-116
 688 0298 CE       		.byte	-50
 689 0299 0D       		.byte	13
 690 029a D0       		.byte	-48
 691 029b 04       		.byte	4
 692 029c D2       		.byte	-46
 693 029d 38       		.byte	56
 694 029e D6       		.byte	-42
 695 029f 10       		.byte	16
 696 02a0 D8       		.byte	-40
 697 02a1 10       		.byte	16
 698 02a2 DE       		.byte	-34
 699 02a3 88       		.byte	-120
 700 02a4 05       		.byte	5
 701 02a5 0A       		.byte	10
 702 02a6 07       		.byte	7
 703 02a7 01       		.byte	1
 704 02a8 09       		.byte	9
 705 02a9 39       		.byte	57
 706 02aa 0B       		.byte	11
 707 02ab 04       		.byte	4
 708 02ac 0D       		.byte	13
 709 02ad 20       		.byte	32
 710 02ae 11       		.byte	17
 711 02af 11       		.byte	17
 712 02b0 13       		.byte	19
 713 02b1 02       		.byte	2
 714 02b2 15       		.byte	21
 715 02b3 20       		.byte	32
 716 02b4 1B       		.byte	27
 717 02b5 20       		.byte	32
 718 02b6 1D       		.byte	29
 719 02b7 20       		.byte	32
 720 02b8 1F       		.byte	31
 721 02b9 1B       		.byte	27
 722 02ba 25       		.byte	37
 723 02bb 20       		.byte	32
 724 02bc 2B       		.byte	43
 725 02bd 20       		.byte	32
 726 02be 31       		.byte	49
 727 02bf 01       		.byte	1
 728 02c0 33       		.byte	51
 729 02c1 06       		.byte	6
 730 02c2 35       		.byte	53
 731 02c3 20       		.byte	32
 732 02c4 37       		.byte	55
 733 02c5 18       		.byte	24
 734 02c6 3F       		.byte	63
 735 02c7 45       		.byte	69
 736 02c8 40       		.byte	64
 737 02c9 43       		.byte	67
 738 02ca 41       		.byte	65
 739 02cb 01       		.byte	1
 740 02cc 45       		.byte	69
 741 02cd 60       		.byte	96
ARM GAS  C:\Users\hp\AppData\Local\Temp\ccsHbDli.s 			page 14


 742 02ce 47       		.byte	71
 743 02cf 02       		.byte	2
 744 02d0 48       		.byte	72
 745 02d1 12       		.byte	18
 746 02d2 59       		.byte	89
 747 02d3 04       		.byte	4
 748 02d4 5A       		.byte	90
 749 02d5 04       		.byte	4
 750 02d6 5F       		.byte	95
 751 02d7 01       		.byte	1
 752 02d8 61       		.byte	97
 753 02d9 0C       		.byte	12
 754 02da 62       		.byte	98
 755 02db F0       		.byte	-16
 756 02dc 63       		.byte	99
 757 02dd 0C       		.byte	12
 758 02de 65       		.byte	101
 759 02df 0C       		.byte	12
 760 02e0 67       		.byte	103
 761 02e1 0C       		.byte	12
 762 02e2 68       		.byte	104
 763 02e3 40       		.byte	64
 764 02e4 69       		.byte	105
 765 02e5 4C       		.byte	76
 766 02e6 6A       		.byte	106
 767 02e7 40       		.byte	64
 768 02e8 6B       		.byte	107
 769 02e9 4C       		.byte	76
 770 02ea 6C       		.byte	108
 771 02eb 90       		.byte	-112
 772 02ec 6D       		.byte	109
 773 02ed 58       		.byte	88
 774 02ee 6F       		.byte	111
 775 02ef 0C       		.byte	12
 776 02f0 87       		.byte	-121
 777 02f1 0C       		.byte	12
 778 02f2 88       		.byte	-120
 779 02f3 03       		.byte	3
 780 02f4 8B       		.byte	-117
 781 02f5 30       		.byte	48
 782 02f6 8F       		.byte	-113
 783 02f7 80       		.byte	-128
 784 02f8 90       		.byte	-112
 785 02f9 02       		.byte	2
 786 02fa 91       		.byte	-111
 787 02fb 2A       		.byte	42
 788 02fc 92       		.byte	-110
 789 02fd 01       		.byte	1
 790 02fe 94       		.byte	-108
 791 02ff 02       		.byte	2
 792 0300 97       		.byte	-105
 793 0301 80       		.byte	-128
 794 0302 99       		.byte	-103
 795 0303 8F       		.byte	-113
 796 0304 9B       		.byte	-101
 797 0305 40       		.byte	64
 798 0306 9C       		.byte	-100
ARM GAS  C:\Users\hp\AppData\Local\Temp\ccsHbDli.s 			page 15


 799 0307 01       		.byte	1
 800 0308 9D       		.byte	-99
 801 0309 80       		.byte	-128
 802 030a 9E       		.byte	-98
 803 030b 02       		.byte	2
 804 030c 9F       		.byte	-97
 805 030d 3F       		.byte	63
 806 030e A1       		.byte	-95
 807 030f 80       		.byte	-128
 808 0310 A5       		.byte	-91
 809 0311 80       		.byte	-128
 810 0312 A9       		.byte	-87
 811 0313 15       		.byte	21
 812 0314 AD       		.byte	-83
 813 0315 3F       		.byte	63
 814 0316 B1       		.byte	-79
 815 0317 0C       		.byte	12
 816 0318 B3       		.byte	-77
 817 0319 03       		.byte	3
 818 031a B5       		.byte	-75
 819 031b 70       		.byte	112
 820 031c B6       		.byte	-74
 821 031d 03       		.byte	3
 822 031e B7       		.byte	-73
 823 031f 80       		.byte	-128
 824 0320 BF       		.byte	-65
 825 0321 15       		.byte	21
 826 0322 C0       		.byte	-64
 827 0323 13       		.byte	19
 828 0324 C1       		.byte	-63
 829 0325 02       		.byte	2
 830 0326 C5       		.byte	-59
 831 0327 02       		.byte	2
 832 0328 C6       		.byte	-58
 833 0329 60       		.byte	96
 834 032a C8       		.byte	-56
 835 032b 09       		.byte	9
 836 032c D2       		.byte	-46
 837 032d 80       		.byte	-128
 838 032e D8       		.byte	-40
 839 032f 04       		.byte	4
 840 0330 D9       		.byte	-39
 841 0331 04       		.byte	4
 842 0332 DA       		.byte	-38
 843 0333 04       		.byte	4
 844 0334 DB       		.byte	-37
 845 0335 04       		.byte	4
 846 0336 DD       		.byte	-35
 847 0337 10       		.byte	16
 848 0338 DF       		.byte	-33
 849 0339 01       		.byte	1
 850 033a E1       		.byte	-31
 851 033b 0C       		.byte	12
 852 033c E2       		.byte	-30
 853 033d F0       		.byte	-16
 854 033e E3       		.byte	-29
 855 033f 0C       		.byte	12
ARM GAS  C:\Users\hp\AppData\Local\Temp\ccsHbDli.s 			page 16


 856 0340 E5       		.byte	-27
 857 0341 0C       		.byte	12
 858 0342 E7       		.byte	-25
 859 0343 0C       		.byte	12
 860 0344 E8       		.byte	-24
 861 0345 40       		.byte	64
 862 0346 E9       		.byte	-23
 863 0347 4C       		.byte	76
 864 0348 EA       		.byte	-22
 865 0349 40       		.byte	64
 866 034a EB       		.byte	-21
 867 034b 4C       		.byte	76
 868 034c EC       		.byte	-20
 869 034d 90       		.byte	-112
 870 034e ED       		.byte	-19
 871 034f 58       		.byte	88
 872 0350 EF       		.byte	-17
 873 0351 0C       		.byte	12
 874 0352 05       		.byte	5
 875 0353 10       		.byte	16
 876 0354 0D       		.byte	13
 877 0355 01       		.byte	1
 878 0356 0E       		.byte	14
 879 0357 12       		.byte	18
 880 0358 1E       		.byte	30
 881 0359 02       		.byte	2
 882 035a 1F       		.byte	31
 883 035b 40       		.byte	64
 884 035c 20       		.byte	32
 885 035d 51       		.byte	81
 886 035e 21       		.byte	33
 887 035f 10       		.byte	16
 888 0360 22       		.byte	34
 889 0361 20       		.byte	32
 890 0362 26       		.byte	38
 891 0363 C0       		.byte	-64
 892 0364 27       		.byte	39
 893 0365 58       		.byte	88
 894 0366 29       		.byte	41
 895 0367 18       		.byte	24
 896 0368 2D       		.byte	45
 897 0369 08       		.byte	8
 898 036a 2F       		.byte	47
 899 036b 49       		.byte	73
 900 036c 30       		.byte	48
 901 036d 20       		.byte	32
 902 036e 31       		.byte	49
 903 036f 05       		.byte	5
 904 0370 32       		.byte	50
 905 0371 80       		.byte	-128
 906 0372 35       		.byte	53
 907 0373 05       		.byte	5
 908 0374 36       		.byte	54
 909 0375 A0       		.byte	-96
 910 0376 38       		.byte	56
 911 0377 08       		.byte	8
 912 0378 39       		.byte	57
ARM GAS  C:\Users\hp\AppData\Local\Temp\ccsHbDli.s 			page 17


 913 0379 20       		.byte	32
 914 037a 3B       		.byte	59
 915 037b 80       		.byte	-128
 916 037c 3F       		.byte	63
 917 037d 68       		.byte	104
 918 037e 40       		.byte	64
 919 037f 51       		.byte	81
 920 0380 47       		.byte	71
 921 0381 58       		.byte	88
 922 0382 48       		.byte	72
 923 0383 40       		.byte	64
 924 0384 49       		.byte	73
 925 0385 01       		.byte	1
 926 0386 4F       		.byte	79
 927 0387 08       		.byte	8
 928 0388 50       		.byte	80
 929 0389 04       		.byte	4
 930 038a 51       		.byte	81
 931 038b 04       		.byte	4
 932 038c 53       		.byte	83
 933 038d 0C       		.byte	12
 934 038e 57       		.byte	87
 935 038f 10       		.byte	16
 936 0390 75       		.byte	117
 937 0391 02       		.byte	2
 938 0392 85       		.byte	-123
 939 0393 08       		.byte	8
 940 0394 8A       		.byte	-118
 941 0395 21       		.byte	33
 942 0396 C0       		.byte	-64
 943 0397 40       		.byte	64
 944 0398 C2       		.byte	-62
 945 0399 B0       		.byte	-80
 946 039a CA       		.byte	-54
 947 039b F6       		.byte	-10
 948 039c CC       		.byte	-52
 949 039d FF       		.byte	-1
 950 039e CE       		.byte	-50
 951 039f 7E       		.byte	126
 952 03a0 D0       		.byte	-48
 953 03a1 7B       		.byte	123
 954 03a2 31       		.byte	49
 955 03a3 40       		.byte	64
 956 03a4 78       		.byte	120
 957 03a5 40       		.byte	64
 958 03a6 85       		.byte	-123
 959 03a7 40       		.byte	64
 960 03a8 CC       		.byte	-52
 961 03a9 10       		.byte	16
 962 03aa DC       		.byte	-36
 963 03ab 80       		.byte	-128
 964 03ac E6       		.byte	-26
 965 03ad 10       		.byte	16
 966 03ae 84       		.byte	-124
 967 03af 40       		.byte	64
 968 03b0 9C       		.byte	-100
 969 03b1 40       		.byte	64
ARM GAS  C:\Users\hp\AppData\Local\Temp\ccsHbDli.s 			page 18


 970 03b2 E6       		.byte	-26
 971 03b3 10       		.byte	16
 972 03b4 5C       		.byte	92
 973 03b5 02       		.byte	2
 974 03b6 D6       		.byte	-42
 975 03b7 01       		.byte	1
 976 03b8 9C       		.byte	-100
 977 03b9 02       		.byte	2
 978 03ba 00       		.byte	0
 979 03bb 10       		.byte	16
 980 03bc 39       		.byte	57
 981 03bd 40       		.byte	64
 982 03be 91       		.byte	-111
 983 03bf 40       		.byte	64
 984 03c0 9C       		.byte	-100
 985 03c1 02       		.byte	2
 986 03c2 B5       		.byte	-75
 987 03c3 40       		.byte	64
 988 03c4 C0       		.byte	-64
 989 03c5 02       		.byte	2
 990 03c6 CE       		.byte	-50
 991 03c7 08       		.byte	8
 992 03c8 E8       		.byte	-24
 993 03c9 02       		.byte	2
 994 03ca B0       		.byte	-80
 995 03cb 02       		.byte	2
 996 03cc B4       		.byte	-76
 997 03cd 10       		.byte	16
 998 03ce E8       		.byte	-24
 999 03cf 04       		.byte	4
 1000 03d0 EA       		.byte	-22
 1001 03d1 08       		.byte	8
 1002 03d2 00       		.byte	0
 1003 03d3 03       		.byte	3
 1004 03d4 0C       		.byte	12
 1005 03d5 03       		.byte	3
 1006 03d6 0E       		.byte	14
 1007 03d7 03       		.byte	3
 1008 03d8 00       		.byte	0
 1009 03d9 03       		.byte	3
 1010 03da 00       		.byte	0
 1011 03db 00       		.byte	0
 1012 03dc 00       		.byte	0
 1013 03dd 00       		.byte	0
 1014 03de FF       		.byte	-1
 1015 03df 00       		.byte	0
 1016 03e0 00       		.byte	0
 1017 03e1 00       		.byte	0
 1018 03e2 00       		.byte	0
 1019 03e3 00       		.byte	0
 1020 03e4 00       		.byte	0
 1021 03e5 00       		.byte	0
 1022 03e6 00       		.byte	0
 1023 03e7 00       		.byte	0
 1024 03e8 00       		.byte	0
 1025 03e9 00       		.byte	0
 1026 03ea 01       		.byte	1
ARM GAS  C:\Users\hp\AppData\Local\Temp\ccsHbDli.s 			page 19


 1027 03eb 00       		.byte	0
 1028 03ec 00       		.byte	0
 1029 03ed C0       		.byte	-64
 1030 03ee C0       		.byte	-64
 1031 03ef 00       		.byte	0
 1032 03f0 C0       		.byte	-64
 1033 03f1 00       		.byte	0
 1034 03f2 00       		.byte	0
 1035 03f3 00       		.byte	0
 1036              		.global	cy_meta_custnvl
 1037              		.section	.cycustnvl,"a",%progbits
 1038              		.align	2
 1039              		.type	cy_meta_custnvl, %object
 1040              		.size	cy_meta_custnvl, 4
 1041              	cy_meta_custnvl:
 1042 0000 00       		.byte	0
 1043 0001 00       		.byte	0
 1044 0002 40       		.byte	64
 1045 0003 05       		.byte	5
 1046              		.global	cy_meta_wonvl
 1047              		.section	.cywolatch,"a",%progbits
 1048              		.align	2
 1049              		.type	cy_meta_wonvl, %object
 1050              		.size	cy_meta_wonvl, 4
 1051              	cy_meta_wonvl:
 1052 0000 BC       		.byte	-68
 1053 0001 90       		.byte	-112
 1054 0002 AC       		.byte	-84
 1055 0003 AF       		.byte	-81
 1056              		.global	cy_meta_flashprotect
 1057              		.section	.cyflashprotect,"a",%progbits
 1058              		.align	2
 1059              		.type	cy_meta_flashprotect, %object
 1060              		.size	cy_meta_flashprotect, 256
 1061              	cy_meta_flashprotect:
 1062 0000 00000000 		.space	256
 1062      00000000 
 1062      00000000 
 1062      00000000 
 1062      00000000 
 1063              		.global	cy_metadata
 1064              		.section	.cymeta,"a",%progbits
 1065              		.align	2
 1066              		.type	cy_metadata, %object
 1067              		.size	cy_metadata, 12
 1068              	cy_metadata:
 1069 0000 00       		.byte	0
 1070 0001 01       		.byte	1
 1071 0002 2E       		.byte	46
 1072 0003 16       		.byte	22
 1073 0004 00       		.byte	0
 1074 0005 69       		.byte	105
 1075 0006 00       		.byte	0
 1076 0007 01       		.byte	1
 1077 0008 00       		.byte	0
 1078 0009 00       		.byte	0
 1079 000a 00       		.byte	0
ARM GAS  C:\Users\hp\AppData\Local\Temp\ccsHbDli.s 			page 20


 1080 000b 00       		.byte	0
 1081              		.text
 1082              	.Letext0:
 1083              		.file 1 ".\\Generated_Source\\PSoC5\\cymetadata.c"
 1084              		.file 2 ".\\Generated_Source\\PSoC5\\cytypes.h"
 1085              		.section	.debug_info,"",%progbits
 1086              	.Ldebug_info0:
 1087 0000 36010000 		.4byte	0x136
 1088 0004 0400     		.2byte	0x4
 1089 0006 00000000 		.4byte	.Ldebug_abbrev0
 1090 000a 04       		.byte	0x4
 1091 000b 01       		.uleb128 0x1
 1092 000c 6E000000 		.4byte	.LASF18
 1093 0010 01       		.byte	0x1
 1094 0011 FC000000 		.4byte	.LASF19
 1095 0015 00000000 		.4byte	.LASF20
 1096 0019 00000000 		.4byte	.Ldebug_line0
 1097 001d 02       		.uleb128 0x2
 1098 001e 01       		.byte	0x1
 1099 001f 06       		.byte	0x6
 1100 0020 0C020000 		.4byte	.LASF0
 1101 0024 02       		.uleb128 0x2
 1102 0025 01       		.byte	0x1
 1103 0026 08       		.byte	0x8
 1104 0027 34010000 		.4byte	.LASF1
 1105 002b 02       		.uleb128 0x2
 1106 002c 02       		.byte	0x2
 1107 002d 05       		.byte	0x5
 1108 002e F3010000 		.4byte	.LASF2
 1109 0032 02       		.uleb128 0x2
 1110 0033 02       		.byte	0x2
 1111 0034 07       		.byte	0x7
 1112 0035 54010000 		.4byte	.LASF3
 1113 0039 02       		.uleb128 0x2
 1114 003a 04       		.byte	0x4
 1115 003b 05       		.byte	0x5
 1116 003c 03020000 		.4byte	.LASF4
 1117 0040 02       		.uleb128 0x2
 1118 0041 04       		.byte	0x4
 1119 0042 07       		.byte	0x7
 1120 0043 42010000 		.4byte	.LASF5
 1121 0047 02       		.uleb128 0x2
 1122 0048 08       		.byte	0x8
 1123 0049 05       		.byte	0x5
 1124 004a E0010000 		.4byte	.LASF6
 1125 004e 02       		.uleb128 0x2
 1126 004f 08       		.byte	0x8
 1127 0050 07       		.byte	0x7
 1128 0051 9D010000 		.4byte	.LASF7
 1129 0055 03       		.uleb128 0x3
 1130 0056 04       		.byte	0x4
 1131 0057 05       		.byte	0x5
 1132 0058 696E7400 		.ascii	"int\000"
 1133 005c 02       		.uleb128 0x2
 1134 005d 04       		.byte	0x4
 1135 005e 07       		.byte	0x7
 1136 005f 90010000 		.4byte	.LASF8
ARM GAS  C:\Users\hp\AppData\Local\Temp\ccsHbDli.s 			page 21


 1137 0063 04       		.uleb128 0x4
 1138 0064 FD010000 		.4byte	.LASF21
 1139 0068 02       		.byte	0x2
 1140 0069 C2       		.byte	0xc2
 1141 006a 24000000 		.4byte	0x24
 1142 006e 02       		.uleb128 0x2
 1143 006f 04       		.byte	0x4
 1144 0070 04       		.byte	0x4
 1145 0071 2E010000 		.4byte	.LASF9
 1146 0075 02       		.uleb128 0x2
 1147 0076 08       		.byte	0x8
 1148 0077 04       		.byte	0x4
 1149 0078 67010000 		.4byte	.LASF10
 1150 007c 02       		.uleb128 0x2
 1151 007d 01       		.byte	0x1
 1152 007e 08       		.byte	0x8
 1153 007f EE010000 		.4byte	.LASF11
 1154 0083 05       		.uleb128 0x5
 1155 0084 63000000 		.4byte	0x63
 1156 0088 94000000 		.4byte	0x94
 1157 008c 06       		.uleb128 0x6
 1158 008d 94000000 		.4byte	0x94
 1159 0091 F303     		.2byte	0x3f3
 1160 0093 00       		.byte	0
 1161 0094 02       		.uleb128 0x2
 1162 0095 04       		.byte	0x4
 1163 0096 07       		.byte	0x7
 1164 0097 D7010000 		.4byte	.LASF12
 1165 009b 07       		.uleb128 0x7
 1166 009c 7E010000 		.4byte	.LASF13
 1167 00a0 01       		.byte	0x1
 1168 00a1 1C       		.byte	0x1c
 1169 00a2 AC000000 		.4byte	0xac
 1170 00a6 05       		.uleb128 0x5
 1171 00a7 03       		.byte	0x3
 1172 00a8 00000000 		.4byte	cy_meta_configecc
 1173 00ac 08       		.uleb128 0x8
 1174 00ad 83000000 		.4byte	0x83
 1175 00b1 05       		.uleb128 0x5
 1176 00b2 63000000 		.4byte	0x63
 1177 00b6 C1000000 		.4byte	0xc1
 1178 00ba 09       		.uleb128 0x9
 1179 00bb 94000000 		.4byte	0x94
 1180 00bf 03       		.byte	0x3
 1181 00c0 00       		.byte	0
 1182 00c1 07       		.uleb128 0x7
 1183 00c2 6E010000 		.4byte	.LASF14
 1184 00c6 01       		.byte	0x1
 1185 00c7 A5       		.byte	0xa5
 1186 00c8 D2000000 		.4byte	0xd2
 1187 00cc 05       		.uleb128 0x5
 1188 00cd 03       		.byte	0x3
 1189 00ce 00000000 		.4byte	cy_meta_custnvl
 1190 00d2 08       		.uleb128 0x8
 1191 00d3 B1000000 		.4byte	0xb1
 1192 00d7 07       		.uleb128 0x7
 1193 00d8 C9010000 		.4byte	.LASF15
ARM GAS  C:\Users\hp\AppData\Local\Temp\ccsHbDli.s 			page 22


 1194 00dc 01       		.byte	0x1
 1195 00dd B0       		.byte	0xb0
 1196 00de E8000000 		.4byte	0xe8
 1197 00e2 05       		.uleb128 0x5
 1198 00e3 03       		.byte	0x3
 1199 00e4 00000000 		.4byte	cy_meta_wonvl
 1200 00e8 08       		.uleb128 0x8
 1201 00e9 B1000000 		.4byte	0xb1
 1202 00ed 05       		.uleb128 0x5
 1203 00ee 63000000 		.4byte	0x63
 1204 00f2 FD000000 		.4byte	0xfd
 1205 00f6 09       		.uleb128 0x9
 1206 00f7 94000000 		.4byte	0x94
 1207 00fb FF       		.byte	0xff
 1208 00fc 00       		.byte	0
 1209 00fd 07       		.uleb128 0x7
 1210 00fe B4010000 		.4byte	.LASF16
 1211 0102 01       		.byte	0x1
 1212 0103 BB       		.byte	0xbb
 1213 0104 0E010000 		.4byte	0x10e
 1214 0108 05       		.uleb128 0x5
 1215 0109 03       		.byte	0x3
 1216 010a 00000000 		.4byte	cy_meta_flashprotect
 1217 010e 08       		.uleb128 0x8
 1218 010f ED000000 		.4byte	0xed
 1219 0113 05       		.uleb128 0x5
 1220 0114 63000000 		.4byte	0x63
 1221 0118 23010000 		.4byte	0x123
 1222 011c 09       		.uleb128 0x9
 1223 011d 94000000 		.4byte	0x94
 1224 0121 0B       		.byte	0xb
 1225 0122 00       		.byte	0
 1226 0123 07       		.uleb128 0x7
 1227 0124 22010000 		.4byte	.LASF17
 1228 0128 01       		.byte	0x1
 1229 0129 E5       		.byte	0xe5
 1230 012a 34010000 		.4byte	0x134
 1231 012e 05       		.uleb128 0x5
 1232 012f 03       		.byte	0x3
 1233 0130 00000000 		.4byte	cy_metadata
 1234 0134 08       		.uleb128 0x8
 1235 0135 13010000 		.4byte	0x113
 1236 0139 00       		.byte	0
 1237              		.section	.debug_abbrev,"",%progbits
 1238              	.Ldebug_abbrev0:
 1239 0000 01       		.uleb128 0x1
 1240 0001 11       		.uleb128 0x11
 1241 0002 01       		.byte	0x1
 1242 0003 25       		.uleb128 0x25
 1243 0004 0E       		.uleb128 0xe
 1244 0005 13       		.uleb128 0x13
 1245 0006 0B       		.uleb128 0xb
 1246 0007 03       		.uleb128 0x3
 1247 0008 0E       		.uleb128 0xe
 1248 0009 1B       		.uleb128 0x1b
 1249 000a 0E       		.uleb128 0xe
 1250 000b 10       		.uleb128 0x10
ARM GAS  C:\Users\hp\AppData\Local\Temp\ccsHbDli.s 			page 23


 1251 000c 17       		.uleb128 0x17
 1252 000d 00       		.byte	0
 1253 000e 00       		.byte	0
 1254 000f 02       		.uleb128 0x2
 1255 0010 24       		.uleb128 0x24
 1256 0011 00       		.byte	0
 1257 0012 0B       		.uleb128 0xb
 1258 0013 0B       		.uleb128 0xb
 1259 0014 3E       		.uleb128 0x3e
 1260 0015 0B       		.uleb128 0xb
 1261 0016 03       		.uleb128 0x3
 1262 0017 0E       		.uleb128 0xe
 1263 0018 00       		.byte	0
 1264 0019 00       		.byte	0
 1265 001a 03       		.uleb128 0x3
 1266 001b 24       		.uleb128 0x24
 1267 001c 00       		.byte	0
 1268 001d 0B       		.uleb128 0xb
 1269 001e 0B       		.uleb128 0xb
 1270 001f 3E       		.uleb128 0x3e
 1271 0020 0B       		.uleb128 0xb
 1272 0021 03       		.uleb128 0x3
 1273 0022 08       		.uleb128 0x8
 1274 0023 00       		.byte	0
 1275 0024 00       		.byte	0
 1276 0025 04       		.uleb128 0x4
 1277 0026 16       		.uleb128 0x16
 1278 0027 00       		.byte	0
 1279 0028 03       		.uleb128 0x3
 1280 0029 0E       		.uleb128 0xe
 1281 002a 3A       		.uleb128 0x3a
 1282 002b 0B       		.uleb128 0xb
 1283 002c 3B       		.uleb128 0x3b
 1284 002d 0B       		.uleb128 0xb
 1285 002e 49       		.uleb128 0x49
 1286 002f 13       		.uleb128 0x13
 1287 0030 00       		.byte	0
 1288 0031 00       		.byte	0
 1289 0032 05       		.uleb128 0x5
 1290 0033 01       		.uleb128 0x1
 1291 0034 01       		.byte	0x1
 1292 0035 49       		.uleb128 0x49
 1293 0036 13       		.uleb128 0x13
 1294 0037 01       		.uleb128 0x1
 1295 0038 13       		.uleb128 0x13
 1296 0039 00       		.byte	0
 1297 003a 00       		.byte	0
 1298 003b 06       		.uleb128 0x6
 1299 003c 21       		.uleb128 0x21
 1300 003d 00       		.byte	0
 1301 003e 49       		.uleb128 0x49
 1302 003f 13       		.uleb128 0x13
 1303 0040 2F       		.uleb128 0x2f
 1304 0041 05       		.uleb128 0x5
 1305 0042 00       		.byte	0
 1306 0043 00       		.byte	0
 1307 0044 07       		.uleb128 0x7
ARM GAS  C:\Users\hp\AppData\Local\Temp\ccsHbDli.s 			page 24


 1308 0045 34       		.uleb128 0x34
 1309 0046 00       		.byte	0
 1310 0047 03       		.uleb128 0x3
 1311 0048 0E       		.uleb128 0xe
 1312 0049 3A       		.uleb128 0x3a
 1313 004a 0B       		.uleb128 0xb
 1314 004b 3B       		.uleb128 0x3b
 1315 004c 0B       		.uleb128 0xb
 1316 004d 49       		.uleb128 0x49
 1317 004e 13       		.uleb128 0x13
 1318 004f 3F       		.uleb128 0x3f
 1319 0050 19       		.uleb128 0x19
 1320 0051 02       		.uleb128 0x2
 1321 0052 18       		.uleb128 0x18
 1322 0053 00       		.byte	0
 1323 0054 00       		.byte	0
 1324 0055 08       		.uleb128 0x8
 1325 0056 26       		.uleb128 0x26
 1326 0057 00       		.byte	0
 1327 0058 49       		.uleb128 0x49
 1328 0059 13       		.uleb128 0x13
 1329 005a 00       		.byte	0
 1330 005b 00       		.byte	0
 1331 005c 09       		.uleb128 0x9
 1332 005d 21       		.uleb128 0x21
 1333 005e 00       		.byte	0
 1334 005f 49       		.uleb128 0x49
 1335 0060 13       		.uleb128 0x13
 1336 0061 2F       		.uleb128 0x2f
 1337 0062 0B       		.uleb128 0xb
 1338 0063 00       		.byte	0
 1339 0064 00       		.byte	0
 1340 0065 00       		.byte	0
 1341              		.section	.debug_aranges,"",%progbits
 1342 0000 14000000 		.4byte	0x14
 1343 0004 0200     		.2byte	0x2
 1344 0006 00000000 		.4byte	.Ldebug_info0
 1345 000a 04       		.byte	0x4
 1346 000b 00       		.byte	0
 1347 000c 0000     		.2byte	0
 1348 000e 0000     		.2byte	0
 1349 0010 00000000 		.4byte	0
 1350 0014 00000000 		.4byte	0
 1351              		.section	.debug_line,"",%progbits
 1352              	.Ldebug_line0:
 1353 0000 4F000000 		.section	.debug_str,"MS",%progbits,1
 1353      02004900 
 1353      00000201 
 1353      FB0E0D00 
 1353      01010101 
 1354              	.LASF20:
 1355 0000 433A5C55 		.ascii	"C:\\Users\\hp\\Dropbox\\Privat\\__github\\FreeSoC2_"
 1355      73657273 
 1355      5C68705C 
 1355      44726F70 
 1355      626F785C 
 1356 002d 656C656D 		.ascii	"element14_100_examples\\02_CapSense-Slider-Example\\"
ARM GAS  C:\Users\hp\AppData\Local\Temp\ccsHbDli.s 			page 25


 1356      656E7431 
 1356      345F3130 
 1356      305F6578 
 1356      616D706C 
 1357 005f 43617053 		.ascii	"CapSense.cydsn\000"
 1357      656E7365 
 1357      2E637964 
 1357      736E00
 1358              	.LASF18:
 1359 006e 474E5520 		.ascii	"GNU C 4.9.3 20150303 (release) [ARM/embedded-4_9-br"
 1359      4320342E 
 1359      392E3320 
 1359      32303135 
 1359      30333033 
 1360 00a1 616E6368 		.ascii	"anch revision 221220] -mcpu=cortex-m3 -mthumb -g -O"
 1360      20726576 
 1360      6973696F 
 1360      6E203232 
 1360      31323230 
 1361 00d4 30202D66 		.ascii	"0 -ffunction-sections -ffat-lto-objects\000"
 1361      66756E63 
 1361      74696F6E 
 1361      2D736563 
 1361      74696F6E 
 1362              	.LASF19:
 1363 00fc 2E5C4765 		.ascii	".\\Generated_Source\\PSoC5\\cymetadata.c\000"
 1363      6E657261 
 1363      7465645F 
 1363      536F7572 
 1363      63655C50 
 1364              	.LASF17:
 1365 0122 63795F6D 		.ascii	"cy_metadata\000"
 1365      65746164 
 1365      61746100 
 1366              	.LASF9:
 1367 012e 666C6F61 		.ascii	"float\000"
 1367      7400
 1368              	.LASF1:
 1369 0134 756E7369 		.ascii	"unsigned char\000"
 1369      676E6564 
 1369      20636861 
 1369      7200
 1370              	.LASF5:
 1371 0142 6C6F6E67 		.ascii	"long unsigned int\000"
 1371      20756E73 
 1371      69676E65 
 1371      6420696E 
 1371      7400
 1372              	.LASF3:
 1373 0154 73686F72 		.ascii	"short unsigned int\000"
 1373      7420756E 
 1373      7369676E 
 1373      65642069 
 1373      6E7400
 1374              	.LASF10:
 1375 0167 646F7562 		.ascii	"double\000"
 1375      6C6500
ARM GAS  C:\Users\hp\AppData\Local\Temp\ccsHbDli.s 			page 26


 1376              	.LASF14:
 1377 016e 63795F6D 		.ascii	"cy_meta_custnvl\000"
 1377      6574615F 
 1377      63757374 
 1377      6E766C00 
 1378              	.LASF13:
 1379 017e 63795F6D 		.ascii	"cy_meta_configecc\000"
 1379      6574615F 
 1379      636F6E66 
 1379      69676563 
 1379      6300
 1380              	.LASF8:
 1381 0190 756E7369 		.ascii	"unsigned int\000"
 1381      676E6564 
 1381      20696E74 
 1381      00
 1382              	.LASF7:
 1383 019d 6C6F6E67 		.ascii	"long long unsigned int\000"
 1383      206C6F6E 
 1383      6720756E 
 1383      7369676E 
 1383      65642069 
 1384              	.LASF16:
 1385 01b4 63795F6D 		.ascii	"cy_meta_flashprotect\000"
 1385      6574615F 
 1385      666C6173 
 1385      6870726F 
 1385      74656374 
 1386              	.LASF15:
 1387 01c9 63795F6D 		.ascii	"cy_meta_wonvl\000"
 1387      6574615F 
 1387      776F6E76 
 1387      6C00
 1388              	.LASF12:
 1389 01d7 73697A65 		.ascii	"sizetype\000"
 1389      74797065 
 1389      00
 1390              	.LASF6:
 1391 01e0 6C6F6E67 		.ascii	"long long int\000"
 1391      206C6F6E 
 1391      6720696E 
 1391      7400
 1392              	.LASF11:
 1393 01ee 63686172 		.ascii	"char\000"
 1393      00
 1394              	.LASF2:
 1395 01f3 73686F72 		.ascii	"short int\000"
 1395      7420696E 
 1395      7400
 1396              	.LASF21:
 1397 01fd 75696E74 		.ascii	"uint8\000"
 1397      3800
 1398              	.LASF4:
 1399 0203 6C6F6E67 		.ascii	"long int\000"
 1399      20696E74 
 1399      00
 1400              	.LASF0:
ARM GAS  C:\Users\hp\AppData\Local\Temp\ccsHbDli.s 			page 27


 1401 020c 7369676E 		.ascii	"signed char\000"
 1401      65642063 
 1401      68617200 
 1402              		.ident	"GCC: (GNU Tools for ARM Embedded Processors) 4.9.3 20150303 (release) [ARM/embedded-4_9-br
