ARM GAS  C:\Users\hp\AppData\Local\Temp\cccpeuKf.s 			page 1


   1              		.syntax unified
   2              		.cpu cortex-m3
   3              		.fpu softvfp
   4              		.eabi_attribute 20, 1
   5              		.eabi_attribute 21, 1
   6              		.eabi_attribute 23, 3
   7              		.eabi_attribute 24, 1
   8              		.eabi_attribute 25, 1
   9              		.eabi_attribute 26, 1
  10              		.eabi_attribute 30, 6
  11              		.eabi_attribute 34, 1
  12              		.eabi_attribute 18, 4
  13              		.thumb
  14              		.file	"main.c"
  15              		.text
  16              	.Ltext0:
  17              		.cfi_sections	.debug_frame
  18              		.section	.text.main,"ax",%progbits
  19              		.align	2
  20              		.global	main
  21              		.thumb
  22              		.thumb_func
  23              		.type	main, %function
  24              	main:
  25              	.LFB63:
  26              		.file 1 ".\\main.c"
   1:.\main.c      **** /******************************************************************************
   2:.\main.c      **** * Project Name		: CapSense
   3:.\main.c      **** * File Name			: main.c
   4:.\main.c      **** * Version 			: 1.0
   5:.\main.c      **** * Device Used		: CY8C4245AXI-483
   6:.\main.c      **** * Software Used		: PSoC Creator 2.2 SP1
   7:.\main.c      **** * Compiler    		: ARMGCC 4.4.1, ARM RVDS Generic , ARM MDK Generic
   8:.\main.c      **** * Related Hardware	: CY8CKIT-042 PSoC 4 Pioneer Kit 
   9:.\main.c      **** *
  10:.\main.c      **** ********************************************************************************
  11:.\main.c      **** * Copyright (2013), Cypress Semiconductor Corporation. All Rights Reserved.
  12:.\main.c      **** ********************************************************************************
  13:.\main.c      **** * This software is owned by Cypress Semiconductor Corporation (Cypress)
  14:.\main.c      **** * and is protected by and subject to worldwide patent protection (United
  15:.\main.c      **** * States and foreign), United States copyright laws and international treaty
  16:.\main.c      **** * provisions. Cypress hereby grants to licensee a personal, non-exclusive,
  17:.\main.c      **** * non-transferable license to copy, use, modify, create derivative works of,
  18:.\main.c      **** * and compile the Cypress Source Code and derivative works for the sole
  19:.\main.c      **** * purpose of creating custom software in support of licensee product to be
  20:.\main.c      **** * used only in conjunction with a Cypress integrated circuit as specified in
  21:.\main.c      **** * the applicable agreement. Any reproduction, modification, translation,
  22:.\main.c      **** * compilation, or representation of this software except as specified above 
  23:.\main.c      **** * is prohibited without the express written permission of Cypress.
  24:.\main.c      **** *
  25:.\main.c      **** * Disclaimer: CYPRESS MAKES NO WARRANTY OF ANY KIND, EXPRESS OR IMPLIED, WITH 
  26:.\main.c      **** * REGARD TO THIS MATERIAL, INCLUDING, BUT NOT LIMITED TO, THE IMPLIED 
  27:.\main.c      **** * WARRANTIES OF MERCHANTABILITY AND FITNESS FOR A PARTICULAR PURPOSE.
  28:.\main.c      **** * Cypress reserves the right to make changes without further notice to the 
  29:.\main.c      **** * materials described herein. Cypress does not assume any liability arising out 
  30:.\main.c      **** * of the application or use of any product or circuit described herein. Cypress 
  31:.\main.c      **** * does not authorize its products for use as critical components in life-support 
ARM GAS  C:\Users\hp\AppData\Local\Temp\cccpeuKf.s 			page 2


  32:.\main.c      **** * systems where a malfunction or failure may reasonably be expected to result in 
  33:.\main.c      **** * significant injury to the user. The inclusion of Cypress' product in a life-
  34:.\main.c      **** * support systems application implies that the manufacturer assumes all risk of 
  35:.\main.c      **** * such use and in doing so indemnifies Cypress against all charges. 
  36:.\main.c      **** *
  37:.\main.c      **** * Use of this Software may be limited by and subject to the applicable Cypress
  38:.\main.c      **** * software license agreement. 
  39:.\main.c      **** *******************************************************************************/
  40:.\main.c      **** 
  41:.\main.c      **** /******************************************************************************
  42:.\main.c      **** *                           THEORY OF OPERATION
  43:.\main.c      **** * This project demonstrates the capsense application using on board 5 segment 
  44:.\main.c      **** * capsense slider. The multicolor LED on the CY8CKIT-042 changes color from red
  45:.\main.c      **** * to green as you move the finger along the slider.
  46:.\main.c      **** *
  47:.\main.c      **** * Hardware connection on the Kit
  48:.\main.c      **** * Slider	 - P1[1:5]
  49:.\main.c      **** * LED_Green	 - P0[2]
  50:.\main.c      **** * LED_Red 	 - P1[6]
  51:.\main.c      **** ******************************************************************************/ 
  52:.\main.c      **** #include <device.h>
  53:.\main.c      **** 
  54:.\main.c      **** /* Define constant for capsense slider */
  55:.\main.c      **** #define NO_FINGER 0xFFFFu
  56:.\main.c      **** 	
  57:.\main.c      **** void main()	
  58:.\main.c      **** {	
  27              		.loc 1 58 0
  28              		.cfi_startproc
  29              		@ args = 0, pretend = 0, frame = 8
  30              		@ frame_needed = 1, uses_anonymous_args = 0
  31 0000 80B5     		push	{r7, lr}
  32              		.cfi_def_cfa_offset 8
  33              		.cfi_offset 7, -8
  34              		.cfi_offset 14, -4
  35 0002 82B0     		sub	sp, sp, #8
  36              		.cfi_def_cfa_offset 16
  37 0004 00AF     		add	r7, sp, #0
  38              		.cfi_def_cfa_register 7
  59:.\main.c      **** 	uint16 sliderPosition = NO_FINGER;
  39              		.loc 1 59 0
  40 0006 4FF6FF73 		movw	r3, #65535
  41 000a BB80     		strh	r3, [r7, #4]	@ movhi
  60:.\main.c      ****     uint16 lastPosition = NO_FINGER;
  42              		.loc 1 60 0
  43 000c 4FF6FF73 		movw	r3, #65535
  44 0010 FB80     		strh	r3, [r7, #6]	@ movhi
  61:.\main.c      **** 
  62:.\main.c      **** 	/* Enable Global Interrupts */
  63:.\main.c      **** 	CyGlobalIntEnable;
  45              		.loc 1 63 0
  46              	@ 63 ".\main.c" 1
  47 0012 62B6     		CPSIE   i
  48              	@ 0 "" 2
  64:.\main.c      **** 
  65:.\main.c      **** 	/* Start all the components */
  66:.\main.c      **** 	Clock_Start();
ARM GAS  C:\Users\hp\AppData\Local\Temp\cccpeuKf.s 			page 3


  49              		.loc 1 66 0
  50              		.thumb
  51 0014 FFF7FEFF 		bl	Clock_Start
  67:.\main.c      **** 	PWM_Start();
  52              		.loc 1 67 0
  53 0018 FFF7FEFF 		bl	PWM_Start
  68:.\main.c      ****     CapSense_Start();
  54              		.loc 1 68 0
  55 001c FFF7FEFF 		bl	CapSense_Start
  69:.\main.c      **** 	
  70:.\main.c      **** 	/* Initialize CapSense baselines by scanning enabled sensors */
  71:.\main.c      ****     CapSense_InitializeAllBaselines();
  56              		.loc 1 71 0
  57 0020 FFF7FEFF 		bl	CapSense_InitializeAllBaselines
  58              	.L4:
  72:.\main.c      **** 	
  73:.\main.c      **** 	for(;;)
  74:.\main.c      **** 	{
  75:.\main.c      **** 		/* Update all baselines */
  76:.\main.c      **** 		CapSense_UpdateEnabledBaselines();
  59              		.loc 1 76 0
  60 0024 FFF7FEFF 		bl	CapSense_UpdateEnabledBaselines
  77:.\main.c      **** 		
  78:.\main.c      **** 		/* Start scanning all enabled sensors */
  79:.\main.c      **** 	    CapSense_ScanEnabledWidgets();
  61              		.loc 1 79 0
  62 0028 FFF7FEFF 		bl	CapSense_ScanEnabledWidgets
  80:.\main.c      **** 		
  81:.\main.c      **** 		/* Wait for scanning to complete */
  82:.\main.c      **** 		while(CapSense_IsBusy());
  63              		.loc 1 82 0
  64 002c 00BF     		nop
  65              	.L2:
  66              		.loc 1 82 0 is_stmt 0 discriminator 1
  67 002e FFF7FEFF 		bl	CapSense_IsBusy
  68 0032 0346     		mov	r3, r0
  69 0034 002B     		cmp	r3, #0
  70 0036 FAD1     		bne	.L2
  83:.\main.c      ****         
  84:.\main.c      **** 		/* Find Slider Position */
  85:.\main.c      **** 		sliderPosition = CapSense_GetCentroidPos(CapSense_LINEARSLIDER0__LS);
  71              		.loc 1 85 0 is_stmt 1
  72 0038 0020     		movs	r0, #0
  73 003a FFF7FEFF 		bl	CapSense_GetCentroidPos
  74 003e 0346     		mov	r3, r0
  75 0040 BB80     		strh	r3, [r7, #4]	@ movhi
  86:.\main.c      **** 		
  87:.\main.c      **** 		/*If finger is detected on the slider*/
  88:.\main.c      **** 		if(sliderPosition != NO_FINGER)
  76              		.loc 1 88 0
  77 0042 BB88     		ldrh	r3, [r7, #4]
  78 0044 4FF6FF72 		movw	r2, #65535
  79 0048 9342     		cmp	r3, r2
  80 004a 0AD0     		beq	.L3
  89:.\main.c      **** 		{
  90:.\main.c      **** 			/* If finger position on the slider is changed then update the LED color */
  91:.\main.c      ****         	if(sliderPosition != lastPosition)
ARM GAS  C:\Users\hp\AppData\Local\Temp\cccpeuKf.s 			page 4


  81              		.loc 1 91 0
  82 004c BA88     		ldrh	r2, [r7, #4]
  83 004e FB88     		ldrh	r3, [r7, #6]
  84 0050 9A42     		cmp	r2, r3
  85 0052 06D0     		beq	.L3
  92:.\main.c      ****         	{
  93:.\main.c      **** 				/* Update the PWM pulse width with the new slider position */
  94:.\main.c      ****             	PWM_WriteCompare1(sliderPosition);
  86              		.loc 1 94 0
  87 0054 BB88     		ldrh	r3, [r7, #4]	@ movhi
  88 0056 DBB2     		uxtb	r3, r3
  89 0058 1846     		mov	r0, r3
  90 005a FFF7FEFF 		bl	PWM_WriteCompare1
  95:.\main.c      **** 				lastPosition = sliderPosition; 
  91              		.loc 1 95 0
  92 005e BB88     		ldrh	r3, [r7, #4]	@ movhi
  93 0060 FB80     		strh	r3, [r7, #6]	@ movhi
  94              	.L3:
  96:.\main.c      ****         	}
  97:.\main.c      **** 		}
  98:.\main.c      **** 	}
  95              		.loc 1 98 0
  96 0062 DFE7     		b	.L4
  97              		.cfi_endproc
  98              	.LFE63:
  99              		.size	main, .-main
 100              		.text
 101              	.Letext0:
 102              		.file 2 "c:\\program files (x86)\\cypress\\psoc creator\\3.3\\psoc creator\\import\\gnu\\arm\\4.9.
 103              		.file 3 "c:\\program files (x86)\\cypress\\psoc creator\\3.3\\psoc creator\\import\\gnu\\arm\\4.9.
 104              		.file 4 "Generated_Source\\PSoC5/cytypes.h"
 105              		.file 5 "Generated_Source\\PSoC5/core_cm3.h"
 106              		.section	.debug_info,"",%progbits
 107              	.Ldebug_info0:
 108 0000 E8000000 		.4byte	0xe8
 109 0004 0400     		.2byte	0x4
 110 0006 00000000 		.4byte	.Ldebug_abbrev0
 111 000a 04       		.byte	0x4
 112 000b 01       		.uleb128 0x1
 113 000c F5000000 		.4byte	.LASF18
 114 0010 01       		.byte	0x1
 115 0011 83010000 		.4byte	.LASF19
 116 0015 6B000000 		.4byte	.LASF20
 117 0019 00000000 		.4byte	.Ldebug_ranges0+0
 118 001d 00000000 		.4byte	0
 119 0021 00000000 		.4byte	.Ldebug_line0
 120 0025 02       		.uleb128 0x2
 121 0026 01       		.byte	0x1
 122 0027 06       		.byte	0x6
 123 0028 A0010000 		.4byte	.LASF0
 124 002c 02       		.uleb128 0x2
 125 002d 01       		.byte	0x1
 126 002e 08       		.byte	0x8
 127 002f D9000000 		.4byte	.LASF1
 128 0033 02       		.uleb128 0x2
 129 0034 02       		.byte	0x2
 130 0035 05       		.byte	0x5
ARM GAS  C:\Users\hp\AppData\Local\Temp\cccpeuKf.s 			page 5


 131 0036 BC010000 		.4byte	.LASF2
 132 003a 02       		.uleb128 0x2
 133 003b 02       		.byte	0x2
 134 003c 07       		.byte	0x7
 135 003d 0E000000 		.4byte	.LASF3
 136 0041 03       		.uleb128 0x3
 137 0042 AC010000 		.4byte	.LASF9
 138 0046 02       		.byte	0x2
 139 0047 3F       		.byte	0x3f
 140 0048 4C000000 		.4byte	0x4c
 141 004c 02       		.uleb128 0x2
 142 004d 04       		.byte	0x4
 143 004e 05       		.byte	0x5
 144 004f EC000000 		.4byte	.LASF4
 145 0053 02       		.uleb128 0x2
 146 0054 04       		.byte	0x4
 147 0055 07       		.byte	0x7
 148 0056 42000000 		.4byte	.LASF5
 149 005a 02       		.uleb128 0x2
 150 005b 08       		.byte	0x8
 151 005c 05       		.byte	0x5
 152 005d 00000000 		.4byte	.LASF6
 153 0061 02       		.uleb128 0x2
 154 0062 08       		.byte	0x8
 155 0063 07       		.byte	0x7
 156 0064 54000000 		.4byte	.LASF7
 157 0068 04       		.uleb128 0x4
 158 0069 04       		.byte	0x4
 159 006a 05       		.byte	0x5
 160 006b 696E7400 		.ascii	"int\000"
 161 006f 02       		.uleb128 0x2
 162 0070 04       		.byte	0x4
 163 0071 07       		.byte	0x7
 164 0072 21000000 		.4byte	.LASF8
 165 0076 03       		.uleb128 0x3
 166 0077 CD010000 		.4byte	.LASF10
 167 007b 03       		.byte	0x3
 168 007c 2C       		.byte	0x2c
 169 007d 41000000 		.4byte	0x41
 170 0081 03       		.uleb128 0x3
 171 0082 C6010000 		.4byte	.LASF11
 172 0086 04       		.byte	0x4
 173 0087 C3       		.byte	0xc3
 174 0088 3A000000 		.4byte	0x3a
 175 008c 02       		.uleb128 0x2
 176 008d 04       		.byte	0x4
 177 008e 04       		.byte	0x4
 178 008f B6010000 		.4byte	.LASF12
 179 0093 02       		.uleb128 0x2
 180 0094 08       		.byte	0x8
 181 0095 04       		.byte	0x4
 182 0096 8C010000 		.4byte	.LASF13
 183 009a 02       		.uleb128 0x2
 184 009b 01       		.byte	0x1
 185 009c 08       		.byte	0x8
 186 009d E7000000 		.4byte	.LASF14
 187 00a1 02       		.uleb128 0x2
ARM GAS  C:\Users\hp\AppData\Local\Temp\cccpeuKf.s 			page 6


 188 00a2 04       		.byte	0x4
 189 00a3 07       		.byte	0x7
 190 00a4 E2010000 		.4byte	.LASF15
 191 00a8 05       		.uleb128 0x5
 192 00a9 2E000000 		.4byte	.LASF21
 193 00ad 01       		.byte	0x1
 194 00ae 39       		.byte	0x39
 195 00af 00000000 		.4byte	.LFB63
 196 00b3 64000000 		.4byte	.LFE63-.LFB63
 197 00b7 01       		.uleb128 0x1
 198 00b8 9C       		.byte	0x9c
 199 00b9 DA000000 		.4byte	0xda
 200 00bd 06       		.uleb128 0x6
 201 00be 33000000 		.4byte	.LASF16
 202 00c2 01       		.byte	0x1
 203 00c3 3B       		.byte	0x3b
 204 00c4 81000000 		.4byte	0x81
 205 00c8 02       		.uleb128 0x2
 206 00c9 91       		.byte	0x91
 207 00ca 74       		.sleb128 -12
 208 00cb 06       		.uleb128 0x6
 209 00cc D5010000 		.4byte	.LASF17
 210 00d0 01       		.byte	0x1
 211 00d1 3C       		.byte	0x3c
 212 00d2 81000000 		.4byte	0x81
 213 00d6 02       		.uleb128 0x2
 214 00d7 91       		.byte	0x91
 215 00d8 76       		.sleb128 -10
 216 00d9 00       		.byte	0
 217 00da 07       		.uleb128 0x7
 218 00db 93010000 		.4byte	.LASF22
 219 00df 05       		.byte	0x5
 220 00e0 2A06     		.2byte	0x62a
 221 00e2 E6000000 		.4byte	0xe6
 222 00e6 08       		.uleb128 0x8
 223 00e7 76000000 		.4byte	0x76
 224 00eb 00       		.byte	0
 225              		.section	.debug_abbrev,"",%progbits
 226              	.Ldebug_abbrev0:
 227 0000 01       		.uleb128 0x1
 228 0001 11       		.uleb128 0x11
 229 0002 01       		.byte	0x1
 230 0003 25       		.uleb128 0x25
 231 0004 0E       		.uleb128 0xe
 232 0005 13       		.uleb128 0x13
 233 0006 0B       		.uleb128 0xb
 234 0007 03       		.uleb128 0x3
 235 0008 0E       		.uleb128 0xe
 236 0009 1B       		.uleb128 0x1b
 237 000a 0E       		.uleb128 0xe
 238 000b 55       		.uleb128 0x55
 239 000c 17       		.uleb128 0x17
 240 000d 11       		.uleb128 0x11
 241 000e 01       		.uleb128 0x1
 242 000f 10       		.uleb128 0x10
 243 0010 17       		.uleb128 0x17
 244 0011 00       		.byte	0
ARM GAS  C:\Users\hp\AppData\Local\Temp\cccpeuKf.s 			page 7


 245 0012 00       		.byte	0
 246 0013 02       		.uleb128 0x2
 247 0014 24       		.uleb128 0x24
 248 0015 00       		.byte	0
 249 0016 0B       		.uleb128 0xb
 250 0017 0B       		.uleb128 0xb
 251 0018 3E       		.uleb128 0x3e
 252 0019 0B       		.uleb128 0xb
 253 001a 03       		.uleb128 0x3
 254 001b 0E       		.uleb128 0xe
 255 001c 00       		.byte	0
 256 001d 00       		.byte	0
 257 001e 03       		.uleb128 0x3
 258 001f 16       		.uleb128 0x16
 259 0020 00       		.byte	0
 260 0021 03       		.uleb128 0x3
 261 0022 0E       		.uleb128 0xe
 262 0023 3A       		.uleb128 0x3a
 263 0024 0B       		.uleb128 0xb
 264 0025 3B       		.uleb128 0x3b
 265 0026 0B       		.uleb128 0xb
 266 0027 49       		.uleb128 0x49
 267 0028 13       		.uleb128 0x13
 268 0029 00       		.byte	0
 269 002a 00       		.byte	0
 270 002b 04       		.uleb128 0x4
 271 002c 24       		.uleb128 0x24
 272 002d 00       		.byte	0
 273 002e 0B       		.uleb128 0xb
 274 002f 0B       		.uleb128 0xb
 275 0030 3E       		.uleb128 0x3e
 276 0031 0B       		.uleb128 0xb
 277 0032 03       		.uleb128 0x3
 278 0033 08       		.uleb128 0x8
 279 0034 00       		.byte	0
 280 0035 00       		.byte	0
 281 0036 05       		.uleb128 0x5
 282 0037 2E       		.uleb128 0x2e
 283 0038 01       		.byte	0x1
 284 0039 3F       		.uleb128 0x3f
 285 003a 19       		.uleb128 0x19
 286 003b 03       		.uleb128 0x3
 287 003c 0E       		.uleb128 0xe
 288 003d 3A       		.uleb128 0x3a
 289 003e 0B       		.uleb128 0xb
 290 003f 3B       		.uleb128 0x3b
 291 0040 0B       		.uleb128 0xb
 292 0041 11       		.uleb128 0x11
 293 0042 01       		.uleb128 0x1
 294 0043 12       		.uleb128 0x12
 295 0044 06       		.uleb128 0x6
 296 0045 40       		.uleb128 0x40
 297 0046 18       		.uleb128 0x18
 298 0047 9642     		.uleb128 0x2116
 299 0049 19       		.uleb128 0x19
 300 004a 01       		.uleb128 0x1
 301 004b 13       		.uleb128 0x13
ARM GAS  C:\Users\hp\AppData\Local\Temp\cccpeuKf.s 			page 8


 302 004c 00       		.byte	0
 303 004d 00       		.byte	0
 304 004e 06       		.uleb128 0x6
 305 004f 34       		.uleb128 0x34
 306 0050 00       		.byte	0
 307 0051 03       		.uleb128 0x3
 308 0052 0E       		.uleb128 0xe
 309 0053 3A       		.uleb128 0x3a
 310 0054 0B       		.uleb128 0xb
 311 0055 3B       		.uleb128 0x3b
 312 0056 0B       		.uleb128 0xb
 313 0057 49       		.uleb128 0x49
 314 0058 13       		.uleb128 0x13
 315 0059 02       		.uleb128 0x2
 316 005a 18       		.uleb128 0x18
 317 005b 00       		.byte	0
 318 005c 00       		.byte	0
 319 005d 07       		.uleb128 0x7
 320 005e 34       		.uleb128 0x34
 321 005f 00       		.byte	0
 322 0060 03       		.uleb128 0x3
 323 0061 0E       		.uleb128 0xe
 324 0062 3A       		.uleb128 0x3a
 325 0063 0B       		.uleb128 0xb
 326 0064 3B       		.uleb128 0x3b
 327 0065 05       		.uleb128 0x5
 328 0066 49       		.uleb128 0x49
 329 0067 13       		.uleb128 0x13
 330 0068 3F       		.uleb128 0x3f
 331 0069 19       		.uleb128 0x19
 332 006a 3C       		.uleb128 0x3c
 333 006b 19       		.uleb128 0x19
 334 006c 00       		.byte	0
 335 006d 00       		.byte	0
 336 006e 08       		.uleb128 0x8
 337 006f 35       		.uleb128 0x35
 338 0070 00       		.byte	0
 339 0071 49       		.uleb128 0x49
 340 0072 13       		.uleb128 0x13
 341 0073 00       		.byte	0
 342 0074 00       		.byte	0
 343 0075 00       		.byte	0
 344              		.section	.debug_aranges,"",%progbits
 345 0000 1C000000 		.4byte	0x1c
 346 0004 0200     		.2byte	0x2
 347 0006 00000000 		.4byte	.Ldebug_info0
 348 000a 04       		.byte	0x4
 349 000b 00       		.byte	0
 350 000c 0000     		.2byte	0
 351 000e 0000     		.2byte	0
 352 0010 00000000 		.4byte	.LFB63
 353 0014 64000000 		.4byte	.LFE63-.LFB63
 354 0018 00000000 		.4byte	0
 355 001c 00000000 		.4byte	0
 356              		.section	.debug_ranges,"",%progbits
 357              	.Ldebug_ranges0:
 358 0000 00000000 		.4byte	.LFB63
ARM GAS  C:\Users\hp\AppData\Local\Temp\cccpeuKf.s 			page 9


 359 0004 64000000 		.4byte	.LFE63
 360 0008 00000000 		.4byte	0
 361 000c 00000000 		.4byte	0
 362              		.section	.debug_line,"",%progbits
 363              	.Ldebug_line0:
 364 0000 75010000 		.section	.debug_str,"MS",%progbits,1
 364      02004901 
 364      00000201 
 364      FB0E0D00 
 364      01010101 
 365              	.LASF6:
 366 0000 6C6F6E67 		.ascii	"long long int\000"
 366      206C6F6E 
 366      6720696E 
 366      7400
 367              	.LASF3:
 368 000e 73686F72 		.ascii	"short unsigned int\000"
 368      7420756E 
 368      7369676E 
 368      65642069 
 368      6E7400
 369              	.LASF8:
 370 0021 756E7369 		.ascii	"unsigned int\000"
 370      676E6564 
 370      20696E74 
 370      00
 371              	.LASF21:
 372 002e 6D61696E 		.ascii	"main\000"
 372      00
 373              	.LASF16:
 374 0033 736C6964 		.ascii	"sliderPosition\000"
 374      6572506F 
 374      73697469 
 374      6F6E00
 375              	.LASF5:
 376 0042 6C6F6E67 		.ascii	"long unsigned int\000"
 376      20756E73 
 376      69676E65 
 376      6420696E 
 376      7400
 377              	.LASF7:
 378 0054 6C6F6E67 		.ascii	"long long unsigned int\000"
 378      206C6F6E 
 378      6720756E 
 378      7369676E 
 378      65642069 
 379              	.LASF20:
 380 006b 433A5C55 		.ascii	"C:\\Users\\hp\\Dropbox\\Privat\\__github\\FreeSoC2_"
 380      73657273 
 380      5C68705C 
 380      44726F70 
 380      626F785C 
 381 0098 656C656D 		.ascii	"element14_100_examples\\02_CapSense-Slider-Example\\"
 381      656E7431 
 381      345F3130 
 381      305F6578 
 381      616D706C 
ARM GAS  C:\Users\hp\AppData\Local\Temp\cccpeuKf.s 			page 10


 382 00ca 43617053 		.ascii	"CapSense.cydsn\000"
 382      656E7365 
 382      2E637964 
 382      736E00
 383              	.LASF1:
 384 00d9 756E7369 		.ascii	"unsigned char\000"
 384      676E6564 
 384      20636861 
 384      7200
 385              	.LASF14:
 386 00e7 63686172 		.ascii	"char\000"
 386      00
 387              	.LASF4:
 388 00ec 6C6F6E67 		.ascii	"long int\000"
 388      20696E74 
 388      00
 389              	.LASF18:
 390 00f5 474E5520 		.ascii	"GNU C 4.9.3 20150303 (release) [ARM/embedded-4_9-br"
 390      4320342E 
 390      392E3320 
 390      32303135 
 390      30333033 
 391 0128 616E6368 		.ascii	"anch revision 221220] -mcpu=cortex-m3 -mthumb -g -O"
 391      20726576 
 391      6973696F 
 391      6E203232 
 391      31323230 
 392 015b 30202D66 		.ascii	"0 -ffunction-sections -ffat-lto-objects\000"
 392      66756E63 
 392      74696F6E 
 392      2D736563 
 392      74696F6E 
 393              	.LASF19:
 394 0183 2E5C6D61 		.ascii	".\\main.c\000"
 394      696E2E63 
 394      00
 395              	.LASF13:
 396 018c 646F7562 		.ascii	"double\000"
 396      6C6500
 397              	.LASF22:
 398 0193 49544D5F 		.ascii	"ITM_RxBuffer\000"
 398      52784275 
 398      66666572 
 398      00
 399              	.LASF0:
 400 01a0 7369676E 		.ascii	"signed char\000"
 400      65642063 
 400      68617200 
 401              	.LASF9:
 402 01ac 5F5F696E 		.ascii	"__int32_t\000"
 402      7433325F 
 402      7400
 403              	.LASF12:
 404 01b6 666C6F61 		.ascii	"float\000"
 404      7400
 405              	.LASF2:
 406 01bc 73686F72 		.ascii	"short int\000"
ARM GAS  C:\Users\hp\AppData\Local\Temp\cccpeuKf.s 			page 11


 406      7420696E 
 406      7400
 407              	.LASF11:
 408 01c6 75696E74 		.ascii	"uint16\000"
 408      313600
 409              	.LASF10:
 410 01cd 696E7433 		.ascii	"int32_t\000"
 410      325F7400 
 411              	.LASF17:
 412 01d5 6C617374 		.ascii	"lastPosition\000"
 412      506F7369 
 412      74696F6E 
 412      00
 413              	.LASF15:
 414 01e2 73697A65 		.ascii	"sizetype\000"
 414      74797065 
 414      00
 415              		.ident	"GCC: (GNU Tools for ARM Embedded Processors) 4.9.3 20150303 (release) [ARM/embedded-4_9-br
