ARM GAS  C:\Users\wbz\AppData\Local\Temp\ccUn1Xlc.s 			page 1


   1              		.cpu cortex-m0
   2              		.fpu softvfp
   3              		.eabi_attribute 20, 1
   4              		.eabi_attribute 21, 1
   5              		.eabi_attribute 23, 3
   6              		.eabi_attribute 24, 1
   7              		.eabi_attribute 25, 1
   8              		.eabi_attribute 26, 1
   9              		.eabi_attribute 30, 6
  10              		.eabi_attribute 18, 4
  11              		.code	16
  12              		.file	"Comp_PM.c"
  13              		.section	.debug_abbrev,"",%progbits
  14              	.Ldebug_abbrev0:
  15              		.section	.debug_info,"",%progbits
  16              	.Ldebug_info0:
  17              		.section	.debug_line,"",%progbits
  18              	.Ldebug_line0:
  19 0000 BA000000 		.text
  19      02006A00 
  19      00000201 
  19      FB0E0D00 
  19      01010101 
  20              	.Ltext0:
  21              		.cfi_sections	.debug_frame
  22              		.bss
  23              		.align	2
  24              	Comp_backup:
  25 0000 00       		.space	1
  26 0001 000000   		.section	.text.Comp_SaveConfig,"ax",%progbits
  27              		.align	2
  28              		.global	Comp_SaveConfig
  29              		.code	16
  30              		.thumb_func
  31              		.type	Comp_SaveConfig, %function
  32              	Comp_SaveConfig:
  33              	.LFB0:
  34              		.file 1 ".\\Generated_Source\\PSoC4\\Comp_PM.c"
   1:.\Generated_Source\PSoC4/Comp_PM.c **** /*******************************************************************************
   2:.\Generated_Source\PSoC4/Comp_PM.c **** * File Name: Comp.c
   3:.\Generated_Source\PSoC4/Comp_PM.c **** * Version 1.0
   4:.\Generated_Source\PSoC4/Comp_PM.c **** *
   5:.\Generated_Source\PSoC4/Comp_PM.c **** * Description:
   6:.\Generated_Source\PSoC4/Comp_PM.c **** *  This file provides the power management source code APIs for the
   7:.\Generated_Source\PSoC4/Comp_PM.c **** *  Comparator.
   8:.\Generated_Source\PSoC4/Comp_PM.c **** *
   9:.\Generated_Source\PSoC4/Comp_PM.c **** * Note:
  10:.\Generated_Source\PSoC4/Comp_PM.c **** *  None
  11:.\Generated_Source\PSoC4/Comp_PM.c **** *
  12:.\Generated_Source\PSoC4/Comp_PM.c **** ********************************************************************************
  13:.\Generated_Source\PSoC4/Comp_PM.c **** * Copyright 2013, Cypress Semiconductor Corporation.  All rights reserved.
  14:.\Generated_Source\PSoC4/Comp_PM.c **** * You may use this file only in accordance with the license, terms, conditions,
  15:.\Generated_Source\PSoC4/Comp_PM.c **** * disclaimers, and limitations in the end user license agreement accompanying
  16:.\Generated_Source\PSoC4/Comp_PM.c **** * the software package with which this file was provided.
  17:.\Generated_Source\PSoC4/Comp_PM.c **** *******************************************************************************/
  18:.\Generated_Source\PSoC4/Comp_PM.c **** 
  19:.\Generated_Source\PSoC4/Comp_PM.c **** #include "Comp.h"
ARM GAS  C:\Users\wbz\AppData\Local\Temp\ccUn1Xlc.s 			page 2


  20:.\Generated_Source\PSoC4/Comp_PM.c **** 
  21:.\Generated_Source\PSoC4/Comp_PM.c **** 
  22:.\Generated_Source\PSoC4/Comp_PM.c **** static Comp_BACKUP_STRUCT Comp_backup;
  23:.\Generated_Source\PSoC4/Comp_PM.c **** 
  24:.\Generated_Source\PSoC4/Comp_PM.c **** 
  25:.\Generated_Source\PSoC4/Comp_PM.c **** /*******************************************************************************
  26:.\Generated_Source\PSoC4/Comp_PM.c **** * Function Name: Comp_SaveConfig
  27:.\Generated_Source\PSoC4/Comp_PM.c **** ********************************************************************************
  28:.\Generated_Source\PSoC4/Comp_PM.c **** *
  29:.\Generated_Source\PSoC4/Comp_PM.c **** * Summary:
  30:.\Generated_Source\PSoC4/Comp_PM.c **** *  Save the current user configuration
  31:.\Generated_Source\PSoC4/Comp_PM.c **** *
  32:.\Generated_Source\PSoC4/Comp_PM.c **** * Parameters:
  33:.\Generated_Source\PSoC4/Comp_PM.c **** *  None
  34:.\Generated_Source\PSoC4/Comp_PM.c **** *
  35:.\Generated_Source\PSoC4/Comp_PM.c **** * Return:
  36:.\Generated_Source\PSoC4/Comp_PM.c **** *  None
  37:.\Generated_Source\PSoC4/Comp_PM.c **** *
  38:.\Generated_Source\PSoC4/Comp_PM.c **** *******************************************************************************/
  39:.\Generated_Source\PSoC4/Comp_PM.c **** void Comp_SaveConfig(void)
  40:.\Generated_Source\PSoC4/Comp_PM.c **** {
  35              		.loc 1 40 0
  36              		.cfi_startproc
  37 0000 80B5     		push	{r7, lr}
  38              	.LCFI0:
  39              		.cfi_def_cfa_offset 8
  40              		.cfi_offset 7, -8
  41              		.cfi_offset 14, -4
  42 0002 00AF     		add	r7, sp, #0
  43              	.LCFI1:
  44              		.cfi_def_cfa_register 7
  41:.\Generated_Source\PSoC4/Comp_PM.c **** 
  42:.\Generated_Source\PSoC4/Comp_PM.c **** }
  45              		.loc 1 42 0
  46 0004 BD46     		mov	sp, r7
  47              		@ sp needed for prologue
  48 0006 80BD     		pop	{r7, pc}
  49              		.cfi_endproc
  50              	.LFE0:
  51              		.size	Comp_SaveConfig, .-Comp_SaveConfig
  52              		.section	.text.Comp_RestoreConfig,"ax",%progbits
  53              		.align	2
  54              		.global	Comp_RestoreConfig
  55              		.code	16
  56              		.thumb_func
  57              		.type	Comp_RestoreConfig, %function
  58              	Comp_RestoreConfig:
  59              	.LFB1:
  43:.\Generated_Source\PSoC4/Comp_PM.c **** 
  44:.\Generated_Source\PSoC4/Comp_PM.c **** 
  45:.\Generated_Source\PSoC4/Comp_PM.c **** /*******************************************************************************
  46:.\Generated_Source\PSoC4/Comp_PM.c **** * Function Name: Comp_RestoreConfig
  47:.\Generated_Source\PSoC4/Comp_PM.c **** ********************************************************************************
  48:.\Generated_Source\PSoC4/Comp_PM.c **** *
  49:.\Generated_Source\PSoC4/Comp_PM.c **** * Summary:
  50:.\Generated_Source\PSoC4/Comp_PM.c **** *  Restores the current user configuration.
  51:.\Generated_Source\PSoC4/Comp_PM.c **** *
ARM GAS  C:\Users\wbz\AppData\Local\Temp\ccUn1Xlc.s 			page 3


  52:.\Generated_Source\PSoC4/Comp_PM.c **** * Parameters:
  53:.\Generated_Source\PSoC4/Comp_PM.c **** *  None
  54:.\Generated_Source\PSoC4/Comp_PM.c **** *
  55:.\Generated_Source\PSoC4/Comp_PM.c **** * Return:
  56:.\Generated_Source\PSoC4/Comp_PM.c **** *  None
  57:.\Generated_Source\PSoC4/Comp_PM.c **** *
  58:.\Generated_Source\PSoC4/Comp_PM.c **** ********************************************************************************/
  59:.\Generated_Source\PSoC4/Comp_PM.c **** void Comp_RestoreConfig(void)
  60:.\Generated_Source\PSoC4/Comp_PM.c **** {
  60              		.loc 1 60 0
  61              		.cfi_startproc
  62 0000 80B5     		push	{r7, lr}
  63              	.LCFI2:
  64              		.cfi_def_cfa_offset 8
  65              		.cfi_offset 7, -8
  66              		.cfi_offset 14, -4
  67 0002 00AF     		add	r7, sp, #0
  68              	.LCFI3:
  69              		.cfi_def_cfa_register 7
  61:.\Generated_Source\PSoC4/Comp_PM.c **** 
  62:.\Generated_Source\PSoC4/Comp_PM.c **** }
  70              		.loc 1 62 0
  71 0004 BD46     		mov	sp, r7
  72              		@ sp needed for prologue
  73 0006 80BD     		pop	{r7, pc}
  74              		.cfi_endproc
  75              	.LFE1:
  76              		.size	Comp_RestoreConfig, .-Comp_RestoreConfig
  77              		.section	.text.Comp_Sleep,"ax",%progbits
  78              		.align	2
  79              		.global	Comp_Sleep
  80              		.code	16
  81              		.thumb_func
  82              		.type	Comp_Sleep, %function
  83              	Comp_Sleep:
  84              	.LFB2:
  63:.\Generated_Source\PSoC4/Comp_PM.c **** 
  64:.\Generated_Source\PSoC4/Comp_PM.c **** 
  65:.\Generated_Source\PSoC4/Comp_PM.c **** /*******************************************************************************
  66:.\Generated_Source\PSoC4/Comp_PM.c **** * Function Name: Comp_Sleep
  67:.\Generated_Source\PSoC4/Comp_PM.c **** ********************************************************************************
  68:.\Generated_Source\PSoC4/Comp_PM.c **** *
  69:.\Generated_Source\PSoC4/Comp_PM.c **** * Summary:
  70:.\Generated_Source\PSoC4/Comp_PM.c **** *  Stop and Save the user configuration
  71:.\Generated_Source\PSoC4/Comp_PM.c **** *
  72:.\Generated_Source\PSoC4/Comp_PM.c **** * Parameters:
  73:.\Generated_Source\PSoC4/Comp_PM.c **** *  None
  74:.\Generated_Source\PSoC4/Comp_PM.c **** *
  75:.\Generated_Source\PSoC4/Comp_PM.c **** * Return:
  76:.\Generated_Source\PSoC4/Comp_PM.c **** *  None
  77:.\Generated_Source\PSoC4/Comp_PM.c **** *
  78:.\Generated_Source\PSoC4/Comp_PM.c **** * Global variables:
  79:.\Generated_Source\PSoC4/Comp_PM.c **** *  Comp_backup.enableState:  Is modified depending on the enable
  80:.\Generated_Source\PSoC4/Comp_PM.c **** *   state of the block before entering sleep mode.
  81:.\Generated_Source\PSoC4/Comp_PM.c **** *
  82:.\Generated_Source\PSoC4/Comp_PM.c **** *******************************************************************************/
  83:.\Generated_Source\PSoC4/Comp_PM.c **** void Comp_Sleep(void)
ARM GAS  C:\Users\wbz\AppData\Local\Temp\ccUn1Xlc.s 			page 4


  84:.\Generated_Source\PSoC4/Comp_PM.c **** {
  85              		.loc 1 84 0
  86              		.cfi_startproc
  87 0000 80B5     		push	{r7, lr}
  88              	.LCFI4:
  89              		.cfi_def_cfa_offset 8
  90              		.cfi_offset 7, -8
  91              		.cfi_offset 14, -4
  92 0002 00AF     		add	r7, sp, #0
  93              	.LCFI5:
  94              		.cfi_def_cfa_register 7
  85:.\Generated_Source\PSoC4/Comp_PM.c ****     if(0u != (Comp_OA_CTRL_REG & Comp_OA_PWR_MODE_HIGH))
  95              		.loc 1 85 0
  96 0004 094B     		ldr	r3, .L9
  97 0006 1A68     		ldr	r2, [r3]
  98 0008 0323     		mov	r3, #3
  99 000a 1340     		and	r3, r3, r2
 100 000c 002B     		cmp	r3, #0
 101 000e 03D0     		beq	.L6
  86:.\Generated_Source\PSoC4/Comp_PM.c ****     {
  87:.\Generated_Source\PSoC4/Comp_PM.c ****         Comp_backup.enableState = 1u;
 102              		.loc 1 87 0
 103 0010 074B     		ldr	r3, .L9+4
 104 0012 0122     		mov	r2, #1
 105 0014 1A70     		strb	r2, [r3]
 106 0016 02E0     		b	.L7
 107              	.L6:
  88:.\Generated_Source\PSoC4/Comp_PM.c ****     }
  89:.\Generated_Source\PSoC4/Comp_PM.c ****     else /* The TMP05 block is disabled */
  90:.\Generated_Source\PSoC4/Comp_PM.c ****     {
  91:.\Generated_Source\PSoC4/Comp_PM.c ****         Comp_backup.enableState = 0u;
 108              		.loc 1 91 0
 109 0018 054B     		ldr	r3, .L9+4
 110 001a 0022     		mov	r2, #0
 111 001c 1A70     		strb	r2, [r3]
 112              	.L7:
  92:.\Generated_Source\PSoC4/Comp_PM.c ****     }
  93:.\Generated_Source\PSoC4/Comp_PM.c **** 
  94:.\Generated_Source\PSoC4/Comp_PM.c ****     Comp_Stop();
 113              		.loc 1 94 0
 114 001e FFF7FEFF 		bl	Comp_Stop
  95:.\Generated_Source\PSoC4/Comp_PM.c ****     Comp_SaveConfig();
 115              		.loc 1 95 0
 116 0022 FFF7FEFF 		bl	Comp_SaveConfig
  96:.\Generated_Source\PSoC4/Comp_PM.c **** }
 117              		.loc 1 96 0
 118 0026 BD46     		mov	sp, r7
 119              		@ sp needed for prologue
 120 0028 80BD     		pop	{r7, pc}
 121              	.L10:
 122 002a C046     		.align	2
 123              	.L9:
 124 002c 04001040 		.word	1074790404
 125 0030 00000000 		.word	Comp_backup
 126              		.cfi_endproc
 127              	.LFE2:
 128              		.size	Comp_Sleep, .-Comp_Sleep
ARM GAS  C:\Users\wbz\AppData\Local\Temp\ccUn1Xlc.s 			page 5


 129              		.section	.text.Comp_Wakeup,"ax",%progbits
 130              		.align	2
 131              		.global	Comp_Wakeup
 132              		.code	16
 133              		.thumb_func
 134              		.type	Comp_Wakeup, %function
 135              	Comp_Wakeup:
 136              	.LFB3:
  97:.\Generated_Source\PSoC4/Comp_PM.c **** 
  98:.\Generated_Source\PSoC4/Comp_PM.c **** 
  99:.\Generated_Source\PSoC4/Comp_PM.c **** /*******************************************************************************
 100:.\Generated_Source\PSoC4/Comp_PM.c **** * Function Name: Comp_Wakeup
 101:.\Generated_Source\PSoC4/Comp_PM.c **** ********************************************************************************
 102:.\Generated_Source\PSoC4/Comp_PM.c **** *
 103:.\Generated_Source\PSoC4/Comp_PM.c **** * Summary:
 104:.\Generated_Source\PSoC4/Comp_PM.c **** *  Restores and enables the user configuration
 105:.\Generated_Source\PSoC4/Comp_PM.c **** *
 106:.\Generated_Source\PSoC4/Comp_PM.c **** * Parameters:
 107:.\Generated_Source\PSoC4/Comp_PM.c **** *  None
 108:.\Generated_Source\PSoC4/Comp_PM.c **** *
 109:.\Generated_Source\PSoC4/Comp_PM.c **** * Return:
 110:.\Generated_Source\PSoC4/Comp_PM.c **** *  None
 111:.\Generated_Source\PSoC4/Comp_PM.c **** *
 112:.\Generated_Source\PSoC4/Comp_PM.c **** * Global variables:
 113:.\Generated_Source\PSoC4/Comp_PM.c **** *  Comp_backup.enableState:  Is used to restore the enable state of
 114:.\Generated_Source\PSoC4/Comp_PM.c **** *  block on wakeup from sleep mode.
 115:.\Generated_Source\PSoC4/Comp_PM.c **** *
 116:.\Generated_Source\PSoC4/Comp_PM.c **** *******************************************************************************/
 117:.\Generated_Source\PSoC4/Comp_PM.c **** void Comp_Wakeup(void)
 118:.\Generated_Source\PSoC4/Comp_PM.c **** {
 137              		.loc 1 118 0
 138              		.cfi_startproc
 139 0000 80B5     		push	{r7, lr}
 140              	.LCFI6:
 141              		.cfi_def_cfa_offset 8
 142              		.cfi_offset 7, -8
 143              		.cfi_offset 14, -4
 144 0002 00AF     		add	r7, sp, #0
 145              	.LCFI7:
 146              		.cfi_def_cfa_register 7
 119:.\Generated_Source\PSoC4/Comp_PM.c ****     Comp_RestoreConfig();
 147              		.loc 1 119 0
 148 0004 FFF7FEFF 		bl	Comp_RestoreConfig
 120:.\Generated_Source\PSoC4/Comp_PM.c **** 
 121:.\Generated_Source\PSoC4/Comp_PM.c ****     if(Comp_backup.enableState == 1u)
 149              		.loc 1 121 0
 150 0008 034B     		ldr	r3, .L14
 151 000a 1B78     		ldrb	r3, [r3]
 152 000c 012B     		cmp	r3, #1
 153 000e 01D1     		bne	.L13
 122:.\Generated_Source\PSoC4/Comp_PM.c ****     {
 123:.\Generated_Source\PSoC4/Comp_PM.c ****         /* Enable Comp's operation */
 124:.\Generated_Source\PSoC4/Comp_PM.c ****         Comp_Enable();
 154              		.loc 1 124 0
 155 0010 FFF7FEFF 		bl	Comp_Enable
 156              	.L13:
 125:.\Generated_Source\PSoC4/Comp_PM.c ****     } /* Do nothing if Comp was disabled before */
ARM GAS  C:\Users\wbz\AppData\Local\Temp\ccUn1Xlc.s 			page 6


 126:.\Generated_Source\PSoC4/Comp_PM.c **** }
 157              		.loc 1 126 0
 158 0014 BD46     		mov	sp, r7
 159              		@ sp needed for prologue
 160 0016 80BD     		pop	{r7, pc}
 161              	.L15:
 162              		.align	2
 163              	.L14:
 164 0018 00000000 		.word	Comp_backup
 165              		.cfi_endproc
 166              	.LFE3:
 167              		.size	Comp_Wakeup, .-Comp_Wakeup
 168              		.text
 169              	.Letext0:
 170              		.section	.debug_loc,"",%progbits
 171              	.Ldebug_loc0:
 172              	.LLST0:
 173 0000 00000000 		.4byte	.LFB0
 174 0004 02000000 		.4byte	.LCFI0
 175 0008 0100     		.2byte	0x1
 176 000a 5D       		.byte	0x5d
 177 000b 02000000 		.4byte	.LCFI0
 178 000f 04000000 		.4byte	.LCFI1
 179 0013 0200     		.2byte	0x2
 180 0015 7D       		.byte	0x7d
 181 0016 08       		.sleb128 8
 182 0017 04000000 		.4byte	.LCFI1
 183 001b 08000000 		.4byte	.LFE0
 184 001f 0200     		.2byte	0x2
 185 0021 77       		.byte	0x77
 186 0022 08       		.sleb128 8
 187 0023 00000000 		.4byte	0x0
 188 0027 00000000 		.4byte	0x0
 189              	.LLST1:
 190 002b 00000000 		.4byte	.LFB1
 191 002f 02000000 		.4byte	.LCFI2
 192 0033 0100     		.2byte	0x1
 193 0035 5D       		.byte	0x5d
 194 0036 02000000 		.4byte	.LCFI2
 195 003a 04000000 		.4byte	.LCFI3
 196 003e 0200     		.2byte	0x2
 197 0040 7D       		.byte	0x7d
 198 0041 08       		.sleb128 8
 199 0042 04000000 		.4byte	.LCFI3
 200 0046 08000000 		.4byte	.LFE1
 201 004a 0200     		.2byte	0x2
 202 004c 77       		.byte	0x77
 203 004d 08       		.sleb128 8
 204 004e 00000000 		.4byte	0x0
 205 0052 00000000 		.4byte	0x0
 206              	.LLST2:
 207 0056 00000000 		.4byte	.LFB2
 208 005a 02000000 		.4byte	.LCFI4
 209 005e 0100     		.2byte	0x1
 210 0060 5D       		.byte	0x5d
 211 0061 02000000 		.4byte	.LCFI4
 212 0065 04000000 		.4byte	.LCFI5
ARM GAS  C:\Users\wbz\AppData\Local\Temp\ccUn1Xlc.s 			page 7


 213 0069 0200     		.2byte	0x2
 214 006b 7D       		.byte	0x7d
 215 006c 08       		.sleb128 8
 216 006d 04000000 		.4byte	.LCFI5
 217 0071 34000000 		.4byte	.LFE2
 218 0075 0200     		.2byte	0x2
 219 0077 77       		.byte	0x77
 220 0078 08       		.sleb128 8
 221 0079 00000000 		.4byte	0x0
 222 007d 00000000 		.4byte	0x0
 223              	.LLST3:
 224 0081 00000000 		.4byte	.LFB3
 225 0085 02000000 		.4byte	.LCFI6
 226 0089 0100     		.2byte	0x1
 227 008b 5D       		.byte	0x5d
 228 008c 02000000 		.4byte	.LCFI6
 229 0090 04000000 		.4byte	.LCFI7
 230 0094 0200     		.2byte	0x2
 231 0096 7D       		.byte	0x7d
 232 0097 08       		.sleb128 8
 233 0098 04000000 		.4byte	.LCFI7
 234 009c 1C000000 		.4byte	.LFE3
 235 00a0 0200     		.2byte	0x2
 236 00a2 77       		.byte	0x77
 237 00a3 08       		.sleb128 8
 238 00a4 00000000 		.4byte	0x0
 239 00a8 00000000 		.4byte	0x0
 240              		.file 2 ".\\Generated_Source\\PSoC4\\/cytypes.h"
 241              		.file 3 ".\\Generated_Source\\PSoC4\\/Comp.h"
 242              		.section	.debug_info
 243 0000 16010000 		.4byte	0x116
 244 0004 0200     		.2byte	0x2
 245 0006 00000000 		.4byte	.Ldebug_abbrev0
 246 000a 04       		.byte	0x4
 247 000b 01       		.uleb128 0x1
 248 000c 70000000 		.4byte	.LASF18
 249 0010 01       		.byte	0x1
 250 0011 32010000 		.4byte	.LASF19
 251 0015 7C000000 		.4byte	.LASF20
 252 0019 00000000 		.4byte	0x0
 253 001d 00000000 		.4byte	0x0
 254 0021 00000000 		.4byte	.Ldebug_ranges0+0x0
 255 0025 00000000 		.4byte	.Ldebug_line0
 256 0029 02       		.uleb128 0x2
 257 002a 01       		.byte	0x1
 258 002b 06       		.byte	0x6
 259 002c 26010000 		.4byte	.LASF0
 260 0030 02       		.uleb128 0x2
 261 0031 01       		.byte	0x1
 262 0032 08       		.byte	0x8
 263 0033 27000000 		.4byte	.LASF1
 264 0037 02       		.uleb128 0x2
 265 0038 02       		.byte	0x2
 266 0039 05       		.byte	0x5
 267 003a 66010000 		.4byte	.LASF2
 268 003e 02       		.uleb128 0x2
 269 003f 02       		.byte	0x2
ARM GAS  C:\Users\wbz\AppData\Local\Temp\ccUn1Xlc.s 			page 8


 270 0040 07       		.byte	0x7
 271 0041 13010000 		.4byte	.LASF3
 272 0045 02       		.uleb128 0x2
 273 0046 04       		.byte	0x4
 274 0047 05       		.byte	0x5
 275 0048 E0000000 		.4byte	.LASF4
 276 004c 02       		.uleb128 0x2
 277 004d 04       		.byte	0x4
 278 004e 07       		.byte	0x7
 279 004f 47000000 		.4byte	.LASF5
 280 0053 02       		.uleb128 0x2
 281 0054 08       		.byte	0x8
 282 0055 05       		.byte	0x5
 283 0056 00000000 		.4byte	.LASF6
 284 005a 02       		.uleb128 0x2
 285 005b 08       		.byte	0x8
 286 005c 07       		.byte	0x7
 287 005d 59000000 		.4byte	.LASF7
 288 0061 03       		.uleb128 0x3
 289 0062 04       		.byte	0x4
 290 0063 05       		.byte	0x5
 291 0064 696E7400 		.ascii	"int\000"
 292 0068 02       		.uleb128 0x2
 293 0069 04       		.byte	0x4
 294 006a 07       		.byte	0x7
 295 006b 1A000000 		.4byte	.LASF8
 296 006f 04       		.uleb128 0x4
 297 0070 41000000 		.4byte	.LASF12
 298 0074 02       		.byte	0x2
 299 0075 4C       		.byte	0x4c
 300 0076 30000000 		.4byte	0x30
 301 007a 02       		.uleb128 0x2
 302 007b 04       		.byte	0x4
 303 007c 04       		.byte	0x4
 304 007d 55010000 		.4byte	.LASF9
 305 0081 02       		.uleb128 0x2
 306 0082 08       		.byte	0x8
 307 0083 04       		.byte	0x4
 308 0084 F9000000 		.4byte	.LASF10
 309 0088 02       		.uleb128 0x2
 310 0089 01       		.byte	0x1
 311 008a 08       		.byte	0x8
 312 008b 83010000 		.4byte	.LASF11
 313 008f 05       		.uleb128 0x5
 314 0090 04       		.byte	0x4
 315 0091 07       		.byte	0x7
 316 0092 06       		.uleb128 0x6
 317 0093 01       		.byte	0x1
 318 0094 03       		.byte	0x3
 319 0095 21       		.byte	0x21
 320 0096 A9000000 		.4byte	0xa9
 321 009a 07       		.uleb128 0x7
 322 009b 0E000000 		.4byte	.LASF21
 323 009f 03       		.byte	0x3
 324 00a0 22       		.byte	0x22
 325 00a1 6F000000 		.4byte	0x6f
 326 00a5 02       		.byte	0x2
ARM GAS  C:\Users\wbz\AppData\Local\Temp\ccUn1Xlc.s 			page 9


 327 00a6 23       		.byte	0x23
 328 00a7 00       		.uleb128 0x0
 329 00a8 00       		.byte	0x0
 330 00a9 04       		.uleb128 0x4
 331 00aa 00010000 		.4byte	.LASF13
 332 00ae 03       		.byte	0x3
 333 00af 23       		.byte	0x23
 334 00b0 92000000 		.4byte	0x92
 335 00b4 08       		.uleb128 0x8
 336 00b5 01       		.byte	0x1
 337 00b6 E9000000 		.4byte	.LASF14
 338 00ba 01       		.byte	0x1
 339 00bb 27       		.byte	0x27
 340 00bc 01       		.byte	0x1
 341 00bd 00000000 		.4byte	.LFB0
 342 00c1 08000000 		.4byte	.LFE0
 343 00c5 00000000 		.4byte	.LLST0
 344 00c9 08       		.uleb128 0x8
 345 00ca 01       		.byte	0x1
 346 00cb 70010000 		.4byte	.LASF15
 347 00cf 01       		.byte	0x1
 348 00d0 3B       		.byte	0x3b
 349 00d1 01       		.byte	0x1
 350 00d2 00000000 		.4byte	.LFB1
 351 00d6 08000000 		.4byte	.LFE1
 352 00da 2B000000 		.4byte	.LLST1
 353 00de 08       		.uleb128 0x8
 354 00df 01       		.byte	0x1
 355 00e0 5B010000 		.4byte	.LASF16
 356 00e4 01       		.byte	0x1
 357 00e5 53       		.byte	0x53
 358 00e6 01       		.byte	0x1
 359 00e7 00000000 		.4byte	.LFB2
 360 00eb 34000000 		.4byte	.LFE2
 361 00ef 56000000 		.4byte	.LLST2
 362 00f3 08       		.uleb128 0x8
 363 00f4 01       		.byte	0x1
 364 00f5 D4000000 		.4byte	.LASF17
 365 00f9 01       		.byte	0x1
 366 00fa 75       		.byte	0x75
 367 00fb 01       		.byte	0x1
 368 00fc 00000000 		.4byte	.LFB3
 369 0100 1C000000 		.4byte	.LFE3
 370 0104 81000000 		.4byte	.LLST3
 371 0108 09       		.uleb128 0x9
 372 0109 35000000 		.4byte	.LASF22
 373 010d 01       		.byte	0x1
 374 010e 16       		.byte	0x16
 375 010f A9000000 		.4byte	0xa9
 376 0113 05       		.byte	0x5
 377 0114 03       		.byte	0x3
 378 0115 00000000 		.4byte	Comp_backup
 379 0119 00       		.byte	0x0
 380              		.section	.debug_abbrev
 381 0000 01       		.uleb128 0x1
 382 0001 11       		.uleb128 0x11
 383 0002 01       		.byte	0x1
ARM GAS  C:\Users\wbz\AppData\Local\Temp\ccUn1Xlc.s 			page 10


 384 0003 25       		.uleb128 0x25
 385 0004 0E       		.uleb128 0xe
 386 0005 13       		.uleb128 0x13
 387 0006 0B       		.uleb128 0xb
 388 0007 03       		.uleb128 0x3
 389 0008 0E       		.uleb128 0xe
 390 0009 1B       		.uleb128 0x1b
 391 000a 0E       		.uleb128 0xe
 392 000b 11       		.uleb128 0x11
 393 000c 01       		.uleb128 0x1
 394 000d 52       		.uleb128 0x52
 395 000e 01       		.uleb128 0x1
 396 000f 55       		.uleb128 0x55
 397 0010 06       		.uleb128 0x6
 398 0011 10       		.uleb128 0x10
 399 0012 06       		.uleb128 0x6
 400 0013 00       		.byte	0x0
 401 0014 00       		.byte	0x0
 402 0015 02       		.uleb128 0x2
 403 0016 24       		.uleb128 0x24
 404 0017 00       		.byte	0x0
 405 0018 0B       		.uleb128 0xb
 406 0019 0B       		.uleb128 0xb
 407 001a 3E       		.uleb128 0x3e
 408 001b 0B       		.uleb128 0xb
 409 001c 03       		.uleb128 0x3
 410 001d 0E       		.uleb128 0xe
 411 001e 00       		.byte	0x0
 412 001f 00       		.byte	0x0
 413 0020 03       		.uleb128 0x3
 414 0021 24       		.uleb128 0x24
 415 0022 00       		.byte	0x0
 416 0023 0B       		.uleb128 0xb
 417 0024 0B       		.uleb128 0xb
 418 0025 3E       		.uleb128 0x3e
 419 0026 0B       		.uleb128 0xb
 420 0027 03       		.uleb128 0x3
 421 0028 08       		.uleb128 0x8
 422 0029 00       		.byte	0x0
 423 002a 00       		.byte	0x0
 424 002b 04       		.uleb128 0x4
 425 002c 16       		.uleb128 0x16
 426 002d 00       		.byte	0x0
 427 002e 03       		.uleb128 0x3
 428 002f 0E       		.uleb128 0xe
 429 0030 3A       		.uleb128 0x3a
 430 0031 0B       		.uleb128 0xb
 431 0032 3B       		.uleb128 0x3b
 432 0033 0B       		.uleb128 0xb
 433 0034 49       		.uleb128 0x49
 434 0035 13       		.uleb128 0x13
 435 0036 00       		.byte	0x0
 436 0037 00       		.byte	0x0
 437 0038 05       		.uleb128 0x5
 438 0039 24       		.uleb128 0x24
 439 003a 00       		.byte	0x0
 440 003b 0B       		.uleb128 0xb
ARM GAS  C:\Users\wbz\AppData\Local\Temp\ccUn1Xlc.s 			page 11


 441 003c 0B       		.uleb128 0xb
 442 003d 3E       		.uleb128 0x3e
 443 003e 0B       		.uleb128 0xb
 444 003f 00       		.byte	0x0
 445 0040 00       		.byte	0x0
 446 0041 06       		.uleb128 0x6
 447 0042 13       		.uleb128 0x13
 448 0043 01       		.byte	0x1
 449 0044 0B       		.uleb128 0xb
 450 0045 0B       		.uleb128 0xb
 451 0046 3A       		.uleb128 0x3a
 452 0047 0B       		.uleb128 0xb
 453 0048 3B       		.uleb128 0x3b
 454 0049 0B       		.uleb128 0xb
 455 004a 01       		.uleb128 0x1
 456 004b 13       		.uleb128 0x13
 457 004c 00       		.byte	0x0
 458 004d 00       		.byte	0x0
 459 004e 07       		.uleb128 0x7
 460 004f 0D       		.uleb128 0xd
 461 0050 00       		.byte	0x0
 462 0051 03       		.uleb128 0x3
 463 0052 0E       		.uleb128 0xe
 464 0053 3A       		.uleb128 0x3a
 465 0054 0B       		.uleb128 0xb
 466 0055 3B       		.uleb128 0x3b
 467 0056 0B       		.uleb128 0xb
 468 0057 49       		.uleb128 0x49
 469 0058 13       		.uleb128 0x13
 470 0059 38       		.uleb128 0x38
 471 005a 0A       		.uleb128 0xa
 472 005b 00       		.byte	0x0
 473 005c 00       		.byte	0x0
 474 005d 08       		.uleb128 0x8
 475 005e 2E       		.uleb128 0x2e
 476 005f 00       		.byte	0x0
 477 0060 3F       		.uleb128 0x3f
 478 0061 0C       		.uleb128 0xc
 479 0062 03       		.uleb128 0x3
 480 0063 0E       		.uleb128 0xe
 481 0064 3A       		.uleb128 0x3a
 482 0065 0B       		.uleb128 0xb
 483 0066 3B       		.uleb128 0x3b
 484 0067 0B       		.uleb128 0xb
 485 0068 27       		.uleb128 0x27
 486 0069 0C       		.uleb128 0xc
 487 006a 11       		.uleb128 0x11
 488 006b 01       		.uleb128 0x1
 489 006c 12       		.uleb128 0x12
 490 006d 01       		.uleb128 0x1
 491 006e 40       		.uleb128 0x40
 492 006f 06       		.uleb128 0x6
 493 0070 00       		.byte	0x0
 494 0071 00       		.byte	0x0
 495 0072 09       		.uleb128 0x9
 496 0073 34       		.uleb128 0x34
 497 0074 00       		.byte	0x0
ARM GAS  C:\Users\wbz\AppData\Local\Temp\ccUn1Xlc.s 			page 12


 498 0075 03       		.uleb128 0x3
 499 0076 0E       		.uleb128 0xe
 500 0077 3A       		.uleb128 0x3a
 501 0078 0B       		.uleb128 0xb
 502 0079 3B       		.uleb128 0x3b
 503 007a 0B       		.uleb128 0xb
 504 007b 49       		.uleb128 0x49
 505 007c 13       		.uleb128 0x13
 506 007d 02       		.uleb128 0x2
 507 007e 0A       		.uleb128 0xa
 508 007f 00       		.byte	0x0
 509 0080 00       		.byte	0x0
 510 0081 00       		.byte	0x0
 511              		.section	.debug_pubnames,"",%progbits
 512 0000 58000000 		.4byte	0x58
 513 0004 0200     		.2byte	0x2
 514 0006 00000000 		.4byte	.Ldebug_info0
 515 000a 1A010000 		.4byte	0x11a
 516 000e B4000000 		.4byte	0xb4
 517 0012 436F6D70 		.ascii	"Comp_SaveConfig\000"
 517      5F536176 
 517      65436F6E 
 517      66696700 
 518 0022 C9000000 		.4byte	0xc9
 519 0026 436F6D70 		.ascii	"Comp_RestoreConfig\000"
 519      5F526573 
 519      746F7265 
 519      436F6E66 
 519      696700
 520 0039 DE000000 		.4byte	0xde
 521 003d 436F6D70 		.ascii	"Comp_Sleep\000"
 521      5F536C65 
 521      657000
 522 0048 F3000000 		.4byte	0xf3
 523 004c 436F6D70 		.ascii	"Comp_Wakeup\000"
 523      5F57616B 
 523      65757000 
 524 0058 00000000 		.4byte	0x0
 525              		.section	.debug_aranges,"",%progbits
 526 0000 34000000 		.4byte	0x34
 527 0004 0200     		.2byte	0x2
 528 0006 00000000 		.4byte	.Ldebug_info0
 529 000a 04       		.byte	0x4
 530 000b 00       		.byte	0x0
 531 000c 0000     		.2byte	0x0
 532 000e 0000     		.2byte	0x0
 533 0010 00000000 		.4byte	.LFB0
 534 0014 08000000 		.4byte	.LFE0-.LFB0
 535 0018 00000000 		.4byte	.LFB1
 536 001c 08000000 		.4byte	.LFE1-.LFB1
 537 0020 00000000 		.4byte	.LFB2
 538 0024 34000000 		.4byte	.LFE2-.LFB2
 539 0028 00000000 		.4byte	.LFB3
 540 002c 1C000000 		.4byte	.LFE3-.LFB3
 541 0030 00000000 		.4byte	0x0
 542 0034 00000000 		.4byte	0x0
 543              		.section	.debug_ranges,"",%progbits
ARM GAS  C:\Users\wbz\AppData\Local\Temp\ccUn1Xlc.s 			page 13


 544              	.Ldebug_ranges0:
 545 0000 00000000 		.4byte	.Ltext0
 546 0004 00000000 		.4byte	.Letext0
 547 0008 00000000 		.4byte	.LFB0
 548 000c 08000000 		.4byte	.LFE0
 549 0010 00000000 		.4byte	.LFB1
 550 0014 08000000 		.4byte	.LFE1
 551 0018 00000000 		.4byte	.LFB2
 552 001c 34000000 		.4byte	.LFE2
 553 0020 00000000 		.4byte	.LFB3
 554 0024 1C000000 		.4byte	.LFE3
 555 0028 00000000 		.4byte	0x0
 556 002c 00000000 		.4byte	0x0
 557              		.section	.debug_str,"MS",%progbits,1
 558              	.LASF6:
 559 0000 6C6F6E67 		.ascii	"long long int\000"
 559      206C6F6E 
 559      6720696E 
 559      7400
 560              	.LASF21:
 561 000e 656E6162 		.ascii	"enableState\000"
 561      6C655374 
 561      61746500 
 562              	.LASF8:
 563 001a 756E7369 		.ascii	"unsigned int\000"
 563      676E6564 
 563      20696E74 
 563      00
 564              	.LASF1:
 565 0027 756E7369 		.ascii	"unsigned char\000"
 565      676E6564 
 565      20636861 
 565      7200
 566              	.LASF22:
 567 0035 436F6D70 		.ascii	"Comp_backup\000"
 567      5F626163 
 567      6B757000 
 568              	.LASF12:
 569 0041 75696E74 		.ascii	"uint8\000"
 569      3800
 570              	.LASF5:
 571 0047 6C6F6E67 		.ascii	"long unsigned int\000"
 571      20756E73 
 571      69676E65 
 571      6420696E 
 571      7400
 572              	.LASF7:
 573 0059 6C6F6E67 		.ascii	"long long unsigned int\000"
 573      206C6F6E 
 573      6720756E 
 573      7369676E 
 573      65642069 
 574              	.LASF18:
 575 0070 474E5520 		.ascii	"GNU C 4.4.1\000"
 575      4320342E 
 575      342E3100 
 576              	.LASF20:
ARM GAS  C:\Users\wbz\AppData\Local\Temp\ccUn1Xlc.s 			page 14


 577 007c 433A5C55 		.ascii	"C:\\Users\\wbz\\Desktop\\PSoC 4\\Comparator_PSoC4_E"
 577      73657273 
 577      5C77627A 
 577      5C446573 
 577      6B746F70 
 578 00aa 78616D70 		.ascii	"xample01\\Comparator_PSoC4_Example01.cydsn\000"
 578      6C653031 
 578      5C436F6D 
 578      70617261 
 578      746F725F 
 579              	.LASF17:
 580 00d4 436F6D70 		.ascii	"Comp_Wakeup\000"
 580      5F57616B 
 580      65757000 
 581              	.LASF4:
 582 00e0 6C6F6E67 		.ascii	"long int\000"
 582      20696E74 
 582      00
 583              	.LASF14:
 584 00e9 436F6D70 		.ascii	"Comp_SaveConfig\000"
 584      5F536176 
 584      65436F6E 
 584      66696700 
 585              	.LASF10:
 586 00f9 646F7562 		.ascii	"double\000"
 586      6C6500
 587              	.LASF13:
 588 0100 436F6D70 		.ascii	"Comp_BACKUP_STRUCT\000"
 588      5F424143 
 588      4B55505F 
 588      53545255 
 588      435400
 589              	.LASF3:
 590 0113 73686F72 		.ascii	"short unsigned int\000"
 590      7420756E 
 590      7369676E 
 590      65642069 
 590      6E7400
 591              	.LASF0:
 592 0126 7369676E 		.ascii	"signed char\000"
 592      65642063 
 592      68617200 
 593              	.LASF19:
 594 0132 2E5C4765 		.ascii	".\\Generated_Source\\PSoC4\\Comp_PM.c\000"
 594      6E657261 
 594      7465645F 
 594      536F7572 
 594      63655C50 
 595              	.LASF9:
 596 0155 666C6F61 		.ascii	"float\000"
 596      7400
 597              	.LASF16:
 598 015b 436F6D70 		.ascii	"Comp_Sleep\000"
 598      5F536C65 
 598      657000
 599              	.LASF2:
 600 0166 73686F72 		.ascii	"short int\000"
ARM GAS  C:\Users\wbz\AppData\Local\Temp\ccUn1Xlc.s 			page 15


 600      7420696E 
 600      7400
 601              	.LASF15:
 602 0170 436F6D70 		.ascii	"Comp_RestoreConfig\000"
 602      5F526573 
 602      746F7265 
 602      436F6E66 
 602      696700
 603              	.LASF11:
 604 0183 63686172 		.ascii	"char\000"
 604      00
 605              		.ident	"GCC: (Sourcery G++ Lite 2010q1-188) 4.4.1"
