ARM GAS  C:\Users\wbz\AppData\Local\Temp\ccnN2J5e.s 			page 1


   1              		.cpu cortex-m0
   2              		.fpu softvfp
   3              		.eabi_attribute 20, 1
   4              		.eabi_attribute 21, 1
   5              		.eabi_attribute 23, 3
   6              		.eabi_attribute 24, 1
   7              		.eabi_attribute 25, 1
   8              		.eabi_attribute 26, 1
   9              		.eabi_attribute 30, 6
  10              		.eabi_attribute 18, 4
  11              		.code	16
  12              		.file	"UART.c"
  13              		.section	.debug_abbrev,"",%progbits
  14              	.Ldebug_abbrev0:
  15              		.section	.debug_info,"",%progbits
  16              	.Ldebug_info0:
  17              		.section	.debug_line,"",%progbits
  18              	.Ldebug_line0:
  19 0000 EC000000 		.text
  19      02005D00 
  19      00000201 
  19      FB0E0D00 
  19      01010101 
  20              	.Ltext0:
  21              		.cfi_sections	.debug_frame
  22              		.global	UART_initVar
  23              		.bss
  24              		.type	UART_initVar, %object
  25              		.size	UART_initVar, 1
  26              	UART_initVar:
  27 0000 00       		.space	1
  28              		.global	UART_customIntrHandler
  29 0001 000000   		.align	2
  30              		.type	UART_customIntrHandler, %object
  31              		.size	UART_customIntrHandler, 4
  32              	UART_customIntrHandler:
  33 0004 00000000 		.space	4
  34              		.section	.text.UART_Init,"ax",%progbits
  35              		.align	2
  36              		.global	UART_Init
  37              		.code	16
  38              		.thumb_func
  39              		.type	UART_Init, %function
  40              	UART_Init:
  41              	.LFB0:
  42              		.file 1 ".\\Generated_Source\\PSoC4\\UART.c"
   1:.\Generated_Source\PSoC4/UART.c **** /*******************************************************************************
   2:.\Generated_Source\PSoC4/UART.c **** * File Name: UART.c
   3:.\Generated_Source\PSoC4/UART.c **** * Version 1.10
   4:.\Generated_Source\PSoC4/UART.c **** *
   5:.\Generated_Source\PSoC4/UART.c **** * Description:
   6:.\Generated_Source\PSoC4/UART.c **** *  This file provides the source code to the API for the SCB Component.
   7:.\Generated_Source\PSoC4/UART.c **** *
   8:.\Generated_Source\PSoC4/UART.c **** * Note:
   9:.\Generated_Source\PSoC4/UART.c **** *
  10:.\Generated_Source\PSoC4/UART.c **** *******************************************************************************
  11:.\Generated_Source\PSoC4/UART.c **** * Copyright 2013, Cypress Semiconductor Corporation.  All rights reserved.
ARM GAS  C:\Users\wbz\AppData\Local\Temp\ccnN2J5e.s 			page 2


  12:.\Generated_Source\PSoC4/UART.c **** * You may use this file only in accordance with the license, terms, conditions,
  13:.\Generated_Source\PSoC4/UART.c **** * disclaimers, and limitations in the end user license agreement accompanying
  14:.\Generated_Source\PSoC4/UART.c **** * the software package with which this file was provided.
  15:.\Generated_Source\PSoC4/UART.c **** *******************************************************************************/
  16:.\Generated_Source\PSoC4/UART.c **** 
  17:.\Generated_Source\PSoC4/UART.c **** #include "UART_PVT.h"
  18:.\Generated_Source\PSoC4/UART.c **** 
  19:.\Generated_Source\PSoC4/UART.c **** #if(UART_SCB_MODE_I2C_INC)
  20:.\Generated_Source\PSoC4/UART.c ****     #include "UART_I2C_PVT.h"
  21:.\Generated_Source\PSoC4/UART.c **** #endif /* (UART_SCB_MODE_I2C_INC) */
  22:.\Generated_Source\PSoC4/UART.c **** 
  23:.\Generated_Source\PSoC4/UART.c **** #if(UART_SCB_MODE_EZI2C_INC)
  24:.\Generated_Source\PSoC4/UART.c ****     #include "UART_EZI2C_PVT.h"
  25:.\Generated_Source\PSoC4/UART.c **** #endif /* (UART_SCB_MODE_EZI2C_INC) */
  26:.\Generated_Source\PSoC4/UART.c **** 
  27:.\Generated_Source\PSoC4/UART.c **** #if(UART_SCB_MODE_SPI_INC || UART_SCB_MODE_UART_INC)
  28:.\Generated_Source\PSoC4/UART.c ****     #include "UART_SPI_UART_PVT.h"
  29:.\Generated_Source\PSoC4/UART.c **** #endif /* (UART_SCB_MODE_SPI_INC || UART_SCB_MODE_UART_INC) */
  30:.\Generated_Source\PSoC4/UART.c **** 
  31:.\Generated_Source\PSoC4/UART.c **** 
  32:.\Generated_Source\PSoC4/UART.c **** /**********************************
  33:.\Generated_Source\PSoC4/UART.c **** *    Run Time Configuration Vars
  34:.\Generated_Source\PSoC4/UART.c **** **********************************/
  35:.\Generated_Source\PSoC4/UART.c **** 
  36:.\Generated_Source\PSoC4/UART.c **** /* Stores internal component configuration for unconfigured mode */
  37:.\Generated_Source\PSoC4/UART.c **** #if(UART_SCB_MODE_UNCONFIG_CONST_CFG)
  38:.\Generated_Source\PSoC4/UART.c ****     /* Common config vars */
  39:.\Generated_Source\PSoC4/UART.c ****     uint8 UART_scbMode = UART_SCB_MODE_UNCONFIG;
  40:.\Generated_Source\PSoC4/UART.c ****     uint8 UART_scbEnableWake;
  41:.\Generated_Source\PSoC4/UART.c ****     uint8 UART_scbEnableIntr;
  42:.\Generated_Source\PSoC4/UART.c **** 
  43:.\Generated_Source\PSoC4/UART.c ****     /* I2C config vars */
  44:.\Generated_Source\PSoC4/UART.c ****     uint8 UART_mode;
  45:.\Generated_Source\PSoC4/UART.c ****     uint8 UART_acceptAddr;
  46:.\Generated_Source\PSoC4/UART.c **** 
  47:.\Generated_Source\PSoC4/UART.c ****     /* SPI/UART config vars */
  48:.\Generated_Source\PSoC4/UART.c ****     volatile uint8 * UART_rxBuffer;
  49:.\Generated_Source\PSoC4/UART.c ****     uint8  UART_rxDataBits;
  50:.\Generated_Source\PSoC4/UART.c ****     uint32 UART_rxBufferSize;
  51:.\Generated_Source\PSoC4/UART.c **** 
  52:.\Generated_Source\PSoC4/UART.c ****     volatile uint8 * UART_txBuffer;
  53:.\Generated_Source\PSoC4/UART.c ****     uint8  UART_txDataBits;
  54:.\Generated_Source\PSoC4/UART.c ****     uint32 UART_txBufferSize;
  55:.\Generated_Source\PSoC4/UART.c **** 
  56:.\Generated_Source\PSoC4/UART.c ****     /* EZI2C config vars */
  57:.\Generated_Source\PSoC4/UART.c ****     uint8 UART_numberOfAddr;
  58:.\Generated_Source\PSoC4/UART.c ****     uint8 UART_subAddrSize;
  59:.\Generated_Source\PSoC4/UART.c **** #endif /* (UART_SCB_MODE_UNCONFIG_CONST_CFG) */
  60:.\Generated_Source\PSoC4/UART.c **** 
  61:.\Generated_Source\PSoC4/UART.c **** 
  62:.\Generated_Source\PSoC4/UART.c **** /**********************************
  63:.\Generated_Source\PSoC4/UART.c **** *     Common SCB Vars
  64:.\Generated_Source\PSoC4/UART.c **** **********************************/
  65:.\Generated_Source\PSoC4/UART.c **** 
  66:.\Generated_Source\PSoC4/UART.c **** uint8 UART_initVar = 0u;
  67:.\Generated_Source\PSoC4/UART.c **** cyisraddress UART_customIntrHandler = NULL;
  68:.\Generated_Source\PSoC4/UART.c **** 
ARM GAS  C:\Users\wbz\AppData\Local\Temp\ccnN2J5e.s 			page 3


  69:.\Generated_Source\PSoC4/UART.c **** 
  70:.\Generated_Source\PSoC4/UART.c **** /***************************************
  71:.\Generated_Source\PSoC4/UART.c **** *    Private Function Prototypes
  72:.\Generated_Source\PSoC4/UART.c **** ***************************************/
  73:.\Generated_Source\PSoC4/UART.c **** 
  74:.\Generated_Source\PSoC4/UART.c **** static void UART_ScbEnableIntr(void);
  75:.\Generated_Source\PSoC4/UART.c **** static void UART_ScbModeStop(void);
  76:.\Generated_Source\PSoC4/UART.c **** 
  77:.\Generated_Source\PSoC4/UART.c **** 
  78:.\Generated_Source\PSoC4/UART.c **** /*******************************************************************************
  79:.\Generated_Source\PSoC4/UART.c **** * Function Name: UART_Init
  80:.\Generated_Source\PSoC4/UART.c **** ********************************************************************************
  81:.\Generated_Source\PSoC4/UART.c **** *
  82:.\Generated_Source\PSoC4/UART.c **** * Summary:
  83:.\Generated_Source\PSoC4/UART.c **** *  Initializes SCB component to operate in one of selected configurations:
  84:.\Generated_Source\PSoC4/UART.c **** *  I2C, SPI, UART, EZI2C or EZSPI.
  85:.\Generated_Source\PSoC4/UART.c **** *  This function does not do any initialization when configuration is set to
  86:.\Generated_Source\PSoC4/UART.c **** *  Unconfigured SCB.
  87:.\Generated_Source\PSoC4/UART.c **** *
  88:.\Generated_Source\PSoC4/UART.c **** * Parameters:
  89:.\Generated_Source\PSoC4/UART.c **** *  None
  90:.\Generated_Source\PSoC4/UART.c **** *
  91:.\Generated_Source\PSoC4/UART.c **** * Return:
  92:.\Generated_Source\PSoC4/UART.c **** *  None
  93:.\Generated_Source\PSoC4/UART.c **** *
  94:.\Generated_Source\PSoC4/UART.c **** *******************************************************************************/
  95:.\Generated_Source\PSoC4/UART.c **** void UART_Init(void)
  96:.\Generated_Source\PSoC4/UART.c **** {
  43              		.loc 1 96 0
  44              		.cfi_startproc
  45 0000 80B5     		push	{r7, lr}
  46              	.LCFI0:
  47              		.cfi_def_cfa_offset 8
  48              		.cfi_offset 7, -8
  49              		.cfi_offset 14, -4
  50 0002 00AF     		add	r7, sp, #0
  51              	.LCFI1:
  52              		.cfi_def_cfa_register 7
  97:.\Generated_Source\PSoC4/UART.c **** #if(UART_SCB_MODE_UNCONFIG_CONST_CFG)
  98:.\Generated_Source\PSoC4/UART.c ****     if(UART_SCB_MODE_UNCONFIG_RUNTM_CFG)
  99:.\Generated_Source\PSoC4/UART.c ****     {
 100:.\Generated_Source\PSoC4/UART.c ****         UART_initVar = 0u; /* Clear init var */
 101:.\Generated_Source\PSoC4/UART.c ****     }
 102:.\Generated_Source\PSoC4/UART.c ****     else
 103:.\Generated_Source\PSoC4/UART.c ****     {
 104:.\Generated_Source\PSoC4/UART.c ****         /* Initialization was done before call */
 105:.\Generated_Source\PSoC4/UART.c ****     }
 106:.\Generated_Source\PSoC4/UART.c **** 
 107:.\Generated_Source\PSoC4/UART.c **** #elif(UART_SCB_MODE_I2C_CONST_CFG)
 108:.\Generated_Source\PSoC4/UART.c ****     UART_I2CInit();
 109:.\Generated_Source\PSoC4/UART.c **** 
 110:.\Generated_Source\PSoC4/UART.c **** #elif(UART_SCB_MODE_SPI_CONST_CFG)
 111:.\Generated_Source\PSoC4/UART.c ****     UART_SpiInit();
 112:.\Generated_Source\PSoC4/UART.c **** 
 113:.\Generated_Source\PSoC4/UART.c **** #elif(UART_SCB_MODE_UART_CONST_CFG)
 114:.\Generated_Source\PSoC4/UART.c ****     UART_UartInit();
  53              		.loc 1 114 0
ARM GAS  C:\Users\wbz\AppData\Local\Temp\ccnN2J5e.s 			page 4


  54 0004 FFF7FEFF 		bl	UART_UartInit
 115:.\Generated_Source\PSoC4/UART.c **** 
 116:.\Generated_Source\PSoC4/UART.c **** #elif(UART_SCB_MODE_EZI2C_CONST_CFG)
 117:.\Generated_Source\PSoC4/UART.c ****     UART_EzI2CInit();
 118:.\Generated_Source\PSoC4/UART.c **** 
 119:.\Generated_Source\PSoC4/UART.c **** #endif /* (UART_SCB_MODE_UNCONFIG_CONST_CFG) */
 120:.\Generated_Source\PSoC4/UART.c **** }
  55              		.loc 1 120 0
  56 0008 BD46     		mov	sp, r7
  57              		@ sp needed for prologue
  58 000a 80BD     		pop	{r7, pc}
  59              		.cfi_endproc
  60              	.LFE0:
  61              		.size	UART_Init, .-UART_Init
  62              		.section	.text.UART_Enable,"ax",%progbits
  63              		.align	2
  64              		.global	UART_Enable
  65              		.code	16
  66              		.thumb_func
  67              		.type	UART_Enable, %function
  68              	UART_Enable:
  69              	.LFB1:
 121:.\Generated_Source\PSoC4/UART.c **** 
 122:.\Generated_Source\PSoC4/UART.c **** 
 123:.\Generated_Source\PSoC4/UART.c **** /*******************************************************************************
 124:.\Generated_Source\PSoC4/UART.c **** * Function Name: UART_Enable
 125:.\Generated_Source\PSoC4/UART.c **** ********************************************************************************
 126:.\Generated_Source\PSoC4/UART.c **** *
 127:.\Generated_Source\PSoC4/UART.c **** * Summary:
 128:.\Generated_Source\PSoC4/UART.c **** *  Enables SCB component operation.
 129:.\Generated_Source\PSoC4/UART.c **** *  The SCB configuration should be not changed when the component is enabled.
 130:.\Generated_Source\PSoC4/UART.c **** *  Any configuration changes should be made after disabling the component.
 131:.\Generated_Source\PSoC4/UART.c **** *
 132:.\Generated_Source\PSoC4/UART.c **** * Parameters:
 133:.\Generated_Source\PSoC4/UART.c **** *  None
 134:.\Generated_Source\PSoC4/UART.c **** *
 135:.\Generated_Source\PSoC4/UART.c **** * Return:
 136:.\Generated_Source\PSoC4/UART.c **** *  None
 137:.\Generated_Source\PSoC4/UART.c **** *
 138:.\Generated_Source\PSoC4/UART.c **** *******************************************************************************/
 139:.\Generated_Source\PSoC4/UART.c **** void UART_Enable(void)
 140:.\Generated_Source\PSoC4/UART.c **** {
  70              		.loc 1 140 0
  71              		.cfi_startproc
  72 0000 80B5     		push	{r7, lr}
  73              	.LCFI2:
  74              		.cfi_def_cfa_offset 8
  75              		.cfi_offset 7, -8
  76              		.cfi_offset 14, -4
  77 0002 00AF     		add	r7, sp, #0
  78              	.LCFI3:
  79              		.cfi_def_cfa_register 7
 141:.\Generated_Source\PSoC4/UART.c **** #if(UART_SCB_MODE_UNCONFIG_CONST_CFG)
 142:.\Generated_Source\PSoC4/UART.c ****     if(!UART_SCB_MODE_UNCONFIG_RUNTM_CFG)
 143:.\Generated_Source\PSoC4/UART.c ****     {
 144:.\Generated_Source\PSoC4/UART.c ****         /* Enable SCB block, only if already configured */
 145:.\Generated_Source\PSoC4/UART.c ****         UART_CTRL_REG |= UART_CTRL_ENABLED;
ARM GAS  C:\Users\wbz\AppData\Local\Temp\ccnN2J5e.s 			page 5


 146:.\Generated_Source\PSoC4/UART.c ****         
 147:.\Generated_Source\PSoC4/UART.c ****         /* Enable interrupt */
 148:.\Generated_Source\PSoC4/UART.c ****         UART_ScbEnableIntr();
 149:.\Generated_Source\PSoC4/UART.c ****     }
 150:.\Generated_Source\PSoC4/UART.c **** #else
 151:.\Generated_Source\PSoC4/UART.c ****     UART_CTRL_REG |= UART_CTRL_ENABLED; /* Enable SCB block */
  80              		.loc 1 151 0
  81 0004 054A     		ldr	r2, .L5
  82 0006 054B     		ldr	r3, .L5
  83 0008 1968     		ldr	r1, [r3]
  84 000a 8023     		mov	r3, #128
  85 000c 1B06     		lsl	r3, r3, #24
  86 000e 0B43     		orr	r3, r3, r1
  87 0010 1360     		str	r3, [r2]
 152:.\Generated_Source\PSoC4/UART.c ****     
 153:.\Generated_Source\PSoC4/UART.c ****     UART_ScbEnableIntr();
  88              		.loc 1 153 0
  89 0012 FFF7FEFF 		bl	UART_ScbEnableIntr
 154:.\Generated_Source\PSoC4/UART.c **** #endif /* (UART_SCB_MODE_UNCONFIG_CONST_CFG) */
 155:.\Generated_Source\PSoC4/UART.c **** }
  90              		.loc 1 155 0
  91 0016 BD46     		mov	sp, r7
  92              		@ sp needed for prologue
  93 0018 80BD     		pop	{r7, pc}
  94              	.L6:
  95 001a C046     		.align	2
  96              	.L5:
  97 001c 00000640 		.word	1074135040
  98              		.cfi_endproc
  99              	.LFE1:
 100              		.size	UART_Enable, .-UART_Enable
 101              		.section	.text.UART_Start,"ax",%progbits
 102              		.align	2
 103              		.global	UART_Start
 104              		.code	16
 105              		.thumb_func
 106              		.type	UART_Start, %function
 107              	UART_Start:
 108              	.LFB2:
 156:.\Generated_Source\PSoC4/UART.c **** 
 157:.\Generated_Source\PSoC4/UART.c **** 
 158:.\Generated_Source\PSoC4/UART.c **** /*******************************************************************************
 159:.\Generated_Source\PSoC4/UART.c **** * Function Name: UART_Start
 160:.\Generated_Source\PSoC4/UART.c **** ********************************************************************************
 161:.\Generated_Source\PSoC4/UART.c **** *
 162:.\Generated_Source\PSoC4/UART.c **** * Summary:
 163:.\Generated_Source\PSoC4/UART.c **** *  Invokes SCB_Init() and SCB_Enable().
 164:.\Generated_Source\PSoC4/UART.c **** *  After this function call the component is enabled and ready for operation.
 165:.\Generated_Source\PSoC4/UART.c **** *
 166:.\Generated_Source\PSoC4/UART.c **** * Parameters:
 167:.\Generated_Source\PSoC4/UART.c **** *  None
 168:.\Generated_Source\PSoC4/UART.c **** *
 169:.\Generated_Source\PSoC4/UART.c **** * Return:
 170:.\Generated_Source\PSoC4/UART.c **** *  None
 171:.\Generated_Source\PSoC4/UART.c **** *
 172:.\Generated_Source\PSoC4/UART.c **** * Global variables:
 173:.\Generated_Source\PSoC4/UART.c **** *  UART_initVar - used to check initial configuration, modified
ARM GAS  C:\Users\wbz\AppData\Local\Temp\ccnN2J5e.s 			page 6


 174:.\Generated_Source\PSoC4/UART.c **** *  on first function call.
 175:.\Generated_Source\PSoC4/UART.c **** *
 176:.\Generated_Source\PSoC4/UART.c **** *******************************************************************************/
 177:.\Generated_Source\PSoC4/UART.c **** void UART_Start(void)
 178:.\Generated_Source\PSoC4/UART.c **** {
 109              		.loc 1 178 0
 110              		.cfi_startproc
 111 0000 80B5     		push	{r7, lr}
 112              	.LCFI4:
 113              		.cfi_def_cfa_offset 8
 114              		.cfi_offset 7, -8
 115              		.cfi_offset 14, -4
 116 0002 00AF     		add	r7, sp, #0
 117              	.LCFI5:
 118              		.cfi_def_cfa_register 7
 179:.\Generated_Source\PSoC4/UART.c ****     if(0u == UART_initVar)
 119              		.loc 1 179 0
 120 0004 064B     		ldr	r3, .L10
 121 0006 1B78     		ldrb	r3, [r3]
 122 0008 002B     		cmp	r3, #0
 123 000a 04D1     		bne	.L8
 180:.\Generated_Source\PSoC4/UART.c ****     {
 181:.\Generated_Source\PSoC4/UART.c ****         UART_initVar = 1u; /* Component was initialized */
 124              		.loc 1 181 0
 125 000c 044B     		ldr	r3, .L10
 126 000e 0122     		mov	r2, #1
 127 0010 1A70     		strb	r2, [r3]
 182:.\Generated_Source\PSoC4/UART.c ****         UART_Init();       /* Initialize component      */
 128              		.loc 1 182 0
 129 0012 FFF7FEFF 		bl	UART_Init
 130              	.L8:
 183:.\Generated_Source\PSoC4/UART.c ****     }
 184:.\Generated_Source\PSoC4/UART.c **** 
 185:.\Generated_Source\PSoC4/UART.c ****     UART_Enable();
 131              		.loc 1 185 0
 132 0016 FFF7FEFF 		bl	UART_Enable
 186:.\Generated_Source\PSoC4/UART.c **** }
 133              		.loc 1 186 0
 134 001a BD46     		mov	sp, r7
 135              		@ sp needed for prologue
 136 001c 80BD     		pop	{r7, pc}
 137              	.L11:
 138 001e C046     		.align	2
 139              	.L10:
 140 0020 00000000 		.word	UART_initVar
 141              		.cfi_endproc
 142              	.LFE2:
 143              		.size	UART_Start, .-UART_Start
 144              		.section	.text.UART_Stop,"ax",%progbits
 145              		.align	2
 146              		.global	UART_Stop
 147              		.code	16
 148              		.thumb_func
 149              		.type	UART_Stop, %function
 150              	UART_Stop:
 151              	.LFB3:
 187:.\Generated_Source\PSoC4/UART.c **** 
ARM GAS  C:\Users\wbz\AppData\Local\Temp\ccnN2J5e.s 			page 7


 188:.\Generated_Source\PSoC4/UART.c **** 
 189:.\Generated_Source\PSoC4/UART.c **** /*******************************************************************************
 190:.\Generated_Source\PSoC4/UART.c **** * Function Name: UART_Stop
 191:.\Generated_Source\PSoC4/UART.c **** ********************************************************************************
 192:.\Generated_Source\PSoC4/UART.c **** *
 193:.\Generated_Source\PSoC4/UART.c **** * Summary:
 194:.\Generated_Source\PSoC4/UART.c **** *  Disables the SCB component.
 195:.\Generated_Source\PSoC4/UART.c **** *
 196:.\Generated_Source\PSoC4/UART.c **** * Parameters:
 197:.\Generated_Source\PSoC4/UART.c **** *  None
 198:.\Generated_Source\PSoC4/UART.c **** *
 199:.\Generated_Source\PSoC4/UART.c **** * Return:
 200:.\Generated_Source\PSoC4/UART.c **** *  None
 201:.\Generated_Source\PSoC4/UART.c **** *
 202:.\Generated_Source\PSoC4/UART.c **** *******************************************************************************/
 203:.\Generated_Source\PSoC4/UART.c **** void UART_Stop(void)
 204:.\Generated_Source\PSoC4/UART.c **** {
 152              		.loc 1 204 0
 153              		.cfi_startproc
 154 0000 80B5     		push	{r7, lr}
 155              	.LCFI6:
 156              		.cfi_def_cfa_offset 8
 157              		.cfi_offset 7, -8
 158              		.cfi_offset 14, -4
 159 0002 00AF     		add	r7, sp, #0
 160              	.LCFI7:
 161              		.cfi_def_cfa_register 7
 205:.\Generated_Source\PSoC4/UART.c **** #if(UART_SCB_IRQ_INTERNAL)
 206:.\Generated_Source\PSoC4/UART.c ****     UART_SCB_IRQ_Disable();     /* Disable interrupt before block */
 207:.\Generated_Source\PSoC4/UART.c **** #endif /* (UART_SCB_IRQ_INTERNAL) */
 208:.\Generated_Source\PSoC4/UART.c **** 
 209:.\Generated_Source\PSoC4/UART.c ****     UART_CTRL_REG &= (uint32) ~UART_CTRL_ENABLED;  /* Disable SCB block */
 162              		.loc 1 209 0
 163 0004 044B     		ldr	r3, .L14
 164 0006 044A     		ldr	r2, .L14
 165 0008 1268     		ldr	r2, [r2]
 166 000a 5200     		lsl	r2, r2, #1
 167 000c 5208     		lsr	r2, r2, #1
 168 000e 1A60     		str	r2, [r3]
 210:.\Generated_Source\PSoC4/UART.c **** 
 211:.\Generated_Source\PSoC4/UART.c **** #if(UART_SCB_IRQ_INTERNAL)
 212:.\Generated_Source\PSoC4/UART.c ****     UART_SCB_IRQ_ClearPending(); /* Clear pending interrupt */
 213:.\Generated_Source\PSoC4/UART.c **** #endif /* (UART_SCB_IRQ_INTERNAL) */
 214:.\Generated_Source\PSoC4/UART.c ****     
 215:.\Generated_Source\PSoC4/UART.c ****     UART_ScbModeStop(); /* Calls scbMode specific Stop function */
 169              		.loc 1 215 0
 170 0010 FFF7FEFF 		bl	UART_ScbModeStop
 216:.\Generated_Source\PSoC4/UART.c **** }
 171              		.loc 1 216 0
 172 0014 BD46     		mov	sp, r7
 173              		@ sp needed for prologue
 174 0016 80BD     		pop	{r7, pc}
 175              	.L15:
 176              		.align	2
 177              	.L14:
 178 0018 00000640 		.word	1074135040
 179              		.cfi_endproc
ARM GAS  C:\Users\wbz\AppData\Local\Temp\ccnN2J5e.s 			page 8


 180              	.LFE3:
 181              		.size	UART_Stop, .-UART_Stop
 182              		.section	.text.UART_SetCustomInterruptHandler,"ax",%progbits
 183              		.align	2
 184              		.global	UART_SetCustomInterruptHandler
 185              		.code	16
 186              		.thumb_func
 187              		.type	UART_SetCustomInterruptHandler, %function
 188              	UART_SetCustomInterruptHandler:
 189              	.LFB4:
 217:.\Generated_Source\PSoC4/UART.c **** 
 218:.\Generated_Source\PSoC4/UART.c **** 
 219:.\Generated_Source\PSoC4/UART.c **** /*******************************************************************************
 220:.\Generated_Source\PSoC4/UART.c **** * Function Name: UART_SetCustomInterruptHandler
 221:.\Generated_Source\PSoC4/UART.c **** ********************************************************************************
 222:.\Generated_Source\PSoC4/UART.c **** *
 223:.\Generated_Source\PSoC4/UART.c **** * Summary:
 224:.\Generated_Source\PSoC4/UART.c **** *  Registers a function to be called by the internal interrupt handler.
 225:.\Generated_Source\PSoC4/UART.c **** *  First the function that is registered is called, then the internal interrupt
 226:.\Generated_Source\PSoC4/UART.c **** *  handler performs any operations such as software buffer management functions
 227:.\Generated_Source\PSoC4/UART.c **** *  before the interrupt returns.  It is user's responsibility to not break the
 228:.\Generated_Source\PSoC4/UART.c **** *  software buffer operations. Only one custom handler is supported, which is
 229:.\Generated_Source\PSoC4/UART.c **** *  the function provided by the most recent call.
 230:.\Generated_Source\PSoC4/UART.c **** *  At initialization time no custom handler is registered.
 231:.\Generated_Source\PSoC4/UART.c **** *
 232:.\Generated_Source\PSoC4/UART.c **** * Parameters:
 233:.\Generated_Source\PSoC4/UART.c **** *  func: Pointer to the function to register.
 234:.\Generated_Source\PSoC4/UART.c **** *        The value NULL indicates to remove the current custom interrupt
 235:.\Generated_Source\PSoC4/UART.c **** *        handler.
 236:.\Generated_Source\PSoC4/UART.c **** *
 237:.\Generated_Source\PSoC4/UART.c **** * Return:
 238:.\Generated_Source\PSoC4/UART.c **** *  None
 239:.\Generated_Source\PSoC4/UART.c **** *
 240:.\Generated_Source\PSoC4/UART.c **** *******************************************************************************/
 241:.\Generated_Source\PSoC4/UART.c **** void UART_SetCustomInterruptHandler(cyisraddress func)
 242:.\Generated_Source\PSoC4/UART.c **** {
 190              		.loc 1 242 0
 191              		.cfi_startproc
 192 0000 80B5     		push	{r7, lr}
 193              	.LCFI8:
 194              		.cfi_def_cfa_offset 8
 195              		.cfi_offset 7, -8
 196              		.cfi_offset 14, -4
 197 0002 82B0     		sub	sp, sp, #8
 198              	.LCFI9:
 199              		.cfi_def_cfa_offset 16
 200 0004 00AF     		add	r7, sp, #0
 201              	.LCFI10:
 202              		.cfi_def_cfa_register 7
 203 0006 7860     		str	r0, [r7, #4]
 243:.\Generated_Source\PSoC4/UART.c ****     UART_customIntrHandler = func; /* Register interrupt handler */
 204              		.loc 1 243 0
 205 0008 024B     		ldr	r3, .L18
 206 000a 7A68     		ldr	r2, [r7, #4]
 207 000c 1A60     		str	r2, [r3]
 244:.\Generated_Source\PSoC4/UART.c **** }
 208              		.loc 1 244 0
ARM GAS  C:\Users\wbz\AppData\Local\Temp\ccnN2J5e.s 			page 9


 209 000e BD46     		mov	sp, r7
 210 0010 02B0     		add	sp, sp, #8
 211              		@ sp needed for prologue
 212 0012 80BD     		pop	{r7, pc}
 213              	.L19:
 214              		.align	2
 215              	.L18:
 216 0014 00000000 		.word	UART_customIntrHandler
 217              		.cfi_endproc
 218              	.LFE4:
 219              		.size	UART_SetCustomInterruptHandler, .-UART_SetCustomInterruptHandler
 220              		.section	.text.UART_ScbEnableIntr,"ax",%progbits
 221              		.align	2
 222              		.code	16
 223              		.thumb_func
 224              		.type	UART_ScbEnableIntr, %function
 225              	UART_ScbEnableIntr:
 226              	.LFB5:
 245:.\Generated_Source\PSoC4/UART.c **** 
 246:.\Generated_Source\PSoC4/UART.c **** 
 247:.\Generated_Source\PSoC4/UART.c **** /*******************************************************************************
 248:.\Generated_Source\PSoC4/UART.c **** * Function Name: UART_ScbModeEnableIntr
 249:.\Generated_Source\PSoC4/UART.c **** ********************************************************************************
 250:.\Generated_Source\PSoC4/UART.c **** *
 251:.\Generated_Source\PSoC4/UART.c **** * Summary:
 252:.\Generated_Source\PSoC4/UART.c **** *  Enables interrupt for specific mode.
 253:.\Generated_Source\PSoC4/UART.c **** *
 254:.\Generated_Source\PSoC4/UART.c **** * Parameters:
 255:.\Generated_Source\PSoC4/UART.c **** *  None
 256:.\Generated_Source\PSoC4/UART.c **** *
 257:.\Generated_Source\PSoC4/UART.c **** * Return:
 258:.\Generated_Source\PSoC4/UART.c **** *  None
 259:.\Generated_Source\PSoC4/UART.c **** *
 260:.\Generated_Source\PSoC4/UART.c **** *******************************************************************************/
 261:.\Generated_Source\PSoC4/UART.c **** static void UART_ScbEnableIntr(void)
 262:.\Generated_Source\PSoC4/UART.c **** {
 227              		.loc 1 262 0
 228              		.cfi_startproc
 229 0000 80B5     		push	{r7, lr}
 230              	.LCFI11:
 231              		.cfi_def_cfa_offset 8
 232              		.cfi_offset 7, -8
 233              		.cfi_offset 14, -4
 234 0002 00AF     		add	r7, sp, #0
 235              	.LCFI12:
 236              		.cfi_def_cfa_register 7
 263:.\Generated_Source\PSoC4/UART.c **** #if(UART_SCB_IRQ_INTERNAL)
 264:.\Generated_Source\PSoC4/UART.c ****     #if(UART_SCB_MODE_UNCONFIG_CONST_CFG)
 265:.\Generated_Source\PSoC4/UART.c ****         /* Enable interrupt source */
 266:.\Generated_Source\PSoC4/UART.c ****         if(0u != UART_scbEnableIntr)
 267:.\Generated_Source\PSoC4/UART.c ****         {
 268:.\Generated_Source\PSoC4/UART.c ****             UART_SCB_IRQ_Enable();
 269:.\Generated_Source\PSoC4/UART.c ****         }
 270:.\Generated_Source\PSoC4/UART.c ****     #else
 271:.\Generated_Source\PSoC4/UART.c ****         UART_SCB_IRQ_Enable();
 272:.\Generated_Source\PSoC4/UART.c ****         
 273:.\Generated_Source\PSoC4/UART.c ****     #endif /* (UART_SCB_MODE_UNCONFIG_CONST_CFG) */
ARM GAS  C:\Users\wbz\AppData\Local\Temp\ccnN2J5e.s 			page 10


 274:.\Generated_Source\PSoC4/UART.c **** #endif /* (UART_SCB_IRQ_INTERNAL) */
 275:.\Generated_Source\PSoC4/UART.c **** }
 237              		.loc 1 275 0
 238 0004 BD46     		mov	sp, r7
 239              		@ sp needed for prologue
 240 0006 80BD     		pop	{r7, pc}
 241              		.cfi_endproc
 242              	.LFE5:
 243              		.size	UART_ScbEnableIntr, .-UART_ScbEnableIntr
 244              		.section	.text.UART_ScbModeStop,"ax",%progbits
 245              		.align	2
 246              		.code	16
 247              		.thumb_func
 248              		.type	UART_ScbModeStop, %function
 249              	UART_ScbModeStop:
 250              	.LFB6:
 276:.\Generated_Source\PSoC4/UART.c **** 
 277:.\Generated_Source\PSoC4/UART.c **** 
 278:.\Generated_Source\PSoC4/UART.c **** /*******************************************************************************
 279:.\Generated_Source\PSoC4/UART.c **** * Function Name: UART_ScbModeEnableIntr
 280:.\Generated_Source\PSoC4/UART.c **** ********************************************************************************
 281:.\Generated_Source\PSoC4/UART.c **** *
 282:.\Generated_Source\PSoC4/UART.c **** * Summary:
 283:.\Generated_Source\PSoC4/UART.c **** *  Calls Stop function for specific operation mode.
 284:.\Generated_Source\PSoC4/UART.c **** *
 285:.\Generated_Source\PSoC4/UART.c **** * Parameters:
 286:.\Generated_Source\PSoC4/UART.c **** *  None
 287:.\Generated_Source\PSoC4/UART.c **** *
 288:.\Generated_Source\PSoC4/UART.c **** * Return:
 289:.\Generated_Source\PSoC4/UART.c **** *  None
 290:.\Generated_Source\PSoC4/UART.c **** *
 291:.\Generated_Source\PSoC4/UART.c **** *******************************************************************************/
 292:.\Generated_Source\PSoC4/UART.c **** static void UART_ScbModeStop(void)
 293:.\Generated_Source\PSoC4/UART.c **** {
 251              		.loc 1 293 0
 252              		.cfi_startproc
 253 0000 80B5     		push	{r7, lr}
 254              	.LCFI13:
 255              		.cfi_def_cfa_offset 8
 256              		.cfi_offset 7, -8
 257              		.cfi_offset 14, -4
 258 0002 00AF     		add	r7, sp, #0
 259              	.LCFI14:
 260              		.cfi_def_cfa_register 7
 294:.\Generated_Source\PSoC4/UART.c **** #if(UART_SCB_MODE_UNCONFIG_CONST_CFG)
 295:.\Generated_Source\PSoC4/UART.c ****     if(UART_SCB_MODE_I2C_RUNTM_CFG)
 296:.\Generated_Source\PSoC4/UART.c ****     {
 297:.\Generated_Source\PSoC4/UART.c ****         UART_I2CStop();
 298:.\Generated_Source\PSoC4/UART.c ****     }
 299:.\Generated_Source\PSoC4/UART.c ****     else if(UART_SCB_MODE_EZI2C_RUNTM_CFG)
 300:.\Generated_Source\PSoC4/UART.c ****     {
 301:.\Generated_Source\PSoC4/UART.c ****         UART_EzI2CStop();
 302:.\Generated_Source\PSoC4/UART.c ****     }
 303:.\Generated_Source\PSoC4/UART.c ****     else
 304:.\Generated_Source\PSoC4/UART.c ****     {
 305:.\Generated_Source\PSoC4/UART.c ****         /* None of modes above */
 306:.\Generated_Source\PSoC4/UART.c ****     }
ARM GAS  C:\Users\wbz\AppData\Local\Temp\ccnN2J5e.s 			page 11


 307:.\Generated_Source\PSoC4/UART.c **** #elif(UART_SCB_MODE_I2C_CONST_CFG)
 308:.\Generated_Source\PSoC4/UART.c ****     UART_I2CStop();
 309:.\Generated_Source\PSoC4/UART.c **** 
 310:.\Generated_Source\PSoC4/UART.c **** #elif(UART_SCB_MODE_EZI2C_CONST_CFG)
 311:.\Generated_Source\PSoC4/UART.c ****     UART_EzI2CStop();
 312:.\Generated_Source\PSoC4/UART.c **** 
 313:.\Generated_Source\PSoC4/UART.c **** #endif /* (UART_SCB_MODE_UNCONFIG_CONST_CFG) */
 314:.\Generated_Source\PSoC4/UART.c **** }
 261              		.loc 1 314 0
 262 0004 BD46     		mov	sp, r7
 263              		@ sp needed for prologue
 264 0006 80BD     		pop	{r7, pc}
 265              		.cfi_endproc
 266              	.LFE6:
 267              		.size	UART_ScbModeStop, .-UART_ScbModeStop
 268              		.text
 269              	.Letext0:
 270              		.section	.debug_loc,"",%progbits
 271              	.Ldebug_loc0:
 272              	.LLST0:
 273 0000 00000000 		.4byte	.LFB0
 274 0004 02000000 		.4byte	.LCFI0
 275 0008 0100     		.2byte	0x1
 276 000a 5D       		.byte	0x5d
 277 000b 02000000 		.4byte	.LCFI0
 278 000f 04000000 		.4byte	.LCFI1
 279 0013 0200     		.2byte	0x2
 280 0015 7D       		.byte	0x7d
 281 0016 08       		.sleb128 8
 282 0017 04000000 		.4byte	.LCFI1
 283 001b 0C000000 		.4byte	.LFE0
 284 001f 0200     		.2byte	0x2
 285 0021 77       		.byte	0x77
 286 0022 08       		.sleb128 8
 287 0023 00000000 		.4byte	0x0
 288 0027 00000000 		.4byte	0x0
 289              	.LLST1:
 290 002b 00000000 		.4byte	.LFB1
 291 002f 02000000 		.4byte	.LCFI2
 292 0033 0100     		.2byte	0x1
 293 0035 5D       		.byte	0x5d
 294 0036 02000000 		.4byte	.LCFI2
 295 003a 04000000 		.4byte	.LCFI3
 296 003e 0200     		.2byte	0x2
 297 0040 7D       		.byte	0x7d
 298 0041 08       		.sleb128 8
 299 0042 04000000 		.4byte	.LCFI3
 300 0046 20000000 		.4byte	.LFE1
 301 004a 0200     		.2byte	0x2
 302 004c 77       		.byte	0x77
 303 004d 08       		.sleb128 8
 304 004e 00000000 		.4byte	0x0
 305 0052 00000000 		.4byte	0x0
 306              	.LLST2:
 307 0056 00000000 		.4byte	.LFB2
 308 005a 02000000 		.4byte	.LCFI4
 309 005e 0100     		.2byte	0x1
ARM GAS  C:\Users\wbz\AppData\Local\Temp\ccnN2J5e.s 			page 12


 310 0060 5D       		.byte	0x5d
 311 0061 02000000 		.4byte	.LCFI4
 312 0065 04000000 		.4byte	.LCFI5
 313 0069 0200     		.2byte	0x2
 314 006b 7D       		.byte	0x7d
 315 006c 08       		.sleb128 8
 316 006d 04000000 		.4byte	.LCFI5
 317 0071 24000000 		.4byte	.LFE2
 318 0075 0200     		.2byte	0x2
 319 0077 77       		.byte	0x77
 320 0078 08       		.sleb128 8
 321 0079 00000000 		.4byte	0x0
 322 007d 00000000 		.4byte	0x0
 323              	.LLST3:
 324 0081 00000000 		.4byte	.LFB3
 325 0085 02000000 		.4byte	.LCFI6
 326 0089 0100     		.2byte	0x1
 327 008b 5D       		.byte	0x5d
 328 008c 02000000 		.4byte	.LCFI6
 329 0090 04000000 		.4byte	.LCFI7
 330 0094 0200     		.2byte	0x2
 331 0096 7D       		.byte	0x7d
 332 0097 08       		.sleb128 8
 333 0098 04000000 		.4byte	.LCFI7
 334 009c 1C000000 		.4byte	.LFE3
 335 00a0 0200     		.2byte	0x2
 336 00a2 77       		.byte	0x77
 337 00a3 08       		.sleb128 8
 338 00a4 00000000 		.4byte	0x0
 339 00a8 00000000 		.4byte	0x0
 340              	.LLST4:
 341 00ac 00000000 		.4byte	.LFB4
 342 00b0 02000000 		.4byte	.LCFI8
 343 00b4 0100     		.2byte	0x1
 344 00b6 5D       		.byte	0x5d
 345 00b7 02000000 		.4byte	.LCFI8
 346 00bb 04000000 		.4byte	.LCFI9
 347 00bf 0200     		.2byte	0x2
 348 00c1 7D       		.byte	0x7d
 349 00c2 08       		.sleb128 8
 350 00c3 04000000 		.4byte	.LCFI9
 351 00c7 06000000 		.4byte	.LCFI10
 352 00cb 0200     		.2byte	0x2
 353 00cd 7D       		.byte	0x7d
 354 00ce 10       		.sleb128 16
 355 00cf 06000000 		.4byte	.LCFI10
 356 00d3 18000000 		.4byte	.LFE4
 357 00d7 0200     		.2byte	0x2
 358 00d9 77       		.byte	0x77
 359 00da 10       		.sleb128 16
 360 00db 00000000 		.4byte	0x0
 361 00df 00000000 		.4byte	0x0
 362              	.LLST5:
 363 00e3 00000000 		.4byte	.LFB5
 364 00e7 02000000 		.4byte	.LCFI11
 365 00eb 0100     		.2byte	0x1
 366 00ed 5D       		.byte	0x5d
ARM GAS  C:\Users\wbz\AppData\Local\Temp\ccnN2J5e.s 			page 13


 367 00ee 02000000 		.4byte	.LCFI11
 368 00f2 04000000 		.4byte	.LCFI12
 369 00f6 0200     		.2byte	0x2
 370 00f8 7D       		.byte	0x7d
 371 00f9 08       		.sleb128 8
 372 00fa 04000000 		.4byte	.LCFI12
 373 00fe 08000000 		.4byte	.LFE5
 374 0102 0200     		.2byte	0x2
 375 0104 77       		.byte	0x77
 376 0105 08       		.sleb128 8
 377 0106 00000000 		.4byte	0x0
 378 010a 00000000 		.4byte	0x0
 379              	.LLST6:
 380 010e 00000000 		.4byte	.LFB6
 381 0112 02000000 		.4byte	.LCFI13
 382 0116 0100     		.2byte	0x1
 383 0118 5D       		.byte	0x5d
 384 0119 02000000 		.4byte	.LCFI13
 385 011d 04000000 		.4byte	.LCFI14
 386 0121 0200     		.2byte	0x2
 387 0123 7D       		.byte	0x7d
 388 0124 08       		.sleb128 8
 389 0125 04000000 		.4byte	.LCFI14
 390 0129 08000000 		.4byte	.LFE6
 391 012d 0200     		.2byte	0x2
 392 012f 77       		.byte	0x77
 393 0130 08       		.sleb128 8
 394 0131 00000000 		.4byte	0x0
 395 0135 00000000 		.4byte	0x0
 396              		.file 2 ".\\Generated_Source\\PSoC4\\/cytypes.h"
 397              		.section	.debug_info
 398 0000 6C010000 		.4byte	0x16c
 399 0004 0200     		.2byte	0x2
 400 0006 00000000 		.4byte	.Ldebug_abbrev0
 401 000a 04       		.byte	0x4
 402 000b 01       		.uleb128 0x1
 403 000c 56010000 		.4byte	.LASF22
 404 0010 01       		.byte	0x1
 405 0011 36000000 		.4byte	.LASF23
 406 0015 C5000000 		.4byte	.LASF24
 407 0019 00000000 		.4byte	0x0
 408 001d 00000000 		.4byte	0x0
 409 0021 00000000 		.4byte	.Ldebug_ranges0+0x0
 410 0025 00000000 		.4byte	.Ldebug_line0
 411 0029 02       		.uleb128 0x2
 412 002a 01       		.byte	0x1
 413 002b 06       		.byte	0x6
 414 002c 75010000 		.4byte	.LASF0
 415 0030 02       		.uleb128 0x2
 416 0031 01       		.byte	0x1
 417 0032 08       		.byte	0x8
 418 0033 28000000 		.4byte	.LASF1
 419 0037 02       		.uleb128 0x2
 420 0038 02       		.byte	0x2
 421 0039 05       		.byte	0x5
 422 003a AB010000 		.4byte	.LASF2
 423 003e 02       		.uleb128 0x2
ARM GAS  C:\Users\wbz\AppData\Local\Temp\ccnN2J5e.s 			page 14


 424 003f 02       		.byte	0x2
 425 0040 07       		.byte	0x7
 426 0041 62010000 		.4byte	.LASF3
 427 0045 02       		.uleb128 0x2
 428 0046 04       		.byte	0x4
 429 0047 05       		.byte	0x5
 430 0048 39010000 		.4byte	.LASF4
 431 004c 02       		.uleb128 0x2
 432 004d 04       		.byte	0x4
 433 004e 07       		.byte	0x7
 434 004f 5C000000 		.4byte	.LASF5
 435 0053 02       		.uleb128 0x2
 436 0054 08       		.byte	0x8
 437 0055 05       		.byte	0x5
 438 0056 00000000 		.4byte	.LASF6
 439 005a 02       		.uleb128 0x2
 440 005b 08       		.byte	0x8
 441 005c 07       		.byte	0x7
 442 005d 6E000000 		.4byte	.LASF7
 443 0061 03       		.uleb128 0x3
 444 0062 04       		.byte	0x4
 445 0063 05       		.byte	0x5
 446 0064 696E7400 		.ascii	"int\000"
 447 0068 02       		.uleb128 0x2
 448 0069 04       		.byte	0x4
 449 006a 07       		.byte	0x7
 450 006b 1B000000 		.4byte	.LASF8
 451 006f 04       		.uleb128 0x4
 452 0070 56000000 		.4byte	.LASF12
 453 0074 02       		.byte	0x2
 454 0075 4C       		.byte	0x4c
 455 0076 30000000 		.4byte	0x30
 456 007a 02       		.uleb128 0x2
 457 007b 04       		.byte	0x4
 458 007c 04       		.byte	0x4
 459 007d 81010000 		.4byte	.LASF9
 460 0081 02       		.uleb128 0x2
 461 0082 08       		.byte	0x8
 462 0083 04       		.byte	0x4
 463 0084 4F010000 		.4byte	.LASF10
 464 0088 02       		.uleb128 0x2
 465 0089 01       		.byte	0x1
 466 008a 08       		.byte	0x8
 467 008b 34010000 		.4byte	.LASF11
 468 008f 04       		.uleb128 0x4
 469 0090 42010000 		.4byte	.LASF13
 470 0094 02       		.byte	0x2
 471 0095 EB       		.byte	0xeb
 472 0096 9A000000 		.4byte	0x9a
 473 009a 05       		.uleb128 0x5
 474 009b 04       		.byte	0x4
 475 009c A0000000 		.4byte	0xa0
 476 00a0 06       		.uleb128 0x6
 477 00a1 01       		.byte	0x1
 478 00a2 07       		.uleb128 0x7
 479 00a3 04       		.byte	0x4
 480 00a4 07       		.byte	0x7
ARM GAS  C:\Users\wbz\AppData\Local\Temp\ccnN2J5e.s 			page 15


 481 00a5 08       		.uleb128 0x8
 482 00a6 01       		.byte	0x1
 483 00a7 B5010000 		.4byte	.LASF14
 484 00ab 01       		.byte	0x1
 485 00ac 5F       		.byte	0x5f
 486 00ad 01       		.byte	0x1
 487 00ae 00000000 		.4byte	.LFB0
 488 00b2 0C000000 		.4byte	.LFE0
 489 00b6 00000000 		.4byte	.LLST0
 490 00ba 08       		.uleb128 0x8
 491 00bb 01       		.byte	0x1
 492 00bc 8F000000 		.4byte	.LASF15
 493 00c0 01       		.byte	0x1
 494 00c1 8B       		.byte	0x8b
 495 00c2 01       		.byte	0x1
 496 00c3 00000000 		.4byte	.LFB1
 497 00c7 20000000 		.4byte	.LFE1
 498 00cb 2B000000 		.4byte	.LLST1
 499 00cf 08       		.uleb128 0x8
 500 00d0 01       		.byte	0x1
 501 00d1 BA000000 		.4byte	.LASF16
 502 00d5 01       		.byte	0x1
 503 00d6 B1       		.byte	0xb1
 504 00d7 01       		.byte	0x1
 505 00d8 00000000 		.4byte	.LFB2
 506 00dc 24000000 		.4byte	.LFE2
 507 00e0 56000000 		.4byte	.LLST2
 508 00e4 08       		.uleb128 0x8
 509 00e5 01       		.byte	0x1
 510 00e6 85000000 		.4byte	.LASF17
 511 00ea 01       		.byte	0x1
 512 00eb CB       		.byte	0xcb
 513 00ec 01       		.byte	0x1
 514 00ed 00000000 		.4byte	.LFB3
 515 00f1 1C000000 		.4byte	.LFE3
 516 00f5 81000000 		.4byte	.LLST3
 517 00f9 09       		.uleb128 0x9
 518 00fa 01       		.byte	0x1
 519 00fb 9B000000 		.4byte	.LASF25
 520 00ff 01       		.byte	0x1
 521 0100 F1       		.byte	0xf1
 522 0101 01       		.byte	0x1
 523 0102 00000000 		.4byte	.LFB4
 524 0106 18000000 		.4byte	.LFE4
 525 010a AC000000 		.4byte	.LLST4
 526 010e 21010000 		.4byte	0x121
 527 0112 0A       		.uleb128 0xa
 528 0113 BF010000 		.4byte	.LASF26
 529 0117 01       		.byte	0x1
 530 0118 F1       		.byte	0xf1
 531 0119 8F000000 		.4byte	0x8f
 532 011d 02       		.byte	0x2
 533 011e 91       		.byte	0x91
 534 011f 74       		.sleb128 -12
 535 0120 00       		.byte	0x0
 536 0121 0B       		.uleb128 0xb
 537 0122 98010000 		.4byte	.LASF18
ARM GAS  C:\Users\wbz\AppData\Local\Temp\ccnN2J5e.s 			page 16


 538 0126 01       		.byte	0x1
 539 0127 0501     		.2byte	0x105
 540 0129 01       		.byte	0x1
 541 012a 00000000 		.4byte	.LFB5
 542 012e 08000000 		.4byte	.LFE5
 543 0132 E3000000 		.4byte	.LLST5
 544 0136 0B       		.uleb128 0xb
 545 0137 87010000 		.4byte	.LASF19
 546 013b 01       		.byte	0x1
 547 013c 2401     		.2byte	0x124
 548 013e 01       		.byte	0x1
 549 013f 00000000 		.4byte	.LFB6
 550 0143 08000000 		.4byte	.LFE6
 551 0147 0E010000 		.4byte	.LLST6
 552 014b 0C       		.uleb128 0xc
 553 014c 0E000000 		.4byte	.LASF20
 554 0150 01       		.byte	0x1
 555 0151 42       		.byte	0x42
 556 0152 6F000000 		.4byte	0x6f
 557 0156 01       		.byte	0x1
 558 0157 05       		.byte	0x5
 559 0158 03       		.byte	0x3
 560 0159 00000000 		.4byte	UART_initVar
 561 015d 0C       		.uleb128 0xc
 562 015e 1D010000 		.4byte	.LASF21
 563 0162 01       		.byte	0x1
 564 0163 43       		.byte	0x43
 565 0164 8F000000 		.4byte	0x8f
 566 0168 01       		.byte	0x1
 567 0169 05       		.byte	0x5
 568 016a 03       		.byte	0x3
 569 016b 00000000 		.4byte	UART_customIntrHandler
 570 016f 00       		.byte	0x0
 571              		.section	.debug_abbrev
 572 0000 01       		.uleb128 0x1
 573 0001 11       		.uleb128 0x11
 574 0002 01       		.byte	0x1
 575 0003 25       		.uleb128 0x25
 576 0004 0E       		.uleb128 0xe
 577 0005 13       		.uleb128 0x13
 578 0006 0B       		.uleb128 0xb
 579 0007 03       		.uleb128 0x3
 580 0008 0E       		.uleb128 0xe
 581 0009 1B       		.uleb128 0x1b
 582 000a 0E       		.uleb128 0xe
 583 000b 11       		.uleb128 0x11
 584 000c 01       		.uleb128 0x1
 585 000d 52       		.uleb128 0x52
 586 000e 01       		.uleb128 0x1
 587 000f 55       		.uleb128 0x55
 588 0010 06       		.uleb128 0x6
 589 0011 10       		.uleb128 0x10
 590 0012 06       		.uleb128 0x6
 591 0013 00       		.byte	0x0
 592 0014 00       		.byte	0x0
 593 0015 02       		.uleb128 0x2
 594 0016 24       		.uleb128 0x24
ARM GAS  C:\Users\wbz\AppData\Local\Temp\ccnN2J5e.s 			page 17


 595 0017 00       		.byte	0x0
 596 0018 0B       		.uleb128 0xb
 597 0019 0B       		.uleb128 0xb
 598 001a 3E       		.uleb128 0x3e
 599 001b 0B       		.uleb128 0xb
 600 001c 03       		.uleb128 0x3
 601 001d 0E       		.uleb128 0xe
 602 001e 00       		.byte	0x0
 603 001f 00       		.byte	0x0
 604 0020 03       		.uleb128 0x3
 605 0021 24       		.uleb128 0x24
 606 0022 00       		.byte	0x0
 607 0023 0B       		.uleb128 0xb
 608 0024 0B       		.uleb128 0xb
 609 0025 3E       		.uleb128 0x3e
 610 0026 0B       		.uleb128 0xb
 611 0027 03       		.uleb128 0x3
 612 0028 08       		.uleb128 0x8
 613 0029 00       		.byte	0x0
 614 002a 00       		.byte	0x0
 615 002b 04       		.uleb128 0x4
 616 002c 16       		.uleb128 0x16
 617 002d 00       		.byte	0x0
 618 002e 03       		.uleb128 0x3
 619 002f 0E       		.uleb128 0xe
 620 0030 3A       		.uleb128 0x3a
 621 0031 0B       		.uleb128 0xb
 622 0032 3B       		.uleb128 0x3b
 623 0033 0B       		.uleb128 0xb
 624 0034 49       		.uleb128 0x49
 625 0035 13       		.uleb128 0x13
 626 0036 00       		.byte	0x0
 627 0037 00       		.byte	0x0
 628 0038 05       		.uleb128 0x5
 629 0039 0F       		.uleb128 0xf
 630 003a 00       		.byte	0x0
 631 003b 0B       		.uleb128 0xb
 632 003c 0B       		.uleb128 0xb
 633 003d 49       		.uleb128 0x49
 634 003e 13       		.uleb128 0x13
 635 003f 00       		.byte	0x0
 636 0040 00       		.byte	0x0
 637 0041 06       		.uleb128 0x6
 638 0042 15       		.uleb128 0x15
 639 0043 00       		.byte	0x0
 640 0044 27       		.uleb128 0x27
 641 0045 0C       		.uleb128 0xc
 642 0046 00       		.byte	0x0
 643 0047 00       		.byte	0x0
 644 0048 07       		.uleb128 0x7
 645 0049 24       		.uleb128 0x24
 646 004a 00       		.byte	0x0
 647 004b 0B       		.uleb128 0xb
 648 004c 0B       		.uleb128 0xb
 649 004d 3E       		.uleb128 0x3e
 650 004e 0B       		.uleb128 0xb
 651 004f 00       		.byte	0x0
ARM GAS  C:\Users\wbz\AppData\Local\Temp\ccnN2J5e.s 			page 18


 652 0050 00       		.byte	0x0
 653 0051 08       		.uleb128 0x8
 654 0052 2E       		.uleb128 0x2e
 655 0053 00       		.byte	0x0
 656 0054 3F       		.uleb128 0x3f
 657 0055 0C       		.uleb128 0xc
 658 0056 03       		.uleb128 0x3
 659 0057 0E       		.uleb128 0xe
 660 0058 3A       		.uleb128 0x3a
 661 0059 0B       		.uleb128 0xb
 662 005a 3B       		.uleb128 0x3b
 663 005b 0B       		.uleb128 0xb
 664 005c 27       		.uleb128 0x27
 665 005d 0C       		.uleb128 0xc
 666 005e 11       		.uleb128 0x11
 667 005f 01       		.uleb128 0x1
 668 0060 12       		.uleb128 0x12
 669 0061 01       		.uleb128 0x1
 670 0062 40       		.uleb128 0x40
 671 0063 06       		.uleb128 0x6
 672 0064 00       		.byte	0x0
 673 0065 00       		.byte	0x0
 674 0066 09       		.uleb128 0x9
 675 0067 2E       		.uleb128 0x2e
 676 0068 01       		.byte	0x1
 677 0069 3F       		.uleb128 0x3f
 678 006a 0C       		.uleb128 0xc
 679 006b 03       		.uleb128 0x3
 680 006c 0E       		.uleb128 0xe
 681 006d 3A       		.uleb128 0x3a
 682 006e 0B       		.uleb128 0xb
 683 006f 3B       		.uleb128 0x3b
 684 0070 0B       		.uleb128 0xb
 685 0071 27       		.uleb128 0x27
 686 0072 0C       		.uleb128 0xc
 687 0073 11       		.uleb128 0x11
 688 0074 01       		.uleb128 0x1
 689 0075 12       		.uleb128 0x12
 690 0076 01       		.uleb128 0x1
 691 0077 40       		.uleb128 0x40
 692 0078 06       		.uleb128 0x6
 693 0079 01       		.uleb128 0x1
 694 007a 13       		.uleb128 0x13
 695 007b 00       		.byte	0x0
 696 007c 00       		.byte	0x0
 697 007d 0A       		.uleb128 0xa
 698 007e 05       		.uleb128 0x5
 699 007f 00       		.byte	0x0
 700 0080 03       		.uleb128 0x3
 701 0081 0E       		.uleb128 0xe
 702 0082 3A       		.uleb128 0x3a
 703 0083 0B       		.uleb128 0xb
 704 0084 3B       		.uleb128 0x3b
 705 0085 0B       		.uleb128 0xb
 706 0086 49       		.uleb128 0x49
 707 0087 13       		.uleb128 0x13
 708 0088 02       		.uleb128 0x2
ARM GAS  C:\Users\wbz\AppData\Local\Temp\ccnN2J5e.s 			page 19


 709 0089 0A       		.uleb128 0xa
 710 008a 00       		.byte	0x0
 711 008b 00       		.byte	0x0
 712 008c 0B       		.uleb128 0xb
 713 008d 2E       		.uleb128 0x2e
 714 008e 00       		.byte	0x0
 715 008f 03       		.uleb128 0x3
 716 0090 0E       		.uleb128 0xe
 717 0091 3A       		.uleb128 0x3a
 718 0092 0B       		.uleb128 0xb
 719 0093 3B       		.uleb128 0x3b
 720 0094 05       		.uleb128 0x5
 721 0095 27       		.uleb128 0x27
 722 0096 0C       		.uleb128 0xc
 723 0097 11       		.uleb128 0x11
 724 0098 01       		.uleb128 0x1
 725 0099 12       		.uleb128 0x12
 726 009a 01       		.uleb128 0x1
 727 009b 40       		.uleb128 0x40
 728 009c 06       		.uleb128 0x6
 729 009d 00       		.byte	0x0
 730 009e 00       		.byte	0x0
 731 009f 0C       		.uleb128 0xc
 732 00a0 34       		.uleb128 0x34
 733 00a1 00       		.byte	0x0
 734 00a2 03       		.uleb128 0x3
 735 00a3 0E       		.uleb128 0xe
 736 00a4 3A       		.uleb128 0x3a
 737 00a5 0B       		.uleb128 0xb
 738 00a6 3B       		.uleb128 0x3b
 739 00a7 0B       		.uleb128 0xb
 740 00a8 49       		.uleb128 0x49
 741 00a9 13       		.uleb128 0x13
 742 00aa 3F       		.uleb128 0x3f
 743 00ab 0C       		.uleb128 0xc
 744 00ac 02       		.uleb128 0x2
 745 00ad 0A       		.uleb128 0xa
 746 00ae 00       		.byte	0x0
 747 00af 00       		.byte	0x0
 748 00b0 00       		.byte	0x0
 749              		.section	.debug_pubnames,"",%progbits
 750 0000 98000000 		.4byte	0x98
 751 0004 0200     		.2byte	0x2
 752 0006 00000000 		.4byte	.Ldebug_info0
 753 000a 70010000 		.4byte	0x170
 754 000e A5000000 		.4byte	0xa5
 755 0012 55415254 		.ascii	"UART_Init\000"
 755      5F496E69 
 755      7400
 756 001c BA000000 		.4byte	0xba
 757 0020 55415254 		.ascii	"UART_Enable\000"
 757      5F456E61 
 757      626C6500 
 758 002c CF000000 		.4byte	0xcf
 759 0030 55415254 		.ascii	"UART_Start\000"
 759      5F537461 
 759      727400
ARM GAS  C:\Users\wbz\AppData\Local\Temp\ccnN2J5e.s 			page 20


 760 003b E4000000 		.4byte	0xe4
 761 003f 55415254 		.ascii	"UART_Stop\000"
 761      5F53746F 
 761      7000
 762 0049 F9000000 		.4byte	0xf9
 763 004d 55415254 		.ascii	"UART_SetCustomInterruptHandler\000"
 763      5F536574 
 763      43757374 
 763      6F6D496E 
 763      74657272 
 764 006c 4B010000 		.4byte	0x14b
 765 0070 55415254 		.ascii	"UART_initVar\000"
 765      5F696E69 
 765      74566172 
 765      00
 766 007d 5D010000 		.4byte	0x15d
 767 0081 55415254 		.ascii	"UART_customIntrHandler\000"
 767      5F637573 
 767      746F6D49 
 767      6E747248 
 767      616E646C 
 768 0098 00000000 		.4byte	0x0
 769              		.section	.debug_aranges,"",%progbits
 770 0000 4C000000 		.4byte	0x4c
 771 0004 0200     		.2byte	0x2
 772 0006 00000000 		.4byte	.Ldebug_info0
 773 000a 04       		.byte	0x4
 774 000b 00       		.byte	0x0
 775 000c 0000     		.2byte	0x0
 776 000e 0000     		.2byte	0x0
 777 0010 00000000 		.4byte	.LFB0
 778 0014 0C000000 		.4byte	.LFE0-.LFB0
 779 0018 00000000 		.4byte	.LFB1
 780 001c 20000000 		.4byte	.LFE1-.LFB1
 781 0020 00000000 		.4byte	.LFB2
 782 0024 24000000 		.4byte	.LFE2-.LFB2
 783 0028 00000000 		.4byte	.LFB3
 784 002c 1C000000 		.4byte	.LFE3-.LFB3
 785 0030 00000000 		.4byte	.LFB4
 786 0034 18000000 		.4byte	.LFE4-.LFB4
 787 0038 00000000 		.4byte	.LFB5
 788 003c 08000000 		.4byte	.LFE5-.LFB5
 789 0040 00000000 		.4byte	.LFB6
 790 0044 08000000 		.4byte	.LFE6-.LFB6
 791 0048 00000000 		.4byte	0x0
 792 004c 00000000 		.4byte	0x0
 793              		.section	.debug_ranges,"",%progbits
 794              	.Ldebug_ranges0:
 795 0000 00000000 		.4byte	.Ltext0
 796 0004 00000000 		.4byte	.Letext0
 797 0008 00000000 		.4byte	.LFB0
 798 000c 0C000000 		.4byte	.LFE0
 799 0010 00000000 		.4byte	.LFB1
 800 0014 20000000 		.4byte	.LFE1
 801 0018 00000000 		.4byte	.LFB2
 802 001c 24000000 		.4byte	.LFE2
 803 0020 00000000 		.4byte	.LFB3
ARM GAS  C:\Users\wbz\AppData\Local\Temp\ccnN2J5e.s 			page 21


 804 0024 1C000000 		.4byte	.LFE3
 805 0028 00000000 		.4byte	.LFB4
 806 002c 18000000 		.4byte	.LFE4
 807 0030 00000000 		.4byte	.LFB5
 808 0034 08000000 		.4byte	.LFE5
 809 0038 00000000 		.4byte	.LFB6
 810 003c 08000000 		.4byte	.LFE6
 811 0040 00000000 		.4byte	0x0
 812 0044 00000000 		.4byte	0x0
 813              		.section	.debug_str,"MS",%progbits,1
 814              	.LASF6:
 815 0000 6C6F6E67 		.ascii	"long long int\000"
 815      206C6F6E 
 815      6720696E 
 815      7400
 816              	.LASF20:
 817 000e 55415254 		.ascii	"UART_initVar\000"
 817      5F696E69 
 817      74566172 
 817      00
 818              	.LASF8:
 819 001b 756E7369 		.ascii	"unsigned int\000"
 819      676E6564 
 819      20696E74 
 819      00
 820              	.LASF1:
 821 0028 756E7369 		.ascii	"unsigned char\000"
 821      676E6564 
 821      20636861 
 821      7200
 822              	.LASF23:
 823 0036 2E5C4765 		.ascii	".\\Generated_Source\\PSoC4\\UART.c\000"
 823      6E657261 
 823      7465645F 
 823      536F7572 
 823      63655C50 
 824              	.LASF12:
 825 0056 75696E74 		.ascii	"uint8\000"
 825      3800
 826              	.LASF5:
 827 005c 6C6F6E67 		.ascii	"long unsigned int\000"
 827      20756E73 
 827      69676E65 
 827      6420696E 
 827      7400
 828              	.LASF7:
 829 006e 6C6F6E67 		.ascii	"long long unsigned int\000"
 829      206C6F6E 
 829      6720756E 
 829      7369676E 
 829      65642069 
 830              	.LASF17:
 831 0085 55415254 		.ascii	"UART_Stop\000"
 831      5F53746F 
 831      7000
 832              	.LASF15:
 833 008f 55415254 		.ascii	"UART_Enable\000"
ARM GAS  C:\Users\wbz\AppData\Local\Temp\ccnN2J5e.s 			page 22


 833      5F456E61 
 833      626C6500 
 834              	.LASF25:
 835 009b 55415254 		.ascii	"UART_SetCustomInterruptHandler\000"
 835      5F536574 
 835      43757374 
 835      6F6D496E 
 835      74657272 
 836              	.LASF16:
 837 00ba 55415254 		.ascii	"UART_Start\000"
 837      5F537461 
 837      727400
 838              	.LASF24:
 839 00c5 433A5C55 		.ascii	"C:\\Users\\wbz\\Desktop\\PSoC 4\\Comparator_PSoC4_E"
 839      73657273 
 839      5C77627A 
 839      5C446573 
 839      6B746F70 
 840 00f3 78616D70 		.ascii	"xample01\\Comparator_PSoC4_Example01.cydsn\000"
 840      6C653031 
 840      5C436F6D 
 840      70617261 
 840      746F725F 
 841              	.LASF21:
 842 011d 55415254 		.ascii	"UART_customIntrHandler\000"
 842      5F637573 
 842      746F6D49 
 842      6E747248 
 842      616E646C 
 843              	.LASF11:
 844 0134 63686172 		.ascii	"char\000"
 844      00
 845              	.LASF4:
 846 0139 6C6F6E67 		.ascii	"long int\000"
 846      20696E74 
 846      00
 847              	.LASF13:
 848 0142 63796973 		.ascii	"cyisraddress\000"
 848      72616464 
 848      72657373 
 848      00
 849              	.LASF10:
 850 014f 646F7562 		.ascii	"double\000"
 850      6C6500
 851              	.LASF22:
 852 0156 474E5520 		.ascii	"GNU C 4.4.1\000"
 852      4320342E 
 852      342E3100 
 853              	.LASF3:
 854 0162 73686F72 		.ascii	"short unsigned int\000"
 854      7420756E 
 854      7369676E 
 854      65642069 
 854      6E7400
 855              	.LASF0:
 856 0175 7369676E 		.ascii	"signed char\000"
 856      65642063 
ARM GAS  C:\Users\wbz\AppData\Local\Temp\ccnN2J5e.s 			page 23


 856      68617200 
 857              	.LASF9:
 858 0181 666C6F61 		.ascii	"float\000"
 858      7400
 859              	.LASF19:
 860 0187 55415254 		.ascii	"UART_ScbModeStop\000"
 860      5F536362 
 860      4D6F6465 
 860      53746F70 
 860      00
 861              	.LASF18:
 862 0198 55415254 		.ascii	"UART_ScbEnableIntr\000"
 862      5F536362 
 862      456E6162 
 862      6C65496E 
 862      747200
 863              	.LASF2:
 864 01ab 73686F72 		.ascii	"short int\000"
 864      7420696E 
 864      7400
 865              	.LASF14:
 866 01b5 55415254 		.ascii	"UART_Init\000"
 866      5F496E69 
 866      7400
 867              	.LASF26:
 868 01bf 66756E63 		.ascii	"func\000"
 868      00
 869              		.ident	"GCC: (Sourcery G++ Lite 2010q1-188) 4.4.1"
